

================================================================
== Vivado HLS Report for 'dr2_int_cap_14_s'
================================================================
* Date:           Wed Oct  2 15:13:11 2019

* Version:        2018.2 (Build 2258646 on Thu Jun 14 20:25:20 MDT 2018)
* Project:        l1pfpuppi-ku15p-II2-360MHz
* Solution:       solution
* Product family: kintexuplus
* Target device:  xcku15p-ffva1760-2-e


================================================================
== Performance Estimates
================================================================
+ Timing (ns): 
    * Summary: 
    +--------+-------+----------+------------+
    |  Clock | Target| Estimated| Uncertainty|
    +--------+-------+----------+------------+
    |ap_clk  |   2.70|     2.533|        1.50|
    +--------+-------+----------+------------+

+ Latency (clock cycles): 
    * Summary: 
    +-----+-----+-----+-----+----------+
    |  Latency  |  Interval | Pipeline |
    | min | max | min | max |   Type   |
    +-----+-----+-----+-----+----------+
    |    7|    7|    1|    1| function |
    +-----+-----+-----+-----+----------+

    + Detail: 
        * Instance: 
        N/A

        * Loop: 
        N/A



================================================================
== Utilization Estimates
================================================================
* Summary: 
+-----------------+---------+-------+---------+--------+-----+
|       Name      | BRAM_18K| DSP48E|    FF   |   LUT  | URAM|
+-----------------+---------+-------+---------+--------+-----+
|DSP              |        -|      2|        -|       -|    -|
|Expression       |        -|      -|        0|     204|    -|
|FIFO             |        -|      -|        -|       -|    -|
|Instance         |        -|      -|        -|       -|    -|
|Memory           |        -|      -|        -|       -|    -|
|Multiplexer      |        -|      -|        -|       9|    -|
|Register         |        0|      -|      297|      32|    -|
+-----------------+---------+-------+---------+--------+-----+
|Total            |        0|      2|      297|     245|    0|
+-----------------+---------+-------+---------+--------+-----+
|Available        |     1968|   1968|  1045440|  522720|  128|
+-----------------+---------+-------+---------+--------+-----+
|Utilization (%)  |        0|   ~0  |    ~0   |   ~0   |    0|
+-----------------+---------+-------+---------+--------+-----+

+ Detail: 
    * Instance: 
    N/A

    * DSP48: 
    +---------------------------+----------------------+-----------+
    |          Instance         |        Module        | Expression|
    +---------------------------+----------------------+-----------+
    |mp7wrapped_pfalgoeOg_U205  |mp7wrapped_pfalgoeOg  |  i0 * i0  |
    |mp7wrapped_pfalgoeOg_U206  |mp7wrapped_pfalgoeOg  |  i0 * i0  |
    +---------------------------+----------------------+-----------+

    * Memory: 
    N/A

    * FIFO: 
    N/A

    * Expression: 
    +------------------------+----------+-------+---+----+------------+------------+
    |      Variable Name     | Operation| DSP48E| FF| LUT| Bitwidth P0| Bitwidth P1|
    +------------------------+----------+-------+---+----+------------+------------+
    |r_V_2_fu_140_p2         |     +    |      0|  0|  22|          15|          15|
    |r_V_1_fu_70_p2          |     -    |      0|  0|  18|          11|          11|
    |r_V_fu_56_p2            |     -    |      0|  0|  18|          11|          11|
    |tmp_6_fu_91_p2          |     -    |      0|  0|  18|           1|          11|
    |tmp_s_fu_81_p2          |     -    |      0|  0|  18|           1|          11|
    |icmp_fu_122_p2          |   icmp   |      0|  0|   9|           4|           1|
    |tmp_5_fu_86_p2          |   icmp   |      0|  0|  13|          11|           1|
    |tmp_9_fu_156_p2         |   icmp   |      0|  0|  13|          15|          14|
    |tmp_fu_76_p2            |   icmp   |      0|  0|  13|          11|           1|
    |tmp_7_fu_106_p2         |    or    |      0|  0|  11|          11|          11|
    |agg_result_V_fu_161_p3  |  select  |      0|  0|  14|           1|          14|
    |deta_V_fu_96_p3         |  select  |      0|  0|  11|           1|          11|
    |dphi_V_fu_101_p3        |  select  |      0|  0|  11|           1|          11|
    |val_assign_fu_146_p3    |  select  |      0|  0|  15|           1|          15|
    +------------------------+----------+-------+---+----+------------+------------+
    |Total                   |          |      0|  0| 204|          95|         138|
    +------------------------+----------+-------+---+----+------------+------------+

    * Multiplexer: 
    +-----------+----+-----------+-----+-----------+
    |    Name   | LUT| Input Size| Bits| Total Bits|
    +-----------+----+-----------+-----+-----------+
    |ap_return  |   9|          2|   14|         28|
    +-----------+----+-----------+-----+-----------+
    |Total      |   9|          2|   14|         28|
    +-----------+----+-----------+-----+-----------+

    * Register: 
    +-------------------------------+----+----+-----+-----------+
    |              Name             | FF | LUT| Bits| Const Bits|
    +-------------------------------+----+----+-----+-----------+
    |ap_ce_reg                      |   1|   0|    1|          0|
    |ap_return_int_reg              |  14|   0|   14|          0|
    |deta2_V_reg_228                |  14|   0|   14|          0|
    |deta_V_reg_213                 |  11|   0|   11|          0|
    |dphi2_V_reg_233                |  14|   0|   14|          0|
    |dphi_V_reg_218                 |  11|   0|   11|          0|
    |eta1_V_int_reg                 |  10|   0|   10|          0|
    |eta2_V_int_reg                 |  10|   0|   10|          0|
    |icmp_reg_223                   |   1|   0|    1|          0|
    |phi1_V_int_reg                 |  10|   0|   10|          0|
    |phi2_V_int_reg                 |  10|   0|   10|          0|
    |r_V_1_reg_186                  |  11|   0|   11|          0|
    |r_V_1_reg_186_pp0_iter1_reg    |  11|   0|   11|          0|
    |r_V_2_reg_238                  |  15|   0|   15|          0|
    |r_V_reg_179                    |  11|   0|   11|          0|
    |r_V_reg_179_pp0_iter1_reg      |  11|   0|   11|          0|
    |tmp_5_reg_203                  |   1|   0|    1|          0|
    |tmp_6_reg_208                  |  11|   0|   11|          0|
    |tmp_768_reg_248                |  14|   0|   14|          0|
    |tmp_768_reg_248_pp0_iter6_reg  |  14|   0|   14|          0|
    |tmp_9_reg_253                  |   1|   0|    1|          0|
    |tmp_reg_193                    |   1|   0|    1|          0|
    |tmp_s_reg_198                  |  11|   0|   11|          0|
    |val_assign_reg_243             |  15|   0|   15|          0|
    |icmp_reg_223                   |  64|  32|    1|          0|
    +-------------------------------+----+----+-----+-----------+
    |Total                          | 297|  32|  234|          0|
    +-------------------------------+----+----+-----+-----------+



================================================================
== Interface
================================================================
* Summary: 
+-----------+-----+-----+------------+-----------------+--------------+
| RTL Ports | Dir | Bits|  Protocol  |  Source Object  |    C Type    |
+-----------+-----+-----+------------+-----------------+--------------+
|ap_clk     |  in |    1| ap_ctrl_hs | dr2_int_cap<14> | return value |
|ap_rst     |  in |    1| ap_ctrl_hs | dr2_int_cap<14> | return value |
|ap_return  | out |   14| ap_ctrl_hs | dr2_int_cap<14> | return value |
|ap_ce      |  in |    1| ap_ctrl_hs | dr2_int_cap<14> | return value |
|eta1_V     |  in |   10|   ap_none  |      eta1_V     |    scalar    |
|phi1_V     |  in |   10|   ap_none  |      phi1_V     |    scalar    |
|eta2_V     |  in |   10|   ap_none  |      eta2_V     |    scalar    |
|phi2_V     |  in |   10|   ap_none  |      phi2_V     |    scalar    |
+-----------+-----+-----+------------+-----------------+--------------+

