

================================================================
== Vivado HLS Report for 'em2calo_sub'
================================================================
* Date:           Wed Oct  2 15:14:07 2019

* Version:        2018.2 (Build 2258646 on Thu Jun 14 20:25:20 MDT 2018)
* Project:        l1pfpuppi-ku15p-II2-360MHz
* Solution:       solution
* Product family: kintexuplus
* Target device:  xcku15p-ffva1760-2-e


================================================================
== Performance Estimates
================================================================
+ Timing (ns): 
    * Summary: 
    +--------+-------+----------+------------+
    |  Clock | Target| Estimated| Uncertainty|
    +--------+-------+----------+------------+
    |ap_clk  |   2.70|     1.102|        1.50|
    +--------+-------+----------+------------+

+ Latency (clock cycles): 
    * Summary: 
    +-----+-----+-----+-----+----------+
    |  Latency  |  Interval | Pipeline |
    | min | max | min | max |   Type   |
    +-----+-----+-----+-----+----------+
    |    2|    2|    2|    2| function |
    +-----+-----+-----+-----+----------+

    + Detail: 
        * Instance: 
        N/A

        * Loop: 
        N/A



================================================================
== Utilization Estimates
================================================================
* Summary: 
+-----------------+---------+-------+---------+--------+-----+
|       Name      | BRAM_18K| DSP48E|    FF   |   LUT  | URAM|
+-----------------+---------+-------+---------+--------+-----+
|DSP              |        -|      -|        -|       -|    -|
|Expression       |        -|      -|        0|    1164|    -|
|FIFO             |        -|      -|        -|       -|    -|
|Instance         |        -|      -|        -|       -|    -|
|Memory           |        -|      -|        -|       -|    -|
|Multiplexer      |        -|      -|        -|      33|    -|
|Register         |        -|      -|     1014|       -|    -|
+-----------------+---------+-------+---------+--------+-----+
|Total            |        0|      0|     1014|    1197|    0|
+-----------------+---------+-------+---------+--------+-----+
|Available        |     1968|   1968|  1045440|  522720|  128|
+-----------------+---------+-------+---------+--------+-----+
|Utilization (%)  |        0|      0|    ~0   |   ~0   |    0|
+-----------------+---------+-------+---------+--------+-----+

+ Detail: 
    * Instance: 
    N/A

    * DSP48: 
    N/A

    * Memory: 
    N/A

    * FIFO: 
    N/A

    * Expression: 
    +---------------------------------+----------+-------+---+----+------------+------------+
    |          Variable Name          | Operation| DSP48E| FF| LUT| Bitwidth P0| Bitwidth P1|
    +---------------------------------+----------+-------+---+----+------------+------------+
    |emsub_V_2_fu_574_p2              |     -    |      0|  0|  23|          16|          16|
    |emsub_V_3_fu_606_p2              |     -    |      0|  0|  23|          16|          16|
    |emsub_V_4_fu_638_p2              |     -    |      0|  0|  23|          16|          16|
    |emsub_V_5_fu_670_p2              |     -    |      0|  0|  23|          16|          16|
    |emsub_V_6_fu_702_p2              |     -    |      0|  0|  23|          16|          16|
    |emsub_V_7_fu_734_p2              |     -    |      0|  0|  23|          16|          16|
    |emsub_V_8_fu_766_p2              |     -    |      0|  0|  23|          16|          16|
    |emsub_V_9_fu_798_p2              |     -    |      0|  0|  23|          16|          16|
    |emsub_V_fu_510_p2                |     -    |      0|  0|  23|          16|          16|
    |emsub_V_s_fu_542_p2              |     -    |      0|  0|  23|          16|          16|
    |ptsub_V_1_fu_536_p2              |     -    |      0|  0|  23|          16|          16|
    |ptsub_V_2_fu_568_p2              |     -    |      0|  0|  23|          16|          16|
    |ptsub_V_3_fu_600_p2              |     -    |      0|  0|  23|          16|          16|
    |ptsub_V_4_fu_632_p2              |     -    |      0|  0|  23|          16|          16|
    |ptsub_V_5_fu_664_p2              |     -    |      0|  0|  23|          16|          16|
    |ptsub_V_6_fu_696_p2              |     -    |      0|  0|  23|          16|          16|
    |ptsub_V_7_fu_728_p2              |     -    |      0|  0|  23|          16|          16|
    |ptsub_V_8_fu_760_p2              |     -    |      0|  0|  23|          16|          16|
    |ptsub_V_9_fu_792_p2              |     -    |      0|  0|  23|          16|          16|
    |ptsub_V_fu_504_p2                |     -    |      0|  0|  23|          16|          16|
    |ap_block_pp0_stage0_11001        |    and   |      0|  0|   2|           1|           1|
    |sel_tmp107_fu_1288_p2            |    and   |      0|  0|   2|           1|           1|
    |sel_tmp122_fu_1330_p2            |    and   |      0|  0|   2|           1|           1|
    |sel_tmp137_fu_1372_p2            |    and   |      0|  0|   2|           1|           1|
    |sel_tmp17_fu_1036_p2             |    and   |      0|  0|   2|           1|           1|
    |sel_tmp2_fu_994_p2               |    and   |      0|  0|   2|           1|           1|
    |sel_tmp32_fu_1078_p2             |    and   |      0|  0|   2|           1|           1|
    |sel_tmp47_fu_1120_p2             |    and   |      0|  0|   2|           1|           1|
    |sel_tmp62_fu_1162_p2             |    and   |      0|  0|   2|           1|           1|
    |sel_tmp77_fu_1204_p2             |    and   |      0|  0|   2|           1|           1|
    |sel_tmp92_fu_1246_p2             |    and   |      0|  0|   2|           1|           1|
    |slt34_fu_835_p2                  |   icmp   |      0|  0|  13|          16|          16|
    |slt35_fu_846_p2                  |   icmp   |      0|  0|  13|          16|          16|
    |slt36_fu_851_p2                  |   icmp   |      0|  0|  13|          16|          16|
    |slt37_fu_862_p2                  |   icmp   |      0|  0|  13|          16|          16|
    |slt38_fu_867_p2                  |   icmp   |      0|  0|  13|          16|          16|
    |slt39_fu_878_p2                  |   icmp   |      0|  0|  13|          16|          16|
    |slt40_fu_883_p2                  |   icmp   |      0|  0|  13|          16|          16|
    |slt41_fu_894_p2                  |   icmp   |      0|  0|  13|          16|          16|
    |slt42_fu_899_p2                  |   icmp   |      0|  0|  13|          16|          16|
    |slt43_fu_910_p2                  |   icmp   |      0|  0|  13|          16|          16|
    |slt44_fu_915_p2                  |   icmp   |      0|  0|  13|          16|          16|
    |slt45_fu_926_p2                  |   icmp   |      0|  0|  13|          16|          16|
    |slt46_fu_931_p2                  |   icmp   |      0|  0|  13|          16|          16|
    |slt47_fu_942_p2                  |   icmp   |      0|  0|  13|          16|          16|
    |slt48_fu_947_p2                  |   icmp   |      0|  0|  13|          16|          16|
    |slt49_fu_958_p2                  |   icmp   |      0|  0|  13|          16|          16|
    |slt50_fu_963_p2                  |   icmp   |      0|  0|  13|          16|          16|
    |slt51_fu_974_p2                  |   icmp   |      0|  0|  13|          16|          16|
    |slt52_fu_979_p2                  |   icmp   |      0|  0|  13|          16|          16|
    |slt_fu_830_p2                    |   icmp   |      0|  0|  13|          16|          16|
    |sel_tmp108_fu_1293_p2            |    or    |      0|  0|   2|           1|           1|
    |sel_tmp123_fu_1335_p2            |    or    |      0|  0|   2|           1|           1|
    |sel_tmp138_fu_1377_p2            |    or    |      0|  0|   2|           1|           1|
    |sel_tmp18_fu_1041_p2             |    or    |      0|  0|   2|           1|           1|
    |sel_tmp33_fu_1083_p2             |    or    |      0|  0|   2|           1|           1|
    |sel_tmp3_fu_999_p2               |    or    |      0|  0|   2|           1|           1|
    |sel_tmp48_fu_1125_p2             |    or    |      0|  0|   2|           1|           1|
    |sel_tmp63_fu_1167_p2             |    or    |      0|  0|   2|           1|           1|
    |sel_tmp78_fu_1209_p2             |    or    |      0|  0|   2|           1|           1|
    |sel_tmp93_fu_1251_p2             |    or    |      0|  0|   2|           1|           1|
    |calo_out_0_hwEta_V_s_fu_1005_p3  |  select  |      0|  0|  10|           1|           1|
    |calo_out_0_hwPhi_V_s_fu_1019_p3  |  select  |      0|  0|  10|           1|           1|
    |calo_out_0_hwPt_V_w_fu_1012_p3   |  select  |      0|  0|  16|           1|           1|
    |calo_out_1_hwEta_V_s_fu_1047_p3  |  select  |      0|  0|  10|           1|           1|
    |calo_out_1_hwPhi_V_s_fu_1061_p3  |  select  |      0|  0|  10|           1|           1|
    |calo_out_1_hwPt_V_w_fu_1054_p3   |  select  |      0|  0|  16|           1|           1|
    |calo_out_2_hwEta_V_s_fu_1096_p3  |  select  |      0|  0|  10|           1|           1|
    |calo_out_2_hwPhi_V_s_fu_1103_p3  |  select  |      0|  0|  10|           1|           1|
    |calo_out_2_hwPt_V_w_fu_1089_p3   |  select  |      0|  0|  16|           1|           1|
    |calo_out_3_hwEta_V_s_fu_1138_p3  |  select  |      0|  0|  10|           1|           1|
    |calo_out_3_hwPhi_V_s_fu_1145_p3  |  select  |      0|  0|  10|           1|           1|
    |calo_out_3_hwPt_V_w_fu_1131_p3   |  select  |      0|  0|  16|           1|           1|
    |calo_out_4_hwEta_V_s_fu_1180_p3  |  select  |      0|  0|  10|           1|           1|
    |calo_out_4_hwPhi_V_s_fu_1187_p3  |  select  |      0|  0|  10|           1|           1|
    |calo_out_4_hwPt_V_w_fu_1173_p3   |  select  |      0|  0|  16|           1|           1|
    |calo_out_5_hwEta_V_s_fu_1222_p3  |  select  |      0|  0|  10|           1|           1|
    |calo_out_5_hwPhi_V_s_fu_1229_p3  |  select  |      0|  0|  10|           1|           1|
    |calo_out_5_hwPt_V_w_fu_1215_p3   |  select  |      0|  0|  16|           1|           1|
    |calo_out_6_hwEta_V_s_fu_1264_p3  |  select  |      0|  0|  10|           1|           1|
    |calo_out_6_hwPhi_V_s_fu_1271_p3  |  select  |      0|  0|  10|           1|           1|
    |calo_out_6_hwPt_V_w_fu_1257_p3   |  select  |      0|  0|  16|           1|           1|
    |calo_out_7_hwEta_V_s_fu_1306_p3  |  select  |      0|  0|  10|           1|           1|
    |calo_out_7_hwPhi_V_s_fu_1313_p3  |  select  |      0|  0|  10|           1|           1|
    |calo_out_7_hwPt_V_w_fu_1299_p3   |  select  |      0|  0|  16|           1|           1|
    |calo_out_8_hwEta_V_s_fu_1348_p3  |  select  |      0|  0|  10|           1|           1|
    |calo_out_8_hwPhi_V_s_fu_1355_p3  |  select  |      0|  0|  10|           1|           1|
    |calo_out_8_hwPt_V_w_fu_1341_p3   |  select  |      0|  0|  16|           1|           1|
    |calo_out_9_hwEta_V_s_fu_1390_p3  |  select  |      0|  0|  10|           1|           1|
    |calo_out_9_hwPhi_V_s_fu_1397_p3  |  select  |      0|  0|  10|           1|           1|
    |calo_out_9_hwPt_V_w_fu_1383_p3   |  select  |      0|  0|  16|           1|           1|
    |ap_enable_pp0                    |    xor   |      0|  0|   2|           1|           2|
    |rev34_fu_989_p2                  |    xor   |      0|  0|   2|           1|           2|
    |rev35_fu_1026_p2                 |    xor   |      0|  0|   2|           1|           2|
    |rev36_fu_1031_p2                 |    xor   |      0|  0|   2|           1|           2|
    |rev37_fu_1068_p2                 |    xor   |      0|  0|   2|           1|           2|
    |rev38_fu_1073_p2                 |    xor   |      0|  0|   2|           1|           2|
    |rev39_fu_1110_p2                 |    xor   |      0|  0|   2|           1|           2|
    |rev40_fu_1115_p2                 |    xor   |      0|  0|   2|           1|           2|
    |rev41_fu_1152_p2                 |    xor   |      0|  0|   2|           1|           2|
    |rev42_fu_1157_p2                 |    xor   |      0|  0|   2|           1|           2|
    |rev43_fu_1194_p2                 |    xor   |      0|  0|   2|           1|           2|
    |rev44_fu_1199_p2                 |    xor   |      0|  0|   2|           1|           2|
    |rev45_fu_1236_p2                 |    xor   |      0|  0|   2|           1|           2|
    |rev46_fu_1241_p2                 |    xor   |      0|  0|   2|           1|           2|
    |rev47_fu_1278_p2                 |    xor   |      0|  0|   2|           1|           2|
    |rev48_fu_1283_p2                 |    xor   |      0|  0|   2|           1|           2|
    |rev49_fu_1320_p2                 |    xor   |      0|  0|   2|           1|           2|
    |rev50_fu_1325_p2                 |    xor   |      0|  0|   2|           1|           2|
    |rev51_fu_1362_p2                 |    xor   |      0|  0|   2|           1|           2|
    |rev52_fu_1367_p2                 |    xor   |      0|  0|   2|           1|           2|
    |rev_fu_984_p2                    |    xor   |      0|  0|   2|           1|           2|
    +---------------------------------+----------+-------+---+----+------------+------------+
    |Total                            |          |      0|  0|1164|         712|         733|
    +---------------------------------+----------+-------+---+----+------------+------------+

    * Multiplexer: 
    +-------------------------+----+-----------+-----+-----------+
    |           Name          | LUT| Input Size| Bits| Total Bits|
    +-------------------------+----+-----------+-----+-----------+
    |ap_NS_fsm                |  15|          3|    1|          3|
    |ap_enable_reg_pp0_iter0  |   9|          2|    1|          2|
    |ap_enable_reg_pp0_iter1  |   9|          2|    1|          2|
    +-------------------------+----+-----------+-----+-----------+
    |Total                    |  33|          7|    3|          7|
    +-------------------------+----+-----------+-----+-----------+

    * Register: 
    +---------------------------------+----+----+-----+-----------+
    |               Name              | FF | LUT| Bits| Const Bits|
    +---------------------------------+----+----+-----+-----------+
    |ap_CS_fsm                        |   2|   0|    2|          0|
    |ap_enable_reg_pp0_iter0_reg      |   1|   0|    1|          0|
    |ap_enable_reg_pp0_iter1          |   1|   0|    1|          0|
    |ap_port_reg_calo_0_hwEta_V_read  |  10|   0|   10|          0|
    |ap_port_reg_calo_0_hwIsEM_read   |   1|   0|    1|          0|
    |ap_port_reg_calo_0_hwPhi_V_read  |  10|   0|   10|          0|
    |ap_port_reg_calo_1_hwEta_V_read  |  10|   0|   10|          0|
    |ap_port_reg_calo_1_hwIsEM_read   |   1|   0|    1|          0|
    |ap_port_reg_calo_1_hwPhi_V_read  |  10|   0|   10|          0|
    |ap_port_reg_calo_2_hwEta_V_read  |  10|   0|   10|          0|
    |ap_port_reg_calo_2_hwIsEM_read   |   1|   0|    1|          0|
    |ap_port_reg_calo_2_hwPhi_V_read  |  10|   0|   10|          0|
    |ap_port_reg_calo_3_hwEta_V_read  |  10|   0|   10|          0|
    |ap_port_reg_calo_3_hwIsEM_read   |   1|   0|    1|          0|
    |ap_port_reg_calo_3_hwPhi_V_read  |  10|   0|   10|          0|
    |ap_port_reg_calo_4_hwEta_V_read  |  10|   0|   10|          0|
    |ap_port_reg_calo_4_hwIsEM_read   |   1|   0|    1|          0|
    |ap_port_reg_calo_4_hwPhi_V_read  |  10|   0|   10|          0|
    |ap_port_reg_calo_5_hwEta_V_read  |  10|   0|   10|          0|
    |ap_port_reg_calo_5_hwIsEM_read   |   1|   0|    1|          0|
    |ap_port_reg_calo_5_hwPhi_V_read  |  10|   0|   10|          0|
    |ap_port_reg_calo_6_hwEta_V_read  |  10|   0|   10|          0|
    |ap_port_reg_calo_6_hwIsEM_read   |   1|   0|    1|          0|
    |ap_port_reg_calo_6_hwPhi_V_read  |  10|   0|   10|          0|
    |ap_port_reg_calo_7_hwEta_V_read  |  10|   0|   10|          0|
    |ap_port_reg_calo_7_hwIsEM_read   |   1|   0|    1|          0|
    |ap_port_reg_calo_7_hwPhi_V_read  |  10|   0|   10|          0|
    |ap_port_reg_calo_8_hwEta_V_read  |  10|   0|   10|          0|
    |ap_port_reg_calo_8_hwIsEM_read   |   1|   0|    1|          0|
    |ap_port_reg_calo_8_hwPhi_V_read  |  10|   0|   10|          0|
    |ap_port_reg_calo_9_hwEta_V_read  |  10|   0|   10|          0|
    |ap_port_reg_calo_9_hwIsEM_read   |   1|   0|    1|          0|
    |ap_port_reg_calo_9_hwPhi_V_read  |  10|   0|   10|          0|
    |calo_0_hwEta_V_read_7_reg_1939   |  10|   0|   10|          0|
    |calo_0_hwIsEM_read_1_reg_1839    |   1|   0|    1|          0|
    |calo_0_hwPhi_V_read_7_reg_1889   |  10|   0|   10|          0|
    |calo_1_hwEta_V_read_7_reg_1934   |  10|   0|   10|          0|
    |calo_1_hwIsEM_read_1_reg_1834    |   1|   0|    1|          0|
    |calo_1_hwPhi_V_read_7_reg_1884   |  10|   0|   10|          0|
    |calo_2_hwEta_V_read_7_reg_1929   |  10|   0|   10|          0|
    |calo_2_hwIsEM_read_1_reg_1829    |   1|   0|    1|          0|
    |calo_2_hwPhi_V_read_7_reg_1879   |  10|   0|   10|          0|
    |calo_3_hwEta_V_read_7_reg_1924   |  10|   0|   10|          0|
    |calo_3_hwIsEM_read_1_reg_1824    |   1|   0|    1|          0|
    |calo_3_hwPhi_V_read_7_reg_1874   |  10|   0|   10|          0|
    |calo_4_hwEta_V_read_7_reg_1919   |  10|   0|   10|          0|
    |calo_4_hwIsEM_read_1_reg_1819    |   1|   0|    1|          0|
    |calo_4_hwPhi_V_read_7_reg_1869   |  10|   0|   10|          0|
    |calo_5_hwEta_V_read_7_reg_1914   |  10|   0|   10|          0|
    |calo_5_hwIsEM_read_1_reg_1814    |   1|   0|    1|          0|
    |calo_5_hwPhi_V_read_7_reg_1864   |  10|   0|   10|          0|
    |calo_6_hwEta_V_read_7_reg_1909   |  10|   0|   10|          0|
    |calo_6_hwIsEM_read_1_reg_1809    |   1|   0|    1|          0|
    |calo_6_hwPhi_V_read_7_reg_1859   |  10|   0|   10|          0|
    |calo_7_hwEta_V_read_7_reg_1904   |  10|   0|   10|          0|
    |calo_7_hwIsEM_read_1_reg_1804    |   1|   0|    1|          0|
    |calo_7_hwPhi_V_read_7_reg_1854   |  10|   0|   10|          0|
    |calo_8_hwEta_V_read_7_reg_1899   |  10|   0|   10|          0|
    |calo_8_hwIsEM_read_1_reg_1799    |   1|   0|    1|          0|
    |calo_8_hwPhi_V_read_7_reg_1849   |  10|   0|   10|          0|
    |calo_9_hwEta_V_read_7_reg_1894   |  10|   0|   10|          0|
    |calo_9_hwIsEM_read_1_reg_1794    |   1|   0|    1|          0|
    |calo_9_hwPhi_V_read_7_reg_1844   |  10|   0|   10|          0|
    |emsub_V_2_reg_1632               |  16|   0|   16|          0|
    |emsub_V_3_reg_1653               |  16|   0|   16|          0|
    |emsub_V_4_reg_1674               |  16|   0|   16|          0|
    |emsub_V_5_reg_1695               |  16|   0|   16|          0|
    |emsub_V_6_reg_1716               |  16|   0|   16|          0|
    |emsub_V_7_reg_1737               |  16|   0|   16|          0|
    |emsub_V_8_reg_1758               |  16|   0|   16|          0|
    |emsub_V_9_reg_1779               |  16|   0|   16|          0|
    |emsub_V_reg_1590                 |  16|   0|   16|          0|
    |emsub_V_s_reg_1611               |  16|   0|   16|          0|
    |ptsub_V_1_reg_1605               |  16|   0|   16|          0|
    |ptsub_V_2_reg_1626               |  16|   0|   16|          0|
    |ptsub_V_3_reg_1647               |  16|   0|   16|          0|
    |ptsub_V_4_reg_1668               |  16|   0|   16|          0|
    |ptsub_V_5_reg_1689               |  16|   0|   16|          0|
    |ptsub_V_6_reg_1710               |  16|   0|   16|          0|
    |ptsub_V_7_reg_1731               |  16|   0|   16|          0|
    |ptsub_V_8_reg_1752               |  16|   0|   16|          0|
    |ptsub_V_9_reg_1773               |  16|   0|   16|          0|
    |ptsub_V_reg_1584                 |  16|   0|   16|          0|
    |slt34_reg_1949                   |   1|   0|    1|          0|
    |slt35_reg_1954                   |   1|   0|    1|          0|
    |slt36_reg_1959                   |   1|   0|    1|          0|
    |slt37_reg_1964                   |   1|   0|    1|          0|
    |slt38_reg_1969                   |   1|   0|    1|          0|
    |slt39_reg_1974                   |   1|   0|    1|          0|
    |slt40_reg_1979                   |   1|   0|    1|          0|
    |slt41_reg_1984                   |   1|   0|    1|          0|
    |slt42_reg_1989                   |   1|   0|    1|          0|
    |slt43_reg_1994                   |   1|   0|    1|          0|
    |slt44_reg_1999                   |   1|   0|    1|          0|
    |slt45_reg_2004                   |   1|   0|    1|          0|
    |slt46_reg_2009                   |   1|   0|    1|          0|
    |slt47_reg_2014                   |   1|   0|    1|          0|
    |slt48_reg_2019                   |   1|   0|    1|          0|
    |slt49_reg_2024                   |   1|   0|    1|          0|
    |slt50_reg_2029                   |   1|   0|    1|          0|
    |slt51_reg_2034                   |   1|   0|    1|          0|
    |slt52_reg_2039                   |   1|   0|    1|          0|
    |slt_reg_1944                     |   1|   0|    1|          0|
    |tmp_58_reg_1600                  |  13|   0|   13|          0|
    |tmp_59_reg_1616                  |  12|   0|   12|          0|
    |tmp_60_reg_1621                  |  13|   0|   13|          0|
    |tmp_61_reg_1637                  |  12|   0|   12|          0|
    |tmp_62_reg_1642                  |  13|   0|   13|          0|
    |tmp_63_reg_1658                  |  12|   0|   12|          0|
    |tmp_64_reg_1663                  |  13|   0|   13|          0|
    |tmp_65_reg_1679                  |  12|   0|   12|          0|
    |tmp_66_reg_1684                  |  13|   0|   13|          0|
    |tmp_67_reg_1700                  |  12|   0|   12|          0|
    |tmp_68_reg_1705                  |  13|   0|   13|          0|
    |tmp_69_reg_1721                  |  12|   0|   12|          0|
    |tmp_70_reg_1726                  |  13|   0|   13|          0|
    |tmp_71_reg_1742                  |  12|   0|   12|          0|
    |tmp_72_reg_1747                  |  13|   0|   13|          0|
    |tmp_73_reg_1763                  |  12|   0|   12|          0|
    |tmp_74_reg_1768                  |  13|   0|   13|          0|
    |tmp_75_reg_1784                  |  12|   0|   12|          0|
    |tmp_76_reg_1789                  |  13|   0|   13|          0|
    |tmp_s_reg_1595                   |  12|   0|   12|          0|
    +---------------------------------+----+----+-----+-----------+
    |Total                            |1014|   0| 1014|          0|
    +---------------------------------+----+----+-----+-----------+



================================================================
== Interface
================================================================
* Summary: 
+---------------------+-----+-----+------------+---------------------+--------------+
|      RTL Ports      | Dir | Bits|  Protocol  |    Source Object    |    C Type    |
+---------------------+-----+-----+------------+---------------------+--------------+
|ap_clk               |  in |    1| ap_ctrl_hs |     em2calo_sub     | return value |
|ap_rst               |  in |    1| ap_ctrl_hs |     em2calo_sub     | return value |
|ap_start             |  in |    1| ap_ctrl_hs |     em2calo_sub     | return value |
|ap_done              | out |    1| ap_ctrl_hs |     em2calo_sub     | return value |
|ap_idle              | out |    1| ap_ctrl_hs |     em2calo_sub     | return value |
|ap_ready             | out |    1| ap_ctrl_hs |     em2calo_sub     | return value |
|ap_return_0          | out |   16| ap_ctrl_hs |     em2calo_sub     | return value |
|ap_return_1          | out |   16| ap_ctrl_hs |     em2calo_sub     | return value |
|ap_return_2          | out |   16| ap_ctrl_hs |     em2calo_sub     | return value |
|ap_return_3          | out |   16| ap_ctrl_hs |     em2calo_sub     | return value |
|ap_return_4          | out |   16| ap_ctrl_hs |     em2calo_sub     | return value |
|ap_return_5          | out |   16| ap_ctrl_hs |     em2calo_sub     | return value |
|ap_return_6          | out |   16| ap_ctrl_hs |     em2calo_sub     | return value |
|ap_return_7          | out |   16| ap_ctrl_hs |     em2calo_sub     | return value |
|ap_return_8          | out |   16| ap_ctrl_hs |     em2calo_sub     | return value |
|ap_return_9          | out |   16| ap_ctrl_hs |     em2calo_sub     | return value |
|ap_return_10         | out |   10| ap_ctrl_hs |     em2calo_sub     | return value |
|ap_return_11         | out |   10| ap_ctrl_hs |     em2calo_sub     | return value |
|ap_return_12         | out |   10| ap_ctrl_hs |     em2calo_sub     | return value |
|ap_return_13         | out |   10| ap_ctrl_hs |     em2calo_sub     | return value |
|ap_return_14         | out |   10| ap_ctrl_hs |     em2calo_sub     | return value |
|ap_return_15         | out |   10| ap_ctrl_hs |     em2calo_sub     | return value |
|ap_return_16         | out |   10| ap_ctrl_hs |     em2calo_sub     | return value |
|ap_return_17         | out |   10| ap_ctrl_hs |     em2calo_sub     | return value |
|ap_return_18         | out |   10| ap_ctrl_hs |     em2calo_sub     | return value |
|ap_return_19         | out |   10| ap_ctrl_hs |     em2calo_sub     | return value |
|ap_return_20         | out |   10| ap_ctrl_hs |     em2calo_sub     | return value |
|ap_return_21         | out |   10| ap_ctrl_hs |     em2calo_sub     | return value |
|ap_return_22         | out |   10| ap_ctrl_hs |     em2calo_sub     | return value |
|ap_return_23         | out |   10| ap_ctrl_hs |     em2calo_sub     | return value |
|ap_return_24         | out |   10| ap_ctrl_hs |     em2calo_sub     | return value |
|ap_return_25         | out |   10| ap_ctrl_hs |     em2calo_sub     | return value |
|ap_return_26         | out |   10| ap_ctrl_hs |     em2calo_sub     | return value |
|ap_return_27         | out |   10| ap_ctrl_hs |     em2calo_sub     | return value |
|ap_return_28         | out |   10| ap_ctrl_hs |     em2calo_sub     | return value |
|ap_return_29         | out |   10| ap_ctrl_hs |     em2calo_sub     | return value |
|calo_0_hwPt_V_read   |  in |   16|   ap_none  |  calo_0_hwPt_V_read |    scalar    |
|calo_1_hwPt_V_read   |  in |   16|   ap_none  |  calo_1_hwPt_V_read |    scalar    |
|calo_2_hwPt_V_read   |  in |   16|   ap_none  |  calo_2_hwPt_V_read |    scalar    |
|calo_3_hwPt_V_read   |  in |   16|   ap_none  |  calo_3_hwPt_V_read |    scalar    |
|calo_4_hwPt_V_read   |  in |   16|   ap_none  |  calo_4_hwPt_V_read |    scalar    |
|calo_5_hwPt_V_read   |  in |   16|   ap_none  |  calo_5_hwPt_V_read |    scalar    |
|calo_6_hwPt_V_read   |  in |   16|   ap_none  |  calo_6_hwPt_V_read |    scalar    |
|calo_7_hwPt_V_read   |  in |   16|   ap_none  |  calo_7_hwPt_V_read |    scalar    |
|calo_8_hwPt_V_read   |  in |   16|   ap_none  |  calo_8_hwPt_V_read |    scalar    |
|calo_9_hwPt_V_read   |  in |   16|   ap_none  |  calo_9_hwPt_V_read |    scalar    |
|calo_0_hwEta_V_read  |  in |   10|   ap_none  | calo_0_hwEta_V_read |    scalar    |
|calo_1_hwEta_V_read  |  in |   10|   ap_none  | calo_1_hwEta_V_read |    scalar    |
|calo_2_hwEta_V_read  |  in |   10|   ap_none  | calo_2_hwEta_V_read |    scalar    |
|calo_3_hwEta_V_read  |  in |   10|   ap_none  | calo_3_hwEta_V_read |    scalar    |
|calo_4_hwEta_V_read  |  in |   10|   ap_none  | calo_4_hwEta_V_read |    scalar    |
|calo_5_hwEta_V_read  |  in |   10|   ap_none  | calo_5_hwEta_V_read |    scalar    |
|calo_6_hwEta_V_read  |  in |   10|   ap_none  | calo_6_hwEta_V_read |    scalar    |
|calo_7_hwEta_V_read  |  in |   10|   ap_none  | calo_7_hwEta_V_read |    scalar    |
|calo_8_hwEta_V_read  |  in |   10|   ap_none  | calo_8_hwEta_V_read |    scalar    |
|calo_9_hwEta_V_read  |  in |   10|   ap_none  | calo_9_hwEta_V_read |    scalar    |
|calo_0_hwPhi_V_read  |  in |   10|   ap_none  | calo_0_hwPhi_V_read |    scalar    |
|calo_1_hwPhi_V_read  |  in |   10|   ap_none  | calo_1_hwPhi_V_read |    scalar    |
|calo_2_hwPhi_V_read  |  in |   10|   ap_none  | calo_2_hwPhi_V_read |    scalar    |
|calo_3_hwPhi_V_read  |  in |   10|   ap_none  | calo_3_hwPhi_V_read |    scalar    |
|calo_4_hwPhi_V_read  |  in |   10|   ap_none  | calo_4_hwPhi_V_read |    scalar    |
|calo_5_hwPhi_V_read  |  in |   10|   ap_none  | calo_5_hwPhi_V_read |    scalar    |
|calo_6_hwPhi_V_read  |  in |   10|   ap_none  | calo_6_hwPhi_V_read |    scalar    |
|calo_7_hwPhi_V_read  |  in |   10|   ap_none  | calo_7_hwPhi_V_read |    scalar    |
|calo_8_hwPhi_V_read  |  in |   10|   ap_none  | calo_8_hwPhi_V_read |    scalar    |
|calo_9_hwPhi_V_read  |  in |   10|   ap_none  | calo_9_hwPhi_V_read |    scalar    |
|calo_0_hwEmPt_V_rea  |  in |   16|   ap_none  | calo_0_hwEmPt_V_rea |    scalar    |
|calo_1_hwEmPt_V_rea  |  in |   16|   ap_none  | calo_1_hwEmPt_V_rea |    scalar    |
|calo_2_hwEmPt_V_rea  |  in |   16|   ap_none  | calo_2_hwEmPt_V_rea |    scalar    |
|calo_3_hwEmPt_V_rea  |  in |   16|   ap_none  | calo_3_hwEmPt_V_rea |    scalar    |
|calo_4_hwEmPt_V_rea  |  in |   16|   ap_none  | calo_4_hwEmPt_V_rea |    scalar    |
|calo_5_hwEmPt_V_rea  |  in |   16|   ap_none  | calo_5_hwEmPt_V_rea |    scalar    |
|calo_6_hwEmPt_V_rea  |  in |   16|   ap_none  | calo_6_hwEmPt_V_rea |    scalar    |
|calo_7_hwEmPt_V_rea  |  in |   16|   ap_none  | calo_7_hwEmPt_V_rea |    scalar    |
|calo_8_hwEmPt_V_rea  |  in |   16|   ap_none  | calo_8_hwEmPt_V_rea |    scalar    |
|calo_9_hwEmPt_V_rea  |  in |   16|   ap_none  | calo_9_hwEmPt_V_rea |    scalar    |
|calo_0_hwIsEM_read   |  in |    1|   ap_none  |  calo_0_hwIsEM_read |    scalar    |
|calo_1_hwIsEM_read   |  in |    1|   ap_none  |  calo_1_hwIsEM_read |    scalar    |
|calo_2_hwIsEM_read   |  in |    1|   ap_none  |  calo_2_hwIsEM_read |    scalar    |
|calo_3_hwIsEM_read   |  in |    1|   ap_none  |  calo_3_hwIsEM_read |    scalar    |
|calo_4_hwIsEM_read   |  in |    1|   ap_none  |  calo_4_hwIsEM_read |    scalar    |
|calo_5_hwIsEM_read   |  in |    1|   ap_none  |  calo_5_hwIsEM_read |    scalar    |
|calo_6_hwIsEM_read   |  in |    1|   ap_none  |  calo_6_hwIsEM_read |    scalar    |
|calo_7_hwIsEM_read   |  in |    1|   ap_none  |  calo_7_hwIsEM_read |    scalar    |
|calo_8_hwIsEM_read   |  in |    1|   ap_none  |  calo_8_hwIsEM_read |    scalar    |
|calo_9_hwIsEM_read   |  in |    1|   ap_none  |  calo_9_hwIsEM_read |    scalar    |
|sumem_0_V_read       |  in |   16|   ap_none  |    sumem_0_V_read   |    scalar    |
|sumem_1_V_read       |  in |   16|   ap_none  |    sumem_1_V_read   |    scalar    |
|sumem_2_V_read       |  in |   16|   ap_none  |    sumem_2_V_read   |    scalar    |
|sumem_3_V_read       |  in |   16|   ap_none  |    sumem_3_V_read   |    scalar    |
|sumem_4_V_read       |  in |   16|   ap_none  |    sumem_4_V_read   |    scalar    |
|sumem_5_V_read       |  in |   16|   ap_none  |    sumem_5_V_read   |    scalar    |
|sumem_6_V_read       |  in |   16|   ap_none  |    sumem_6_V_read   |    scalar    |
|sumem_7_V_read       |  in |   16|   ap_none  |    sumem_7_V_read   |    scalar    |
|sumem_8_V_read       |  in |   16|   ap_none  |    sumem_8_V_read   |    scalar    |
|sumem_9_V_read       |  in |   16|   ap_none  |    sumem_9_V_read   |    scalar    |
+---------------------+-----+-----+------------+---------------------+--------------+

