

================================================================
== Vivado HLS Report for 'pick_closest_1'
================================================================
* Date:           Wed Oct  2 15:13:55 2019

* Version:        2018.2 (Build 2258646 on Thu Jun 14 20:25:20 MDT 2018)
* Project:        l1pfpuppi-ku15p-II2-360MHz
* Solution:       solution
* Product family: kintexuplus
* Target device:  xcku15p-ffva1760-2-e


================================================================
== Performance Estimates
================================================================
+ Timing (ns): 
    * Summary: 
    +--------+-------+----------+------------+
    |  Clock | Target| Estimated| Uncertainty|
    +--------+-------+----------+------------+
    |ap_clk  |   2.70|     0.912|        1.50|
    +--------+-------+----------+------------+

+ Latency (clock cycles): 
    * Summary: 
    +-----+-----+-----+-----+----------+
    |  Latency  |  Interval | Pipeline |
    | min | max | min | max |   Type   |
    +-----+-----+-----+-----+----------+
    |   17|   17|    2|    2| function |
    +-----+-----+-----+-----+----------+

    + Detail: 
        * Instance: 
        N/A

        * Loop: 
        N/A



================================================================
== Utilization Estimates
================================================================
* Summary: 
+-----------------+---------+-------+---------+--------+-----+
|       Name      | BRAM_18K| DSP48E|    FF   |   LUT  | URAM|
+-----------------+---------+-------+---------+--------+-----+
|DSP              |        -|      -|        -|       -|    -|
|Expression       |        -|      -|        0|    2494|    -|
|FIFO             |        -|      -|        -|       -|    -|
|Instance         |        -|      -|        -|       -|    -|
|Memory           |        -|      -|        -|       -|    -|
|Multiplexer      |        -|      -|        -|      24|    -|
|Register         |        0|      -|    10531|    3840|    -|
+-----------------+---------+-------+---------+--------+-----+
|Total            |        0|      0|    10531|    6358|    0|
+-----------------+---------+-------+---------+--------+-----+
|Available        |     1968|   1968|  1045440|  522720|  128|
+-----------------+---------+-------+---------+--------+-----+
|Utilization (%)  |        0|      0|        1|       1|    0|
+-----------------+---------+-------+---------+--------+-----+

+ Detail: 
    * Instance: 
    N/A

    * DSP48: 
    N/A

    * Memory: 
    N/A

    * FIFO: 
    N/A

    * Expression: 
    +------------------------------------+----------+-------+---+----+------------+------------+
    |            Variable Name           | Operation| DSP48E| FF| LUT| Bitwidth P0| Bitwidth P1|
    +------------------------------------+----------+-------+---+----+------------+------------+
    |ap_block_pp0_stage0_11001           |    and   |      0|  0|   2|           1|           1|
    |not_1_fu_2174_p2                    |   icmp   |      0|  0|  13|          10|          10|
    |not_2_fu_2227_p2                    |   icmp   |      0|  0|  13|          10|          10|
    |not_3_fu_2280_p2                    |   icmp   |      0|  0|  13|          10|          10|
    |not_4_fu_2333_p2                    |   icmp   |      0|  0|  13|          10|          10|
    |not_5_fu_2386_p2                    |   icmp   |      0|  0|  13|          10|          10|
    |not_6_fu_2439_p2                    |   icmp   |      0|  0|  13|          10|          10|
    |not_7_fu_2492_p2                    |   icmp   |      0|  0|  13|          10|          10|
    |not_8_fu_2545_p2                    |   icmp   |      0|  0|  13|          10|          10|
    |not_9_fu_2598_p2                    |   icmp   |      0|  0|  13|          10|          10|
    |not_s_fu_2121_p2                    |   icmp   |      0|  0|  13|          10|          10|
    |tmp_392_0_1_fu_938_p2               |   icmp   |      0|  0|  13|          10|          10|
    |tmp_392_0_2_fu_1028_p2              |   icmp   |      0|  0|  13|          10|          10|
    |tmp_392_0_3_fu_1118_p2              |   icmp   |      0|  0|  13|          10|          10|
    |tmp_392_0_4_fu_1208_p2              |   icmp   |      0|  0|  13|          10|          10|
    |tmp_392_0_5_fu_1298_p2              |   icmp   |      0|  0|  13|          10|          10|
    |tmp_392_0_6_fu_1868_p2              |   icmp   |      0|  0|  13|          10|          10|
    |tmp_392_0_7_fu_1958_p2              |   icmp   |      0|  0|  13|          10|          10|
    |tmp_392_0_8_fu_2048_p2              |   icmp   |      0|  0|  13|          10|          10|
    |tmp_392_1_1_fu_942_p2               |   icmp   |      0|  0|  13|          10|          10|
    |tmp_392_1_2_fu_1032_p2              |   icmp   |      0|  0|  13|          10|          10|
    |tmp_392_1_3_fu_1122_p2              |   icmp   |      0|  0|  13|          10|          10|
    |tmp_392_1_4_fu_1212_p2              |   icmp   |      0|  0|  13|          10|          10|
    |tmp_392_1_5_fu_1302_p2              |   icmp   |      0|  0|  13|          10|          10|
    |tmp_392_1_6_fu_1872_p2              |   icmp   |      0|  0|  13|          10|          10|
    |tmp_392_1_7_fu_1962_p2              |   icmp   |      0|  0|  13|          10|          10|
    |tmp_392_1_8_fu_2052_p2              |   icmp   |      0|  0|  13|          10|          10|
    |tmp_392_1_fu_834_p2                 |   icmp   |      0|  0|  13|          10|          10|
    |tmp_392_2_1_fu_946_p2               |   icmp   |      0|  0|  13|          10|          10|
    |tmp_392_2_2_fu_1036_p2              |   icmp   |      0|  0|  13|          10|          10|
    |tmp_392_2_3_fu_1126_p2              |   icmp   |      0|  0|  13|          10|          10|
    |tmp_392_2_4_fu_1216_p2              |   icmp   |      0|  0|  13|          10|          10|
    |tmp_392_2_5_fu_1306_p2              |   icmp   |      0|  0|  13|          10|          10|
    |tmp_392_2_6_fu_1876_p2              |   icmp   |      0|  0|  13|          10|          10|
    |tmp_392_2_7_fu_1966_p2              |   icmp   |      0|  0|  13|          10|          10|
    |tmp_392_2_8_fu_2056_p2              |   icmp   |      0|  0|  13|          10|          10|
    |tmp_392_2_fu_840_p2                 |   icmp   |      0|  0|  13|          10|          10|
    |tmp_392_3_1_fu_950_p2               |   icmp   |      0|  0|  13|          10|          10|
    |tmp_392_3_2_fu_1040_p2              |   icmp   |      0|  0|  13|          10|          10|
    |tmp_392_3_3_fu_1130_p2              |   icmp   |      0|  0|  13|          10|          10|
    |tmp_392_3_4_fu_1220_p2              |   icmp   |      0|  0|  13|          10|          10|
    |tmp_392_3_5_fu_1310_p2              |   icmp   |      0|  0|  13|          10|          10|
    |tmp_392_3_6_fu_1880_p2              |   icmp   |      0|  0|  13|          10|          10|
    |tmp_392_3_7_fu_1970_p2              |   icmp   |      0|  0|  13|          10|          10|
    |tmp_392_3_8_fu_2060_p2              |   icmp   |      0|  0|  13|          10|          10|
    |tmp_392_3_fu_846_p2                 |   icmp   |      0|  0|  13|          10|          10|
    |tmp_392_4_1_fu_954_p2               |   icmp   |      0|  0|  13|          10|          10|
    |tmp_392_4_2_fu_1044_p2              |   icmp   |      0|  0|  13|          10|          10|
    |tmp_392_4_3_fu_1134_p2              |   icmp   |      0|  0|  13|          10|          10|
    |tmp_392_4_4_fu_1224_p2              |   icmp   |      0|  0|  13|          10|          10|
    |tmp_392_4_5_fu_1314_p2              |   icmp   |      0|  0|  13|          10|          10|
    |tmp_392_4_6_fu_1884_p2              |   icmp   |      0|  0|  13|          10|          10|
    |tmp_392_4_7_fu_1974_p2              |   icmp   |      0|  0|  13|          10|          10|
    |tmp_392_4_8_fu_2064_p2              |   icmp   |      0|  0|  13|          10|          10|
    |tmp_392_4_fu_852_p2                 |   icmp   |      0|  0|  13|          10|          10|
    |tmp_392_5_1_fu_958_p2               |   icmp   |      0|  0|  13|          10|          10|
    |tmp_392_5_2_fu_1048_p2              |   icmp   |      0|  0|  13|          10|          10|
    |tmp_392_5_3_fu_1138_p2              |   icmp   |      0|  0|  13|          10|          10|
    |tmp_392_5_4_fu_1228_p2              |   icmp   |      0|  0|  13|          10|          10|
    |tmp_392_5_5_fu_1318_p2              |   icmp   |      0|  0|  13|          10|          10|
    |tmp_392_5_6_fu_1888_p2              |   icmp   |      0|  0|  13|          10|          10|
    |tmp_392_5_7_fu_1978_p2              |   icmp   |      0|  0|  13|          10|          10|
    |tmp_392_5_8_fu_2068_p2              |   icmp   |      0|  0|  13|          10|          10|
    |tmp_392_5_fu_858_p2                 |   icmp   |      0|  0|  13|          10|          10|
    |tmp_392_6_1_fu_962_p2               |   icmp   |      0|  0|  13|          10|          10|
    |tmp_392_6_2_fu_1052_p2              |   icmp   |      0|  0|  13|          10|          10|
    |tmp_392_6_3_fu_1142_p2              |   icmp   |      0|  0|  13|          10|          10|
    |tmp_392_6_4_fu_1232_p2              |   icmp   |      0|  0|  13|          10|          10|
    |tmp_392_6_5_fu_1322_p2              |   icmp   |      0|  0|  13|          10|          10|
    |tmp_392_6_6_fu_1892_p2              |   icmp   |      0|  0|  13|          10|          10|
    |tmp_392_6_7_fu_1982_p2              |   icmp   |      0|  0|  13|          10|          10|
    |tmp_392_6_8_fu_2072_p2              |   icmp   |      0|  0|  13|          10|          10|
    |tmp_392_6_fu_864_p2                 |   icmp   |      0|  0|  13|          10|          10|
    |tmp_392_7_1_fu_966_p2               |   icmp   |      0|  0|  13|          10|          10|
    |tmp_392_7_2_fu_1056_p2              |   icmp   |      0|  0|  13|          10|          10|
    |tmp_392_7_3_fu_1146_p2              |   icmp   |      0|  0|  13|          10|          10|
    |tmp_392_7_4_fu_1236_p2              |   icmp   |      0|  0|  13|          10|          10|
    |tmp_392_7_5_fu_1326_p2              |   icmp   |      0|  0|  13|          10|          10|
    |tmp_392_7_6_fu_1896_p2              |   icmp   |      0|  0|  13|          10|          10|
    |tmp_392_7_7_fu_1986_p2              |   icmp   |      0|  0|  13|          10|          10|
    |tmp_392_7_8_fu_2076_p2              |   icmp   |      0|  0|  13|          10|          10|
    |tmp_392_7_fu_870_p2                 |   icmp   |      0|  0|  13|          10|          10|
    |tmp_392_8_1_fu_970_p2               |   icmp   |      0|  0|  13|          10|          10|
    |tmp_392_8_2_fu_1060_p2              |   icmp   |      0|  0|  13|          10|          10|
    |tmp_392_8_3_fu_1150_p2              |   icmp   |      0|  0|  13|          10|          10|
    |tmp_392_8_4_fu_1240_p2              |   icmp   |      0|  0|  13|          10|          10|
    |tmp_392_8_5_fu_1330_p2              |   icmp   |      0|  0|  13|          10|          10|
    |tmp_392_8_6_fu_1900_p2              |   icmp   |      0|  0|  13|          10|          10|
    |tmp_392_8_7_fu_1990_p2              |   icmp   |      0|  0|  13|          10|          10|
    |tmp_392_8_8_fu_2080_p2              |   icmp   |      0|  0|  13|          10|          10|
    |tmp_392_8_fu_876_p2                 |   icmp   |      0|  0|  13|          10|          10|
    |tmp_392_9_1_fu_974_p2               |   icmp   |      0|  0|  13|          10|          10|
    |tmp_392_9_2_fu_1064_p2              |   icmp   |      0|  0|  13|          10|          10|
    |tmp_392_9_3_fu_1154_p2              |   icmp   |      0|  0|  13|          10|          10|
    |tmp_392_9_4_fu_1244_p2              |   icmp   |      0|  0|  13|          10|          10|
    |tmp_392_9_5_fu_1334_p2              |   icmp   |      0|  0|  13|          10|          10|
    |tmp_392_9_6_fu_1904_p2              |   icmp   |      0|  0|  13|          10|          10|
    |tmp_392_9_7_fu_1994_p2              |   icmp   |      0|  0|  13|          10|          10|
    |tmp_392_9_8_fu_2084_p2              |   icmp   |      0|  0|  13|          10|          10|
    |tmp_392_9_fu_882_p2                 |   icmp   |      0|  0|  13|          10|          10|
    |tmp_s_fu_828_p2                     |   icmp   |      0|  0|  13|          10|          10|
    |index_1_0_1_fu_1347_p3              |  select  |      0|  0|   3|           1|           2|
    |index_1_0_1_s_fu_1354_p3            |  select  |      0|  0|   2|           1|           2|
    |index_1_0_3_fu_1365_p3              |  select  |      0|  0|   4|           1|           3|
    |index_1_0_3_s_fu_1372_p3            |  select  |      0|  0|   3|           1|           3|
    |index_1_0_5_fu_1384_p3              |  select  |      0|  0|   3|           1|           3|
    |index_1_0_5_s_fu_2088_p3            |  select  |      0|  0|   3|           1|           3|
    |index_1_0_7_fu_2098_p3              |  select  |      0|  0|   5|           1|           4|
    |index_1_0_7_s_fu_2110_p3            |  select  |      0|  0|   4|           1|           4|
    |index_1_1_0_s_fu_1400_p3            |  select  |      0|  0|   3|           1|           2|
    |index_1_1_2_fu_1407_p3              |  select  |      0|  0|   2|           1|           2|
    |index_1_1_2_s_fu_1418_p3            |  select  |      0|  0|   4|           1|           3|
    |index_1_1_4_fu_1425_p3              |  select  |      0|  0|   3|           1|           3|
    |index_1_1_4_s_fu_1437_p3            |  select  |      0|  0|   3|           1|           3|
    |index_1_1_6_fu_2141_p3              |  select  |      0|  0|   3|           1|           3|
    |index_1_1_6_s_fu_2151_p3            |  select  |      0|  0|   5|           1|           4|
    |index_1_1_8_fu_2163_p3              |  select  |      0|  0|   4|           1|           4|
    |index_1_2_1_fu_1453_p3              |  select  |      0|  0|   3|           1|           2|
    |index_1_2_1_s_fu_1460_p3            |  select  |      0|  0|   2|           1|           2|
    |index_1_2_3_fu_1471_p3              |  select  |      0|  0|   4|           1|           3|
    |index_1_2_3_s_fu_1478_p3            |  select  |      0|  0|   3|           1|           3|
    |index_1_2_5_fu_1490_p3              |  select  |      0|  0|   3|           1|           3|
    |index_1_2_5_s_fu_2194_p3            |  select  |      0|  0|   3|           1|           3|
    |index_1_2_7_fu_2204_p3              |  select  |      0|  0|   5|           1|           4|
    |index_1_2_7_s_fu_2216_p3            |  select  |      0|  0|   4|           1|           4|
    |index_1_3_0_s_fu_1506_p3            |  select  |      0|  0|   3|           1|           2|
    |index_1_3_2_fu_1513_p3              |  select  |      0|  0|   2|           1|           2|
    |index_1_3_2_s_fu_1524_p3            |  select  |      0|  0|   4|           1|           3|
    |index_1_3_4_fu_1531_p3              |  select  |      0|  0|   3|           1|           3|
    |index_1_3_4_s_fu_1543_p3            |  select  |      0|  0|   3|           1|           3|
    |index_1_3_6_fu_2247_p3              |  select  |      0|  0|   3|           1|           3|
    |index_1_3_6_s_fu_2257_p3            |  select  |      0|  0|   5|           1|           4|
    |index_1_3_8_fu_2269_p3              |  select  |      0|  0|   4|           1|           4|
    |index_1_4_1_fu_1559_p3              |  select  |      0|  0|   3|           1|           2|
    |index_1_4_1_s_fu_1566_p3            |  select  |      0|  0|   2|           1|           2|
    |index_1_4_3_fu_1577_p3              |  select  |      0|  0|   4|           1|           3|
    |index_1_4_3_s_fu_1584_p3            |  select  |      0|  0|   3|           1|           3|
    |index_1_4_5_fu_1596_p3              |  select  |      0|  0|   3|           1|           3|
    |index_1_4_5_s_fu_2300_p3            |  select  |      0|  0|   3|           1|           3|
    |index_1_4_7_fu_2310_p3              |  select  |      0|  0|   5|           1|           4|
    |index_1_4_7_s_fu_2322_p3            |  select  |      0|  0|   4|           1|           4|
    |index_1_5_0_s_fu_1612_p3            |  select  |      0|  0|   3|           1|           2|
    |index_1_5_2_fu_1619_p3              |  select  |      0|  0|   2|           1|           2|
    |index_1_5_2_s_fu_1630_p3            |  select  |      0|  0|   4|           1|           3|
    |index_1_5_4_fu_1637_p3              |  select  |      0|  0|   3|           1|           3|
    |index_1_5_4_s_fu_1649_p3            |  select  |      0|  0|   3|           1|           3|
    |index_1_5_6_fu_2353_p3              |  select  |      0|  0|   3|           1|           3|
    |index_1_5_6_s_fu_2363_p3            |  select  |      0|  0|   5|           1|           4|
    |index_1_5_8_fu_2375_p3              |  select  |      0|  0|   4|           1|           4|
    |index_1_6_1_fu_1665_p3              |  select  |      0|  0|   3|           1|           2|
    |index_1_6_1_s_fu_1672_p3            |  select  |      0|  0|   2|           1|           2|
    |index_1_6_3_fu_1683_p3              |  select  |      0|  0|   4|           1|           3|
    |index_1_6_3_s_fu_1690_p3            |  select  |      0|  0|   3|           1|           3|
    |index_1_6_5_fu_1702_p3              |  select  |      0|  0|   3|           1|           3|
    |index_1_6_5_s_fu_2406_p3            |  select  |      0|  0|   3|           1|           3|
    |index_1_6_7_fu_2416_p3              |  select  |      0|  0|   5|           1|           4|
    |index_1_6_7_s_fu_2428_p3            |  select  |      0|  0|   4|           1|           4|
    |index_1_7_0_s_fu_1718_p3            |  select  |      0|  0|   3|           1|           2|
    |index_1_7_2_fu_1725_p3              |  select  |      0|  0|   2|           1|           2|
    |index_1_7_2_s_fu_1736_p3            |  select  |      0|  0|   4|           1|           3|
    |index_1_7_4_fu_1743_p3              |  select  |      0|  0|   3|           1|           3|
    |index_1_7_4_s_fu_1755_p3            |  select  |      0|  0|   3|           1|           3|
    |index_1_7_6_fu_2459_p3              |  select  |      0|  0|   3|           1|           3|
    |index_1_7_6_s_fu_2469_p3            |  select  |      0|  0|   5|           1|           4|
    |index_1_7_8_fu_2481_p3              |  select  |      0|  0|   4|           1|           4|
    |index_1_8_1_fu_1771_p3              |  select  |      0|  0|   3|           1|           2|
    |index_1_8_1_s_fu_1778_p3            |  select  |      0|  0|   2|           1|           2|
    |index_1_8_3_fu_1789_p3              |  select  |      0|  0|   4|           1|           3|
    |index_1_8_3_s_fu_1796_p3            |  select  |      0|  0|   3|           1|           3|
    |index_1_8_5_fu_1808_p3              |  select  |      0|  0|   3|           1|           3|
    |index_1_8_5_s_fu_2512_p3            |  select  |      0|  0|   3|           1|           3|
    |index_1_8_7_fu_2522_p3              |  select  |      0|  0|   5|           1|           4|
    |index_1_8_7_s_fu_2534_p3            |  select  |      0|  0|   4|           1|           4|
    |index_1_9_0_s_fu_1824_p3            |  select  |      0|  0|   3|           1|           2|
    |index_1_9_2_fu_1831_p3              |  select  |      0|  0|   2|           1|           2|
    |index_1_9_2_s_fu_1842_p3            |  select  |      0|  0|   4|           1|           3|
    |index_1_9_4_fu_1849_p3              |  select  |      0|  0|   3|           1|           3|
    |index_1_9_4_s_fu_1861_p3            |  select  |      0|  0|   3|           1|           3|
    |index_1_9_6_fu_2565_p3              |  select  |      0|  0|   3|           1|           3|
    |index_1_9_6_s_fu_2575_p3            |  select  |      0|  0|   5|           1|           4|
    |index_1_9_8_fu_2587_p3              |  select  |      0|  0|   4|           1|           4|
    |mydr_V_0_mydr_V_2_fu_888_p3         |  select  |      0|  0|  10|           1|          10|
    |mydr_V_29_mydr_V_2_2_fu_898_p3      |  select  |      0|  0|  10|           1|          10|
    |mydr_V_4_mydr_V_2_4_fu_908_p3       |  select  |      0|  0|  10|           1|          10|
    |mydr_V_6_mydr_V_2_6_fu_918_p3       |  select  |      0|  0|  10|           1|          10|
    |mydr_V_8_mydr_V_2_8_fu_928_p3       |  select  |      0|  0|  10|           1|          10|
    |p_02_1_0_1_fu_978_p3                |  select  |      0|  0|  10|           1|          10|
    |p_02_1_0_1_mydr_V_2_0_2_fu_1068_p3  |  select  |      0|  0|  10|           1|          10|
    |p_02_1_0_3_fu_1158_p3               |  select  |      0|  0|  10|           1|          10|
    |p_02_1_0_3_mydr_V_2_0_4_fu_1248_p3  |  select  |      0|  0|  10|           1|          10|
    |p_02_1_0_5_fu_1379_p3               |  select  |      0|  0|  10|           1|          10|
    |p_02_1_0_5_mydr_V_2_0_6_fu_1908_p3  |  select  |      0|  0|  10|           1|          10|
    |p_02_1_0_7_fu_1998_p3               |  select  |      0|  0|  10|           1|          10|
    |p_02_1_0_7_mydr_V_2_0_8_fu_2105_p3  |  select  |      0|  0|  10|           1|          10|
    |p_02_1_1_0_mydr_V_2_1_1_fu_983_p3   |  select  |      0|  0|  10|           1|          10|
    |p_02_1_1_2_fu_1073_p3               |  select  |      0|  0|  10|           1|          10|
    |p_02_1_1_2_mydr_V_2_1_3_fu_1163_p3  |  select  |      0|  0|  10|           1|          10|
    |p_02_1_1_4_fu_1253_p3               |  select  |      0|  0|  10|           1|          10|
    |p_02_1_1_4_mydr_V_2_1_5_fu_1432_p3  |  select  |      0|  0|  10|           1|          10|
    |p_02_1_1_6_fu_1913_p3               |  select  |      0|  0|  10|           1|          10|
    |p_02_1_1_6_mydr_V_2_1_7_fu_2003_p3  |  select  |      0|  0|  10|           1|          10|
    |p_02_1_1_8_fu_2158_p3               |  select  |      0|  0|  10|           1|          10|
    |p_02_1_1_fu_893_p3                  |  select  |      0|  0|  10|           1|          10|
    |p_02_1_2_1_fu_988_p3                |  select  |      0|  0|  10|           1|          10|
    |p_02_1_2_1_mydr_V_2_2_2_fu_1078_p3  |  select  |      0|  0|  10|           1|          10|
    |p_02_1_2_3_fu_1168_p3               |  select  |      0|  0|  10|           1|          10|
    |p_02_1_2_3_mydr_V_2_2_4_fu_1258_p3  |  select  |      0|  0|  10|           1|          10|
    |p_02_1_2_5_fu_1485_p3               |  select  |      0|  0|  10|           1|          10|
    |p_02_1_2_5_mydr_V_2_2_6_fu_1918_p3  |  select  |      0|  0|  10|           1|          10|
    |p_02_1_2_7_fu_2008_p3               |  select  |      0|  0|  10|           1|          10|
    |p_02_1_2_7_mydr_V_2_2_8_fu_2211_p3  |  select  |      0|  0|  10|           1|          10|
    |p_02_1_3_0_mydr_V_2_3_1_fu_993_p3   |  select  |      0|  0|  10|           1|          10|
    |p_02_1_3_2_fu_1083_p3               |  select  |      0|  0|  10|           1|          10|
    |p_02_1_3_2_mydr_V_2_3_3_fu_1173_p3  |  select  |      0|  0|  10|           1|          10|
    |p_02_1_3_4_fu_1263_p3               |  select  |      0|  0|  10|           1|          10|
    |p_02_1_3_4_mydr_V_2_3_5_fu_1538_p3  |  select  |      0|  0|  10|           1|          10|
    |p_02_1_3_6_fu_1923_p3               |  select  |      0|  0|  10|           1|          10|
    |p_02_1_3_6_mydr_V_2_3_7_fu_2013_p3  |  select  |      0|  0|  10|           1|          10|
    |p_02_1_3_8_fu_2264_p3               |  select  |      0|  0|  10|           1|          10|
    |p_02_1_3_fu_903_p3                  |  select  |      0|  0|  10|           1|          10|
    |p_02_1_4_1_fu_998_p3                |  select  |      0|  0|  10|           1|          10|
    |p_02_1_4_1_mydr_V_2_4_2_fu_1088_p3  |  select  |      0|  0|  10|           1|          10|
    |p_02_1_4_3_fu_1178_p3               |  select  |      0|  0|  10|           1|          10|
    |p_02_1_4_3_mydr_V_2_4_4_fu_1268_p3  |  select  |      0|  0|  10|           1|          10|
    |p_02_1_4_5_fu_1591_p3               |  select  |      0|  0|  10|           1|          10|
    |p_02_1_4_5_mydr_V_2_4_6_fu_1928_p3  |  select  |      0|  0|  10|           1|          10|
    |p_02_1_4_7_fu_2018_p3               |  select  |      0|  0|  10|           1|          10|
    |p_02_1_4_7_mydr_V_2_4_8_fu_2317_p3  |  select  |      0|  0|  10|           1|          10|
    |p_02_1_5_0_mydr_V_2_5_1_fu_1003_p3  |  select  |      0|  0|  10|           1|          10|
    |p_02_1_5_2_fu_1093_p3               |  select  |      0|  0|  10|           1|          10|
    |p_02_1_5_2_mydr_V_2_5_3_fu_1183_p3  |  select  |      0|  0|  10|           1|          10|
    |p_02_1_5_4_fu_1273_p3               |  select  |      0|  0|  10|           1|          10|
    |p_02_1_5_4_mydr_V_2_5_5_fu_1644_p3  |  select  |      0|  0|  10|           1|          10|
    |p_02_1_5_6_fu_1933_p3               |  select  |      0|  0|  10|           1|          10|
    |p_02_1_5_6_mydr_V_2_5_7_fu_2023_p3  |  select  |      0|  0|  10|           1|          10|
    |p_02_1_5_8_fu_2370_p3               |  select  |      0|  0|  10|           1|          10|
    |p_02_1_5_fu_913_p3                  |  select  |      0|  0|  10|           1|          10|
    |p_02_1_6_1_fu_1008_p3               |  select  |      0|  0|  10|           1|          10|
    |p_02_1_6_1_mydr_V_2_6_2_fu_1098_p3  |  select  |      0|  0|  10|           1|          10|
    |p_02_1_6_3_fu_1188_p3               |  select  |      0|  0|  10|           1|          10|
    |p_02_1_6_3_mydr_V_2_6_4_fu_1278_p3  |  select  |      0|  0|  10|           1|          10|
    |p_02_1_6_5_fu_1697_p3               |  select  |      0|  0|  10|           1|          10|
    |p_02_1_6_5_mydr_V_2_6_6_fu_1938_p3  |  select  |      0|  0|  10|           1|          10|
    |p_02_1_6_7_fu_2028_p3               |  select  |      0|  0|  10|           1|          10|
    |p_02_1_6_7_mydr_V_2_6_8_fu_2423_p3  |  select  |      0|  0|  10|           1|          10|
    |p_02_1_7_0_mydr_V_2_7_1_fu_1013_p3  |  select  |      0|  0|  10|           1|          10|
    |p_02_1_7_2_fu_1103_p3               |  select  |      0|  0|  10|           1|          10|
    |p_02_1_7_2_mydr_V_2_7_3_fu_1193_p3  |  select  |      0|  0|  10|           1|          10|
    |p_02_1_7_4_fu_1283_p3               |  select  |      0|  0|  10|           1|          10|
    |p_02_1_7_4_mydr_V_2_7_5_fu_1750_p3  |  select  |      0|  0|  10|           1|          10|
    |p_02_1_7_6_fu_1943_p3               |  select  |      0|  0|  10|           1|          10|
    |p_02_1_7_6_mydr_V_2_7_7_fu_2033_p3  |  select  |      0|  0|  10|           1|          10|
    |p_02_1_7_8_fu_2476_p3               |  select  |      0|  0|  10|           1|          10|
    |p_02_1_7_fu_923_p3                  |  select  |      0|  0|  10|           1|          10|
    |p_02_1_8_1_fu_1018_p3               |  select  |      0|  0|  10|           1|          10|
    |p_02_1_8_1_mydr_V_2_8_2_fu_1108_p3  |  select  |      0|  0|  10|           1|          10|
    |p_02_1_8_3_fu_1198_p3               |  select  |      0|  0|  10|           1|          10|
    |p_02_1_8_3_mydr_V_2_8_4_fu_1288_p3  |  select  |      0|  0|  10|           1|          10|
    |p_02_1_8_5_fu_1803_p3               |  select  |      0|  0|  10|           1|          10|
    |p_02_1_8_5_mydr_V_2_8_6_fu_1948_p3  |  select  |      0|  0|  10|           1|          10|
    |p_02_1_8_7_fu_2038_p3               |  select  |      0|  0|  10|           1|          10|
    |p_02_1_8_7_mydr_V_2_8_8_fu_2529_p3  |  select  |      0|  0|  10|           1|          10|
    |p_02_1_9_0_mydr_V_2_9_1_fu_1023_p3  |  select  |      0|  0|  10|           1|          10|
    |p_02_1_9_2_fu_1113_p3               |  select  |      0|  0|  10|           1|          10|
    |p_02_1_9_2_mydr_V_2_9_3_fu_1203_p3  |  select  |      0|  0|  10|           1|          10|
    |p_02_1_9_4_fu_1293_p3               |  select  |      0|  0|  10|           1|          10|
    |p_02_1_9_4_mydr_V_2_9_5_fu_1856_p3  |  select  |      0|  0|  10|           1|          10|
    |p_02_1_9_6_fu_1953_p3               |  select  |      0|  0|  10|           1|          10|
    |p_02_1_9_6_mydr_V_2_9_7_fu_2043_p3  |  select  |      0|  0|  10|           1|          10|
    |p_02_1_9_8_fu_2582_p3               |  select  |      0|  0|  10|           1|          10|
    |p_02_1_9_fu_933_p3                  |  select  |      0|  0|  10|           1|          10|
    |ap_enable_pp0                       |    xor   |      0|  0|   2|           1|           2|
    |not_tmp_392_1_fu_1391_p2            |    xor   |      0|  0|   2|           1|           2|
    |not_tmp_392_2_fu_1444_p2            |    xor   |      0|  0|   2|           1|           2|
    |not_tmp_392_3_fu_1497_p2            |    xor   |      0|  0|   2|           1|           2|
    |not_tmp_392_4_fu_1550_p2            |    xor   |      0|  0|   2|           1|           2|
    |not_tmp_392_5_fu_1603_p2            |    xor   |      0|  0|   2|           1|           2|
    |not_tmp_392_6_fu_1656_p2            |    xor   |      0|  0|   2|           1|           2|
    |not_tmp_392_7_fu_1709_p2            |    xor   |      0|  0|   2|           1|           2|
    |not_tmp_392_8_fu_1762_p2            |    xor   |      0|  0|   2|           1|           2|
    |not_tmp_392_9_fu_1815_p2            |    xor   |      0|  0|   2|           1|           2|
    |not_tmp_s_fu_1338_p2                |    xor   |      0|  0|   2|           1|           2|
    +------------------------------------+----------+-------+---+----+------------+------------+
    |Total                               |          |      0|  0|2494|        1182|        2163|
    +------------------------------------+----------+-------+---+----+------------+------------+

    * Multiplexer: 
    +-------------------------+----+-----------+-----+-----------+
    |           Name          | LUT| Input Size| Bits| Total Bits|
    +-------------------------+----+-----------+-----+-----------+
    |ap_NS_fsm                |  15|          3|    1|          3|
    |ap_enable_reg_pp0_iter0  |   9|          2|    1|          2|
    +-------------------------+----+-----------+-----+-----------+
    |Total                    |  24|          5|    2|          5|
    +-------------------------+----+-----------+-----+-----------+

    * Register: 
    +----------------------------------------------+-----+----+-----+-----------+
    |                     Name                     |  FF | LUT| Bits| Const Bits|
    +----------------------------------------------+-----+----+-----+-----------+
    |ap_CS_fsm                                     |    2|   0|    2|          0|
    |ap_enable_reg_pp0_iter0_reg                   |    1|   0|    1|          0|
    |ap_enable_reg_pp0_iter1                       |    1|   0|    1|          0|
    |ap_enable_reg_pp0_iter2                       |    1|   0|    1|          0|
    |ap_enable_reg_pp0_iter3                       |    1|   0|    1|          0|
    |ap_enable_reg_pp0_iter4                       |    1|   0|    1|          0|
    |ap_enable_reg_pp0_iter5                       |    1|   0|    1|          0|
    |ap_enable_reg_pp0_iter6                       |    1|   0|    1|          0|
    |ap_enable_reg_pp0_iter7                       |    1|   0|    1|          0|
    |ap_enable_reg_pp0_iter8                       |    1|   0|    1|          0|
    |ap_port_reg_calo_track_drval_0_2_V_read       |   10|   0|   10|          0|
    |ap_port_reg_calo_track_drval_0_3_V_read       |   10|   0|   10|          0|
    |ap_port_reg_calo_track_drval_0_4_V_read       |   10|   0|   10|          0|
    |ap_port_reg_calo_track_drval_0_5_V_read       |   10|   0|   10|          0|
    |ap_port_reg_calo_track_drval_0_6_V_read       |   10|   0|   10|          0|
    |ap_port_reg_calo_track_drval_0_7_V_read       |   10|   0|   10|          0|
    |ap_port_reg_calo_track_drval_0_8_V_read       |   10|   0|   10|          0|
    |ap_port_reg_calo_track_drval_0_9_V_read       |   10|   0|   10|          0|
    |ap_port_reg_calo_track_drval_1_2_V_read       |   10|   0|   10|          0|
    |ap_port_reg_calo_track_drval_1_3_V_read       |   10|   0|   10|          0|
    |ap_port_reg_calo_track_drval_1_4_V_read       |   10|   0|   10|          0|
    |ap_port_reg_calo_track_drval_1_5_V_read       |   10|   0|   10|          0|
    |ap_port_reg_calo_track_drval_1_6_V_read       |   10|   0|   10|          0|
    |ap_port_reg_calo_track_drval_1_7_V_read       |   10|   0|   10|          0|
    |ap_port_reg_calo_track_drval_1_8_V_read       |   10|   0|   10|          0|
    |ap_port_reg_calo_track_drval_1_9_V_read       |   10|   0|   10|          0|
    |ap_port_reg_calo_track_drval_2_2_V_read       |   10|   0|   10|          0|
    |ap_port_reg_calo_track_drval_2_3_V_read       |   10|   0|   10|          0|
    |ap_port_reg_calo_track_drval_2_4_V_read       |   10|   0|   10|          0|
    |ap_port_reg_calo_track_drval_2_5_V_read       |   10|   0|   10|          0|
    |ap_port_reg_calo_track_drval_2_6_V_read       |   10|   0|   10|          0|
    |ap_port_reg_calo_track_drval_2_7_V_read       |   10|   0|   10|          0|
    |ap_port_reg_calo_track_drval_2_8_V_read       |   10|   0|   10|          0|
    |ap_port_reg_calo_track_drval_2_9_V_read       |   10|   0|   10|          0|
    |ap_port_reg_calo_track_drval_3_2_V_read       |   10|   0|   10|          0|
    |ap_port_reg_calo_track_drval_3_3_V_read       |   10|   0|   10|          0|
    |ap_port_reg_calo_track_drval_3_4_V_read       |   10|   0|   10|          0|
    |ap_port_reg_calo_track_drval_3_5_V_read       |   10|   0|   10|          0|
    |ap_port_reg_calo_track_drval_3_6_V_read       |   10|   0|   10|          0|
    |ap_port_reg_calo_track_drval_3_7_V_read       |   10|   0|   10|          0|
    |ap_port_reg_calo_track_drval_3_8_V_read       |   10|   0|   10|          0|
    |ap_port_reg_calo_track_drval_3_9_V_read       |   10|   0|   10|          0|
    |ap_port_reg_calo_track_drval_4_2_V_read       |   10|   0|   10|          0|
    |ap_port_reg_calo_track_drval_4_3_V_read       |   10|   0|   10|          0|
    |ap_port_reg_calo_track_drval_4_4_V_read       |   10|   0|   10|          0|
    |ap_port_reg_calo_track_drval_4_5_V_read       |   10|   0|   10|          0|
    |ap_port_reg_calo_track_drval_4_6_V_read       |   10|   0|   10|          0|
    |ap_port_reg_calo_track_drval_4_7_V_read       |   10|   0|   10|          0|
    |ap_port_reg_calo_track_drval_4_8_V_read       |   10|   0|   10|          0|
    |ap_port_reg_calo_track_drval_4_9_V_read       |   10|   0|   10|          0|
    |ap_port_reg_calo_track_drval_5_2_V_read       |   10|   0|   10|          0|
    |ap_port_reg_calo_track_drval_5_3_V_read       |   10|   0|   10|          0|
    |ap_port_reg_calo_track_drval_5_4_V_read       |   10|   0|   10|          0|
    |ap_port_reg_calo_track_drval_5_5_V_read       |   10|   0|   10|          0|
    |ap_port_reg_calo_track_drval_5_6_V_read       |   10|   0|   10|          0|
    |ap_port_reg_calo_track_drval_5_7_V_read       |   10|   0|   10|          0|
    |ap_port_reg_calo_track_drval_5_8_V_read       |   10|   0|   10|          0|
    |ap_port_reg_calo_track_drval_5_9_V_read       |   10|   0|   10|          0|
    |ap_port_reg_calo_track_drval_6_2_V_read       |   10|   0|   10|          0|
    |ap_port_reg_calo_track_drval_6_3_V_read       |   10|   0|   10|          0|
    |ap_port_reg_calo_track_drval_6_4_V_read       |   10|   0|   10|          0|
    |ap_port_reg_calo_track_drval_6_5_V_read       |   10|   0|   10|          0|
    |ap_port_reg_calo_track_drval_6_6_V_read       |   10|   0|   10|          0|
    |ap_port_reg_calo_track_drval_6_7_V_read       |   10|   0|   10|          0|
    |ap_port_reg_calo_track_drval_6_8_V_read       |   10|   0|   10|          0|
    |ap_port_reg_calo_track_drval_6_9_V_read       |   10|   0|   10|          0|
    |ap_port_reg_calo_track_drval_7_2_V_read       |   10|   0|   10|          0|
    |ap_port_reg_calo_track_drval_7_3_V_read       |   10|   0|   10|          0|
    |ap_port_reg_calo_track_drval_7_4_V_read       |   10|   0|   10|          0|
    |ap_port_reg_calo_track_drval_7_5_V_read       |   10|   0|   10|          0|
    |ap_port_reg_calo_track_drval_7_6_V_read       |   10|   0|   10|          0|
    |ap_port_reg_calo_track_drval_7_7_V_read       |   10|   0|   10|          0|
    |ap_port_reg_calo_track_drval_7_8_V_read       |   10|   0|   10|          0|
    |ap_port_reg_calo_track_drval_7_9_V_read       |   10|   0|   10|          0|
    |ap_port_reg_calo_track_drval_8_2_V_read       |   10|   0|   10|          0|
    |ap_port_reg_calo_track_drval_8_3_V_read       |   10|   0|   10|          0|
    |ap_port_reg_calo_track_drval_8_4_V_read       |   10|   0|   10|          0|
    |ap_port_reg_calo_track_drval_8_5_V_read       |   10|   0|   10|          0|
    |ap_port_reg_calo_track_drval_8_6_V_read       |   10|   0|   10|          0|
    |ap_port_reg_calo_track_drval_8_7_V_read       |   10|   0|   10|          0|
    |ap_port_reg_calo_track_drval_8_8_V_read       |   10|   0|   10|          0|
    |ap_port_reg_calo_track_drval_8_9_V_read       |   10|   0|   10|          0|
    |ap_port_reg_calo_track_drval_9_2_V_read       |   10|   0|   10|          0|
    |ap_port_reg_calo_track_drval_9_3_V_read       |   10|   0|   10|          0|
    |ap_port_reg_calo_track_drval_9_4_V_read       |   10|   0|   10|          0|
    |ap_port_reg_calo_track_drval_9_5_V_read       |   10|   0|   10|          0|
    |ap_port_reg_calo_track_drval_9_6_V_read       |   10|   0|   10|          0|
    |ap_port_reg_calo_track_drval_9_7_V_read       |   10|   0|   10|          0|
    |ap_port_reg_calo_track_drval_9_8_V_read       |   10|   0|   10|          0|
    |ap_port_reg_calo_track_drval_9_9_V_read       |   10|   0|   10|          0|
    |calo_track_drval_0_19_reg_3276                |   10|   0|   10|          0|
    |calo_track_drval_0_20_reg_3282                |   10|   0|   10|          0|
    |calo_track_drval_0_21_reg_3288                |   10|   0|   10|          0|
    |calo_track_drval_0_22_reg_3294                |   10|   0|   10|          0|
    |calo_track_drval_0_23_reg_3300                |   10|   0|   10|          0|
    |calo_track_drval_0_24_reg_3306                |   10|   0|   10|          0|
    |calo_track_drval_0_24_reg_3306_pp0_iter1_reg  |   10|   0|   10|          0|
    |calo_track_drval_0_25_reg_3312                |   10|   0|   10|          0|
    |calo_track_drval_0_26_reg_2768                |   10|   0|   10|          0|
    |calo_track_drval_0_27_reg_2773                |   10|   0|   10|          0|
    |calo_track_drval_0_s_reg_3270                 |   10|   0|   10|          0|
    |calo_track_drval_1_19_reg_3228                |   10|   0|   10|          0|
    |calo_track_drval_1_20_reg_3234                |   10|   0|   10|          0|
    |calo_track_drval_1_21_reg_3240                |   10|   0|   10|          0|
    |calo_track_drval_1_22_reg_3246                |   10|   0|   10|          0|
    |calo_track_drval_1_23_reg_3252                |   10|   0|   10|          0|
    |calo_track_drval_1_24_reg_3258                |   10|   0|   10|          0|
    |calo_track_drval_1_24_reg_3258_pp0_iter1_reg  |   10|   0|   10|          0|
    |calo_track_drval_1_25_reg_3264                |   10|   0|   10|          0|
    |calo_track_drval_1_26_reg_2758                |   10|   0|   10|          0|
    |calo_track_drval_1_27_reg_2763                |   10|   0|   10|          0|
    |calo_track_drval_1_s_reg_3222                 |   10|   0|   10|          0|
    |calo_track_drval_2_19_reg_3180                |   10|   0|   10|          0|
    |calo_track_drval_2_20_reg_3186                |   10|   0|   10|          0|
    |calo_track_drval_2_21_reg_3192                |   10|   0|   10|          0|
    |calo_track_drval_2_22_reg_3198                |   10|   0|   10|          0|
    |calo_track_drval_2_23_reg_3204                |   10|   0|   10|          0|
    |calo_track_drval_2_24_reg_3210                |   10|   0|   10|          0|
    |calo_track_drval_2_24_reg_3210_pp0_iter1_reg  |   10|   0|   10|          0|
    |calo_track_drval_2_25_reg_3216                |   10|   0|   10|          0|
    |calo_track_drval_2_26_reg_2748                |   10|   0|   10|          0|
    |calo_track_drval_2_27_reg_2753                |   10|   0|   10|          0|
    |calo_track_drval_2_s_reg_3174                 |   10|   0|   10|          0|
    |calo_track_drval_3_19_reg_3132                |   10|   0|   10|          0|
    |calo_track_drval_3_20_reg_3138                |   10|   0|   10|          0|
    |calo_track_drval_3_21_reg_3144                |   10|   0|   10|          0|
    |calo_track_drval_3_22_reg_3150                |   10|   0|   10|          0|
    |calo_track_drval_3_23_reg_3156                |   10|   0|   10|          0|
    |calo_track_drval_3_24_reg_3162                |   10|   0|   10|          0|
    |calo_track_drval_3_24_reg_3162_pp0_iter1_reg  |   10|   0|   10|          0|
    |calo_track_drval_3_25_reg_3168                |   10|   0|   10|          0|
    |calo_track_drval_3_26_reg_2738                |   10|   0|   10|          0|
    |calo_track_drval_3_27_reg_2743                |   10|   0|   10|          0|
    |calo_track_drval_3_s_reg_3126                 |   10|   0|   10|          0|
    |calo_track_drval_4_19_reg_3084                |   10|   0|   10|          0|
    |calo_track_drval_4_20_reg_3090                |   10|   0|   10|          0|
    |calo_track_drval_4_21_reg_3096                |   10|   0|   10|          0|
    |calo_track_drval_4_22_reg_3102                |   10|   0|   10|          0|
    |calo_track_drval_4_23_reg_3108                |   10|   0|   10|          0|
    |calo_track_drval_4_24_reg_3114                |   10|   0|   10|          0|
    |calo_track_drval_4_24_reg_3114_pp0_iter1_reg  |   10|   0|   10|          0|
    |calo_track_drval_4_25_reg_3120                |   10|   0|   10|          0|
    |calo_track_drval_4_26_reg_2728                |   10|   0|   10|          0|
    |calo_track_drval_4_27_reg_2733                |   10|   0|   10|          0|
    |calo_track_drval_4_s_reg_3078                 |   10|   0|   10|          0|
    |calo_track_drval_5_19_reg_3036                |   10|   0|   10|          0|
    |calo_track_drval_5_20_reg_3042                |   10|   0|   10|          0|
    |calo_track_drval_5_21_reg_3048                |   10|   0|   10|          0|
    |calo_track_drval_5_22_reg_3054                |   10|   0|   10|          0|
    |calo_track_drval_5_23_reg_3060                |   10|   0|   10|          0|
    |calo_track_drval_5_24_reg_3066                |   10|   0|   10|          0|
    |calo_track_drval_5_24_reg_3066_pp0_iter1_reg  |   10|   0|   10|          0|
    |calo_track_drval_5_25_reg_3072                |   10|   0|   10|          0|
    |calo_track_drval_5_26_reg_2718                |   10|   0|   10|          0|
    |calo_track_drval_5_27_reg_2723                |   10|   0|   10|          0|
    |calo_track_drval_5_s_reg_3030                 |   10|   0|   10|          0|
    |calo_track_drval_6_19_reg_2988                |   10|   0|   10|          0|
    |calo_track_drval_6_20_reg_2994                |   10|   0|   10|          0|
    |calo_track_drval_6_21_reg_3000                |   10|   0|   10|          0|
    |calo_track_drval_6_22_reg_3006                |   10|   0|   10|          0|
    |calo_track_drval_6_23_reg_3012                |   10|   0|   10|          0|
    |calo_track_drval_6_24_reg_3018                |   10|   0|   10|          0|
    |calo_track_drval_6_24_reg_3018_pp0_iter1_reg  |   10|   0|   10|          0|
    |calo_track_drval_6_25_reg_3024                |   10|   0|   10|          0|
    |calo_track_drval_6_26_reg_2708                |   10|   0|   10|          0|
    |calo_track_drval_6_27_reg_2713                |   10|   0|   10|          0|
    |calo_track_drval_6_s_reg_2982                 |   10|   0|   10|          0|
    |calo_track_drval_7_19_reg_2940                |   10|   0|   10|          0|
    |calo_track_drval_7_20_reg_2946                |   10|   0|   10|          0|
    |calo_track_drval_7_21_reg_2952                |   10|   0|   10|          0|
    |calo_track_drval_7_22_reg_2958                |   10|   0|   10|          0|
    |calo_track_drval_7_23_reg_2964                |   10|   0|   10|          0|
    |calo_track_drval_7_24_reg_2970                |   10|   0|   10|          0|
    |calo_track_drval_7_24_reg_2970_pp0_iter1_reg  |   10|   0|   10|          0|
    |calo_track_drval_7_25_reg_2976                |   10|   0|   10|          0|
    |calo_track_drval_7_26_reg_2698                |   10|   0|   10|          0|
    |calo_track_drval_7_27_reg_2703                |   10|   0|   10|          0|
    |calo_track_drval_7_s_reg_2934                 |   10|   0|   10|          0|
    |calo_track_drval_8_19_reg_2892                |   10|   0|   10|          0|
    |calo_track_drval_8_20_reg_2898                |   10|   0|   10|          0|
    |calo_track_drval_8_21_reg_2904                |   10|   0|   10|          0|
    |calo_track_drval_8_22_reg_2910                |   10|   0|   10|          0|
    |calo_track_drval_8_23_reg_2916                |   10|   0|   10|          0|
    |calo_track_drval_8_24_reg_2922                |   10|   0|   10|          0|
    |calo_track_drval_8_24_reg_2922_pp0_iter1_reg  |   10|   0|   10|          0|
    |calo_track_drval_8_25_reg_2928                |   10|   0|   10|          0|
    |calo_track_drval_8_26_reg_2688                |   10|   0|   10|          0|
    |calo_track_drval_8_27_reg_2693                |   10|   0|   10|          0|
    |calo_track_drval_8_s_reg_2886                 |   10|   0|   10|          0|
    |calo_track_drval_9_19_reg_2844                |   10|   0|   10|          0|
    |calo_track_drval_9_20_reg_2850                |   10|   0|   10|          0|
    |calo_track_drval_9_21_reg_2856                |   10|   0|   10|          0|
    |calo_track_drval_9_22_reg_2862                |   10|   0|   10|          0|
    |calo_track_drval_9_23_reg_2868                |   10|   0|   10|          0|
    |calo_track_drval_9_24_reg_2874                |   10|   0|   10|          0|
    |calo_track_drval_9_24_reg_2874_pp0_iter1_reg  |   10|   0|   10|          0|
    |calo_track_drval_9_25_reg_2880                |   10|   0|   10|          0|
    |calo_track_drval_9_26_reg_2678                |   10|   0|   10|          0|
    |calo_track_drval_9_27_reg_2683                |   10|   0|   10|          0|
    |calo_track_drval_9_s_reg_2838                 |   10|   0|   10|          0|
    |index_1_0_5_reg_3924                          |    3|   0|    3|          0|
    |index_1_1_4_s_reg_3935                        |    3|   0|    3|          0|
    |index_1_2_5_reg_3946                          |    3|   0|    3|          0|
    |index_1_3_4_s_reg_3957                        |    3|   0|    3|          0|
    |index_1_4_5_reg_3968                          |    3|   0|    3|          0|
    |index_1_5_4_s_reg_3979                        |    3|   0|    3|          0|
    |index_1_6_5_reg_3990                          |    3|   0|    3|          0|
    |index_1_7_4_s_reg_4001                        |    3|   0|    3|          0|
    |index_1_8_5_reg_4012                          |    3|   0|    3|          0|
    |index_1_9_4_s_reg_4023                        |    3|   0|    3|          0|
    |mydr_V_0_mydr_V_2_reg_3318                    |   10|   0|   10|          0|
    |mydr_V_29_mydr_V_2_2_reg_3330                 |   10|   0|   10|          0|
    |mydr_V_4_mydr_V_2_4_reg_3342                  |   10|   0|   10|          0|
    |mydr_V_6_mydr_V_2_6_reg_3354                  |   10|   0|   10|          0|
    |mydr_V_8_mydr_V_2_8_reg_3366                  |   10|   0|   10|          0|
    |p_02_1_0_1_mydr_V_2_0_2_reg_3558              |   10|   0|   10|          0|
    |p_02_1_0_1_reg_3438                           |   10|   0|   10|          0|
    |p_02_1_0_3_mydr_V_2_0_4_reg_3798              |   10|   0|   10|          0|
    |p_02_1_0_3_reg_3678                           |   10|   0|   10|          0|
    |p_02_1_0_5_mydr_V_2_0_6_reg_4088              |   10|   0|   10|          0|
    |p_02_1_0_5_reg_3918                           |   10|   0|   10|          0|
    |p_02_1_0_7_reg_4208                           |   10|   0|   10|          0|
    |p_02_1_1_0_mydr_V_2_1_1_reg_3444              |   10|   0|   10|          0|
    |p_02_1_1_2_mydr_V_2_1_3_reg_3684              |   10|   0|   10|          0|
    |p_02_1_1_2_reg_3564                           |   10|   0|   10|          0|
    |p_02_1_1_4_mydr_V_2_1_5_reg_3929              |   10|   0|   10|          0|
    |p_02_1_1_4_reg_3804                           |   10|   0|   10|          0|
    |p_02_1_1_6_mydr_V_2_1_7_reg_4214              |   10|   0|   10|          0|
    |p_02_1_1_6_reg_4094                           |   10|   0|   10|          0|
    |p_02_1_1_reg_3324                             |   10|   0|   10|          0|
    |p_02_1_2_1_mydr_V_2_2_2_reg_3570              |   10|   0|   10|          0|
    |p_02_1_2_1_reg_3450                           |   10|   0|   10|          0|
    |p_02_1_2_3_mydr_V_2_2_4_reg_3810              |   10|   0|   10|          0|
    |p_02_1_2_3_reg_3690                           |   10|   0|   10|          0|
    |p_02_1_2_5_mydr_V_2_2_6_reg_4100              |   10|   0|   10|          0|
    |p_02_1_2_5_reg_3940                           |   10|   0|   10|          0|
    |p_02_1_2_7_reg_4220                           |   10|   0|   10|          0|
    |p_02_1_3_0_mydr_V_2_3_1_reg_3456              |   10|   0|   10|          0|
    |p_02_1_3_2_mydr_V_2_3_3_reg_3696              |   10|   0|   10|          0|
    |p_02_1_3_2_reg_3576                           |   10|   0|   10|          0|
    |p_02_1_3_4_mydr_V_2_3_5_reg_3951              |   10|   0|   10|          0|
    |p_02_1_3_4_reg_3816                           |   10|   0|   10|          0|
    |p_02_1_3_6_mydr_V_2_3_7_reg_4226              |   10|   0|   10|          0|
    |p_02_1_3_6_reg_4106                           |   10|   0|   10|          0|
    |p_02_1_3_reg_3336                             |   10|   0|   10|          0|
    |p_02_1_4_1_mydr_V_2_4_2_reg_3582              |   10|   0|   10|          0|
    |p_02_1_4_1_reg_3462                           |   10|   0|   10|          0|
    |p_02_1_4_3_mydr_V_2_4_4_reg_3822              |   10|   0|   10|          0|
    |p_02_1_4_3_reg_3702                           |   10|   0|   10|          0|
    |p_02_1_4_5_mydr_V_2_4_6_reg_4112              |   10|   0|   10|          0|
    |p_02_1_4_5_reg_3962                           |   10|   0|   10|          0|
    |p_02_1_4_7_reg_4232                           |   10|   0|   10|          0|
    |p_02_1_5_0_mydr_V_2_5_1_reg_3468              |   10|   0|   10|          0|
    |p_02_1_5_2_mydr_V_2_5_3_reg_3708              |   10|   0|   10|          0|
    |p_02_1_5_2_reg_3588                           |   10|   0|   10|          0|
    |p_02_1_5_4_mydr_V_2_5_5_reg_3973              |   10|   0|   10|          0|
    |p_02_1_5_4_reg_3828                           |   10|   0|   10|          0|
    |p_02_1_5_6_mydr_V_2_5_7_reg_4238              |   10|   0|   10|          0|
    |p_02_1_5_6_reg_4118                           |   10|   0|   10|          0|
    |p_02_1_5_reg_3348                             |   10|   0|   10|          0|
    |p_02_1_6_1_mydr_V_2_6_2_reg_3594              |   10|   0|   10|          0|
    |p_02_1_6_1_reg_3474                           |   10|   0|   10|          0|
    |p_02_1_6_3_mydr_V_2_6_4_reg_3834              |   10|   0|   10|          0|
    |p_02_1_6_3_reg_3714                           |   10|   0|   10|          0|
    |p_02_1_6_5_mydr_V_2_6_6_reg_4124              |   10|   0|   10|          0|
    |p_02_1_6_5_reg_3984                           |   10|   0|   10|          0|
    |p_02_1_6_7_reg_4244                           |   10|   0|   10|          0|
    |p_02_1_7_0_mydr_V_2_7_1_reg_3480              |   10|   0|   10|          0|
    |p_02_1_7_2_mydr_V_2_7_3_reg_3720              |   10|   0|   10|          0|
    |p_02_1_7_2_reg_3600                           |   10|   0|   10|          0|
    |p_02_1_7_4_mydr_V_2_7_5_reg_3995              |   10|   0|   10|          0|
    |p_02_1_7_4_reg_3840                           |   10|   0|   10|          0|
    |p_02_1_7_6_mydr_V_2_7_7_reg_4250              |   10|   0|   10|          0|
    |p_02_1_7_6_reg_4130                           |   10|   0|   10|          0|
    |p_02_1_7_reg_3360                             |   10|   0|   10|          0|
    |p_02_1_8_1_mydr_V_2_8_2_reg_3606              |   10|   0|   10|          0|
    |p_02_1_8_1_reg_3486                           |   10|   0|   10|          0|
    |p_02_1_8_3_mydr_V_2_8_4_reg_3846              |   10|   0|   10|          0|
    |p_02_1_8_3_reg_3726                           |   10|   0|   10|          0|
    |p_02_1_8_5_mydr_V_2_8_6_reg_4136              |   10|   0|   10|          0|
    |p_02_1_8_5_reg_4006                           |   10|   0|   10|          0|
    |p_02_1_8_7_reg_4256                           |   10|   0|   10|          0|
    |p_02_1_9_0_mydr_V_2_9_1_reg_3492              |   10|   0|   10|          0|
    |p_02_1_9_2_mydr_V_2_9_3_reg_3732              |   10|   0|   10|          0|
    |p_02_1_9_2_reg_3612                           |   10|   0|   10|          0|
    |p_02_1_9_4_mydr_V_2_9_5_reg_4017              |   10|   0|   10|          0|
    |p_02_1_9_4_reg_3852                           |   10|   0|   10|          0|
    |p_02_1_9_6_mydr_V_2_9_7_reg_4262              |   10|   0|   10|          0|
    |p_02_1_9_6_reg_4142                           |   10|   0|   10|          0|
    |p_02_1_9_reg_3372                             |   10|   0|   10|          0|
    |tmp_392_0_1_reg_3378                          |    1|   0|    1|          0|
    |tmp_392_0_2_reg_3498                          |    1|   0|    1|          0|
    |tmp_392_0_3_reg_3618                          |    1|   0|    1|          0|
    |tmp_392_0_4_reg_3738                          |    1|   0|    1|          0|
    |tmp_392_0_4_reg_3738_pp0_iter5_reg            |    1|   0|    1|          0|
    |tmp_392_0_5_reg_3858                          |    1|   0|    1|          0|
    |tmp_392_0_6_reg_4028                          |    1|   0|    1|          0|
    |tmp_392_0_7_reg_4148                          |    1|   0|    1|          0|
    |tmp_392_0_7_reg_4148_pp0_iter8_reg            |    1|   0|    1|          0|
    |tmp_392_0_8_reg_4268                          |    1|   0|    1|          0|
    |tmp_392_1_1_reg_3384                          |    1|   0|    1|          0|
    |tmp_392_1_2_reg_3504                          |    1|   0|    1|          0|
    |tmp_392_1_3_reg_3624                          |    1|   0|    1|          0|
    |tmp_392_1_4_reg_3744                          |    1|   0|    1|          0|
    |tmp_392_1_4_reg_3744_pp0_iter5_reg            |    1|   0|    1|          0|
    |tmp_392_1_5_reg_3864                          |    1|   0|    1|          0|
    |tmp_392_1_6_reg_4034                          |    1|   0|    1|          0|
    |tmp_392_1_7_reg_4154                          |    1|   0|    1|          0|
    |tmp_392_1_7_reg_4154_pp0_iter8_reg            |    1|   0|    1|          0|
    |tmp_392_1_8_reg_4274                          |    1|   0|    1|          0|
    |tmp_392_1_reg_2784                            |    1|   0|    1|          0|
    |tmp_392_2_1_reg_3390                          |    1|   0|    1|          0|
    |tmp_392_2_2_reg_3510                          |    1|   0|    1|          0|
    |tmp_392_2_3_reg_3630                          |    1|   0|    1|          0|
    |tmp_392_2_4_reg_3750                          |    1|   0|    1|          0|
    |tmp_392_2_4_reg_3750_pp0_iter5_reg            |    1|   0|    1|          0|
    |tmp_392_2_5_reg_3870                          |    1|   0|    1|          0|
    |tmp_392_2_6_reg_4040                          |    1|   0|    1|          0|
    |tmp_392_2_7_reg_4160                          |    1|   0|    1|          0|
    |tmp_392_2_7_reg_4160_pp0_iter8_reg            |    1|   0|    1|          0|
    |tmp_392_2_8_reg_4280                          |    1|   0|    1|          0|
    |tmp_392_2_reg_2790                            |    1|   0|    1|          0|
    |tmp_392_3_1_reg_3396                          |    1|   0|    1|          0|
    |tmp_392_3_2_reg_3516                          |    1|   0|    1|          0|
    |tmp_392_3_3_reg_3636                          |    1|   0|    1|          0|
    |tmp_392_3_4_reg_3756                          |    1|   0|    1|          0|
    |tmp_392_3_4_reg_3756_pp0_iter5_reg            |    1|   0|    1|          0|
    |tmp_392_3_5_reg_3876                          |    1|   0|    1|          0|
    |tmp_392_3_6_reg_4046                          |    1|   0|    1|          0|
    |tmp_392_3_7_reg_4166                          |    1|   0|    1|          0|
    |tmp_392_3_7_reg_4166_pp0_iter8_reg            |    1|   0|    1|          0|
    |tmp_392_3_8_reg_4286                          |    1|   0|    1|          0|
    |tmp_392_3_reg_2796                            |    1|   0|    1|          0|
    |tmp_392_4_1_reg_3402                          |    1|   0|    1|          0|
    |tmp_392_4_2_reg_3522                          |    1|   0|    1|          0|
    |tmp_392_4_3_reg_3642                          |    1|   0|    1|          0|
    |tmp_392_4_4_reg_3762                          |    1|   0|    1|          0|
    |tmp_392_4_4_reg_3762_pp0_iter5_reg            |    1|   0|    1|          0|
    |tmp_392_4_5_reg_3882                          |    1|   0|    1|          0|
    |tmp_392_4_6_reg_4052                          |    1|   0|    1|          0|
    |tmp_392_4_7_reg_4172                          |    1|   0|    1|          0|
    |tmp_392_4_7_reg_4172_pp0_iter8_reg            |    1|   0|    1|          0|
    |tmp_392_4_8_reg_4292                          |    1|   0|    1|          0|
    |tmp_392_4_reg_2802                            |    1|   0|    1|          0|
    |tmp_392_5_1_reg_3408                          |    1|   0|    1|          0|
    |tmp_392_5_2_reg_3528                          |    1|   0|    1|          0|
    |tmp_392_5_3_reg_3648                          |    1|   0|    1|          0|
    |tmp_392_5_4_reg_3768                          |    1|   0|    1|          0|
    |tmp_392_5_4_reg_3768_pp0_iter5_reg            |    1|   0|    1|          0|
    |tmp_392_5_5_reg_3888                          |    1|   0|    1|          0|
    |tmp_392_5_6_reg_4058                          |    1|   0|    1|          0|
    |tmp_392_5_7_reg_4178                          |    1|   0|    1|          0|
    |tmp_392_5_7_reg_4178_pp0_iter8_reg            |    1|   0|    1|          0|
    |tmp_392_5_8_reg_4298                          |    1|   0|    1|          0|
    |tmp_392_5_reg_2808                            |    1|   0|    1|          0|
    |tmp_392_6_1_reg_3414                          |    1|   0|    1|          0|
    |tmp_392_6_2_reg_3534                          |    1|   0|    1|          0|
    |tmp_392_6_3_reg_3654                          |    1|   0|    1|          0|
    |tmp_392_6_4_reg_3774                          |    1|   0|    1|          0|
    |tmp_392_6_4_reg_3774_pp0_iter5_reg            |    1|   0|    1|          0|
    |tmp_392_6_5_reg_3894                          |    1|   0|    1|          0|
    |tmp_392_6_6_reg_4064                          |    1|   0|    1|          0|
    |tmp_392_6_7_reg_4184                          |    1|   0|    1|          0|
    |tmp_392_6_7_reg_4184_pp0_iter8_reg            |    1|   0|    1|          0|
    |tmp_392_6_8_reg_4304                          |    1|   0|    1|          0|
    |tmp_392_6_reg_2814                            |    1|   0|    1|          0|
    |tmp_392_7_1_reg_3420                          |    1|   0|    1|          0|
    |tmp_392_7_2_reg_3540                          |    1|   0|    1|          0|
    |tmp_392_7_3_reg_3660                          |    1|   0|    1|          0|
    |tmp_392_7_4_reg_3780                          |    1|   0|    1|          0|
    |tmp_392_7_4_reg_3780_pp0_iter5_reg            |    1|   0|    1|          0|
    |tmp_392_7_5_reg_3900                          |    1|   0|    1|          0|
    |tmp_392_7_6_reg_4070                          |    1|   0|    1|          0|
    |tmp_392_7_7_reg_4190                          |    1|   0|    1|          0|
    |tmp_392_7_7_reg_4190_pp0_iter8_reg            |    1|   0|    1|          0|
    |tmp_392_7_8_reg_4310                          |    1|   0|    1|          0|
    |tmp_392_7_reg_2820                            |    1|   0|    1|          0|
    |tmp_392_8_1_reg_3426                          |    1|   0|    1|          0|
    |tmp_392_8_2_reg_3546                          |    1|   0|    1|          0|
    |tmp_392_8_3_reg_3666                          |    1|   0|    1|          0|
    |tmp_392_8_4_reg_3786                          |    1|   0|    1|          0|
    |tmp_392_8_4_reg_3786_pp0_iter5_reg            |    1|   0|    1|          0|
    |tmp_392_8_5_reg_3906                          |    1|   0|    1|          0|
    |tmp_392_8_6_reg_4076                          |    1|   0|    1|          0|
    |tmp_392_8_7_reg_4196                          |    1|   0|    1|          0|
    |tmp_392_8_7_reg_4196_pp0_iter8_reg            |    1|   0|    1|          0|
    |tmp_392_8_8_reg_4316                          |    1|   0|    1|          0|
    |tmp_392_8_reg_2826                            |    1|   0|    1|          0|
    |tmp_392_9_1_reg_3432                          |    1|   0|    1|          0|
    |tmp_392_9_2_reg_3552                          |    1|   0|    1|          0|
    |tmp_392_9_3_reg_3672                          |    1|   0|    1|          0|
    |tmp_392_9_4_reg_3792                          |    1|   0|    1|          0|
    |tmp_392_9_4_reg_3792_pp0_iter5_reg            |    1|   0|    1|          0|
    |tmp_392_9_5_reg_3912                          |    1|   0|    1|          0|
    |tmp_392_9_6_reg_4082                          |    1|   0|    1|          0|
    |tmp_392_9_7_reg_4202                          |    1|   0|    1|          0|
    |tmp_392_9_7_reg_4202_pp0_iter8_reg            |    1|   0|    1|          0|
    |tmp_392_9_8_reg_4322                          |    1|   0|    1|          0|
    |tmp_392_9_reg_2832                            |    1|   0|    1|          0|
    |tmp_s_reg_2778                                |    1|   0|    1|          0|
    |calo_track_drval_0_19_reg_3276                |   64|  32|   10|          0|
    |calo_track_drval_0_20_reg_3282                |   64|  32|   10|          0|
    |calo_track_drval_0_21_reg_3288                |   64|  32|   10|          0|
    |calo_track_drval_0_22_reg_3294                |   64|  32|   10|          0|
    |calo_track_drval_0_23_reg_3300                |   64|  32|   10|          0|
    |calo_track_drval_0_s_reg_3270                 |   64|  32|   10|          0|
    |calo_track_drval_1_19_reg_3228                |   64|  32|   10|          0|
    |calo_track_drval_1_20_reg_3234                |   64|  32|   10|          0|
    |calo_track_drval_1_21_reg_3240                |   64|  32|   10|          0|
    |calo_track_drval_1_22_reg_3246                |   64|  32|   10|          0|
    |calo_track_drval_1_23_reg_3252                |   64|  32|   10|          0|
    |calo_track_drval_1_s_reg_3222                 |   64|  32|   10|          0|
    |calo_track_drval_2_19_reg_3180                |   64|  32|   10|          0|
    |calo_track_drval_2_20_reg_3186                |   64|  32|   10|          0|
    |calo_track_drval_2_21_reg_3192                |   64|  32|   10|          0|
    |calo_track_drval_2_22_reg_3198                |   64|  32|   10|          0|
    |calo_track_drval_2_23_reg_3204                |   64|  32|   10|          0|
    |calo_track_drval_2_s_reg_3174                 |   64|  32|   10|          0|
    |calo_track_drval_3_19_reg_3132                |   64|  32|   10|          0|
    |calo_track_drval_3_20_reg_3138                |   64|  32|   10|          0|
    |calo_track_drval_3_21_reg_3144                |   64|  32|   10|          0|
    |calo_track_drval_3_22_reg_3150                |   64|  32|   10|          0|
    |calo_track_drval_3_23_reg_3156                |   64|  32|   10|          0|
    |calo_track_drval_3_s_reg_3126                 |   64|  32|   10|          0|
    |calo_track_drval_4_19_reg_3084                |   64|  32|   10|          0|
    |calo_track_drval_4_20_reg_3090                |   64|  32|   10|          0|
    |calo_track_drval_4_21_reg_3096                |   64|  32|   10|          0|
    |calo_track_drval_4_22_reg_3102                |   64|  32|   10|          0|
    |calo_track_drval_4_23_reg_3108                |   64|  32|   10|          0|
    |calo_track_drval_4_s_reg_3078                 |   64|  32|   10|          0|
    |calo_track_drval_5_19_reg_3036                |   64|  32|   10|          0|
    |calo_track_drval_5_20_reg_3042                |   64|  32|   10|          0|
    |calo_track_drval_5_21_reg_3048                |   64|  32|   10|          0|
    |calo_track_drval_5_22_reg_3054                |   64|  32|   10|          0|
    |calo_track_drval_5_23_reg_3060                |   64|  32|   10|          0|
    |calo_track_drval_5_s_reg_3030                 |   64|  32|   10|          0|
    |calo_track_drval_6_19_reg_2988                |   64|  32|   10|          0|
    |calo_track_drval_6_20_reg_2994                |   64|  32|   10|          0|
    |calo_track_drval_6_21_reg_3000                |   64|  32|   10|          0|
    |calo_track_drval_6_22_reg_3006                |   64|  32|   10|          0|
    |calo_track_drval_6_23_reg_3012                |   64|  32|   10|          0|
    |calo_track_drval_6_s_reg_2982                 |   64|  32|   10|          0|
    |calo_track_drval_7_19_reg_2940                |   64|  32|   10|          0|
    |calo_track_drval_7_20_reg_2946                |   64|  32|   10|          0|
    |calo_track_drval_7_21_reg_2952                |   64|  32|   10|          0|
    |calo_track_drval_7_22_reg_2958                |   64|  32|   10|          0|
    |calo_track_drval_7_23_reg_2964                |   64|  32|   10|          0|
    |calo_track_drval_7_s_reg_2934                 |   64|  32|   10|          0|
    |calo_track_drval_8_19_reg_2892                |   64|  32|   10|          0|
    |calo_track_drval_8_20_reg_2898                |   64|  32|   10|          0|
    |calo_track_drval_8_21_reg_2904                |   64|  32|   10|          0|
    |calo_track_drval_8_22_reg_2910                |   64|  32|   10|          0|
    |calo_track_drval_8_23_reg_2916                |   64|  32|   10|          0|
    |calo_track_drval_8_s_reg_2886                 |   64|  32|   10|          0|
    |calo_track_drval_9_19_reg_2844                |   64|  32|   10|          0|
    |calo_track_drval_9_20_reg_2850                |   64|  32|   10|          0|
    |calo_track_drval_9_21_reg_2856                |   64|  32|   10|          0|
    |calo_track_drval_9_22_reg_2862                |   64|  32|   10|          0|
    |calo_track_drval_9_23_reg_2868                |   64|  32|   10|          0|
    |calo_track_drval_9_s_reg_2838                 |   64|  32|   10|          0|
    |index_1_0_5_reg_3924                          |   64|  32|    3|          0|
    |index_1_1_4_s_reg_3935                        |   64|  32|    3|          0|
    |index_1_2_5_reg_3946                          |   64|  32|    3|          0|
    |index_1_3_4_s_reg_3957                        |   64|  32|    3|          0|
    |index_1_4_5_reg_3968                          |   64|  32|    3|          0|
    |index_1_5_4_s_reg_3979                        |   64|  32|    3|          0|
    |index_1_6_5_reg_3990                          |   64|  32|    3|          0|
    |index_1_7_4_s_reg_4001                        |   64|  32|    3|          0|
    |index_1_8_5_reg_4012                          |   64|  32|    3|          0|
    |index_1_9_4_s_reg_4023                        |   64|  32|    3|          0|
    |tmp_392_0_1_reg_3378                          |   64|  32|    1|          0|
    |tmp_392_0_2_reg_3498                          |   64|  32|    1|          0|
    |tmp_392_0_3_reg_3618                          |   64|  32|    1|          0|
    |tmp_392_0_6_reg_4028                          |   64|  32|    1|          0|
    |tmp_392_1_1_reg_3384                          |   64|  32|    1|          0|
    |tmp_392_1_2_reg_3504                          |   64|  32|    1|          0|
    |tmp_392_1_3_reg_3624                          |   64|  32|    1|          0|
    |tmp_392_1_6_reg_4034                          |   64|  32|    1|          0|
    |tmp_392_1_reg_2784                            |   64|  32|    1|          0|
    |tmp_392_2_1_reg_3390                          |   64|  32|    1|          0|
    |tmp_392_2_2_reg_3510                          |   64|  32|    1|          0|
    |tmp_392_2_3_reg_3630                          |   64|  32|    1|          0|
    |tmp_392_2_6_reg_4040                          |   64|  32|    1|          0|
    |tmp_392_2_reg_2790                            |   64|  32|    1|          0|
    |tmp_392_3_1_reg_3396                          |   64|  32|    1|          0|
    |tmp_392_3_2_reg_3516                          |   64|  32|    1|          0|
    |tmp_392_3_3_reg_3636                          |   64|  32|    1|          0|
    |tmp_392_3_6_reg_4046                          |   64|  32|    1|          0|
    |tmp_392_3_reg_2796                            |   64|  32|    1|          0|
    |tmp_392_4_1_reg_3402                          |   64|  32|    1|          0|
    |tmp_392_4_2_reg_3522                          |   64|  32|    1|          0|
    |tmp_392_4_3_reg_3642                          |   64|  32|    1|          0|
    |tmp_392_4_6_reg_4052                          |   64|  32|    1|          0|
    |tmp_392_4_reg_2802                            |   64|  32|    1|          0|
    |tmp_392_5_1_reg_3408                          |   64|  32|    1|          0|
    |tmp_392_5_2_reg_3528                          |   64|  32|    1|          0|
    |tmp_392_5_3_reg_3648                          |   64|  32|    1|          0|
    |tmp_392_5_6_reg_4058                          |   64|  32|    1|          0|
    |tmp_392_5_reg_2808                            |   64|  32|    1|          0|
    |tmp_392_6_1_reg_3414                          |   64|  32|    1|          0|
    |tmp_392_6_2_reg_3534                          |   64|  32|    1|          0|
    |tmp_392_6_3_reg_3654                          |   64|  32|    1|          0|
    |tmp_392_6_6_reg_4064                          |   64|  32|    1|          0|
    |tmp_392_6_reg_2814                            |   64|  32|    1|          0|
    |tmp_392_7_1_reg_3420                          |   64|  32|    1|          0|
    |tmp_392_7_2_reg_3540                          |   64|  32|    1|          0|
    |tmp_392_7_3_reg_3660                          |   64|  32|    1|          0|
    |tmp_392_7_6_reg_4070                          |   64|  32|    1|          0|
    |tmp_392_7_reg_2820                            |   64|  32|    1|          0|
    |tmp_392_8_1_reg_3426                          |   64|  32|    1|          0|
    |tmp_392_8_2_reg_3546                          |   64|  32|    1|          0|
    |tmp_392_8_3_reg_3666                          |   64|  32|    1|          0|
    |tmp_392_8_6_reg_4076                          |   64|  32|    1|          0|
    |tmp_392_8_reg_2826                            |   64|  32|    1|          0|
    |tmp_392_9_1_reg_3432                          |   64|  32|    1|          0|
    |tmp_392_9_2_reg_3552                          |   64|  32|    1|          0|
    |tmp_392_9_3_reg_3672                          |   64|  32|    1|          0|
    |tmp_392_9_6_reg_4082                          |   64|  32|    1|          0|
    |tmp_392_9_reg_2832                            |   64|  32|    1|          0|
    |tmp_s_reg_2778                                |   64|  32|    1|          0|
    +----------------------------------------------+-----+----+-----+-----------+
    |Total                                         |10531|3840| 3531|          0|
    +----------------------------------------------+-----+----+-----+-----------+



================================================================
== Interface
================================================================
* Summary: 
+-----------------------------+-----+-----+------------+-----------------------------+--------------+
|          RTL Ports          | Dir | Bits|  Protocol  |        Source Object        |    C Type    |
+-----------------------------+-----+-----+------------+-----------------------------+--------------+
|ap_clk                       |  in |    1| ap_ctrl_hs |        pick_closest.1       | return value |
|ap_rst                       |  in |    1| ap_ctrl_hs |        pick_closest.1       | return value |
|ap_start                     |  in |    1| ap_ctrl_hs |        pick_closest.1       | return value |
|ap_done                      | out |    1| ap_ctrl_hs |        pick_closest.1       | return value |
|ap_idle                      | out |    1| ap_ctrl_hs |        pick_closest.1       | return value |
|ap_ready                     | out |    1| ap_ctrl_hs |        pick_closest.1       | return value |
|ap_return_0                  | out |   10| ap_ctrl_hs |        pick_closest.1       | return value |
|ap_return_1                  | out |   10| ap_ctrl_hs |        pick_closest.1       | return value |
|ap_return_2                  | out |   10| ap_ctrl_hs |        pick_closest.1       | return value |
|ap_return_3                  | out |   10| ap_ctrl_hs |        pick_closest.1       | return value |
|ap_return_4                  | out |   10| ap_ctrl_hs |        pick_closest.1       | return value |
|ap_return_5                  | out |   10| ap_ctrl_hs |        pick_closest.1       | return value |
|ap_return_6                  | out |   10| ap_ctrl_hs |        pick_closest.1       | return value |
|ap_return_7                  | out |   10| ap_ctrl_hs |        pick_closest.1       | return value |
|ap_return_8                  | out |   10| ap_ctrl_hs |        pick_closest.1       | return value |
|ap_return_9                  | out |   10| ap_ctrl_hs |        pick_closest.1       | return value |
|calo_track_drval_0_0_V_read  |  in |   10|   ap_none  | calo_track_drval_0_0_V_read |    scalar    |
|calo_track_drval_0_1_V_read  |  in |   10|   ap_none  | calo_track_drval_0_1_V_read |    scalar    |
|calo_track_drval_0_2_V_read  |  in |   10|   ap_none  | calo_track_drval_0_2_V_read |    scalar    |
|calo_track_drval_0_3_V_read  |  in |   10|   ap_none  | calo_track_drval_0_3_V_read |    scalar    |
|calo_track_drval_0_4_V_read  |  in |   10|   ap_none  | calo_track_drval_0_4_V_read |    scalar    |
|calo_track_drval_0_5_V_read  |  in |   10|   ap_none  | calo_track_drval_0_5_V_read |    scalar    |
|calo_track_drval_0_6_V_read  |  in |   10|   ap_none  | calo_track_drval_0_6_V_read |    scalar    |
|calo_track_drval_0_7_V_read  |  in |   10|   ap_none  | calo_track_drval_0_7_V_read |    scalar    |
|calo_track_drval_0_8_V_read  |  in |   10|   ap_none  | calo_track_drval_0_8_V_read |    scalar    |
|calo_track_drval_0_9_V_read  |  in |   10|   ap_none  | calo_track_drval_0_9_V_read |    scalar    |
|calo_track_drval_1_0_V_read  |  in |   10|   ap_none  | calo_track_drval_1_0_V_read |    scalar    |
|calo_track_drval_1_1_V_read  |  in |   10|   ap_none  | calo_track_drval_1_1_V_read |    scalar    |
|calo_track_drval_1_2_V_read  |  in |   10|   ap_none  | calo_track_drval_1_2_V_read |    scalar    |
|calo_track_drval_1_3_V_read  |  in |   10|   ap_none  | calo_track_drval_1_3_V_read |    scalar    |
|calo_track_drval_1_4_V_read  |  in |   10|   ap_none  | calo_track_drval_1_4_V_read |    scalar    |
|calo_track_drval_1_5_V_read  |  in |   10|   ap_none  | calo_track_drval_1_5_V_read |    scalar    |
|calo_track_drval_1_6_V_read  |  in |   10|   ap_none  | calo_track_drval_1_6_V_read |    scalar    |
|calo_track_drval_1_7_V_read  |  in |   10|   ap_none  | calo_track_drval_1_7_V_read |    scalar    |
|calo_track_drval_1_8_V_read  |  in |   10|   ap_none  | calo_track_drval_1_8_V_read |    scalar    |
|calo_track_drval_1_9_V_read  |  in |   10|   ap_none  | calo_track_drval_1_9_V_read |    scalar    |
|calo_track_drval_2_0_V_read  |  in |   10|   ap_none  | calo_track_drval_2_0_V_read |    scalar    |
|calo_track_drval_2_1_V_read  |  in |   10|   ap_none  | calo_track_drval_2_1_V_read |    scalar    |
|calo_track_drval_2_2_V_read  |  in |   10|   ap_none  | calo_track_drval_2_2_V_read |    scalar    |
|calo_track_drval_2_3_V_read  |  in |   10|   ap_none  | calo_track_drval_2_3_V_read |    scalar    |
|calo_track_drval_2_4_V_read  |  in |   10|   ap_none  | calo_track_drval_2_4_V_read |    scalar    |
|calo_track_drval_2_5_V_read  |  in |   10|   ap_none  | calo_track_drval_2_5_V_read |    scalar    |
|calo_track_drval_2_6_V_read  |  in |   10|   ap_none  | calo_track_drval_2_6_V_read |    scalar    |
|calo_track_drval_2_7_V_read  |  in |   10|   ap_none  | calo_track_drval_2_7_V_read |    scalar    |
|calo_track_drval_2_8_V_read  |  in |   10|   ap_none  | calo_track_drval_2_8_V_read |    scalar    |
|calo_track_drval_2_9_V_read  |  in |   10|   ap_none  | calo_track_drval_2_9_V_read |    scalar    |
|calo_track_drval_3_0_V_read  |  in |   10|   ap_none  | calo_track_drval_3_0_V_read |    scalar    |
|calo_track_drval_3_1_V_read  |  in |   10|   ap_none  | calo_track_drval_3_1_V_read |    scalar    |
|calo_track_drval_3_2_V_read  |  in |   10|   ap_none  | calo_track_drval_3_2_V_read |    scalar    |
|calo_track_drval_3_3_V_read  |  in |   10|   ap_none  | calo_track_drval_3_3_V_read |    scalar    |
|calo_track_drval_3_4_V_read  |  in |   10|   ap_none  | calo_track_drval_3_4_V_read |    scalar    |
|calo_track_drval_3_5_V_read  |  in |   10|   ap_none  | calo_track_drval_3_5_V_read |    scalar    |
|calo_track_drval_3_6_V_read  |  in |   10|   ap_none  | calo_track_drval_3_6_V_read |    scalar    |
|calo_track_drval_3_7_V_read  |  in |   10|   ap_none  | calo_track_drval_3_7_V_read |    scalar    |
|calo_track_drval_3_8_V_read  |  in |   10|   ap_none  | calo_track_drval_3_8_V_read |    scalar    |
|calo_track_drval_3_9_V_read  |  in |   10|   ap_none  | calo_track_drval_3_9_V_read |    scalar    |
|calo_track_drval_4_0_V_read  |  in |   10|   ap_none  | calo_track_drval_4_0_V_read |    scalar    |
|calo_track_drval_4_1_V_read  |  in |   10|   ap_none  | calo_track_drval_4_1_V_read |    scalar    |
|calo_track_drval_4_2_V_read  |  in |   10|   ap_none  | calo_track_drval_4_2_V_read |    scalar    |
|calo_track_drval_4_3_V_read  |  in |   10|   ap_none  | calo_track_drval_4_3_V_read |    scalar    |
|calo_track_drval_4_4_V_read  |  in |   10|   ap_none  | calo_track_drval_4_4_V_read |    scalar    |
|calo_track_drval_4_5_V_read  |  in |   10|   ap_none  | calo_track_drval_4_5_V_read |    scalar    |
|calo_track_drval_4_6_V_read  |  in |   10|   ap_none  | calo_track_drval_4_6_V_read |    scalar    |
|calo_track_drval_4_7_V_read  |  in |   10|   ap_none  | calo_track_drval_4_7_V_read |    scalar    |
|calo_track_drval_4_8_V_read  |  in |   10|   ap_none  | calo_track_drval_4_8_V_read |    scalar    |
|calo_track_drval_4_9_V_read  |  in |   10|   ap_none  | calo_track_drval_4_9_V_read |    scalar    |
|calo_track_drval_5_0_V_read  |  in |   10|   ap_none  | calo_track_drval_5_0_V_read |    scalar    |
|calo_track_drval_5_1_V_read  |  in |   10|   ap_none  | calo_track_drval_5_1_V_read |    scalar    |
|calo_track_drval_5_2_V_read  |  in |   10|   ap_none  | calo_track_drval_5_2_V_read |    scalar    |
|calo_track_drval_5_3_V_read  |  in |   10|   ap_none  | calo_track_drval_5_3_V_read |    scalar    |
|calo_track_drval_5_4_V_read  |  in |   10|   ap_none  | calo_track_drval_5_4_V_read |    scalar    |
|calo_track_drval_5_5_V_read  |  in |   10|   ap_none  | calo_track_drval_5_5_V_read |    scalar    |
|calo_track_drval_5_6_V_read  |  in |   10|   ap_none  | calo_track_drval_5_6_V_read |    scalar    |
|calo_track_drval_5_7_V_read  |  in |   10|   ap_none  | calo_track_drval_5_7_V_read |    scalar    |
|calo_track_drval_5_8_V_read  |  in |   10|   ap_none  | calo_track_drval_5_8_V_read |    scalar    |
|calo_track_drval_5_9_V_read  |  in |   10|   ap_none  | calo_track_drval_5_9_V_read |    scalar    |
|calo_track_drval_6_0_V_read  |  in |   10|   ap_none  | calo_track_drval_6_0_V_read |    scalar    |
|calo_track_drval_6_1_V_read  |  in |   10|   ap_none  | calo_track_drval_6_1_V_read |    scalar    |
|calo_track_drval_6_2_V_read  |  in |   10|   ap_none  | calo_track_drval_6_2_V_read |    scalar    |
|calo_track_drval_6_3_V_read  |  in |   10|   ap_none  | calo_track_drval_6_3_V_read |    scalar    |
|calo_track_drval_6_4_V_read  |  in |   10|   ap_none  | calo_track_drval_6_4_V_read |    scalar    |
|calo_track_drval_6_5_V_read  |  in |   10|   ap_none  | calo_track_drval_6_5_V_read |    scalar    |
|calo_track_drval_6_6_V_read  |  in |   10|   ap_none  | calo_track_drval_6_6_V_read |    scalar    |
|calo_track_drval_6_7_V_read  |  in |   10|   ap_none  | calo_track_drval_6_7_V_read |    scalar    |
|calo_track_drval_6_8_V_read  |  in |   10|   ap_none  | calo_track_drval_6_8_V_read |    scalar    |
|calo_track_drval_6_9_V_read  |  in |   10|   ap_none  | calo_track_drval_6_9_V_read |    scalar    |
|calo_track_drval_7_0_V_read  |  in |   10|   ap_none  | calo_track_drval_7_0_V_read |    scalar    |
|calo_track_drval_7_1_V_read  |  in |   10|   ap_none  | calo_track_drval_7_1_V_read |    scalar    |
|calo_track_drval_7_2_V_read  |  in |   10|   ap_none  | calo_track_drval_7_2_V_read |    scalar    |
|calo_track_drval_7_3_V_read  |  in |   10|   ap_none  | calo_track_drval_7_3_V_read |    scalar    |
|calo_track_drval_7_4_V_read  |  in |   10|   ap_none  | calo_track_drval_7_4_V_read |    scalar    |
|calo_track_drval_7_5_V_read  |  in |   10|   ap_none  | calo_track_drval_7_5_V_read |    scalar    |
|calo_track_drval_7_6_V_read  |  in |   10|   ap_none  | calo_track_drval_7_6_V_read |    scalar    |
|calo_track_drval_7_7_V_read  |  in |   10|   ap_none  | calo_track_drval_7_7_V_read |    scalar    |
|calo_track_drval_7_8_V_read  |  in |   10|   ap_none  | calo_track_drval_7_8_V_read |    scalar    |
|calo_track_drval_7_9_V_read  |  in |   10|   ap_none  | calo_track_drval_7_9_V_read |    scalar    |
|calo_track_drval_8_0_V_read  |  in |   10|   ap_none  | calo_track_drval_8_0_V_read |    scalar    |
|calo_track_drval_8_1_V_read  |  in |   10|   ap_none  | calo_track_drval_8_1_V_read |    scalar    |
|calo_track_drval_8_2_V_read  |  in |   10|   ap_none  | calo_track_drval_8_2_V_read |    scalar    |
|calo_track_drval_8_3_V_read  |  in |   10|   ap_none  | calo_track_drval_8_3_V_read |    scalar    |
|calo_track_drval_8_4_V_read  |  in |   10|   ap_none  | calo_track_drval_8_4_V_read |    scalar    |
|calo_track_drval_8_5_V_read  |  in |   10|   ap_none  | calo_track_drval_8_5_V_read |    scalar    |
|calo_track_drval_8_6_V_read  |  in |   10|   ap_none  | calo_track_drval_8_6_V_read |    scalar    |
|calo_track_drval_8_7_V_read  |  in |   10|   ap_none  | calo_track_drval_8_7_V_read |    scalar    |
|calo_track_drval_8_8_V_read  |  in |   10|   ap_none  | calo_track_drval_8_8_V_read |    scalar    |
|calo_track_drval_8_9_V_read  |  in |   10|   ap_none  | calo_track_drval_8_9_V_read |    scalar    |
|calo_track_drval_9_0_V_read  |  in |   10|   ap_none  | calo_track_drval_9_0_V_read |    scalar    |
|calo_track_drval_9_1_V_read  |  in |   10|   ap_none  | calo_track_drval_9_1_V_read |    scalar    |
|calo_track_drval_9_2_V_read  |  in |   10|   ap_none  | calo_track_drval_9_2_V_read |    scalar    |
|calo_track_drval_9_3_V_read  |  in |   10|   ap_none  | calo_track_drval_9_3_V_read |    scalar    |
|calo_track_drval_9_4_V_read  |  in |   10|   ap_none  | calo_track_drval_9_4_V_read |    scalar    |
|calo_track_drval_9_5_V_read  |  in |   10|   ap_none  | calo_track_drval_9_5_V_read |    scalar    |
|calo_track_drval_9_6_V_read  |  in |   10|   ap_none  | calo_track_drval_9_6_V_read |    scalar    |
|calo_track_drval_9_7_V_read  |  in |   10|   ap_none  | calo_track_drval_9_7_V_read |    scalar    |
|calo_track_drval_9_8_V_read  |  in |   10|   ap_none  | calo_track_drval_9_8_V_read |    scalar    |
|calo_track_drval_9_9_V_read  |  in |   10|   ap_none  | calo_track_drval_9_9_V_read |    scalar    |
+-----------------------------+-----+-----+------------+-----------------------------+--------------+

