

================================================================
== Vivado HLS Report for 'ptsort_hwopt_ind'
================================================================
* Date:           Wed Oct  2 15:15:12 2019

* Version:        2018.2 (Build 2258646 on Thu Jun 14 20:25:20 MDT 2018)
* Project:        l1pfpuppi-ku15p-II2-360MHz
* Solution:       solution
* Product family: kintexuplus
* Target device:  xcku15p-ffva1760-2-e


================================================================
== Performance Estimates
================================================================
+ Timing (ns): 
    * Summary: 
    +--------+-------+----------+------------+
    |  Clock | Target| Estimated| Uncertainty|
    +--------+-------+----------+------------+
    |ap_clk  |   2.70|     1.152|        1.50|
    +--------+-------+----------+------------+

+ Latency (clock cycles): 
    * Summary: 
    +-----+-----+-----+-----+----------+
    |  Latency  |  Interval | Pipeline |
    | min | max | min | max |   Type   |
    +-----+-----+-----+-----+----------+
    |   18|   18|    2|    2| function |
    +-----+-----+-----+-----+----------+

    + Detail: 
        * Instance: 
        N/A

        * Loop: 
        N/A



================================================================
== Utilization Estimates
================================================================
* Summary: 
+-----------------+---------+-------+---------+--------+-----+
|       Name      | BRAM_18K| DSP48E|    FF   |   LUT  | URAM|
+-----------------+---------+-------+---------+--------+-----+
|DSP              |        -|      -|        -|       -|    -|
|Expression       |        -|      -|        0|    4921|    -|
|FIFO             |        -|      -|        -|       -|    -|
|Instance         |        -|      -|        -|       -|    -|
|Memory           |        -|      -|        -|       -|    -|
|Multiplexer      |        -|      -|        -|      33|    -|
|Register         |        0|      -|     7471|    2656|    -|
+-----------------+---------+-------+---------+--------+-----+
|Total            |        0|      0|     7471|    7610|    0|
+-----------------+---------+-------+---------+--------+-----+
|Available        |     1968|   1968|  1045440|  522720|  128|
+-----------------+---------+-------+---------+--------+-----+
|Utilization (%)  |        0|      0|    ~0   |       1|    0|
+-----------------+---------+-------+---------+--------+-----+

+ Detail: 
    * Instance: 
    N/A

    * DSP48: 
    N/A

    * Memory: 
    N/A

    * FIFO: 
    N/A

    * Expression: 
    +------------------------------------+----------+-------+---+----+------------+------------+
    |            Variable Name           | Operation| DSP48E| FF| LUT| Bitwidth P0| Bitwidth P1|
    +------------------------------------+----------+-------+---+----+------------+------------+
    |ap_block_pp0_stage0_11001           |    and   |      0|  0|   2|           1|           1|
    |tmp_74_1_8_fu_403_p2                |   icmp   |      0|  0|  13|          16|          16|
    |tmp_74_2_7_fu_529_p2                |   icmp   |      0|  0|  13|          16|          16|
    |tmp_74_2_8_fu_533_p2                |   icmp   |      0|  0|  13|          16|          16|
    |tmp_74_3_6_fu_569_p2                |   icmp   |      0|  0|  13|          16|          16|
    |tmp_74_3_7_fu_573_p2                |   icmp   |      0|  0|  13|          16|          16|
    |tmp_74_3_8_fu_577_p2                |   icmp   |      0|  0|  13|          16|          16|
    |tmp_74_4_5_fu_624_p2                |   icmp   |      0|  0|  13|          16|          16|
    |tmp_74_4_6_fu_628_p2                |   icmp   |      0|  0|  13|          16|          16|
    |tmp_74_4_7_fu_632_p2                |   icmp   |      0|  0|  13|          16|          16|
    |tmp_74_4_8_fu_636_p2                |   icmp   |      0|  0|  13|          16|          16|
    |tmp_74_5_4_fu_694_p2                |   icmp   |      0|  0|  13|          16|          16|
    |tmp_74_5_5_fu_698_p2                |   icmp   |      0|  0|  13|          16|          16|
    |tmp_74_5_6_fu_702_p2                |   icmp   |      0|  0|  13|          16|          16|
    |tmp_74_5_7_fu_706_p2                |   icmp   |      0|  0|  13|          16|          16|
    |tmp_74_5_8_fu_710_p2                |   icmp   |      0|  0|  13|          16|          16|
    |tmp_74_6_3_fu_779_p2                |   icmp   |      0|  0|  13|          16|          16|
    |tmp_74_6_4_fu_783_p2                |   icmp   |      0|  0|  13|          16|          16|
    |tmp_74_6_5_fu_787_p2                |   icmp   |      0|  0|  13|          16|          16|
    |tmp_74_6_6_fu_791_p2                |   icmp   |      0|  0|  13|          16|          16|
    |tmp_74_6_7_fu_795_p2                |   icmp   |      0|  0|  13|          16|          16|
    |tmp_74_6_8_fu_799_p2                |   icmp   |      0|  0|  13|          16|          16|
    |tmp_74_7_2_fu_879_p2                |   icmp   |      0|  0|  13|          16|          16|
    |tmp_74_7_3_fu_883_p2                |   icmp   |      0|  0|  13|          16|          16|
    |tmp_74_7_4_fu_887_p2                |   icmp   |      0|  0|  13|          16|          16|
    |tmp_74_7_5_fu_891_p2                |   icmp   |      0|  0|  13|          16|          16|
    |tmp_74_7_6_fu_895_p2                |   icmp   |      0|  0|  13|          16|          16|
    |tmp_74_7_7_fu_899_p2                |   icmp   |      0|  0|  13|          16|          16|
    |tmp_74_7_8_fu_903_p2                |   icmp   |      0|  0|  13|          16|          16|
    |tmp_74_8_1_fu_1022_p2               |   icmp   |      0|  0|  13|          16|          16|
    |tmp_74_8_2_fu_1026_p2               |   icmp   |      0|  0|  13|          16|          16|
    |tmp_74_8_3_fu_1030_p2               |   icmp   |      0|  0|  13|          16|          16|
    |tmp_74_8_4_fu_1034_p2               |   icmp   |      0|  0|  13|          16|          16|
    |tmp_74_8_5_fu_1038_p2               |   icmp   |      0|  0|  13|          16|          16|
    |tmp_74_8_6_fu_1042_p2               |   icmp   |      0|  0|  13|          16|          16|
    |tmp_74_8_7_fu_1046_p2               |   icmp   |      0|  0|  13|          16|          16|
    |tmp_74_8_8_fu_1050_p2               |   icmp   |      0|  0|  13|          16|          16|
    |tmp_74_9_1_fu_2646_p2               |   icmp   |      0|  0|  13|          16|          16|
    |tmp_74_9_2_fu_2650_p2               |   icmp   |      0|  0|  13|          16|          16|
    |tmp_74_9_3_fu_2654_p2               |   icmp   |      0|  0|  13|          16|          16|
    |tmp_74_9_4_fu_2658_p2               |   icmp   |      0|  0|  13|          16|          16|
    |tmp_74_9_5_fu_2662_p2               |   icmp   |      0|  0|  13|          16|          16|
    |tmp_74_9_6_fu_2666_p2               |   icmp   |      0|  0|  13|          16|          16|
    |tmp_74_9_7_fu_2670_p2               |   icmp   |      0|  0|  13|          16|          16|
    |tmp_74_9_8_fu_2674_p2               |   icmp   |      0|  0|  13|          16|          16|
    |tmp_74_9_fu_2642_p2                 |   icmp   |      0|  0|  13|          16|          16|
    |indout_0_V_write_as_fu_4124_p3      |  select  |      0|  0|   4|           1|           4|
    |indout_1_V_write_as_fu_4086_p3      |  select  |      0|  0|   4|           1|           4|
    |indout_2_V_write_as_fu_4018_p3      |  select  |      0|  0|   4|           1|           4|
    |indout_3_V_write_as_fu_3950_p3      |  select  |      0|  0|   4|           1|           4|
    |indout_4_V_write_as_fu_3882_p3      |  select  |      0|  0|   4|           1|           4|
    |indout_5_V_write_as_fu_3814_p3      |  select  |      0|  0|   4|           1|           4|
    |indout_6_V_write_as_fu_3746_p3      |  select  |      0|  0|   4|           1|           4|
    |indout_7_V_write_as_fu_3678_p3      |  select  |      0|  0|   4|           1|           4|
    |indout_8_V_write_as_fu_3610_p3      |  select  |      0|  0|   4|           1|           4|
    |indout_9_V_write_as_fu_3544_p3      |  select  |      0|  0|   4|           1|           4|
    |out_0_hwEta_V_write_fu_4147_p3      |  select  |      0|  0|  10|           1|          10|
    |out_0_hwId_V_write_s_fu_4135_p3     |  select  |      0|  0|   3|           1|           3|
    |out_0_hwPhi_V_write_fu_4141_p3      |  select  |      0|  0|  10|           1|          10|
    |out_0_hwPt_V_write_s_fu_4153_p3     |  select  |      0|  0|  15|           1|          15|
    |out_1_hwEta_V_write_fu_4111_p3      |  select  |      0|  0|  10|           1|          10|
    |out_1_hwId_V_write_s_fu_4097_p3     |  select  |      0|  0|   3|           1|           3|
    |out_1_hwPhi_V_write_fu_4104_p3      |  select  |      0|  0|  10|           1|          10|
    |out_1_hwPt_V_write_s_fu_4118_p3     |  select  |      0|  0|  16|           1|          16|
    |out_2_hwEta_V_write_fu_4043_p3      |  select  |      0|  0|  10|           1|          10|
    |out_2_hwId_V_write_s_fu_4029_p3     |  select  |      0|  0|   3|           1|           3|
    |out_2_hwPhi_V_write_fu_4036_p3      |  select  |      0|  0|  10|           1|          10|
    |out_2_hwPt_V_write_s_fu_4050_p3     |  select  |      0|  0|  16|           1|          16|
    |out_3_hwEta_V_write_fu_3975_p3      |  select  |      0|  0|  10|           1|          10|
    |out_3_hwId_V_write_s_fu_3961_p3     |  select  |      0|  0|   3|           1|           3|
    |out_3_hwPhi_V_write_fu_3968_p3      |  select  |      0|  0|  10|           1|          10|
    |out_3_hwPt_V_write_s_fu_3982_p3     |  select  |      0|  0|  16|           1|          16|
    |out_4_hwEta_V_write_fu_3907_p3      |  select  |      0|  0|  10|           1|          10|
    |out_4_hwId_V_write_s_fu_3893_p3     |  select  |      0|  0|   3|           1|           3|
    |out_4_hwPhi_V_write_fu_3900_p3      |  select  |      0|  0|  10|           1|          10|
    |out_4_hwPt_V_write_s_fu_3914_p3     |  select  |      0|  0|  16|           1|          16|
    |out_5_hwEta_V_write_fu_3839_p3      |  select  |      0|  0|  10|           1|          10|
    |out_5_hwId_V_write_s_fu_3825_p3     |  select  |      0|  0|   3|           1|           3|
    |out_5_hwPhi_V_write_fu_3832_p3      |  select  |      0|  0|  10|           1|          10|
    |out_5_hwPt_V_write_s_fu_3846_p3     |  select  |      0|  0|  16|           1|          16|
    |out_6_hwEta_V_write_fu_3771_p3      |  select  |      0|  0|  10|           1|          10|
    |out_6_hwId_V_write_s_fu_3757_p3     |  select  |      0|  0|   3|           1|           3|
    |out_6_hwPhi_V_write_fu_3764_p3      |  select  |      0|  0|  10|           1|          10|
    |out_6_hwPt_V_write_s_fu_3778_p3     |  select  |      0|  0|  16|           1|          16|
    |out_7_hwEta_V_write_fu_3703_p3      |  select  |      0|  0|  10|           1|          10|
    |out_7_hwId_V_write_s_fu_3689_p3     |  select  |      0|  0|   3|           1|           3|
    |out_7_hwPhi_V_write_fu_3696_p3      |  select  |      0|  0|  10|           1|          10|
    |out_7_hwPt_V_write_s_fu_3710_p3     |  select  |      0|  0|  16|           1|          16|
    |out_8_hwEta_V_write_fu_3635_p3      |  select  |      0|  0|  10|           1|          10|
    |out_8_hwId_V_write_s_fu_3621_p3     |  select  |      0|  0|   3|           1|           3|
    |out_8_hwPhi_V_write_fu_3628_p3      |  select  |      0|  0|  10|           1|          10|
    |out_8_hwPt_V_write_s_fu_3642_p3     |  select  |      0|  0|  16|           1|          16|
    |out_9_hwEta_V_write_fu_3567_p3      |  select  |      0|  0|  10|           1|          10|
    |out_9_hwId_V_write_s_fu_3555_p3     |  select  |      0|  0|   3|           1|           3|
    |out_9_hwPhi_V_write_fu_3561_p3      |  select  |      0|  0|  10|           1|          10|
    |out_9_hwPt_V_write_s_fu_3573_p3     |  select  |      0|  0|  16|           1|           1|
    |p_1_cast2_cast_fu_1069_p3           |  select  |      0|  0|   3|           1|           2|
    |p_1_cast_cast_fu_1076_p3            |  select  |      0|  0|   3|           1|           3|
    |p_1_tmpind_V_load_1_1_1_fu_1218_p3  |  select  |      0|  0|   3|           1|           3|
    |p_1_tmpind_V_load_1_1_2_fu_1114_p3  |  select  |      0|  0|   3|           1|           3|
    |p_2_fu_998_p3                       |  select  |      0|  0|   4|           1|           3|
    |p_2_tmpind_V_load_1_1_4_fu_1129_p3  |  select  |      0|  0|   3|           1|           3|
    |p_2_tmpind_V_load_1_1_fu_1232_p3    |  select  |      0|  0|   3|           1|           3|
    |p_3_cast_cast_fu_1090_p3            |  select  |      0|  0|   2|           1|           2|
    |p_3_fu_1083_p3                      |  select  |      0|  0|   3|           1|           2|
    |p_3_tmpind_V_load_1_1_1_fu_1246_p3  |  select  |      0|  0|   2|           1|           2|
    |p_3_tmpind_V_load_1_1_6_fu_1140_p3  |  select  |      0|  0|   2|           1|           2|
    |p_read10_read_fu_1199_p3            |  select  |      0|  0|  10|           1|          10|
    |p_read11_read_fu_1166_p3            |  select  |      0|  0|  10|           1|          10|
    |p_read12_tmp_hwEta_V_1_fu_1326_p3   |  select  |      0|  0|  10|           1|          10|
    |p_read12_tmp_hwEta_V_s_fu_1276_p3   |  select  |      0|  0|  10|           1|          10|
    |p_read13_tmp_hwEta_V_1_fu_1482_p3   |  select  |      0|  0|  10|           1|          10|
    |p_read13_tmp_hwEta_V_2_fu_1535_p3   |  select  |      0|  0|  10|           1|          10|
    |p_read13_tmp_hwEta_V_s_fu_1432_p3   |  select  |      0|  0|  10|           1|          10|
    |p_read14_tmp_hwEta_V_1_fu_1813_p3   |  select  |      0|  0|  10|           1|          10|
    |p_read14_tmp_hwEta_V_2_fu_1860_p3   |  select  |      0|  0|  10|           1|          10|
    |p_read14_tmp_hwEta_V_3_fu_1907_p3   |  select  |      0|  0|  10|           1|          10|
    |p_read14_tmp_hwEta_V_s_fu_1767_p3   |  select  |      0|  0|  10|           1|          10|
    |p_read15_tmp_hwEta_V_1_fu_2060_p3   |  select  |      0|  0|  10|           1|          10|
    |p_read15_tmp_hwEta_V_2_fu_2113_p3   |  select  |      0|  0|  10|           1|          10|
    |p_read15_tmp_hwEta_V_3_fu_2166_p3   |  select  |      0|  0|  10|           1|          10|
    |p_read15_tmp_hwEta_V_4_fu_2219_p3   |  select  |      0|  0|  10|           1|          10|
    |p_read15_tmp_hwEta_V_s_fu_2010_p3   |  select  |      0|  0|  10|           1|          10|
    |p_read16_tmp_hwEta_V_1_fu_2368_p3   |  select  |      0|  0|  10|           1|          10|
    |p_read16_tmp_hwEta_V_2_fu_2421_p3   |  select  |      0|  0|  10|           1|          10|
    |p_read16_tmp_hwEta_V_3_fu_2474_p3   |  select  |      0|  0|  10|           1|          10|
    |p_read16_tmp_hwEta_V_4_fu_2527_p3   |  select  |      0|  0|  10|           1|          10|
    |p_read16_tmp_hwEta_V_5_fu_2580_p3   |  select  |      0|  0|  10|           1|          10|
    |p_read16_tmp_hwEta_V_s_fu_2318_p3   |  select  |      0|  0|  10|           1|          10|
    |p_read17_tmp_hwEta_V_1_fu_2758_p3   |  select  |      0|  0|  10|           1|          10|
    |p_read17_tmp_hwEta_V_2_fu_2807_p3   |  select  |      0|  0|  10|           1|          10|
    |p_read17_tmp_hwEta_V_3_fu_2856_p3   |  select  |      0|  0|  10|           1|          10|
    |p_read17_tmp_hwEta_V_4_fu_2905_p3   |  select  |      0|  0|  10|           1|          10|
    |p_read17_tmp_hwEta_V_5_fu_2954_p3   |  select  |      0|  0|  10|           1|          10|
    |p_read17_tmp_hwEta_V_6_fu_3003_p3   |  select  |      0|  0|  10|           1|          10|
    |p_read17_tmp_hwEta_V_s_fu_2709_p3   |  select  |      0|  0|  10|           1|          10|
    |p_read18_tmp_hwEta_V_1_fu_3137_p3   |  select  |      0|  0|  10|           1|          10|
    |p_read18_tmp_hwEta_V_2_fu_3190_p3   |  select  |      0|  0|  10|           1|          10|
    |p_read18_tmp_hwEta_V_3_fu_3243_p3   |  select  |      0|  0|  10|           1|          10|
    |p_read18_tmp_hwEta_V_4_fu_3296_p3   |  select  |      0|  0|  10|           1|          10|
    |p_read18_tmp_hwEta_V_5_fu_3349_p3   |  select  |      0|  0|  10|           1|          10|
    |p_read18_tmp_hwEta_V_6_fu_3402_p3   |  select  |      0|  0|  10|           1|          10|
    |p_read18_tmp_hwEta_V_7_fu_3455_p3   |  select  |      0|  0|  10|           1|          10|
    |p_read18_tmp_hwEta_V_s_fu_3087_p3   |  select  |      0|  0|  10|           1|          10|
    |p_read19_tmp_hwEta_V_1_fu_3599_p3   |  select  |      0|  0|  10|           1|          10|
    |p_read19_tmp_hwEta_V_2_fu_3667_p3   |  select  |      0|  0|  10|           1|          10|
    |p_read19_tmp_hwEta_V_3_fu_3735_p3   |  select  |      0|  0|  10|           1|          10|
    |p_read19_tmp_hwEta_V_4_fu_3803_p3   |  select  |      0|  0|  10|           1|          10|
    |p_read19_tmp_hwEta_V_5_fu_3871_p3   |  select  |      0|  0|  10|           1|          10|
    |p_read19_tmp_hwEta_V_6_fu_3939_p3   |  select  |      0|  0|  10|           1|          10|
    |p_read19_tmp_hwEta_V_7_fu_4007_p3   |  select  |      0|  0|  10|           1|          10|
    |p_read19_tmp_hwEta_V_8_fu_4075_p3   |  select  |      0|  0|  10|           1|          10|
    |p_read19_tmp_hwEta_V_s_fu_3533_p3   |  select  |      0|  0|  10|           1|          10|
    |p_read1_tmp_hwPt_V_lo_fu_509_p3     |  select  |      0|  0|  16|           1|          16|
    |p_read20_read_fu_1194_p3            |  select  |      0|  0|  10|           1|          10|
    |p_read21_read_fu_1161_p3            |  select  |      0|  0|  10|           1|          10|
    |p_read22_tmp_hwPhi_V_1_fu_1320_p3   |  select  |      0|  0|  10|           1|          10|
    |p_read22_tmp_hwPhi_V_s_fu_1270_p3   |  select  |      0|  0|  10|           1|          10|
    |p_read23_tmp_hwPhi_V_1_fu_1476_p3   |  select  |      0|  0|  10|           1|          10|
    |p_read23_tmp_hwPhi_V_2_fu_1529_p3   |  select  |      0|  0|  10|           1|          10|
    |p_read23_tmp_hwPhi_V_s_fu_1426_p3   |  select  |      0|  0|  10|           1|          10|
    |p_read24_tmp_hwPhi_V_1_fu_1808_p3   |  select  |      0|  0|  10|           1|          10|
    |p_read24_tmp_hwPhi_V_2_fu_1855_p3   |  select  |      0|  0|  10|           1|          10|
    |p_read24_tmp_hwPhi_V_3_fu_1902_p3   |  select  |      0|  0|  10|           1|          10|
    |p_read24_tmp_hwPhi_V_s_fu_1762_p3   |  select  |      0|  0|  10|           1|          10|
    |p_read25_tmp_hwPhi_V_1_fu_2054_p3   |  select  |      0|  0|  10|           1|          10|
    |p_read25_tmp_hwPhi_V_2_fu_2107_p3   |  select  |      0|  0|  10|           1|          10|
    |p_read25_tmp_hwPhi_V_3_fu_2160_p3   |  select  |      0|  0|  10|           1|          10|
    |p_read25_tmp_hwPhi_V_4_fu_2213_p3   |  select  |      0|  0|  10|           1|          10|
    |p_read25_tmp_hwPhi_V_s_fu_2004_p3   |  select  |      0|  0|  10|           1|          10|
    |p_read26_tmp_hwPhi_V_1_fu_2362_p3   |  select  |      0|  0|  10|           1|          10|
    |p_read26_tmp_hwPhi_V_2_fu_2415_p3   |  select  |      0|  0|  10|           1|          10|
    |p_read26_tmp_hwPhi_V_3_fu_2468_p3   |  select  |      0|  0|  10|           1|          10|
    |p_read26_tmp_hwPhi_V_4_fu_2521_p3   |  select  |      0|  0|  10|           1|          10|
    |p_read26_tmp_hwPhi_V_5_fu_2574_p3   |  select  |      0|  0|  10|           1|          10|
    |p_read26_tmp_hwPhi_V_s_fu_2312_p3   |  select  |      0|  0|  10|           1|          10|
    |p_read27_tmp_hwPhi_V_1_fu_2753_p3   |  select  |      0|  0|  10|           1|          10|
    |p_read27_tmp_hwPhi_V_2_fu_2802_p3   |  select  |      0|  0|  10|           1|          10|
    |p_read27_tmp_hwPhi_V_3_fu_2851_p3   |  select  |      0|  0|  10|           1|          10|
    |p_read27_tmp_hwPhi_V_4_fu_2900_p3   |  select  |      0|  0|  10|           1|          10|
    |p_read27_tmp_hwPhi_V_5_fu_2949_p3   |  select  |      0|  0|  10|           1|          10|
    |p_read27_tmp_hwPhi_V_6_fu_2998_p3   |  select  |      0|  0|  10|           1|          10|
    |p_read27_tmp_hwPhi_V_s_fu_2704_p3   |  select  |      0|  0|  10|           1|          10|
    |p_read28_tmp_hwPhi_V_1_fu_3131_p3   |  select  |      0|  0|  10|           1|          10|
    |p_read28_tmp_hwPhi_V_2_fu_3184_p3   |  select  |      0|  0|  10|           1|          10|
    |p_read28_tmp_hwPhi_V_3_fu_3237_p3   |  select  |      0|  0|  10|           1|          10|
    |p_read28_tmp_hwPhi_V_4_fu_3290_p3   |  select  |      0|  0|  10|           1|          10|
    |p_read28_tmp_hwPhi_V_5_fu_3343_p3   |  select  |      0|  0|  10|           1|          10|
    |p_read28_tmp_hwPhi_V_6_fu_3396_p3   |  select  |      0|  0|  10|           1|          10|
    |p_read28_tmp_hwPhi_V_7_fu_3449_p3   |  select  |      0|  0|  10|           1|          10|
    |p_read28_tmp_hwPhi_V_s_fu_3081_p3   |  select  |      0|  0|  10|           1|          10|
    |p_read29_tmp_hwPhi_V_1_fu_3593_p3   |  select  |      0|  0|  10|           1|          10|
    |p_read29_tmp_hwPhi_V_2_fu_3661_p3   |  select  |      0|  0|  10|           1|          10|
    |p_read29_tmp_hwPhi_V_3_fu_3729_p3   |  select  |      0|  0|  10|           1|          10|
    |p_read29_tmp_hwPhi_V_4_fu_3797_p3   |  select  |      0|  0|  10|           1|          10|
    |p_read29_tmp_hwPhi_V_5_fu_3865_p3   |  select  |      0|  0|  10|           1|          10|
    |p_read29_tmp_hwPhi_V_6_fu_3933_p3   |  select  |      0|  0|  10|           1|          10|
    |p_read29_tmp_hwPhi_V_7_fu_4001_p3   |  select  |      0|  0|  10|           1|          10|
    |p_read29_tmp_hwPhi_V_8_fu_4069_p3   |  select  |      0|  0|  10|           1|          10|
    |p_read29_tmp_hwPhi_V_s_fu_3527_p3   |  select  |      0|  0|  10|           1|          10|
    |p_read2_tmp_hwPt_V_lo_1_fu_550_p3   |  select  |      0|  0|  16|           1|          16|
    |p_read2_tmp_hwPt_V_lo_fu_538_p3     |  select  |      0|  0|  16|           1|          16|
    |p_read30_read_fu_1189_p3            |  select  |      0|  0|   3|           1|           3|
    |p_read31_read_fu_1156_p3            |  select  |      0|  0|   3|           1|           3|
    |p_read32_tmp_hwId_V_l_1_fu_1314_p3  |  select  |      0|  0|   3|           1|           3|
    |p_read32_tmp_hwId_V_l_fu_1264_p3    |  select  |      0|  0|   3|           1|           3|
    |p_read33_tmp_hwId_V_l_1_fu_1470_p3  |  select  |      0|  0|   3|           1|           3|
    |p_read33_tmp_hwId_V_l_2_fu_1523_p3  |  select  |      0|  0|   3|           1|           3|
    |p_read33_tmp_hwId_V_l_fu_1420_p3    |  select  |      0|  0|   3|           1|           3|
    |p_read34_tmp_hwId_V_l_1_fu_1803_p3  |  select  |      0|  0|   3|           1|           3|
    |p_read34_tmp_hwId_V_l_2_fu_1850_p3  |  select  |      0|  0|   3|           1|           3|
    |p_read34_tmp_hwId_V_l_3_fu_1897_p3  |  select  |      0|  0|   3|           1|           3|
    |p_read34_tmp_hwId_V_l_fu_1757_p3    |  select  |      0|  0|   3|           1|           3|
    |p_read35_tmp_hwId_V_l_1_fu_2048_p3  |  select  |      0|  0|   3|           1|           3|
    |p_read35_tmp_hwId_V_l_2_fu_2101_p3  |  select  |      0|  0|   3|           1|           3|
    |p_read35_tmp_hwId_V_l_3_fu_2154_p3  |  select  |      0|  0|   3|           1|           3|
    |p_read35_tmp_hwId_V_l_4_fu_2207_p3  |  select  |      0|  0|   3|           1|           3|
    |p_read35_tmp_hwId_V_l_fu_1998_p3    |  select  |      0|  0|   3|           1|           3|
    |p_read36_tmp_hwId_V_l_1_fu_2356_p3  |  select  |      0|  0|   3|           1|           3|
    |p_read36_tmp_hwId_V_l_2_fu_2409_p3  |  select  |      0|  0|   3|           1|           3|
    |p_read36_tmp_hwId_V_l_3_fu_2462_p3  |  select  |      0|  0|   3|           1|           3|
    |p_read36_tmp_hwId_V_l_4_fu_2515_p3  |  select  |      0|  0|   3|           1|           3|
    |p_read36_tmp_hwId_V_l_5_fu_2568_p3  |  select  |      0|  0|   3|           1|           3|
    |p_read36_tmp_hwId_V_l_fu_2306_p3    |  select  |      0|  0|   3|           1|           3|
    |p_read37_tmp_hwId_V_l_1_fu_2748_p3  |  select  |      0|  0|   3|           1|           3|
    |p_read37_tmp_hwId_V_l_2_fu_2797_p3  |  select  |      0|  0|   3|           1|           3|
    |p_read37_tmp_hwId_V_l_3_fu_2846_p3  |  select  |      0|  0|   3|           1|           3|
    |p_read37_tmp_hwId_V_l_4_fu_2895_p3  |  select  |      0|  0|   3|           1|           3|
    |p_read37_tmp_hwId_V_l_5_fu_2944_p3  |  select  |      0|  0|   3|           1|           3|
    |p_read37_tmp_hwId_V_l_6_fu_2993_p3  |  select  |      0|  0|   3|           1|           3|
    |p_read37_tmp_hwId_V_l_fu_2699_p3    |  select  |      0|  0|   3|           1|           3|
    |p_read38_tmp_hwId_V_l_1_fu_3125_p3  |  select  |      0|  0|   3|           1|           3|
    |p_read38_tmp_hwId_V_l_2_fu_3178_p3  |  select  |      0|  0|   3|           1|           3|
    |p_read38_tmp_hwId_V_l_3_fu_3231_p3  |  select  |      0|  0|   3|           1|           3|
    |p_read38_tmp_hwId_V_l_4_fu_3284_p3  |  select  |      0|  0|   3|           1|           3|
    |p_read38_tmp_hwId_V_l_5_fu_3337_p3  |  select  |      0|  0|   3|           1|           3|
    |p_read38_tmp_hwId_V_l_6_fu_3390_p3  |  select  |      0|  0|   3|           1|           3|
    |p_read38_tmp_hwId_V_l_7_fu_3443_p3  |  select  |      0|  0|   3|           1|           3|
    |p_read38_tmp_hwId_V_l_fu_3075_p3    |  select  |      0|  0|   3|           1|           3|
    |p_read39_tmp_hwId_V_l_1_fu_3587_p3  |  select  |      0|  0|   3|           1|           3|
    |p_read39_tmp_hwId_V_l_2_fu_3655_p3  |  select  |      0|  0|   3|           1|           3|
    |p_read39_tmp_hwId_V_l_3_fu_3723_p3  |  select  |      0|  0|   3|           1|           3|
    |p_read39_tmp_hwId_V_l_4_fu_3791_p3  |  select  |      0|  0|   3|           1|           3|
    |p_read39_tmp_hwId_V_l_5_fu_3859_p3  |  select  |      0|  0|   3|           1|           3|
    |p_read39_tmp_hwId_V_l_6_fu_3927_p3  |  select  |      0|  0|   3|           1|           3|
    |p_read39_tmp_hwId_V_l_7_fu_3995_p3  |  select  |      0|  0|   3|           1|           3|
    |p_read39_tmp_hwId_V_l_8_fu_4063_p3  |  select  |      0|  0|   3|           1|           3|
    |p_read39_tmp_hwId_V_l_fu_3521_p3    |  select  |      0|  0|   3|           1|           3|
    |p_read3_tmp_hwPt_V_lo_1_fu_594_p3   |  select  |      0|  0|  16|           1|          16|
    |p_read3_tmp_hwPt_V_lo_2_fu_605_p3   |  select  |      0|  0|  16|           1|          16|
    |p_read3_tmp_hwPt_V_lo_fu_582_p3     |  select  |      0|  0|  16|           1|          16|
    |p_read4_tmp_hwPt_V_lo_1_fu_653_p3   |  select  |      0|  0|  16|           1|          16|
    |p_read4_tmp_hwPt_V_lo_2_fu_664_p3   |  select  |      0|  0|  16|           1|          16|
    |p_read4_tmp_hwPt_V_lo_3_fu_675_p3   |  select  |      0|  0|  16|           1|          16|
    |p_read4_tmp_hwPt_V_lo_fu_641_p3     |  select  |      0|  0|  16|           1|          16|
    |p_read5_tmp_hwPt_V_lo_1_fu_727_p3   |  select  |      0|  0|  16|           1|          16|
    |p_read5_tmp_hwPt_V_lo_2_fu_738_p3   |  select  |      0|  0|  16|           1|          16|
    |p_read5_tmp_hwPt_V_lo_3_fu_749_p3   |  select  |      0|  0|  16|           1|          16|
    |p_read5_tmp_hwPt_V_lo_4_fu_760_p3   |  select  |      0|  0|  16|           1|          16|
    |p_read5_tmp_hwPt_V_lo_fu_715_p3     |  select  |      0|  0|  16|           1|          16|
    |p_read6_tmp_hwPt_V_lo_1_fu_816_p3   |  select  |      0|  0|  16|           1|          16|
    |p_read6_tmp_hwPt_V_lo_2_fu_827_p3   |  select  |      0|  0|  16|           1|          16|
    |p_read6_tmp_hwPt_V_lo_3_fu_838_p3   |  select  |      0|  0|  16|           1|          16|
    |p_read6_tmp_hwPt_V_lo_4_fu_849_p3   |  select  |      0|  0|  16|           1|          16|
    |p_read6_tmp_hwPt_V_lo_5_fu_860_p3   |  select  |      0|  0|  16|           1|          16|
    |p_read6_tmp_hwPt_V_lo_fu_804_p3     |  select  |      0|  0|  16|           1|          16|
    |p_read7_tmp_hwPt_V_lo_1_fu_920_p3   |  select  |      0|  0|  16|           1|          16|
    |p_read7_tmp_hwPt_V_lo_2_fu_931_p3   |  select  |      0|  0|  16|           1|          16|
    |p_read7_tmp_hwPt_V_lo_3_fu_942_p3   |  select  |      0|  0|  16|           1|          16|
    |p_read7_tmp_hwPt_V_lo_4_fu_953_p3   |  select  |      0|  0|  16|           1|          16|
    |p_read7_tmp_hwPt_V_lo_5_fu_964_p3   |  select  |      0|  0|  16|           1|          16|
    |p_read7_tmp_hwPt_V_lo_6_fu_975_p3   |  select  |      0|  0|  16|           1|          16|
    |p_read7_tmp_hwPt_V_lo_fu_908_p3     |  select  |      0|  0|  16|           1|          16|
    |p_read8_tmp_hwPt_V_lo_1_fu_1606_p3  |  select  |      0|  0|  16|           1|          16|
    |p_read8_tmp_hwPt_V_lo_2_fu_1617_p3  |  select  |      0|  0|  16|           1|          16|
    |p_read8_tmp_hwPt_V_lo_3_fu_1628_p3  |  select  |      0|  0|  16|           1|          16|
    |p_read8_tmp_hwPt_V_lo_4_fu_1639_p3  |  select  |      0|  0|  16|           1|          16|
    |p_read8_tmp_hwPt_V_lo_5_fu_1650_p3  |  select  |      0|  0|  16|           1|          16|
    |p_read8_tmp_hwPt_V_lo_6_fu_1661_p3  |  select  |      0|  0|  16|           1|          16|
    |p_read8_tmp_hwPt_V_lo_7_fu_1672_p3  |  select  |      0|  0|  16|           1|          16|
    |p_read8_tmp_hwPt_V_lo_fu_1594_p3    |  select  |      0|  0|  16|           1|          16|
    |p_read9_tmp_hwPt_V_lo_1_fu_3605_p3  |  select  |      0|  0|  16|           1|          16|
    |p_read9_tmp_hwPt_V_lo_2_fu_3673_p3  |  select  |      0|  0|  16|           1|          16|
    |p_read9_tmp_hwPt_V_lo_3_fu_3741_p3  |  select  |      0|  0|  16|           1|          16|
    |p_read9_tmp_hwPt_V_lo_4_fu_3809_p3  |  select  |      0|  0|  16|           1|          16|
    |p_read9_tmp_hwPt_V_lo_5_fu_3877_p3  |  select  |      0|  0|  16|           1|          16|
    |p_read9_tmp_hwPt_V_lo_6_fu_3945_p3  |  select  |      0|  0|  16|           1|          16|
    |p_read9_tmp_hwPt_V_lo_7_fu_4013_p3  |  select  |      0|  0|  16|           1|          16|
    |p_read9_tmp_hwPt_V_lo_8_fu_4081_p3  |  select  |      0|  0|  16|           1|          16|
    |p_read9_tmp_hwPt_V_lo_fu_3539_p3    |  select  |      0|  0|  16|           1|          16|
    |p_read_fu_384_p3                    |  select  |      0|  0|  15|           1|           1|
    |p_s_fu_1055_p3                      |  select  |      0|  0|   5|           1|           4|
    |p_tmpind_V_load_1_1_fu_1100_p3      |  select  |      0|  0|   4|           1|           4|
    |p_tmpind_V_load_1_1_s_fu_1204_p3    |  select  |      0|  0|   4|           1|           4|
    |p_tmpind_V_load_1_2_7_fu_1257_p3    |  select  |      0|  0|   3|           1|           3|
    |p_tmpind_V_load_1_2_8_fu_1307_p3    |  select  |      0|  0|   3|           1|           3|
    |p_tmpind_V_load_1_3_6_fu_1413_p3    |  select  |      0|  0|   2|           1|           2|
    |p_tmpind_V_load_1_3_7_fu_1463_p3    |  select  |      0|  0|   2|           1|           2|
    |p_tmpind_V_load_1_3_8_fu_1516_p3    |  select  |      0|  0|   2|           1|           2|
    |p_tmpind_V_load_1_4_5_fu_1750_p3    |  select  |      0|  0|   4|           1|           4|
    |p_tmpind_V_load_1_4_6_fu_1796_p3    |  select  |      0|  0|   4|           1|           4|
    |p_tmpind_V_load_1_4_7_fu_1843_p3    |  select  |      0|  0|   4|           1|           4|
    |p_tmpind_V_load_1_4_8_fu_1890_p3    |  select  |      0|  0|   4|           1|           4|
    |p_tmpind_V_load_1_5_4_fu_1991_p3    |  select  |      0|  0|   3|           1|           3|
    |p_tmpind_V_load_1_5_5_fu_2041_p3    |  select  |      0|  0|   3|           1|           3|
    |p_tmpind_V_load_1_5_6_fu_2094_p3    |  select  |      0|  0|   3|           1|           3|
    |p_tmpind_V_load_1_5_7_fu_2147_p3    |  select  |      0|  0|   3|           1|           3|
    |p_tmpind_V_load_1_5_8_fu_2200_p3    |  select  |      0|  0|   3|           1|           3|
    |p_tmpind_V_load_1_6_3_fu_2299_p3    |  select  |      0|  0|   3|           1|           3|
    |p_tmpind_V_load_1_6_4_fu_2349_p3    |  select  |      0|  0|   3|           1|           3|
    |p_tmpind_V_load_1_6_5_fu_2402_p3    |  select  |      0|  0|   3|           1|           3|
    |p_tmpind_V_load_1_6_6_fu_2455_p3    |  select  |      0|  0|   3|           1|           3|
    |p_tmpind_V_load_1_6_7_fu_2508_p3    |  select  |      0|  0|   3|           1|           3|
    |p_tmpind_V_load_1_6_8_fu_2561_p3    |  select  |      0|  0|   3|           1|           3|
    |p_tmpind_V_load_1_7_2_fu_2693_p3    |  select  |      0|  0|   3|           1|           2|
    |p_tmpind_V_load_1_7_3_fu_2742_p3    |  select  |      0|  0|   3|           1|           2|
    |p_tmpind_V_load_1_7_4_fu_2791_p3    |  select  |      0|  0|   3|           1|           2|
    |p_tmpind_V_load_1_7_5_fu_2840_p3    |  select  |      0|  0|   3|           1|           2|
    |p_tmpind_V_load_1_7_6_fu_2889_p3    |  select  |      0|  0|   3|           1|           2|
    |p_tmpind_V_load_1_7_7_fu_2938_p3    |  select  |      0|  0|   3|           1|           2|
    |p_tmpind_V_load_1_7_8_fu_2987_p3    |  select  |      0|  0|   3|           1|           2|
    |p_tmpind_V_load_1_8_1_fu_3068_p3    |  select  |      0|  0|   5|           1|           5|
    |p_tmpind_V_load_1_8_2_fu_3118_p3    |  select  |      0|  0|   5|           1|           5|
    |p_tmpind_V_load_1_8_3_fu_3171_p3    |  select  |      0|  0|   5|           1|           5|
    |p_tmpind_V_load_1_8_4_fu_3224_p3    |  select  |      0|  0|   5|           1|           5|
    |p_tmpind_V_load_1_8_5_fu_3277_p3    |  select  |      0|  0|   5|           1|           5|
    |p_tmpind_V_load_1_8_6_fu_3330_p3    |  select  |      0|  0|   5|           1|           5|
    |p_tmpind_V_load_1_8_7_fu_3383_p3    |  select  |      0|  0|   5|           1|           5|
    |p_tmpind_V_load_1_8_8_fu_3436_p3    |  select  |      0|  0|   5|           1|           5|
    |p_tmpind_V_load_1_9_1_fu_3580_p3    |  select  |      0|  0|   4|           1|           4|
    |p_tmpind_V_load_1_9_2_fu_3648_p3    |  select  |      0|  0|   4|           1|           4|
    |p_tmpind_V_load_1_9_3_fu_3716_p3    |  select  |      0|  0|   4|           1|           4|
    |p_tmpind_V_load_1_9_4_fu_3784_p3    |  select  |      0|  0|   4|           1|           4|
    |p_tmpind_V_load_1_9_5_fu_3852_p3    |  select  |      0|  0|   4|           1|           4|
    |p_tmpind_V_load_1_9_6_fu_3920_p3    |  select  |      0|  0|   4|           1|           4|
    |p_tmpind_V_load_1_9_7_fu_3988_p3    |  select  |      0|  0|   4|           1|           4|
    |p_tmpind_V_load_1_9_8_fu_4056_p3    |  select  |      0|  0|   4|           1|           4|
    |p_tmpind_V_load_1_9_fu_3514_p3      |  select  |      0|  0|   4|           1|           4|
    |sel_SEBB127_tmpind_V_fu_1731_p3     |  select  |      0|  0|   3|           1|           3|
    |sel_SEBB128_tmpind_V_fu_1745_p3     |  select  |      0|  0|   3|           1|           3|
    |sel_SEBB129_tmpind_V_fu_2292_p3     |  select  |      0|  0|   3|           1|           3|
    |sel_SEBB130_tmpind_V_1_fu_3061_p3   |  select  |      0|  0|   4|           1|           4|
    |sel_SEBB130_tmpind_V_fu_2682_p3     |  select  |      0|  0|   4|           1|           4|
    |sel_SEBB1_fu_1385_p3                |  select  |      0|  0|   3|           1|           3|
    |sel_SEBB2_fu_1399_p3                |  select  |      0|  0|   3|           1|           3|
    |sel_SEBB3_fu_1973_p3                |  select  |      0|  0|   3|           1|           3|
    |sel_SEBB4_fu_2278_p3                |  select  |      0|  0|   4|           1|           4|
    |sel_SEBB_fu_1691_p3                 |  select  |      0|  0|   4|           1|           4|
    |sel_SEBB_tmpind_V_lo_1_fu_1959_p3   |  select  |      0|  0|   4|           1|           4|
    |sel_SEBB_tmpind_V_lo_fu_1717_p3     |  select  |      0|  0|   4|           1|           4|
    |tmp_hwEta_V_load_1_2_fu_1379_p3     |  select  |      0|  0|  10|           1|          10|
    |tmp_hwEta_V_load_1_3_6_fu_1301_p3   |  select  |      0|  0|  10|           1|          10|
    |tmp_hwEta_V_load_1_3_7_fu_1353_p3   |  select  |      0|  0|  10|           1|          10|
    |tmp_hwEta_V_load_1_3_fu_1588_p3     |  select  |      0|  0|  10|           1|          10|
    |tmp_hwEta_V_load_1_4_5_fu_1457_p3   |  select  |      0|  0|  10|           1|          10|
    |tmp_hwEta_V_load_1_4_6_fu_1509_p3   |  select  |      0|  0|  10|           1|          10|
    |tmp_hwEta_V_load_1_4_7_fu_1562_p3   |  select  |      0|  0|  10|           1|          10|
    |tmp_hwEta_V_load_1_4_fu_1954_p3     |  select  |      0|  0|  10|           1|          10|
    |tmp_hwEta_V_load_1_5_4_fu_1790_p3   |  select  |      0|  0|  10|           1|          10|
    |tmp_hwEta_V_load_1_5_5_fu_1837_p3   |  select  |      0|  0|  10|           1|          10|
    |tmp_hwEta_V_load_1_5_6_fu_1884_p3   |  select  |      0|  0|  10|           1|          10|
    |tmp_hwEta_V_load_1_5_7_fu_1931_p3   |  select  |      0|  0|  10|           1|          10|
    |tmp_hwEta_V_load_1_5_fu_2272_p3     |  select  |      0|  0|  10|           1|          10|
    |tmp_hwEta_V_load_1_6_3_fu_2035_p3   |  select  |      0|  0|  10|           1|          10|
    |tmp_hwEta_V_load_1_6_4_fu_2087_p3   |  select  |      0|  0|  10|           1|          10|
    |tmp_hwEta_V_load_1_6_5_fu_2140_p3   |  select  |      0|  0|  10|           1|          10|
    |tmp_hwEta_V_load_1_6_6_fu_2193_p3   |  select  |      0|  0|  10|           1|          10|
    |tmp_hwEta_V_load_1_6_7_fu_2246_p3   |  select  |      0|  0|  10|           1|          10|
    |tmp_hwEta_V_load_1_6_fu_2633_p3     |  select  |      0|  0|  10|           1|          10|
    |tmp_hwEta_V_load_1_7_2_fu_2343_p3   |  select  |      0|  0|  10|           1|          10|
    |tmp_hwEta_V_load_1_7_3_fu_2395_p3   |  select  |      0|  0|  10|           1|          10|
    |tmp_hwEta_V_load_1_7_4_fu_2448_p3   |  select  |      0|  0|  10|           1|          10|
    |tmp_hwEta_V_load_1_7_5_fu_2501_p3   |  select  |      0|  0|  10|           1|          10|
    |tmp_hwEta_V_load_1_7_6_fu_2554_p3   |  select  |      0|  0|  10|           1|          10|
    |tmp_hwEta_V_load_1_7_7_fu_2607_p3   |  select  |      0|  0|  10|           1|          10|
    |tmp_hwEta_V_load_1_7_fu_3056_p3     |  select  |      0|  0|  10|           1|          10|
    |tmp_hwEta_V_load_1_8_1_fu_2736_p3   |  select  |      0|  0|  10|           1|          10|
    |tmp_hwEta_V_load_1_8_2_fu_2785_p3   |  select  |      0|  0|  10|           1|          10|
    |tmp_hwEta_V_load_1_8_3_fu_2834_p3   |  select  |      0|  0|  10|           1|          10|
    |tmp_hwEta_V_load_1_8_4_fu_2883_p3   |  select  |      0|  0|  10|           1|          10|
    |tmp_hwEta_V_load_1_8_5_fu_2932_p3   |  select  |      0|  0|  10|           1|          10|
    |tmp_hwEta_V_load_1_8_6_fu_2981_p3   |  select  |      0|  0|  10|           1|          10|
    |tmp_hwEta_V_load_1_8_7_fu_3030_p3   |  select  |      0|  0|  10|           1|          10|
    |tmp_hwEta_V_load_1_8_fu_3508_p3     |  select  |      0|  0|  10|           1|          10|
    |tmp_hwEta_V_load_1_9_1_fu_3164_p3   |  select  |      0|  0|  10|           1|          10|
    |tmp_hwEta_V_load_1_9_2_fu_3217_p3   |  select  |      0|  0|  10|           1|          10|
    |tmp_hwEta_V_load_1_9_3_fu_3270_p3   |  select  |      0|  0|  10|           1|          10|
    |tmp_hwEta_V_load_1_9_4_fu_3323_p3   |  select  |      0|  0|  10|           1|          10|
    |tmp_hwEta_V_load_1_9_5_fu_3376_p3   |  select  |      0|  0|  10|           1|          10|
    |tmp_hwEta_V_load_1_9_6_fu_3429_p3   |  select  |      0|  0|  10|           1|          10|
    |tmp_hwEta_V_load_1_9_7_fu_3482_p3   |  select  |      0|  0|  10|           1|          10|
    |tmp_hwEta_V_load_1_9_fu_3112_p3     |  select  |      0|  0|  10|           1|          10|
    |tmp_hwId_V_load_1_2_s_fu_1367_p3    |  select  |      0|  0|   3|           1|           3|
    |tmp_hwId_V_load_1_3_6_fu_1289_p3    |  select  |      0|  0|   3|           1|           3|
    |tmp_hwId_V_load_1_3_7_fu_1339_p3    |  select  |      0|  0|   3|           1|           3|
    |tmp_hwId_V_load_1_3_s_fu_1576_p3    |  select  |      0|  0|   3|           1|           3|
    |tmp_hwId_V_load_1_4_5_fu_1445_p3    |  select  |      0|  0|   3|           1|           3|
    |tmp_hwId_V_load_1_4_6_fu_1495_p3    |  select  |      0|  0|   3|           1|           3|
    |tmp_hwId_V_load_1_4_7_fu_1548_p3    |  select  |      0|  0|   3|           1|           3|
    |tmp_hwId_V_load_1_4_s_fu_1944_p3    |  select  |      0|  0|   3|           1|           3|
    |tmp_hwId_V_load_1_5_4_fu_1778_p3    |  select  |      0|  0|   3|           1|           3|
    |tmp_hwId_V_load_1_5_5_fu_1825_p3    |  select  |      0|  0|   3|           1|           3|
    |tmp_hwId_V_load_1_5_6_fu_1872_p3    |  select  |      0|  0|   3|           1|           3|
    |tmp_hwId_V_load_1_5_7_fu_1919_p3    |  select  |      0|  0|   3|           1|           3|
    |tmp_hwId_V_load_1_5_s_fu_2260_p3    |  select  |      0|  0|   3|           1|           3|
    |tmp_hwId_V_load_1_6_3_fu_2023_p3    |  select  |      0|  0|   3|           1|           3|
    |tmp_hwId_V_load_1_6_4_fu_2073_p3    |  select  |      0|  0|   3|           1|           3|
    |tmp_hwId_V_load_1_6_5_fu_2126_p3    |  select  |      0|  0|   3|           1|           3|
    |tmp_hwId_V_load_1_6_6_fu_2179_p3    |  select  |      0|  0|   3|           1|           3|
    |tmp_hwId_V_load_1_6_7_fu_2232_p3    |  select  |      0|  0|   3|           1|           3|
    |tmp_hwId_V_load_1_6_s_fu_2621_p3    |  select  |      0|  0|   3|           1|           3|
    |tmp_hwId_V_load_1_7_2_fu_2331_p3    |  select  |      0|  0|   3|           1|           3|
    |tmp_hwId_V_load_1_7_3_fu_2381_p3    |  select  |      0|  0|   3|           1|           3|
    |tmp_hwId_V_load_1_7_4_fu_2434_p3    |  select  |      0|  0|   3|           1|           3|
    |tmp_hwId_V_load_1_7_5_fu_2487_p3    |  select  |      0|  0|   3|           1|           3|
    |tmp_hwId_V_load_1_7_6_fu_2540_p3    |  select  |      0|  0|   3|           1|           3|
    |tmp_hwId_V_load_1_7_7_fu_2593_p3    |  select  |      0|  0|   3|           1|           3|
    |tmp_hwId_V_load_1_7_s_fu_3046_p3    |  select  |      0|  0|   3|           1|           3|
    |tmp_hwId_V_load_1_8_1_fu_2724_p3    |  select  |      0|  0|   3|           1|           3|
    |tmp_hwId_V_load_1_8_2_fu_2773_p3    |  select  |      0|  0|   3|           1|           3|
    |tmp_hwId_V_load_1_8_3_fu_2822_p3    |  select  |      0|  0|   3|           1|           3|
    |tmp_hwId_V_load_1_8_4_fu_2871_p3    |  select  |      0|  0|   3|           1|           3|
    |tmp_hwId_V_load_1_8_5_fu_2920_p3    |  select  |      0|  0|   3|           1|           3|
    |tmp_hwId_V_load_1_8_6_fu_2969_p3    |  select  |      0|  0|   3|           1|           3|
    |tmp_hwId_V_load_1_8_7_fu_3018_p3    |  select  |      0|  0|   3|           1|           3|
    |tmp_hwId_V_load_1_8_s_fu_3496_p3    |  select  |      0|  0|   3|           1|           3|
    |tmp_hwId_V_load_1_9_1_fu_3150_p3    |  select  |      0|  0|   3|           1|           3|
    |tmp_hwId_V_load_1_9_2_fu_3203_p3    |  select  |      0|  0|   3|           1|           3|
    |tmp_hwId_V_load_1_9_3_fu_3256_p3    |  select  |      0|  0|   3|           1|           3|
    |tmp_hwId_V_load_1_9_4_fu_3309_p3    |  select  |      0|  0|   3|           1|           3|
    |tmp_hwId_V_load_1_9_5_fu_3362_p3    |  select  |      0|  0|   3|           1|           3|
    |tmp_hwId_V_load_1_9_6_fu_3415_p3    |  select  |      0|  0|   3|           1|           3|
    |tmp_hwId_V_load_1_9_7_fu_3468_p3    |  select  |      0|  0|   3|           1|           3|
    |tmp_hwId_V_load_1_9_fu_3100_p3      |  select  |      0|  0|   3|           1|           3|
    |tmp_hwPhi_V_load_1_2_fu_1373_p3     |  select  |      0|  0|  10|           1|          10|
    |tmp_hwPhi_V_load_1_3_6_fu_1295_p3   |  select  |      0|  0|  10|           1|          10|
    |tmp_hwPhi_V_load_1_3_7_fu_1346_p3   |  select  |      0|  0|  10|           1|          10|
    |tmp_hwPhi_V_load_1_3_fu_1582_p3     |  select  |      0|  0|  10|           1|          10|
    |tmp_hwPhi_V_load_1_4_5_fu_1451_p3   |  select  |      0|  0|  10|           1|          10|
    |tmp_hwPhi_V_load_1_4_6_fu_1502_p3   |  select  |      0|  0|  10|           1|          10|
    |tmp_hwPhi_V_load_1_4_7_fu_1555_p3   |  select  |      0|  0|  10|           1|          10|
    |tmp_hwPhi_V_load_1_4_fu_1949_p3     |  select  |      0|  0|  10|           1|          10|
    |tmp_hwPhi_V_load_1_5_4_fu_1784_p3   |  select  |      0|  0|  10|           1|          10|
    |tmp_hwPhi_V_load_1_5_5_fu_1831_p3   |  select  |      0|  0|  10|           1|          10|
    |tmp_hwPhi_V_load_1_5_6_fu_1878_p3   |  select  |      0|  0|  10|           1|          10|
    |tmp_hwPhi_V_load_1_5_7_fu_1925_p3   |  select  |      0|  0|  10|           1|          10|
    |tmp_hwPhi_V_load_1_5_fu_2266_p3     |  select  |      0|  0|  10|           1|          10|
    |tmp_hwPhi_V_load_1_6_3_fu_2029_p3   |  select  |      0|  0|  10|           1|          10|
    |tmp_hwPhi_V_load_1_6_4_fu_2080_p3   |  select  |      0|  0|  10|           1|          10|
    |tmp_hwPhi_V_load_1_6_5_fu_2133_p3   |  select  |      0|  0|  10|           1|          10|
    |tmp_hwPhi_V_load_1_6_6_fu_2186_p3   |  select  |      0|  0|  10|           1|          10|
    |tmp_hwPhi_V_load_1_6_7_fu_2239_p3   |  select  |      0|  0|  10|           1|          10|
    |tmp_hwPhi_V_load_1_6_fu_2627_p3     |  select  |      0|  0|  10|           1|          10|
    |tmp_hwPhi_V_load_1_7_2_fu_2337_p3   |  select  |      0|  0|  10|           1|          10|
    |tmp_hwPhi_V_load_1_7_3_fu_2388_p3   |  select  |      0|  0|  10|           1|          10|
    |tmp_hwPhi_V_load_1_7_4_fu_2441_p3   |  select  |      0|  0|  10|           1|          10|
    |tmp_hwPhi_V_load_1_7_5_fu_2494_p3   |  select  |      0|  0|  10|           1|          10|
    |tmp_hwPhi_V_load_1_7_6_fu_2547_p3   |  select  |      0|  0|  10|           1|          10|
    |tmp_hwPhi_V_load_1_7_7_fu_2600_p3   |  select  |      0|  0|  10|           1|          10|
    |tmp_hwPhi_V_load_1_7_fu_3051_p3     |  select  |      0|  0|  10|           1|          10|
    |tmp_hwPhi_V_load_1_8_1_fu_2730_p3   |  select  |      0|  0|  10|           1|          10|
    |tmp_hwPhi_V_load_1_8_2_fu_2779_p3   |  select  |      0|  0|  10|           1|          10|
    |tmp_hwPhi_V_load_1_8_3_fu_2828_p3   |  select  |      0|  0|  10|           1|          10|
    |tmp_hwPhi_V_load_1_8_4_fu_2877_p3   |  select  |      0|  0|  10|           1|          10|
    |tmp_hwPhi_V_load_1_8_5_fu_2926_p3   |  select  |      0|  0|  10|           1|          10|
    |tmp_hwPhi_V_load_1_8_6_fu_2975_p3   |  select  |      0|  0|  10|           1|          10|
    |tmp_hwPhi_V_load_1_8_7_fu_3024_p3   |  select  |      0|  0|  10|           1|          10|
    |tmp_hwPhi_V_load_1_8_fu_3502_p3     |  select  |      0|  0|  10|           1|          10|
    |tmp_hwPhi_V_load_1_9_1_fu_3157_p3   |  select  |      0|  0|  10|           1|          10|
    |tmp_hwPhi_V_load_1_9_2_fu_3210_p3   |  select  |      0|  0|  10|           1|          10|
    |tmp_hwPhi_V_load_1_9_3_fu_3263_p3   |  select  |      0|  0|  10|           1|          10|
    |tmp_hwPhi_V_load_1_9_4_fu_3316_p3   |  select  |      0|  0|  10|           1|          10|
    |tmp_hwPhi_V_load_1_9_5_fu_3369_p3   |  select  |      0|  0|  10|           1|          10|
    |tmp_hwPhi_V_load_1_9_6_fu_3422_p3   |  select  |      0|  0|  10|           1|          10|
    |tmp_hwPhi_V_load_1_9_7_fu_3475_p3   |  select  |      0|  0|  10|           1|          10|
    |tmp_hwPhi_V_load_1_9_fu_3106_p3     |  select  |      0|  0|  10|           1|          10|
    |tmp_hwPt_V_load_2_1_s_fu_521_p3     |  select  |      0|  0|  15|           1|          15|
    |tmp_hwPt_V_load_2_2_7_fu_514_p3     |  select  |      0|  0|  16|           1|           1|
    |tmp_hwPt_V_load_2_2_s_fu_561_p3     |  select  |      0|  0|  15|           1|          15|
    |tmp_hwPt_V_load_2_3_6_fu_543_p3     |  select  |      0|  0|  16|           1|           1|
    |tmp_hwPt_V_load_2_3_7_fu_555_p3     |  select  |      0|  0|  16|           1|          16|
    |tmp_hwPt_V_load_2_3_s_fu_616_p3     |  select  |      0|  0|  15|           1|          15|
    |tmp_hwPt_V_load_2_4_5_fu_587_p3     |  select  |      0|  0|  16|           1|           1|
    |tmp_hwPt_V_load_2_4_6_fu_599_p3     |  select  |      0|  0|  16|           1|          16|
    |tmp_hwPt_V_load_2_4_7_fu_610_p3     |  select  |      0|  0|  16|           1|          16|
    |tmp_hwPt_V_load_2_4_s_fu_686_p3     |  select  |      0|  0|  15|           1|          15|
    |tmp_hwPt_V_load_2_5_4_fu_646_p3     |  select  |      0|  0|  16|           1|           1|
    |tmp_hwPt_V_load_2_5_5_fu_658_p3     |  select  |      0|  0|  16|           1|          16|
    |tmp_hwPt_V_load_2_5_6_fu_669_p3     |  select  |      0|  0|  16|           1|          16|
    |tmp_hwPt_V_load_2_5_7_fu_680_p3     |  select  |      0|  0|  16|           1|          16|
    |tmp_hwPt_V_load_2_5_s_fu_771_p3     |  select  |      0|  0|  15|           1|          15|
    |tmp_hwPt_V_load_2_6_3_fu_720_p3     |  select  |      0|  0|  16|           1|           1|
    |tmp_hwPt_V_load_2_6_4_fu_732_p3     |  select  |      0|  0|  16|           1|          16|
    |tmp_hwPt_V_load_2_6_5_fu_743_p3     |  select  |      0|  0|  16|           1|          16|
    |tmp_hwPt_V_load_2_6_6_fu_754_p3     |  select  |      0|  0|  16|           1|          16|
    |tmp_hwPt_V_load_2_6_7_fu_765_p3     |  select  |      0|  0|  16|           1|          16|
    |tmp_hwPt_V_load_2_6_s_fu_871_p3     |  select  |      0|  0|  15|           1|          15|
    |tmp_hwPt_V_load_2_7_2_fu_809_p3     |  select  |      0|  0|  16|           1|           1|
    |tmp_hwPt_V_load_2_7_3_fu_821_p3     |  select  |      0|  0|  16|           1|          16|
    |tmp_hwPt_V_load_2_7_4_fu_832_p3     |  select  |      0|  0|  16|           1|          16|
    |tmp_hwPt_V_load_2_7_5_fu_843_p3     |  select  |      0|  0|  16|           1|          16|
    |tmp_hwPt_V_load_2_7_6_fu_854_p3     |  select  |      0|  0|  16|           1|          16|
    |tmp_hwPt_V_load_2_7_7_fu_865_p3     |  select  |      0|  0|  16|           1|          16|
    |tmp_hwPt_V_load_2_7_s_fu_986_p3     |  select  |      0|  0|  15|           1|          15|
    |tmp_hwPt_V_load_2_8_1_fu_913_p3     |  select  |      0|  0|  16|           1|           1|
    |tmp_hwPt_V_load_2_8_2_fu_925_p3     |  select  |      0|  0|  16|           1|          16|
    |tmp_hwPt_V_load_2_8_3_fu_936_p3     |  select  |      0|  0|  16|           1|          16|
    |tmp_hwPt_V_load_2_8_4_fu_947_p3     |  select  |      0|  0|  16|           1|          16|
    |tmp_hwPt_V_load_2_8_5_fu_958_p3     |  select  |      0|  0|  16|           1|          16|
    |tmp_hwPt_V_load_2_8_6_fu_969_p3     |  select  |      0|  0|  16|           1|          16|
    |tmp_hwPt_V_load_2_8_7_fu_980_p3     |  select  |      0|  0|  16|           1|          16|
    |tmp_hwPt_V_load_2_8_s_fu_1683_p3    |  select  |      0|  0|  15|           1|          15|
    |tmp_hwPt_V_load_2_9_1_fu_1611_p3    |  select  |      0|  0|  16|           1|          16|
    |tmp_hwPt_V_load_2_9_2_fu_1622_p3    |  select  |      0|  0|  16|           1|          16|
    |tmp_hwPt_V_load_2_9_3_fu_1633_p3    |  select  |      0|  0|  16|           1|          16|
    |tmp_hwPt_V_load_2_9_4_fu_1644_p3    |  select  |      0|  0|  16|           1|          16|
    |tmp_hwPt_V_load_2_9_5_fu_1655_p3    |  select  |      0|  0|  16|           1|          16|
    |tmp_hwPt_V_load_2_9_6_fu_1666_p3    |  select  |      0|  0|  16|           1|          16|
    |tmp_hwPt_V_load_2_9_7_fu_1677_p3    |  select  |      0|  0|  16|           1|          16|
    |tmp_hwPt_V_load_2_9_fu_1599_p3      |  select  |      0|  0|  16|           1|           1|
    |tmpind_V_load_1_1_2_fu_991_p3       |  select  |      0|  0|   3|           1|           3|
    |tmpind_V_load_1_1_4_fu_1005_p3      |  select  |      0|  0|   4|           1|           4|
    |tmpind_V_load_1_1_6_fu_1012_p3      |  select  |      0|  0|   3|           1|           3|
    |tmpind_V_load_1_1_fu_1062_p3        |  select  |      0|  0|   5|           1|           5|
    |tmpind_V_load_1_2_2_fu_1124_p3      |  select  |      0|  0|   3|           1|           3|
    |tmpind_V_load_1_2_4_fu_1134_p3      |  select  |      0|  0|   3|           1|           3|
    |tmpind_V_load_1_2_6_fu_1150_p3      |  select  |      0|  0|   2|           1|           2|
    |tmpind_V_load_1_2_7_fu_1171_p3      |  select  |      0|  0|   2|           1|           1|
    |tmpind_V_load_1_2_8_s_fu_1360_p3    |  select  |      0|  0|   3|           1|           2|
    |tmpind_V_load_1_2_fu_1107_p3        |  select  |      0|  0|   4|           1|           4|
    |tmpind_V_load_1_3_2_fu_1225_p3      |  select  |      0|  0|   3|           1|           3|
    |tmpind_V_load_1_3_4_fu_1239_p3      |  select  |      0|  0|   3|           1|           3|
    |tmpind_V_load_1_3_6_fu_1282_p3      |  select  |      0|  0|   2|           1|           2|
    |tmpind_V_load_1_3_7_fu_1332_p3      |  select  |      0|  0|   2|           1|           2|
    |tmpind_V_load_1_3_8_s_fu_1569_p3    |  select  |      0|  0|   2|           1|           2|
    |tmpind_V_load_1_3_fu_1211_p3        |  select  |      0|  0|   4|           1|           4|
    |tmpind_V_load_1_4_2_fu_1392_p3      |  select  |      0|  0|   3|           1|           3|
    |tmpind_V_load_1_4_4_fu_1406_p3      |  select  |      0|  0|   3|           1|           3|
    |tmpind_V_load_1_4_5_fu_1438_p3      |  select  |      0|  0|   2|           1|           2|
    |tmpind_V_load_1_4_6_fu_1488_p3      |  select  |      0|  0|   2|           1|           2|
    |tmpind_V_load_1_4_7_fu_1541_p3      |  select  |      0|  0|   2|           1|           2|
    |tmpind_V_load_1_4_8_s_fu_1937_p3    |  select  |      0|  0|   4|           1|           3|
    |tmpind_V_load_1_4_fu_1696_p3        |  select  |      0|  0|   4|           1|           4|
    |tmpind_V_load_1_5_2_fu_1740_p3      |  select  |      0|  0|   3|           1|           3|
    |tmpind_V_load_1_5_4_fu_1772_p3      |  select  |      0|  0|   3|           1|           3|
    |tmpind_V_load_1_5_5_fu_1818_p3      |  select  |      0|  0|   3|           1|           3|
    |tmpind_V_load_1_5_6_fu_1865_p3      |  select  |      0|  0|   3|           1|           3|
    |tmpind_V_load_1_5_7_fu_1912_p3      |  select  |      0|  0|   3|           1|           3|
    |tmpind_V_load_1_5_8_s_fu_2253_p3    |  select  |      0|  0|   3|           1|           3|
    |tmpind_V_load_1_5_fu_1724_p3        |  select  |      0|  0|   4|           1|           4|
    |tmpind_V_load_1_6_2_fu_1984_p3      |  select  |      0|  0|   3|           1|           3|
    |tmpind_V_load_1_6_3_fu_2016_p3      |  select  |      0|  0|   3|           1|           3|
    |tmpind_V_load_1_6_4_fu_2066_p3      |  select  |      0|  0|   3|           1|           3|
    |tmpind_V_load_1_6_5_fu_2119_p3      |  select  |      0|  0|   3|           1|           3|
    |tmpind_V_load_1_6_6_fu_2172_p3      |  select  |      0|  0|   3|           1|           3|
    |tmpind_V_load_1_6_7_fu_2225_p3      |  select  |      0|  0|   3|           1|           3|
    |tmpind_V_load_1_6_8_s_fu_2614_p3    |  select  |      0|  0|   3|           1|           3|
    |tmpind_V_load_1_6_fu_1966_p3        |  select  |      0|  0|   4|           1|           4|
    |tmpind_V_load_1_7_2_fu_2324_p3      |  select  |      0|  0|   3|           1|           3|
    |tmpind_V_load_1_7_3_fu_2374_p3      |  select  |      0|  0|   3|           1|           3|
    |tmpind_V_load_1_7_4_fu_2427_p3      |  select  |      0|  0|   3|           1|           3|
    |tmpind_V_load_1_7_5_fu_2480_p3      |  select  |      0|  0|   3|           1|           3|
    |tmpind_V_load_1_7_6_fu_2533_p3      |  select  |      0|  0|   3|           1|           3|
    |tmpind_V_load_1_7_7_fu_2586_p3      |  select  |      0|  0|   3|           1|           3|
    |tmpind_V_load_1_7_8_s_fu_3036_p3    |  select  |      0|  0|   3|           1|           3|
    |tmpind_V_load_1_7_fu_2285_p3        |  select  |      0|  0|   4|           1|           4|
    |tmpind_V_load_1_8_1_fu_2714_p3      |  select  |      0|  0|   3|           1|           3|
    |tmpind_V_load_1_8_2_fu_2763_p3      |  select  |      0|  0|   3|           1|           3|
    |tmpind_V_load_1_8_3_fu_2812_p3      |  select  |      0|  0|   3|           1|           3|
    |tmpind_V_load_1_8_4_fu_2861_p3      |  select  |      0|  0|   3|           1|           3|
    |tmpind_V_load_1_8_5_fu_2910_p3      |  select  |      0|  0|   3|           1|           3|
    |tmpind_V_load_1_8_6_fu_2959_p3      |  select  |      0|  0|   3|           1|           3|
    |tmpind_V_load_1_8_7_fu_3008_p3      |  select  |      0|  0|   3|           1|           3|
    |tmpind_V_load_1_8_8_s_fu_3489_p3    |  select  |      0|  0|   5|           1|           4|
    |tmpind_V_load_1_8_fu_2687_p3        |  select  |      0|  0|   4|           1|           4|
    |tmpind_V_load_1_9_1_fu_3143_p3      |  select  |      0|  0|   4|           1|           4|
    |tmpind_V_load_1_9_2_fu_3196_p3      |  select  |      0|  0|   4|           1|           4|
    |tmpind_V_load_1_9_3_fu_3249_p3      |  select  |      0|  0|   4|           1|           4|
    |tmpind_V_load_1_9_4_fu_3302_p3      |  select  |      0|  0|   4|           1|           4|
    |tmpind_V_load_1_9_5_fu_3355_p3      |  select  |      0|  0|   4|           1|           4|
    |tmpind_V_load_1_9_6_fu_3408_p3      |  select  |      0|  0|   4|           1|           4|
    |tmpind_V_load_1_9_7_fu_3461_p3      |  select  |      0|  0|   4|           1|           4|
    |tmpind_V_load_1_9_fu_3093_p3        |  select  |      0|  0|   4|           1|           4|
    |ap_enable_pp0                       |    xor   |      0|  0|   2|           1|           2|
    |not_tmp_74_1_8_fu_1180_p2           |    xor   |      0|  0|   2|           1|           2|
    +------------------------------------+----------+-------+---+----+------------+------------+
    |Total                               |          |      0|  0|4921|        1260|        4891|
    +------------------------------------+----------+-------+---+----+------------+------------+

    * Multiplexer: 
    +-------------------------+----+-----------+-----+-----------+
    |           Name          | LUT| Input Size| Bits| Total Bits|
    +-------------------------+----+-----------+-----+-----------+
    |ap_NS_fsm                |  15|          3|    1|          3|
    |ap_enable_reg_pp0_iter0  |   9|          2|    1|          2|
    |ap_enable_reg_pp0_iter9  |   9|          2|    1|          2|
    +-------------------------+----+-----------+-----+-----------+
    |Total                    |  33|          7|    3|          7|
    +-------------------------+----+-----------+-----+-----------+

    * Register: 
    +-------------------------------------------+----+----+-----+-----------+
    |                    Name                   | FF | LUT| Bits| Const Bits|
    +-------------------------------------------+----+----+-----+-----------+
    |ap_CS_fsm                                  |   2|   0|    2|          0|
    |ap_enable_reg_pp0_iter0_reg                |   1|   0|    1|          0|
    |ap_enable_reg_pp0_iter1                    |   1|   0|    1|          0|
    |ap_enable_reg_pp0_iter2                    |   1|   0|    1|          0|
    |ap_enable_reg_pp0_iter3                    |   1|   0|    1|          0|
    |ap_enable_reg_pp0_iter4                    |   1|   0|    1|          0|
    |ap_enable_reg_pp0_iter5                    |   1|   0|    1|          0|
    |ap_enable_reg_pp0_iter6                    |   1|   0|    1|          0|
    |ap_enable_reg_pp0_iter7                    |   1|   0|    1|          0|
    |ap_enable_reg_pp0_iter8                    |   1|   0|    1|          0|
    |ap_enable_reg_pp0_iter9                    |   1|   0|    1|          0|
    |ap_port_reg_in_0_hwEta_V_read              |  10|   0|   10|          0|
    |ap_port_reg_in_0_hwId_V_read               |   3|   0|    3|          0|
    |ap_port_reg_in_0_hwPhi_V_read              |  10|   0|   10|          0|
    |ap_port_reg_in_1_hwEta_V_read              |  10|   0|   10|          0|
    |ap_port_reg_in_1_hwId_V_read               |   3|   0|    3|          0|
    |ap_port_reg_in_1_hwPhi_V_read              |  10|   0|   10|          0|
    |ap_port_reg_in_1_hwPt_V_read               |  16|   0|   16|          0|
    |ap_port_reg_in_2_hwEta_V_read              |  10|   0|   10|          0|
    |ap_port_reg_in_2_hwId_V_read               |   3|   0|    3|          0|
    |ap_port_reg_in_2_hwPhi_V_read              |  10|   0|   10|          0|
    |ap_port_reg_in_2_hwPt_V_read               |  16|   0|   16|          0|
    |ap_port_reg_in_3_hwEta_V_read              |  10|   0|   10|          0|
    |ap_port_reg_in_3_hwId_V_read               |   3|   0|    3|          0|
    |ap_port_reg_in_3_hwPhi_V_read              |  10|   0|   10|          0|
    |ap_port_reg_in_3_hwPt_V_read               |  16|   0|   16|          0|
    |ap_port_reg_in_4_hwEta_V_read              |  10|   0|   10|          0|
    |ap_port_reg_in_4_hwId_V_read               |   3|   0|    3|          0|
    |ap_port_reg_in_4_hwPhi_V_read              |  10|   0|   10|          0|
    |ap_port_reg_in_4_hwPt_V_read               |  16|   0|   16|          0|
    |ap_port_reg_in_5_hwEta_V_read              |  10|   0|   10|          0|
    |ap_port_reg_in_5_hwId_V_read               |   3|   0|    3|          0|
    |ap_port_reg_in_5_hwPhi_V_read              |  10|   0|   10|          0|
    |ap_port_reg_in_5_hwPt_V_read               |  16|   0|   16|          0|
    |ap_port_reg_in_6_hwEta_V_read              |  10|   0|   10|          0|
    |ap_port_reg_in_6_hwId_V_read               |   3|   0|    3|          0|
    |ap_port_reg_in_6_hwPhi_V_read              |  10|   0|   10|          0|
    |ap_port_reg_in_6_hwPt_V_read               |  16|   0|   16|          0|
    |ap_port_reg_in_7_hwEta_V_read              |  10|   0|   10|          0|
    |ap_port_reg_in_7_hwId_V_read               |   3|   0|    3|          0|
    |ap_port_reg_in_7_hwPhi_V_read              |  10|   0|   10|          0|
    |ap_port_reg_in_7_hwPt_V_read               |  16|   0|   16|          0|
    |ap_port_reg_in_8_hwEta_V_read              |  10|   0|   10|          0|
    |ap_port_reg_in_8_hwId_V_read               |   3|   0|    3|          0|
    |ap_port_reg_in_8_hwPhi_V_read              |  10|   0|   10|          0|
    |ap_port_reg_in_8_hwPt_V_read               |  16|   0|   16|          0|
    |ap_port_reg_in_9_hwEta_V_read              |  10|   0|   10|          0|
    |ap_port_reg_in_9_hwId_V_read               |   3|   0|    3|          0|
    |ap_port_reg_in_9_hwPhi_V_read              |  10|   0|   10|          0|
    |ap_port_reg_in_9_hwPt_V_read               |  16|   0|   16|          0|
    |in_0_hwEta_V_read_1_reg_4794               |  10|   0|   10|          0|
    |in_0_hwId_V_read_1_reg_4586                |   3|   0|    3|          0|
    |in_0_hwPhi_V_read_1_reg_4690               |  10|   0|   10|          0|
    |in_1_hwEta_V_read_1_reg_4780               |  10|   0|   10|          0|
    |in_1_hwId_V_read_1_reg_4572                |   3|   0|    3|          0|
    |in_1_hwPhi_V_read_1_reg_4676               |  10|   0|   10|          0|
    |in_1_hwPt_V_read_1_reg_4920                |  16|   0|   16|          0|
    |in_2_hwEta_V_read_1_reg_4773               |  10|   0|   10|          0|
    |in_2_hwId_V_read_1_reg_4565                |   3|   0|    3|          0|
    |in_2_hwPhi_V_read_1_reg_4669               |  10|   0|   10|          0|
    |in_2_hwPt_V_read_1_reg_4912                |  16|   0|   16|          0|
    |in_2_hwPt_V_read_1_reg_4912_pp0_iter1_reg  |  16|   0|   16|          0|
    |in_3_hwEta_V_read_1_reg_4765               |  10|   0|   10|          0|
    |in_3_hwId_V_read_1_reg_4557                |   3|   0|    3|          0|
    |in_3_hwPhi_V_read_1_reg_4661               |  10|   0|   10|          0|
    |in_3_hwPt_V_read_1_reg_4902                |  16|   0|   16|          0|
    |in_4_hwEta_V_read_1_reg_4756               |  10|   0|   10|          0|
    |in_4_hwId_V_read_1_reg_4548                |   3|   0|    3|          0|
    |in_4_hwPhi_V_read_1_reg_4652               |  10|   0|   10|          0|
    |in_4_hwPt_V_read_1_reg_4890                |  16|   0|   16|          0|
    |in_5_hwEta_V_read_1_reg_4746               |  10|   0|   10|          0|
    |in_5_hwId_V_read_1_reg_4538                |   3|   0|    3|          0|
    |in_5_hwPhi_V_read_1_reg_4642               |  10|   0|   10|          0|
    |in_5_hwPt_V_read_1_reg_4876                |  16|   0|   16|          0|
    |in_6_hwEta_V_read_1_reg_4735               |  10|   0|   10|          0|
    |in_6_hwId_V_read_1_reg_4527                |   3|   0|    3|          0|
    |in_6_hwPhi_V_read_1_reg_4631               |  10|   0|   10|          0|
    |in_6_hwPt_V_read_1_reg_4860                |  16|   0|   16|          0|
    |in_7_hwEta_V_read_1_reg_4723               |  10|   0|   10|          0|
    |in_7_hwId_V_read_1_reg_4515                |   3|   0|    3|          0|
    |in_7_hwPhi_V_read_1_reg_4619               |  10|   0|   10|          0|
    |in_7_hwPt_V_read_1_reg_4842                |  16|   0|   16|          0|
    |in_8_hwEta_V_read_1_reg_4710               |  10|   0|   10|          0|
    |in_8_hwId_V_read_1_reg_4502                |   3|   0|    3|          0|
    |in_8_hwPhi_V_read_1_reg_4606               |  10|   0|   10|          0|
    |in_8_hwPt_V_read_1_reg_4822                |  16|   0|   16|          0|
    |in_9_hwEta_V_read_1_reg_4696               |  10|   0|   10|          0|
    |in_9_hwId_V_read_1_reg_4488                |   3|   0|    3|          0|
    |in_9_hwPhi_V_read_1_reg_4592               |  10|   0|   10|          0|
    |in_9_hwPt_V_read_1_reg_4800                |  16|   0|   16|          0|
    |p_1_tmpind_V_load_1_1_1_reg_5901           |   2|   0|    3|          1|
    |p_2_reg_5755                               |   1|   0|    3|          2|
    |p_read_cast_reg_4925                       |  15|   0|   16|          1|
    |p_read_reg_4482                            |  15|   0|   15|          0|
    |p_tmpind_V_load_1_1_s_reg_5890             |   4|   0|    4|          0|
    |sel_SEBB129_tmpind_V_reg_6095              |   3|   0|    3|          0|
    |sel_SEBB1_reg_5906                         |   3|   0|    3|          0|
    |sel_SEBB2_reg_5918                         |   3|   0|    3|          0|
    |sel_SEBB4_reg_6084                         |   4|   0|    4|          0|
    |tmp_542_reg_4476                           |   1|   0|    1|          0|
    |tmp_544_reg_4930                           |   1|   0|    1|          0|
    |tmp_545_reg_4958                           |  15|   0|   15|          0|
    |tmp_546_reg_4963                           |   1|   0|    1|          0|
    |tmp_547_reg_4979                           |  15|   0|   15|          0|
    |tmp_547_reg_4979_pp0_iter1_reg             |  15|   0|   15|          0|
    |tmp_548_reg_4984                           |   1|   0|    1|          0|
    |tmp_549_reg_4999                           |  15|   0|   15|          0|
    |tmp_550_reg_5004                           |   1|   0|    1|          0|
    |tmp_551_reg_5018                           |  15|   0|   15|          0|
    |tmp_552_reg_5023                           |   1|   0|    1|          0|
    |tmp_553_reg_5036                           |  15|   0|   15|          0|
    |tmp_554_reg_5041                           |   1|   0|    1|          0|
    |tmp_555_reg_5053                           |  15|   0|   15|          0|
    |tmp_556_reg_5058                           |   1|   0|    1|          0|
    |tmp_557_reg_5069                           |  15|   0|   15|          0|
    |tmp_558_reg_5074                           |   1|   0|    1|          0|
    |tmp_559_reg_5084                           |  15|   0|   15|          0|
    |tmp_560_reg_5089                           |   1|   0|    1|          0|
    |tmp_561_reg_5098                           |  15|   0|   15|          0|
    |tmp_74_1_8_reg_4944                        |   1|   0|    1|          0|
    |tmp_74_2_7_reg_5121                        |   1|   0|    1|          0|
    |tmp_74_2_8_reg_5135                        |   1|   0|    1|          0|
    |tmp_74_3_6_reg_5174                        |   1|   0|    1|          0|
    |tmp_74_3_7_reg_5188                        |   1|   0|    1|          0|
    |tmp_74_3_8_reg_5202                        |   1|   0|    1|          0|
    |tmp_74_4_5_reg_5248                        |   1|   0|    1|          0|
    |tmp_74_4_6_reg_5262                        |   1|   0|    1|          0|
    |tmp_74_4_7_reg_5276                        |   1|   0|    1|          0|
    |tmp_74_4_8_reg_5290                        |   1|   0|    1|          0|
    |tmp_74_5_4_reg_5343                        |   1|   0|    1|          0|
    |tmp_74_5_5_reg_5357                        |   1|   0|    1|          0|
    |tmp_74_5_6_reg_5371                        |   1|   0|    1|          0|
    |tmp_74_5_7_reg_5385                        |   1|   0|    1|          0|
    |tmp_74_5_8_reg_5399                        |   1|   0|    1|          0|
    |tmp_74_6_3_reg_5459                        |   1|   0|    1|          0|
    |tmp_74_6_4_reg_5473                        |   1|   0|    1|          0|
    |tmp_74_6_5_reg_5487                        |   1|   0|    1|          0|
    |tmp_74_6_6_reg_5501                        |   1|   0|    1|          0|
    |tmp_74_6_7_reg_5515                        |   1|   0|    1|          0|
    |tmp_74_6_8_reg_5529                        |   1|   0|    1|          0|
    |tmp_74_7_2_reg_5596                        |   1|   0|    1|          0|
    |tmp_74_7_3_reg_5610                        |   1|   0|    1|          0|
    |tmp_74_7_4_reg_5624                        |   1|   0|    1|          0|
    |tmp_74_7_5_reg_5638                        |   1|   0|    1|          0|
    |tmp_74_7_6_reg_5652                        |   1|   0|    1|          0|
    |tmp_74_7_7_reg_5666                        |   1|   0|    1|          0|
    |tmp_74_7_8_reg_5680                        |   1|   0|    1|          0|
    |tmp_74_8_1_reg_5778                        |   1|   0|    1|          0|
    |tmp_74_8_1_reg_5778_pp0_iter8_reg          |   1|   0|    1|          0|
    |tmp_74_8_2_reg_5792                        |   1|   0|    1|          0|
    |tmp_74_8_2_reg_5792_pp0_iter8_reg          |   1|   0|    1|          0|
    |tmp_74_8_3_reg_5806                        |   1|   0|    1|          0|
    |tmp_74_8_3_reg_5806_pp0_iter8_reg          |   1|   0|    1|          0|
    |tmp_74_8_4_reg_5820                        |   1|   0|    1|          0|
    |tmp_74_8_4_reg_5820_pp0_iter8_reg          |   1|   0|    1|          0|
    |tmp_74_8_5_reg_5834                        |   1|   0|    1|          0|
    |tmp_74_8_5_reg_5834_pp0_iter8_reg          |   1|   0|    1|          0|
    |tmp_74_8_6_reg_5848                        |   1|   0|    1|          0|
    |tmp_74_8_6_reg_5848_pp0_iter8_reg          |   1|   0|    1|          0|
    |tmp_74_8_7_reg_5862                        |   1|   0|    1|          0|
    |tmp_74_8_7_reg_5862_pp0_iter8_reg          |   1|   0|    1|          0|
    |tmp_74_8_8_reg_5876                        |   1|   0|    1|          0|
    |tmp_74_8_8_reg_5876_pp0_iter8_reg          |   1|   0|    1|          0|
    |tmp_74_9_1_reg_6288                        |   1|   0|    1|          0|
    |tmp_74_9_2_reg_6302                        |   1|   0|    1|          0|
    |tmp_74_9_3_reg_6316                        |   1|   0|    1|          0|
    |tmp_74_9_4_reg_6330                        |   1|   0|    1|          0|
    |tmp_74_9_5_reg_6344                        |   1|   0|    1|          0|
    |tmp_74_9_6_reg_6358                        |   1|   0|    1|          0|
    |tmp_74_9_7_reg_6372                        |   1|   0|    1|          0|
    |tmp_74_9_8_reg_6386                        |   1|   0|    1|          0|
    |tmp_74_9_reg_6274                          |   1|   0|    1|          0|
    |tmp_hwEta_V_load_1_3_reg_6016              |  10|   0|   10|          0|
    |tmp_hwEta_V_load_1_4_5_reg_5947            |  10|   0|   10|          0|
    |tmp_hwEta_V_load_1_4_6_reg_5970            |  10|   0|   10|          0|
    |tmp_hwEta_V_load_1_4_7_reg_5993            |  10|   0|   10|          0|
    |tmp_hwEta_V_load_1_6_reg_6263              |  10|   0|   10|          0|
    |tmp_hwEta_V_load_1_7_2_reg_6119            |  10|   0|   10|          0|
    |tmp_hwEta_V_load_1_7_3_reg_6143            |  10|   0|   10|          0|
    |tmp_hwEta_V_load_1_7_4_reg_6167            |  10|   0|   10|          0|
    |tmp_hwEta_V_load_1_7_5_reg_6191            |  10|   0|   10|          0|
    |tmp_hwEta_V_load_1_7_6_reg_6215            |  10|   0|   10|          0|
    |tmp_hwEta_V_load_1_7_7_reg_6239            |  10|   0|   10|          0|
    |tmp_hwId_V_load_1_3_s_reg_6004             |   3|   0|    3|          0|
    |tmp_hwId_V_load_1_4_5_reg_5935             |   3|   0|    3|          0|
    |tmp_hwId_V_load_1_4_6_reg_5958             |   3|   0|    3|          0|
    |tmp_hwId_V_load_1_4_7_reg_5981             |   3|   0|    3|          0|
    |tmp_hwId_V_load_1_6_s_reg_6251             |   3|   0|    3|          0|
    |tmp_hwId_V_load_1_7_2_reg_6107             |   3|   0|    3|          0|
    |tmp_hwId_V_load_1_7_3_reg_6131             |   3|   0|    3|          0|
    |tmp_hwId_V_load_1_7_4_reg_6155             |   3|   0|    3|          0|
    |tmp_hwId_V_load_1_7_5_reg_6179             |   3|   0|    3|          0|
    |tmp_hwId_V_load_1_7_6_reg_6203             |   3|   0|    3|          0|
    |tmp_hwId_V_load_1_7_7_reg_6227             |   3|   0|    3|          0|
    |tmp_hwPhi_V_load_1_3_reg_6010              |  10|   0|   10|          0|
    |tmp_hwPhi_V_load_1_4_5_reg_5941            |  10|   0|   10|          0|
    |tmp_hwPhi_V_load_1_4_6_reg_5964            |  10|   0|   10|          0|
    |tmp_hwPhi_V_load_1_4_7_reg_5987            |  10|   0|   10|          0|
    |tmp_hwPhi_V_load_1_6_reg_6257              |  10|   0|   10|          0|
    |tmp_hwPhi_V_load_1_7_2_reg_6113            |  10|   0|   10|          0|
    |tmp_hwPhi_V_load_1_7_3_reg_6137            |  10|   0|   10|          0|
    |tmp_hwPhi_V_load_1_7_4_reg_6161            |  10|   0|   10|          0|
    |tmp_hwPhi_V_load_1_7_5_reg_6185            |  10|   0|   10|          0|
    |tmp_hwPhi_V_load_1_7_6_reg_6209            |  10|   0|   10|          0|
    |tmp_hwPhi_V_load_1_7_7_reg_6233            |  10|   0|   10|          0|
    |tmp_hwPt_V_load_2_1_1_reg_5116             |  15|   0|   16|          1|
    |tmp_hwPt_V_load_2_1_s_reg_5110             |  15|   0|   15|          0|
    |tmp_hwPt_V_load_2_2_1_reg_5169             |  15|   0|   16|          1|
    |tmp_hwPt_V_load_2_2_7_reg_5103             |  16|   0|   16|          0|
    |tmp_hwPt_V_load_2_2_s_reg_5163             |  15|   0|   15|          0|
    |tmp_hwPt_V_load_2_3_1_reg_5243             |  15|   0|   16|          1|
    |tmp_hwPt_V_load_2_3_6_reg_5149             |  16|   0|   16|          0|
    |tmp_hwPt_V_load_2_3_7_reg_5156             |  16|   0|   16|          0|
    |tmp_hwPt_V_load_2_3_s_reg_5237             |  15|   0|   15|          0|
    |tmp_hwPt_V_load_2_4_1_reg_5338             |  15|   0|   16|          1|
    |tmp_hwPt_V_load_2_4_5_reg_5216             |  16|   0|   16|          0|
    |tmp_hwPt_V_load_2_4_6_reg_5223             |  16|   0|   16|          0|
    |tmp_hwPt_V_load_2_4_7_reg_5230             |  16|   0|   16|          0|
    |tmp_hwPt_V_load_2_4_s_reg_5332             |  15|   0|   15|          0|
    |tmp_hwPt_V_load_2_5_1_reg_5454             |  15|   0|   16|          1|
    |tmp_hwPt_V_load_2_5_4_reg_5304             |  16|   0|   16|          0|
    |tmp_hwPt_V_load_2_5_5_reg_5311             |  16|   0|   16|          0|
    |tmp_hwPt_V_load_2_5_6_reg_5318             |  16|   0|   16|          0|
    |tmp_hwPt_V_load_2_5_7_reg_5325             |  16|   0|   16|          0|
    |tmp_hwPt_V_load_2_5_s_reg_5448             |  15|   0|   15|          0|
    |tmp_hwPt_V_load_2_6_1_reg_5591             |  15|   0|   16|          1|
    |tmp_hwPt_V_load_2_6_3_reg_5413             |  16|   0|   16|          0|
    |tmp_hwPt_V_load_2_6_4_reg_5420             |  16|   0|   16|          0|
    |tmp_hwPt_V_load_2_6_5_reg_5427             |  16|   0|   16|          0|
    |tmp_hwPt_V_load_2_6_6_reg_5434             |  16|   0|   16|          0|
    |tmp_hwPt_V_load_2_6_7_reg_5441             |  16|   0|   16|          0|
    |tmp_hwPt_V_load_2_6_s_reg_5585             |  15|   0|   15|          0|
    |tmp_hwPt_V_load_2_7_1_reg_5773             |  15|   0|   16|          1|
    |tmp_hwPt_V_load_2_7_2_reg_5543             |  16|   0|   16|          0|
    |tmp_hwPt_V_load_2_7_3_reg_5550             |  16|   0|   16|          0|
    |tmp_hwPt_V_load_2_7_4_reg_5557             |  16|   0|   16|          0|
    |tmp_hwPt_V_load_2_7_5_reg_5564             |  16|   0|   16|          0|
    |tmp_hwPt_V_load_2_7_6_reg_5571             |  16|   0|   16|          0|
    |tmp_hwPt_V_load_2_7_7_reg_5578             |  16|   0|   16|          0|
    |tmp_hwPt_V_load_2_7_s_reg_5743             |  15|   0|   15|          0|
    |tmp_hwPt_V_load_2_8_1_42_reg_6269          |  15|   0|   16|          1|
    |tmp_hwPt_V_load_2_8_1_reg_5694             |  16|   0|   16|          0|
    |tmp_hwPt_V_load_2_8_2_reg_5701             |  16|   0|   16|          0|
    |tmp_hwPt_V_load_2_8_3_reg_5708             |  16|   0|   16|          0|
    |tmp_hwPt_V_load_2_8_4_reg_5715             |  16|   0|   16|          0|
    |tmp_hwPt_V_load_2_8_5_reg_5722             |  16|   0|   16|          0|
    |tmp_hwPt_V_load_2_8_6_reg_5729             |  16|   0|   16|          0|
    |tmp_hwPt_V_load_2_8_7_reg_5736             |  16|   0|   16|          0|
    |tmp_hwPt_V_load_2_8_s_reg_6078             |  15|   0|   15|          0|
    |tmp_hwPt_V_load_2_9_1_reg_6029             |  16|   0|   16|          0|
    |tmp_hwPt_V_load_2_9_2_reg_6036             |  16|   0|   16|          0|
    |tmp_hwPt_V_load_2_9_3_reg_6043             |  16|   0|   16|          0|
    |tmp_hwPt_V_load_2_9_4_reg_6050             |  16|   0|   16|          0|
    |tmp_hwPt_V_load_2_9_5_reg_6057             |  16|   0|   16|          0|
    |tmp_hwPt_V_load_2_9_6_reg_6064             |  16|   0|   16|          0|
    |tmp_hwPt_V_load_2_9_7_reg_6071             |  16|   0|   16|          0|
    |tmp_hwPt_V_load_2_9_reg_6022               |  16|   0|   16|          0|
    |tmp_reg_4462                               |   1|   0|    1|          0|
    |tmpind_V_load_1_1_2_reg_5749               |   2|   0|    3|          1|
    |tmpind_V_load_1_1_4_reg_5761               |   3|   0|    3|          0|
    |tmpind_V_load_1_1_6_reg_5767               |   2|   0|    2|          0|
    |tmpind_V_load_1_3_8_s_reg_5999             |   2|   0|    2|          0|
    |tmpind_V_load_1_3_reg_5895                 |   4|   0|    4|          0|
    |tmpind_V_load_1_4_2_reg_5912               |   3|   0|    3|          0|
    |tmpind_V_load_1_4_4_reg_5924               |   3|   0|    3|          0|
    |tmpind_V_load_1_4_5_reg_5930               |   2|   0|    2|          0|
    |tmpind_V_load_1_4_6_reg_5953               |   2|   0|    2|          0|
    |tmpind_V_load_1_4_7_reg_5976               |   2|   0|    2|          0|
    |tmpind_V_load_1_6_8_s_reg_6245             |   3|   0|    3|          0|
    |tmpind_V_load_1_7_2_reg_6101               |   3|   0|    3|          0|
    |tmpind_V_load_1_7_3_reg_6125               |   3|   0|    3|          0|
    |tmpind_V_load_1_7_4_reg_6149               |   3|   0|    3|          0|
    |tmpind_V_load_1_7_5_reg_6173               |   3|   0|    3|          0|
    |tmpind_V_load_1_7_6_reg_6197               |   3|   0|    3|          0|
    |tmpind_V_load_1_7_7_reg_6221               |   3|   0|    3|          0|
    |tmpind_V_load_1_7_reg_6089                 |   4|   0|    4|          0|
    |in_0_hwEta_V_read_1_reg_4794               |  64|  32|   10|          0|
    |in_0_hwId_V_read_1_reg_4586                |  64|  32|    3|          0|
    |in_0_hwPhi_V_read_1_reg_4690               |  64|  32|   10|          0|
    |in_1_hwEta_V_read_1_reg_4780               |  64|  32|   10|          0|
    |in_1_hwId_V_read_1_reg_4572                |  64|  32|    3|          0|
    |in_1_hwPhi_V_read_1_reg_4676               |  64|  32|   10|          0|
    |in_2_hwEta_V_read_1_reg_4773               |  64|  32|   10|          0|
    |in_2_hwId_V_read_1_reg_4565                |  64|  32|    3|          0|
    |in_2_hwPhi_V_read_1_reg_4669               |  64|  32|   10|          0|
    |in_3_hwEta_V_read_1_reg_4765               |  64|  32|   10|          0|
    |in_3_hwId_V_read_1_reg_4557                |  64|  32|    3|          0|
    |in_3_hwPhi_V_read_1_reg_4661               |  64|  32|   10|          0|
    |in_3_hwPt_V_read_1_reg_4902                |  64|  32|   16|          0|
    |in_4_hwEta_V_read_1_reg_4756               |  64|  32|   10|          0|
    |in_4_hwId_V_read_1_reg_4548                |  64|  32|    3|          0|
    |in_4_hwPhi_V_read_1_reg_4652               |  64|  32|   10|          0|
    |in_4_hwPt_V_read_1_reg_4890                |  64|  32|   16|          0|
    |in_5_hwEta_V_read_1_reg_4746               |  64|  32|   10|          0|
    |in_5_hwId_V_read_1_reg_4538                |  64|  32|    3|          0|
    |in_5_hwPhi_V_read_1_reg_4642               |  64|  32|   10|          0|
    |in_5_hwPt_V_read_1_reg_4876                |  64|  32|   16|          0|
    |in_6_hwEta_V_read_1_reg_4735               |  64|  32|   10|          0|
    |in_6_hwId_V_read_1_reg_4527                |  64|  32|    3|          0|
    |in_6_hwPhi_V_read_1_reg_4631               |  64|  32|   10|          0|
    |in_6_hwPt_V_read_1_reg_4860                |  64|  32|   16|          0|
    |in_7_hwEta_V_read_1_reg_4723               |  64|  32|   10|          0|
    |in_7_hwId_V_read_1_reg_4515                |  64|  32|    3|          0|
    |in_7_hwPhi_V_read_1_reg_4619               |  64|  32|   10|          0|
    |in_7_hwPt_V_read_1_reg_4842                |  64|  32|   16|          0|
    |in_8_hwEta_V_read_1_reg_4710               |  64|  32|   10|          0|
    |in_8_hwId_V_read_1_reg_4502                |  64|  32|    3|          0|
    |in_8_hwPhi_V_read_1_reg_4606               |  64|  32|   10|          0|
    |in_8_hwPt_V_read_1_reg_4822                |  64|  32|   16|          0|
    |in_9_hwEta_V_read_1_reg_4696               |  64|  32|   10|          0|
    |in_9_hwId_V_read_1_reg_4488                |  64|  32|    3|          0|
    |in_9_hwPhi_V_read_1_reg_4592               |  64|  32|   10|          0|
    |in_9_hwPt_V_read_1_reg_4800                |  64|  32|   16|          0|
    |tmp_542_reg_4476                           |  64|  32|    1|          0|
    |tmp_544_reg_4930                           |  64|  32|    1|          0|
    |tmp_546_reg_4963                           |  64|  32|    1|          0|
    |tmp_548_reg_4984                           |  64|  32|    1|          0|
    |tmp_549_reg_4999                           |  64|  32|   15|          0|
    |tmp_550_reg_5004                           |  64|  32|    1|          0|
    |tmp_551_reg_5018                           |  64|  32|   15|          0|
    |tmp_552_reg_5023                           |  64|  32|    1|          0|
    |tmp_553_reg_5036                           |  64|  32|   15|          0|
    |tmp_554_reg_5041                           |  64|  32|    1|          0|
    |tmp_555_reg_5053                           |  64|  32|   15|          0|
    |tmp_556_reg_5058                           |  64|  32|    1|          0|
    |tmp_557_reg_5069                           |  64|  32|   15|          0|
    |tmp_558_reg_5074                           |  64|  32|    1|          0|
    |tmp_559_reg_5084                           |  64|  32|   15|          0|
    |tmp_560_reg_5089                           |  64|  32|    1|          0|
    |tmp_561_reg_5098                           |  64|  32|   15|          0|
    |tmp_74_1_8_reg_4944                        |  64|  32|    1|          0|
    |tmp_74_2_7_reg_5121                        |  64|  32|    1|          0|
    |tmp_74_2_8_reg_5135                        |  64|  32|    1|          0|
    |tmp_74_3_6_reg_5174                        |  64|  32|    1|          0|
    |tmp_74_3_7_reg_5188                        |  64|  32|    1|          0|
    |tmp_74_3_8_reg_5202                        |  64|  32|    1|          0|
    |tmp_74_4_5_reg_5248                        |  64|  32|    1|          0|
    |tmp_74_4_6_reg_5262                        |  64|  32|    1|          0|
    |tmp_74_4_7_reg_5276                        |  64|  32|    1|          0|
    |tmp_74_4_8_reg_5290                        |  64|  32|    1|          0|
    |tmp_74_5_4_reg_5343                        |  64|  32|    1|          0|
    |tmp_74_5_5_reg_5357                        |  64|  32|    1|          0|
    |tmp_74_5_6_reg_5371                        |  64|  32|    1|          0|
    |tmp_74_5_7_reg_5385                        |  64|  32|    1|          0|
    |tmp_74_5_8_reg_5399                        |  64|  32|    1|          0|
    |tmp_74_6_3_reg_5459                        |  64|  32|    1|          0|
    |tmp_74_6_4_reg_5473                        |  64|  32|    1|          0|
    |tmp_74_6_5_reg_5487                        |  64|  32|    1|          0|
    |tmp_74_6_6_reg_5501                        |  64|  32|    1|          0|
    |tmp_74_6_7_reg_5515                        |  64|  32|    1|          0|
    |tmp_74_6_8_reg_5529                        |  64|  32|    1|          0|
    |tmp_74_7_2_reg_5596                        |  64|  32|    1|          0|
    |tmp_74_7_3_reg_5610                        |  64|  32|    1|          0|
    |tmp_74_7_4_reg_5624                        |  64|  32|    1|          0|
    |tmp_74_7_5_reg_5638                        |  64|  32|    1|          0|
    |tmp_74_7_6_reg_5652                        |  64|  32|    1|          0|
    |tmp_74_7_7_reg_5666                        |  64|  32|    1|          0|
    |tmp_74_7_8_reg_5680                        |  64|  32|    1|          0|
    |tmp_reg_4462                               |  64|  32|    1|          0|
    +-------------------------------------------+----+----+-----+-----------+
    |Total                                      |7471|2656| 2658|         13|
    +-------------------------------------------+----+----+-----+-----------+



================================================================
== Interface
================================================================
* Summary: 
+-------------------+-----+-----+------------+-------------------+--------------+
|     RTL Ports     | Dir | Bits|  Protocol  |   Source Object   |    C Type    |
+-------------------+-----+-----+------------+-------------------+--------------+
|ap_clk             |  in |    1| ap_ctrl_hs |  ptsort_hwopt_ind | return value |
|ap_rst             |  in |    1| ap_ctrl_hs |  ptsort_hwopt_ind | return value |
|ap_start           |  in |    1| ap_ctrl_hs |  ptsort_hwopt_ind | return value |
|ap_done            | out |    1| ap_ctrl_hs |  ptsort_hwopt_ind | return value |
|ap_idle            | out |    1| ap_ctrl_hs |  ptsort_hwopt_ind | return value |
|ap_ready           | out |    1| ap_ctrl_hs |  ptsort_hwopt_ind | return value |
|ap_return_0        | out |   16| ap_ctrl_hs |  ptsort_hwopt_ind | return value |
|ap_return_1        | out |   16| ap_ctrl_hs |  ptsort_hwopt_ind | return value |
|ap_return_2        | out |   16| ap_ctrl_hs |  ptsort_hwopt_ind | return value |
|ap_return_3        | out |   16| ap_ctrl_hs |  ptsort_hwopt_ind | return value |
|ap_return_4        | out |   16| ap_ctrl_hs |  ptsort_hwopt_ind | return value |
|ap_return_5        | out |   16| ap_ctrl_hs |  ptsort_hwopt_ind | return value |
|ap_return_6        | out |   16| ap_ctrl_hs |  ptsort_hwopt_ind | return value |
|ap_return_7        | out |   16| ap_ctrl_hs |  ptsort_hwopt_ind | return value |
|ap_return_8        | out |   16| ap_ctrl_hs |  ptsort_hwopt_ind | return value |
|ap_return_9        | out |   16| ap_ctrl_hs |  ptsort_hwopt_ind | return value |
|ap_return_10       | out |   10| ap_ctrl_hs |  ptsort_hwopt_ind | return value |
|ap_return_11       | out |   10| ap_ctrl_hs |  ptsort_hwopt_ind | return value |
|ap_return_12       | out |   10| ap_ctrl_hs |  ptsort_hwopt_ind | return value |
|ap_return_13       | out |   10| ap_ctrl_hs |  ptsort_hwopt_ind | return value |
|ap_return_14       | out |   10| ap_ctrl_hs |  ptsort_hwopt_ind | return value |
|ap_return_15       | out |   10| ap_ctrl_hs |  ptsort_hwopt_ind | return value |
|ap_return_16       | out |   10| ap_ctrl_hs |  ptsort_hwopt_ind | return value |
|ap_return_17       | out |   10| ap_ctrl_hs |  ptsort_hwopt_ind | return value |
|ap_return_18       | out |   10| ap_ctrl_hs |  ptsort_hwopt_ind | return value |
|ap_return_19       | out |   10| ap_ctrl_hs |  ptsort_hwopt_ind | return value |
|ap_return_20       | out |   10| ap_ctrl_hs |  ptsort_hwopt_ind | return value |
|ap_return_21       | out |   10| ap_ctrl_hs |  ptsort_hwopt_ind | return value |
|ap_return_22       | out |   10| ap_ctrl_hs |  ptsort_hwopt_ind | return value |
|ap_return_23       | out |   10| ap_ctrl_hs |  ptsort_hwopt_ind | return value |
|ap_return_24       | out |   10| ap_ctrl_hs |  ptsort_hwopt_ind | return value |
|ap_return_25       | out |   10| ap_ctrl_hs |  ptsort_hwopt_ind | return value |
|ap_return_26       | out |   10| ap_ctrl_hs |  ptsort_hwopt_ind | return value |
|ap_return_27       | out |   10| ap_ctrl_hs |  ptsort_hwopt_ind | return value |
|ap_return_28       | out |   10| ap_ctrl_hs |  ptsort_hwopt_ind | return value |
|ap_return_29       | out |   10| ap_ctrl_hs |  ptsort_hwopt_ind | return value |
|ap_return_30       | out |    3| ap_ctrl_hs |  ptsort_hwopt_ind | return value |
|ap_return_31       | out |    3| ap_ctrl_hs |  ptsort_hwopt_ind | return value |
|ap_return_32       | out |    3| ap_ctrl_hs |  ptsort_hwopt_ind | return value |
|ap_return_33       | out |    3| ap_ctrl_hs |  ptsort_hwopt_ind | return value |
|ap_return_34       | out |    3| ap_ctrl_hs |  ptsort_hwopt_ind | return value |
|ap_return_35       | out |    3| ap_ctrl_hs |  ptsort_hwopt_ind | return value |
|ap_return_36       | out |    3| ap_ctrl_hs |  ptsort_hwopt_ind | return value |
|ap_return_37       | out |    3| ap_ctrl_hs |  ptsort_hwopt_ind | return value |
|ap_return_38       | out |    3| ap_ctrl_hs |  ptsort_hwopt_ind | return value |
|ap_return_39       | out |    3| ap_ctrl_hs |  ptsort_hwopt_ind | return value |
|ap_return_40       | out |    6| ap_ctrl_hs |  ptsort_hwopt_ind | return value |
|ap_return_41       | out |    6| ap_ctrl_hs |  ptsort_hwopt_ind | return value |
|ap_return_42       | out |    6| ap_ctrl_hs |  ptsort_hwopt_ind | return value |
|ap_return_43       | out |    6| ap_ctrl_hs |  ptsort_hwopt_ind | return value |
|ap_return_44       | out |    6| ap_ctrl_hs |  ptsort_hwopt_ind | return value |
|ap_return_45       | out |    6| ap_ctrl_hs |  ptsort_hwopt_ind | return value |
|ap_return_46       | out |    6| ap_ctrl_hs |  ptsort_hwopt_ind | return value |
|ap_return_47       | out |    6| ap_ctrl_hs |  ptsort_hwopt_ind | return value |
|ap_return_48       | out |    6| ap_ctrl_hs |  ptsort_hwopt_ind | return value |
|ap_return_49       | out |    6| ap_ctrl_hs |  ptsort_hwopt_ind | return value |
|in_0_hwPt_V_read   |  in |   16|   ap_none  |  in_0_hwPt_V_read |    scalar    |
|in_1_hwPt_V_read   |  in |   16|   ap_none  |  in_1_hwPt_V_read |    scalar    |
|in_2_hwPt_V_read   |  in |   16|   ap_none  |  in_2_hwPt_V_read |    scalar    |
|in_3_hwPt_V_read   |  in |   16|   ap_none  |  in_3_hwPt_V_read |    scalar    |
|in_4_hwPt_V_read   |  in |   16|   ap_none  |  in_4_hwPt_V_read |    scalar    |
|in_5_hwPt_V_read   |  in |   16|   ap_none  |  in_5_hwPt_V_read |    scalar    |
|in_6_hwPt_V_read   |  in |   16|   ap_none  |  in_6_hwPt_V_read |    scalar    |
|in_7_hwPt_V_read   |  in |   16|   ap_none  |  in_7_hwPt_V_read |    scalar    |
|in_8_hwPt_V_read   |  in |   16|   ap_none  |  in_8_hwPt_V_read |    scalar    |
|in_9_hwPt_V_read   |  in |   16|   ap_none  |  in_9_hwPt_V_read |    scalar    |
|in_0_hwEta_V_read  |  in |   10|   ap_none  | in_0_hwEta_V_read |    scalar    |
|in_1_hwEta_V_read  |  in |   10|   ap_none  | in_1_hwEta_V_read |    scalar    |
|in_2_hwEta_V_read  |  in |   10|   ap_none  | in_2_hwEta_V_read |    scalar    |
|in_3_hwEta_V_read  |  in |   10|   ap_none  | in_3_hwEta_V_read |    scalar    |
|in_4_hwEta_V_read  |  in |   10|   ap_none  | in_4_hwEta_V_read |    scalar    |
|in_5_hwEta_V_read  |  in |   10|   ap_none  | in_5_hwEta_V_read |    scalar    |
|in_6_hwEta_V_read  |  in |   10|   ap_none  | in_6_hwEta_V_read |    scalar    |
|in_7_hwEta_V_read  |  in |   10|   ap_none  | in_7_hwEta_V_read |    scalar    |
|in_8_hwEta_V_read  |  in |   10|   ap_none  | in_8_hwEta_V_read |    scalar    |
|in_9_hwEta_V_read  |  in |   10|   ap_none  | in_9_hwEta_V_read |    scalar    |
|in_0_hwPhi_V_read  |  in |   10|   ap_none  | in_0_hwPhi_V_read |    scalar    |
|in_1_hwPhi_V_read  |  in |   10|   ap_none  | in_1_hwPhi_V_read |    scalar    |
|in_2_hwPhi_V_read  |  in |   10|   ap_none  | in_2_hwPhi_V_read |    scalar    |
|in_3_hwPhi_V_read  |  in |   10|   ap_none  | in_3_hwPhi_V_read |    scalar    |
|in_4_hwPhi_V_read  |  in |   10|   ap_none  | in_4_hwPhi_V_read |    scalar    |
|in_5_hwPhi_V_read  |  in |   10|   ap_none  | in_5_hwPhi_V_read |    scalar    |
|in_6_hwPhi_V_read  |  in |   10|   ap_none  | in_6_hwPhi_V_read |    scalar    |
|in_7_hwPhi_V_read  |  in |   10|   ap_none  | in_7_hwPhi_V_read |    scalar    |
|in_8_hwPhi_V_read  |  in |   10|   ap_none  | in_8_hwPhi_V_read |    scalar    |
|in_9_hwPhi_V_read  |  in |   10|   ap_none  | in_9_hwPhi_V_read |    scalar    |
|in_0_hwId_V_read   |  in |    3|   ap_none  |  in_0_hwId_V_read |    scalar    |
|in_1_hwId_V_read   |  in |    3|   ap_none  |  in_1_hwId_V_read |    scalar    |
|in_2_hwId_V_read   |  in |    3|   ap_none  |  in_2_hwId_V_read |    scalar    |
|in_3_hwId_V_read   |  in |    3|   ap_none  |  in_3_hwId_V_read |    scalar    |
|in_4_hwId_V_read   |  in |    3|   ap_none  |  in_4_hwId_V_read |    scalar    |
|in_5_hwId_V_read   |  in |    3|   ap_none  |  in_5_hwId_V_read |    scalar    |
|in_6_hwId_V_read   |  in |    3|   ap_none  |  in_6_hwId_V_read |    scalar    |
|in_7_hwId_V_read   |  in |    3|   ap_none  |  in_7_hwId_V_read |    scalar    |
|in_8_hwId_V_read   |  in |    3|   ap_none  |  in_8_hwId_V_read |    scalar    |
|in_9_hwId_V_read   |  in |    3|   ap_none  |  in_9_hwId_V_read |    scalar    |
+-------------------+-----+-----+------------+-------------------+--------------+

