

================================================================
== Vivado HLS Report for 'tk2calo_tkalgo'
================================================================
* Date:           Wed Oct  2 15:14:53 2019

* Version:        2018.2 (Build 2258646 on Thu Jun 14 20:25:20 MDT 2018)
* Project:        l1pfpuppi-ku15p-II2-360MHz
* Solution:       solution
* Product family: kintexuplus
* Target device:  xcku15p-ffva1760-2-e


================================================================
== Performance Estimates
================================================================
+ Timing (ns): 
    * Summary: 
    +--------+-------+----------+------------+
    |  Clock | Target| Estimated| Uncertainty|
    +--------+-------+----------+------------+
    |ap_clk  |   2.70|     1.196|        1.50|
    +--------+-------+----------+------------+

+ Latency (clock cycles): 
    * Summary: 
    +-----+-----+-----+-----+----------+
    |  Latency  |  Interval | Pipeline |
    | min | max | min | max |   Type   |
    +-----+-----+-----+-----+----------+
    |    1|    1|    2|    2| function |
    +-----+-----+-----+-----+----------+

    + Detail: 
        * Instance: 
        N/A

        * Loop: 
        N/A



================================================================
== Utilization Estimates
================================================================
* Summary: 
+-----------------+---------+-------+---------+--------+-----+
|       Name      | BRAM_18K| DSP48E|    FF   |   LUT  | URAM|
+-----------------+---------+-------+---------+--------+-----+
|DSP              |        -|      -|        -|       -|    -|
|Expression       |        -|      -|        0|    1484|    -|
|FIFO             |        -|      -|        -|       -|    -|
|Instance         |        -|      -|        -|       -|    -|
|Memory           |        -|      -|        -|       -|    -|
|Multiplexer      |        -|      -|        -|      15|    -|
|Register         |        -|      -|      702|       -|    -|
+-----------------+---------+-------+---------+--------+-----+
|Total            |        0|      0|      702|    1499|    0|
+-----------------+---------+-------+---------+--------+-----+
|Available        |     1968|   1968|  1045440|  522720|  128|
+-----------------+---------+-------+---------+--------+-----+
|Utilization (%)  |        0|      0|    ~0   |   ~0   |    0|
+-----------------+---------+-------+---------+--------+-----+

+ Detail: 
    * Instance: 
    N/A

    * DSP48: 
    N/A

    * Memory: 
    N/A

    * FIFO: 
    N/A

    * Expression: 
    +--------------------------------+----------+-------+---+----+------------+------------+
    |          Variable Name         | Operation| DSP48E| FF| LUT| Bitwidth P0| Bitwidth P1|
    +--------------------------------+----------+-------+---+----+------------+------------+
    |or_cond11_34_fu_1747_p2         |    and   |      0|  0|   2|           1|           1|
    |or_cond13_36_fu_1853_p2         |    and   |      0|  0|   2|           1|           1|
    |or_cond15_fu_1959_p2            |    and   |      0|  0|   2|           1|           1|
    |or_cond17_fu_2065_p2            |    and   |      0|  0|   2|           1|           1|
    |or_cond19_fu_2171_p2            |    and   |      0|  0|   2|           1|           1|
    |or_cond1_24_fu_1217_p2          |    and   |      0|  0|   2|           1|           1|
    |or_cond21_fu_2277_p2            |    and   |      0|  0|   2|           1|           1|
    |or_cond23_fu_2383_p2            |    and   |      0|  0|   2|           1|           1|
    |or_cond25_fu_2489_p2            |    and   |      0|  0|   2|           1|           1|
    |or_cond27_fu_2595_p2            |    and   |      0|  0|   2|           1|           1|
    |or_cond3_26_fu_1323_p2          |    and   |      0|  0|   2|           1|           1|
    |or_cond5_28_fu_1429_p2          |    and   |      0|  0|   2|           1|           1|
    |or_cond7_30_fu_1535_p2          |    and   |      0|  0|   2|           1|           1|
    |or_cond9_32_fu_1641_p2          |    and   |      0|  0|   2|           1|           1|
    |sel_tmp13_fu_1256_p2            |    and   |      0|  0|   2|           1|           1|
    |sel_tmp20_fu_1362_p2            |    and   |      0|  0|   2|           1|           1|
    |sel_tmp22_fu_1468_p2            |    and   |      0|  0|   2|           1|           1|
    |sel_tmp24_fu_1574_p2            |    and   |      0|  0|   2|           1|           1|
    |sel_tmp26_fu_1680_p2            |    and   |      0|  0|   2|           1|           1|
    |sel_tmp28_fu_1786_p2            |    and   |      0|  0|   2|           1|           1|
    |sel_tmp30_fu_1892_p2            |    and   |      0|  0|   2|           1|           1|
    |sel_tmp32_fu_1998_p2            |    and   |      0|  0|   2|           1|           1|
    |sel_tmp34_fu_2096_p2            |    and   |      0|  0|   2|           1|           1|
    |sel_tmp36_fu_2202_p2            |    and   |      0|  0|   2|           1|           1|
    |sel_tmp38_fu_2308_p2            |    and   |      0|  0|   2|           1|           1|
    |sel_tmp40_fu_2414_p2            |    and   |      0|  0|   2|           1|           1|
    |sel_tmp42_fu_2520_p2            |    and   |      0|  0|   2|           1|           1|
    |sel_tmp44_fu_2626_p2            |    and   |      0|  0|   2|           1|           1|
    |goodByPt_10_fu_1148_p2          |   icmp   |      0|  0|  13|          16|          16|
    |goodByPt_11_fu_1168_p2          |   icmp   |      0|  0|  13|          16|          16|
    |goodByPt_12_fu_1188_p2          |   icmp   |      0|  0|  13|          16|          16|
    |goodByPt_1_fu_948_p2            |   icmp   |      0|  0|  13|          16|          16|
    |goodByPt_2_fu_968_p2            |   icmp   |      0|  0|  13|          16|          16|
    |goodByPt_3_fu_988_p2            |   icmp   |      0|  0|  13|          16|          16|
    |goodByPt_4_fu_1008_p2           |   icmp   |      0|  0|  13|          16|          16|
    |goodByPt_5_fu_1028_p2           |   icmp   |      0|  0|  13|          16|          16|
    |goodByPt_6_fu_1048_p2           |   icmp   |      0|  0|  13|          16|          16|
    |goodByPt_7_fu_1068_p2           |   icmp   |      0|  0|  13|          16|          16|
    |goodByPt_8_fu_1088_p2           |   icmp   |      0|  0|  13|          16|          16|
    |goodByPt_9_fu_1108_p2           |   icmp   |      0|  0|  13|          16|          16|
    |goodByPt_fu_928_p2              |   icmp   |      0|  0|  13|          16|          16|
    |goodByPt_s_fu_1128_p2           |   icmp   |      0|  0|  13|          16|          16|
    |good_10_fu_1154_p2              |   icmp   |      0|  0|  13|          10|           1|
    |good_11_fu_1174_p2              |   icmp   |      0|  0|  13|          10|           1|
    |good_12_fu_1194_p2              |   icmp   |      0|  0|  13|          10|           1|
    |good_1_fu_954_p2                |   icmp   |      0|  0|  13|          10|           1|
    |good_2_fu_974_p2                |   icmp   |      0|  0|  13|          10|           1|
    |good_3_fu_994_p2                |   icmp   |      0|  0|  13|          10|           1|
    |good_4_fu_1014_p2               |   icmp   |      0|  0|  13|          10|           1|
    |good_5_fu_1034_p2               |   icmp   |      0|  0|  13|          10|           1|
    |good_6_fu_1054_p2               |   icmp   |      0|  0|  13|          10|           1|
    |good_7_fu_1074_p2               |   icmp   |      0|  0|  13|          10|           1|
    |good_8_fu_1094_p2               |   icmp   |      0|  0|  13|          10|           1|
    |good_9_fu_1114_p2               |   icmp   |      0|  0|  13|          10|           1|
    |good_fu_934_p2                  |   icmp   |      0|  0|  13|          10|           1|
    |good_s_fu_1134_p2               |   icmp   |      0|  0|  13|          10|           1|
    |newSel317_cast_fu_1368_p2       |    or    |      0|  0|   2|           1|           1|
    |newSel323_cast_fu_1474_p2       |    or    |      0|  0|   2|           1|           1|
    |newSel329_cast_fu_1580_p2       |    or    |      0|  0|   2|           1|           1|
    |newSel335_cast_fu_1686_p2       |    or    |      0|  0|   2|           1|           1|
    |newSel341_cast_fu_1792_p2       |    or    |      0|  0|   2|           1|           1|
    |newSel347_cast_fu_1898_p2       |    or    |      0|  0|   2|           1|           1|
    |newSel353_cast_fu_2004_p2       |    or    |      0|  0|   2|           1|           1|
    |newSel359_cast_fu_2102_p2       |    or    |      0|  0|   2|           1|           1|
    |newSel365_cast_fu_2208_p2       |    or    |      0|  0|   2|           1|           1|
    |newSel371_cast_fu_2314_p2       |    or    |      0|  0|   2|           1|           1|
    |newSel377_cast_fu_2420_p2       |    or    |      0|  0|   2|           1|           1|
    |newSel383_cast_fu_2526_p2       |    or    |      0|  0|   2|           1|           1|
    |newSel389_cast_fu_2632_p2       |    or    |      0|  0|   2|           1|           1|
    |newSel_cast_fu_1262_p2          |    or    |      0|  0|   2|           1|           1|
    |or_cond10_33_fu_1736_p2         |    or    |      0|  0|   2|           1|           1|
    |or_cond10_fu_2328_p2            |    or    |      0|  0|   2|           1|           1|
    |or_cond11_fu_2434_p2            |    or    |      0|  0|   2|           1|           1|
    |or_cond12_35_fu_1842_p2         |    or    |      0|  0|   2|           1|           1|
    |or_cond12_fu_2540_p2            |    or    |      0|  0|   2|           1|           1|
    |or_cond13_fu_2646_p2            |    or    |      0|  0|   2|           1|           1|
    |or_cond14_fu_1948_p2            |    or    |      0|  0|   2|           1|           1|
    |or_cond16_fu_2054_p2            |    or    |      0|  0|   2|           1|           1|
    |or_cond18_fu_2160_p2            |    or    |      0|  0|   2|           1|           1|
    |or_cond1_fu_1382_p2             |    or    |      0|  0|   2|           1|           1|
    |or_cond20_fu_2266_p2            |    or    |      0|  0|   2|           1|           1|
    |or_cond22_fu_2372_p2            |    or    |      0|  0|   2|           1|           1|
    |or_cond24_fu_2478_p2            |    or    |      0|  0|   2|           1|           1|
    |or_cond26_fu_2584_p2            |    or    |      0|  0|   2|           1|           1|
    |or_cond2_25_fu_1312_p2          |    or    |      0|  0|   2|           1|           1|
    |or_cond2_fu_1488_p2             |    or    |      0|  0|   2|           1|           1|
    |or_cond3_fu_1594_p2             |    or    |      0|  0|   2|           1|           1|
    |or_cond4_27_fu_1418_p2          |    or    |      0|  0|   2|           1|           1|
    |or_cond4_fu_1700_p2             |    or    |      0|  0|   2|           1|           1|
    |or_cond5_fu_1806_p2             |    or    |      0|  0|   2|           1|           1|
    |or_cond6_29_fu_1524_p2          |    or    |      0|  0|   2|           1|           1|
    |or_cond6_fu_1912_p2             |    or    |      0|  0|   2|           1|           1|
    |or_cond7_fu_2018_p2             |    or    |      0|  0|   2|           1|           1|
    |or_cond8_31_fu_1630_p2          |    or    |      0|  0|   2|           1|           1|
    |or_cond8_fu_2116_p2             |    or    |      0|  0|   2|           1|           1|
    |or_cond9_fu_2222_p2             |    or    |      0|  0|   2|           1|           1|
    |or_cond_23_fu_1206_p2           |    or    |      0|  0|   2|           1|           1|
    |or_cond_fu_1276_p2              |    or    |      0|  0|   2|           1|           1|
    |sel_tmp12_fu_1250_p2            |    or    |      0|  0|   2|           1|           1|
    |sel_tmp21_fu_1462_p2            |    or    |      0|  0|   2|           1|           1|
    |sel_tmp23_fu_1568_p2            |    or    |      0|  0|   2|           1|           1|
    |sel_tmp25_fu_1674_p2            |    or    |      0|  0|   2|           1|           1|
    |sel_tmp27_fu_1780_p2            |    or    |      0|  0|   2|           1|           1|
    |sel_tmp29_fu_1886_p2            |    or    |      0|  0|   2|           1|           1|
    |sel_tmp31_fu_1992_p2            |    or    |      0|  0|   2|           1|           1|
    |sel_tmp33_fu_2090_p2            |    or    |      0|  0|   2|           1|           1|
    |sel_tmp35_fu_2196_p2            |    or    |      0|  0|   2|           1|           1|
    |sel_tmp37_fu_2302_p2            |    or    |      0|  0|   2|           1|           1|
    |sel_tmp39_fu_2408_p2            |    or    |      0|  0|   2|           1|           1|
    |sel_tmp41_fu_2514_p2            |    or    |      0|  0|   2|           1|           1|
    |sel_tmp43_fu_2620_p2            |    or    |      0|  0|   2|           1|           1|
    |sel_tmp_fu_1356_p2              |    or    |      0|  0|   2|           1|           1|
    |tmp112_fu_1306_p2               |    or    |      0|  0|   2|           1|           1|
    |tmp113_fu_1412_p2               |    or    |      0|  0|   2|           1|           1|
    |tmp114_fu_1518_p2               |    or    |      0|  0|   2|           1|           1|
    |tmp115_fu_1624_p2               |    or    |      0|  0|   2|           1|           1|
    |tmp116_fu_1730_p2               |    or    |      0|  0|   2|           1|           1|
    |tmp117_fu_1836_p2               |    or    |      0|  0|   2|           1|           1|
    |tmp118_fu_1942_p2               |    or    |      0|  0|   2|           1|           1|
    |tmp119_fu_2048_p2               |    or    |      0|  0|   2|           1|           1|
    |tmp120_fu_2154_p2               |    or    |      0|  0|   2|           1|           1|
    |tmp121_fu_2260_p2               |    or    |      0|  0|   2|           1|           1|
    |tmp122_fu_2366_p2               |    or    |      0|  0|   2|           1|           1|
    |tmp123_fu_2472_p2               |    or    |      0|  0|   2|           1|           1|
    |tmp124_fu_2578_p2               |    or    |      0|  0|   2|           1|           1|
    |tmp_fu_1200_p2                  |    or    |      0|  0|   2|           1|           1|
    |newSel10_fu_2334_p3             |  select  |      0|  0|   4|           1|           4|
    |newSel11_fu_2440_p3             |  select  |      0|  0|   4|           1|           4|
    |newSel12_fu_2546_p3             |  select  |      0|  0|   4|           1|           4|
    |newSel13_fu_2652_p3             |  select  |      0|  0|   4|           1|           4|
    |newSel1_fu_1812_p3              |  select  |      0|  0|   4|           1|           4|
    |newSel2_fu_1388_p3              |  select  |      0|  0|   4|           1|           4|
    |newSel317_cast_cast_fu_1374_p3  |  select  |      0|  0|   2|           1|           2|
    |newSel323_cast_cast_fu_1480_p3  |  select  |      0|  0|   2|           1|           2|
    |newSel329_cast_cast_fu_1586_p3  |  select  |      0|  0|   2|           1|           2|
    |newSel335_cast_cast_fu_1692_p3  |  select  |      0|  0|   2|           1|           2|
    |newSel341_cast_cast_fu_1798_p3  |  select  |      0|  0|   2|           1|           2|
    |newSel347_cast_cast_fu_1904_p3  |  select  |      0|  0|   2|           1|           2|
    |newSel353_cast_cast_fu_2010_p3  |  select  |      0|  0|   2|           1|           2|
    |newSel359_cast_cast_fu_2108_p3  |  select  |      0|  0|   2|           1|           2|
    |newSel365_cast_cast_fu_2214_p3  |  select  |      0|  0|   2|           1|           2|
    |newSel371_cast_cast_fu_2320_p3  |  select  |      0|  0|   2|           1|           2|
    |newSel377_cast_cast_fu_2426_p3  |  select  |      0|  0|   2|           1|           2|
    |newSel383_cast_cast_fu_2532_p3  |  select  |      0|  0|   2|           1|           2|
    |newSel389_cast_cast_fu_2638_p3  |  select  |      0|  0|   2|           1|           2|
    |newSel3_fu_1918_p3              |  select  |      0|  0|   4|           1|           4|
    |newSel4_fu_1494_p3              |  select  |      0|  0|   4|           1|           4|
    |newSel5_fu_2024_p3              |  select  |      0|  0|   4|           1|           4|
    |newSel6_fu_1600_p3              |  select  |      0|  0|   4|           1|           4|
    |newSel7_fu_2122_p3              |  select  |      0|  0|   4|           1|           4|
    |newSel8_fu_1706_p3              |  select  |      0|  0|   4|           1|           4|
    |newSel9_fu_2228_p3              |  select  |      0|  0|   4|           1|           4|
    |newSel_cast_cast_fu_1268_p3     |  select  |      0|  0|   2|           1|           2|
    |newSel_fu_1282_p3               |  select  |      0|  0|   4|           1|           4|
    |pfout_0_hwEta_V_wri_fu_1229_p3  |  select  |      0|  0|  10|           1|           1|
    |pfout_0_hwId_V_writ_fu_1290_p3  |  select  |      0|  0|   3|           1|           3|
    |pfout_0_hwPhi_V_wri_fu_1237_p3  |  select  |      0|  0|  10|           1|           1|
    |pfout_0_hwPt_V_writ_fu_1222_p3  |  select  |      0|  0|  16|           1|           1|
    |pfout_0_hwZ0_V_writ_fu_1298_p3  |  select  |      0|  0|  10|           1|           1|
    |pfout_10_hwEta_V_wr_fu_2289_p3  |  select  |      0|  0|  10|           1|           1|
    |pfout_10_hwId_V_wri_fu_2342_p3  |  select  |      0|  0|   3|           1|           3|
    |pfout_10_hwPhi_V_wr_fu_2350_p3  |  select  |      0|  0|  10|           1|           1|
    |pfout_10_hwPt_V_wri_fu_2282_p3  |  select  |      0|  0|  16|           1|           1|
    |pfout_10_hwZ0_V_wri_fu_2358_p3  |  select  |      0|  0|  10|           1|           1|
    |pfout_11_hwEta_V_wr_fu_2395_p3  |  select  |      0|  0|  10|           1|           1|
    |pfout_11_hwId_V_wri_fu_2448_p3  |  select  |      0|  0|   3|           1|           3|
    |pfout_11_hwPhi_V_wr_fu_2456_p3  |  select  |      0|  0|  10|           1|           1|
    |pfout_11_hwPt_V_wri_fu_2388_p3  |  select  |      0|  0|  16|           1|           1|
    |pfout_11_hwZ0_V_wri_fu_2464_p3  |  select  |      0|  0|  10|           1|           1|
    |pfout_12_hwEta_V_wr_fu_2501_p3  |  select  |      0|  0|  10|           1|           1|
    |pfout_12_hwId_V_wri_fu_2554_p3  |  select  |      0|  0|   3|           1|           3|
    |pfout_12_hwPhi_V_wr_fu_2562_p3  |  select  |      0|  0|  10|           1|           1|
    |pfout_12_hwPt_V_wri_fu_2494_p3  |  select  |      0|  0|  16|           1|           1|
    |pfout_12_hwZ0_V_wri_fu_2570_p3  |  select  |      0|  0|  10|           1|           1|
    |pfout_13_hwEta_V_wr_fu_2607_p3  |  select  |      0|  0|  10|           1|           1|
    |pfout_13_hwId_V_wri_fu_2660_p3  |  select  |      0|  0|   3|           1|           3|
    |pfout_13_hwPhi_V_wr_fu_2668_p3  |  select  |      0|  0|  10|           1|           1|
    |pfout_13_hwPt_V_wri_fu_2600_p3  |  select  |      0|  0|  16|           1|           1|
    |pfout_13_hwZ0_V_wri_fu_2676_p3  |  select  |      0|  0|  10|           1|           1|
    |pfout_1_hwEta_V_wri_fu_1335_p3  |  select  |      0|  0|  10|           1|           1|
    |pfout_1_hwId_V_writ_fu_1396_p3  |  select  |      0|  0|   3|           1|           3|
    |pfout_1_hwPhi_V_wri_fu_1343_p3  |  select  |      0|  0|  10|           1|           1|
    |pfout_1_hwPt_V_writ_fu_1328_p3  |  select  |      0|  0|  16|           1|           1|
    |pfout_1_hwZ0_V_writ_fu_1404_p3  |  select  |      0|  0|  10|           1|           1|
    |pfout_2_hwEta_V_wri_fu_1434_p3  |  select  |      0|  0|  10|           1|           1|
    |pfout_2_hwId_V_writ_fu_1502_p3  |  select  |      0|  0|   3|           1|           3|
    |pfout_2_hwPhi_V_wri_fu_1442_p3  |  select  |      0|  0|  10|           1|           1|
    |pfout_2_hwPt_V_writ_fu_1450_p3  |  select  |      0|  0|  16|           1|           1|
    |pfout_2_hwZ0_V_writ_fu_1510_p3  |  select  |      0|  0|  10|           1|           1|
    |pfout_3_hwEta_V_wri_fu_1540_p3  |  select  |      0|  0|  10|           1|           1|
    |pfout_3_hwId_V_writ_fu_1608_p3  |  select  |      0|  0|   3|           1|           3|
    |pfout_3_hwPhi_V_wri_fu_1548_p3  |  select  |      0|  0|  10|           1|           1|
    |pfout_3_hwPt_V_writ_fu_1556_p3  |  select  |      0|  0|  16|           1|           1|
    |pfout_3_hwZ0_V_writ_fu_1616_p3  |  select  |      0|  0|  10|           1|           1|
    |pfout_4_hwEta_V_wri_fu_1646_p3  |  select  |      0|  0|  10|           1|           1|
    |pfout_4_hwId_V_writ_fu_1714_p3  |  select  |      0|  0|   3|           1|           3|
    |pfout_4_hwPhi_V_wri_fu_1661_p3  |  select  |      0|  0|  10|           1|           1|
    |pfout_4_hwPt_V_writ_fu_1654_p3  |  select  |      0|  0|  16|           1|           1|
    |pfout_4_hwZ0_V_writ_fu_1722_p3  |  select  |      0|  0|  10|           1|           1|
    |pfout_5_hwEta_V_wri_fu_1752_p3  |  select  |      0|  0|  10|           1|           1|
    |pfout_5_hwId_V_writ_fu_1820_p3  |  select  |      0|  0|   3|           1|           3|
    |pfout_5_hwPhi_V_wri_fu_1767_p3  |  select  |      0|  0|  10|           1|           1|
    |pfout_5_hwPt_V_writ_fu_1760_p3  |  select  |      0|  0|  16|           1|           1|
    |pfout_5_hwZ0_V_writ_fu_1828_p3  |  select  |      0|  0|  10|           1|           1|
    |pfout_6_hwEta_V_wri_fu_1858_p3  |  select  |      0|  0|  10|           1|           1|
    |pfout_6_hwId_V_writ_fu_1926_p3  |  select  |      0|  0|   3|           1|           3|
    |pfout_6_hwPhi_V_wri_fu_1873_p3  |  select  |      0|  0|  10|           1|           1|
    |pfout_6_hwPt_V_writ_fu_1866_p3  |  select  |      0|  0|  16|           1|           1|
    |pfout_6_hwZ0_V_writ_fu_1934_p3  |  select  |      0|  0|  10|           1|           1|
    |pfout_7_hwEta_V_wri_fu_1964_p3  |  select  |      0|  0|  10|           1|           1|
    |pfout_7_hwId_V_writ_fu_2032_p3  |  select  |      0|  0|   3|           1|           3|
    |pfout_7_hwPhi_V_wri_fu_1979_p3  |  select  |      0|  0|  10|           1|           1|
    |pfout_7_hwPt_V_writ_fu_1972_p3  |  select  |      0|  0|  16|           1|           1|
    |pfout_7_hwZ0_V_writ_fu_2040_p3  |  select  |      0|  0|  10|           1|           1|
    |pfout_8_hwEta_V_wri_fu_2070_p3  |  select  |      0|  0|  10|           1|           1|
    |pfout_8_hwId_V_writ_fu_2130_p3  |  select  |      0|  0|   3|           1|           3|
    |pfout_8_hwPhi_V_wri_fu_2138_p3  |  select  |      0|  0|  10|           1|           1|
    |pfout_8_hwPt_V_writ_fu_2078_p3  |  select  |      0|  0|  16|           1|           1|
    |pfout_8_hwZ0_V_writ_fu_2146_p3  |  select  |      0|  0|  10|           1|           1|
    |pfout_9_hwEta_V_wri_fu_2183_p3  |  select  |      0|  0|  10|           1|           1|
    |pfout_9_hwId_V_writ_fu_2236_p3  |  select  |      0|  0|   3|           1|           3|
    |pfout_9_hwPhi_V_wri_fu_2244_p3  |  select  |      0|  0|  10|           1|           1|
    |pfout_9_hwPt_V_writ_fu_2176_p3  |  select  |      0|  0|  16|           1|           1|
    |pfout_9_hwZ0_V_writ_fu_2252_p3  |  select  |      0|  0|  10|           1|           1|
    |tmp_10_cast_cast_fu_1140_p3     |  select  |      0|  0|   7|           1|           7|
    |tmp_11_cast_cast_fu_1160_p3     |  select  |      0|  0|   7|           1|           7|
    |tmp_12_cast_cast_fu_1180_p3     |  select  |      0|  0|   7|           1|           7|
    |tmp_1_cast_cast_fu_940_p3       |  select  |      0|  0|   7|           1|           7|
    |tmp_2_cast_cast_fu_960_p3       |  select  |      0|  0|   7|           1|           7|
    |tmp_3_cast_cast_fu_980_p3       |  select  |      0|  0|   7|           1|           7|
    |tmp_4_cast_cast_fu_1000_p3      |  select  |      0|  0|   7|           1|           7|
    |tmp_5_cast_cast_fu_1020_p3      |  select  |      0|  0|   7|           1|           7|
    |tmp_6_cast_cast_fu_1040_p3      |  select  |      0|  0|   7|           1|           7|
    |tmp_7_cast_cast_fu_1060_p3      |  select  |      0|  0|   7|           1|           7|
    |tmp_8_cast_cast_fu_1080_p3      |  select  |      0|  0|   7|           1|           7|
    |tmp_9_cast_cast_fu_1100_p3      |  select  |      0|  0|   7|           1|           7|
    |tmp_cast_cast_37_fu_1120_p3     |  select  |      0|  0|   7|           1|           7|
    |tmp_cast_cast_fu_920_p3         |  select  |      0|  0|   7|           1|           7|
    |good_10_not_fu_2403_p2          |    xor   |      0|  0|   2|           1|           2|
    |good_11_not_fu_2509_p2          |    xor   |      0|  0|   2|           1|           2|
    |good_12_not_fu_2615_p2          |    xor   |      0|  0|   2|           1|           2|
    |good_1_not_fu_1351_p2           |    xor   |      0|  0|   2|           1|           2|
    |good_2_not_fu_1457_p2           |    xor   |      0|  0|   2|           1|           2|
    |good_3_not_fu_1563_p2           |    xor   |      0|  0|   2|           1|           2|
    |good_4_not_fu_1669_p2           |    xor   |      0|  0|   2|           1|           2|
    |good_5_not_fu_1775_p2           |    xor   |      0|  0|   2|           1|           2|
    |good_6_not_fu_1881_p2           |    xor   |      0|  0|   2|           1|           2|
    |good_7_not_fu_1987_p2           |    xor   |      0|  0|   2|           1|           2|
    |good_8_not_fu_2085_p2           |    xor   |      0|  0|   2|           1|           2|
    |good_9_not_fu_2191_p2           |    xor   |      0|  0|   2|           1|           2|
    |good_not_38_fu_2297_p2          |    xor   |      0|  0|   2|           1|           2|
    |good_not_fu_1245_p2             |    xor   |      0|  0|   2|           1|           2|
    |or_cond10_not_fu_1741_p2        |    xor   |      0|  0|   2|           1|           2|
    |or_cond12_not_fu_1847_p2        |    xor   |      0|  0|   2|           1|           2|
    |or_cond14_not_fu_1953_p2        |    xor   |      0|  0|   2|           1|           2|
    |or_cond16_not_fu_2059_p2        |    xor   |      0|  0|   2|           1|           2|
    |or_cond18_not_fu_2165_p2        |    xor   |      0|  0|   2|           1|           2|
    |or_cond20_not_fu_2271_p2        |    xor   |      0|  0|   2|           1|           2|
    |or_cond22_not_fu_2377_p2        |    xor   |      0|  0|   2|           1|           2|
    |or_cond24_not_fu_2483_p2        |    xor   |      0|  0|   2|           1|           2|
    |or_cond26_not_fu_2589_p2        |    xor   |      0|  0|   2|           1|           2|
    |or_cond2_not_fu_1317_p2         |    xor   |      0|  0|   2|           1|           2|
    |or_cond4_not_fu_1423_p2         |    xor   |      0|  0|   2|           1|           2|
    |or_cond6_not_fu_1529_p2         |    xor   |      0|  0|   2|           1|           2|
    |or_cond8_not_fu_1635_p2         |    xor   |      0|  0|   2|           1|           2|
    |or_cond_not_fu_1211_p2          |    xor   |      0|  0|   2|           1|           2|
    +--------------------------------+----------+-------+---+----+------------+------------+
    |Total                           |          |      0|  0|1484|         602|         672|
    +--------------------------------+----------+-------+---+----+------------+------------+

    * Multiplexer: 
    +-----------+----+-----------+-----+-----------+
    |    Name   | LUT| Input Size| Bits| Total Bits|
    +-----------+----+-----------+-----+-----------+
    |ap_NS_fsm  |  15|          3|    1|          3|
    +-----------+----+-----------+-----+-----------+
    |Total      |  15|          3|    1|          3|
    +-----------+----+-----------+-----+-----------+

    * Register: 
    +---------------------------------+----+----+-----+-----------+
    |               Name              | FF | LUT| Bits| Const Bits|
    +---------------------------------+----+----+-----+-----------+
    |ap_CS_fsm                        |   2|   0|    2|          0|
    |ap_port_reg_isEle_0_read         |   1|   0|    1|          0|
    |ap_port_reg_isEle_10_read        |   1|   0|    1|          0|
    |ap_port_reg_isEle_11_read        |   1|   0|    1|          0|
    |ap_port_reg_isEle_12_read        |   1|   0|    1|          0|
    |ap_port_reg_isEle_13_read        |   1|   0|    1|          0|
    |ap_port_reg_isEle_1_read         |   1|   0|    1|          0|
    |ap_port_reg_isEle_2_read         |   1|   0|    1|          0|
    |ap_port_reg_isEle_3_read         |   1|   0|    1|          0|
    |ap_port_reg_isEle_4_read         |   1|   0|    1|          0|
    |ap_port_reg_isEle_5_read         |   1|   0|    1|          0|
    |ap_port_reg_isEle_6_read         |   1|   0|    1|          0|
    |ap_port_reg_isEle_7_read         |   1|   0|    1|          0|
    |ap_port_reg_isEle_8_read         |   1|   0|    1|          0|
    |ap_port_reg_isEle_9_read         |   1|   0|    1|          0|
    |ap_port_reg_isMu_0_read          |   1|   0|    1|          0|
    |ap_port_reg_isMu_10_read         |   1|   0|    1|          0|
    |ap_port_reg_isMu_11_read         |   1|   0|    1|          0|
    |ap_port_reg_isMu_12_read         |   1|   0|    1|          0|
    |ap_port_reg_isMu_13_read         |   1|   0|    1|          0|
    |ap_port_reg_isMu_1_read          |   1|   0|    1|          0|
    |ap_port_reg_isMu_2_read          |   1|   0|    1|          0|
    |ap_port_reg_isMu_3_read          |   1|   0|    1|          0|
    |ap_port_reg_isMu_4_read          |   1|   0|    1|          0|
    |ap_port_reg_isMu_5_read          |   1|   0|    1|          0|
    |ap_port_reg_isMu_6_read          |   1|   0|    1|          0|
    |ap_port_reg_isMu_7_read          |   1|   0|    1|          0|
    |ap_port_reg_isMu_8_read          |   1|   0|    1|          0|
    |ap_port_reg_isMu_9_read          |   1|   0|    1|          0|
    |ap_port_reg_track_0_hwEta_V_rea  |  10|   0|   10|          0|
    |ap_port_reg_track_0_hwPhi_V_rea  |  10|   0|   10|          0|
    |ap_port_reg_track_0_hwZ0_V_read  |  10|   0|   10|          0|
    |ap_port_reg_track_10_hwEta_V_re  |  10|   0|   10|          0|
    |ap_port_reg_track_10_hwPhi_V_re  |  10|   0|   10|          0|
    |ap_port_reg_track_10_hwZ0_V_rea  |  10|   0|   10|          0|
    |ap_port_reg_track_11_hwEta_V_re  |  10|   0|   10|          0|
    |ap_port_reg_track_11_hwPhi_V_re  |  10|   0|   10|          0|
    |ap_port_reg_track_11_hwZ0_V_rea  |  10|   0|   10|          0|
    |ap_port_reg_track_12_hwEta_V_re  |  10|   0|   10|          0|
    |ap_port_reg_track_12_hwPhi_V_re  |  10|   0|   10|          0|
    |ap_port_reg_track_12_hwZ0_V_rea  |  10|   0|   10|          0|
    |ap_port_reg_track_13_hwEta_V_re  |  10|   0|   10|          0|
    |ap_port_reg_track_13_hwPhi_V_re  |  10|   0|   10|          0|
    |ap_port_reg_track_13_hwZ0_V_rea  |  10|   0|   10|          0|
    |ap_port_reg_track_1_hwEta_V_rea  |  10|   0|   10|          0|
    |ap_port_reg_track_1_hwPhi_V_rea  |  10|   0|   10|          0|
    |ap_port_reg_track_1_hwZ0_V_read  |  10|   0|   10|          0|
    |ap_port_reg_track_2_hwEta_V_rea  |  10|   0|   10|          0|
    |ap_port_reg_track_2_hwPhi_V_rea  |  10|   0|   10|          0|
    |ap_port_reg_track_2_hwZ0_V_read  |  10|   0|   10|          0|
    |ap_port_reg_track_3_hwEta_V_rea  |  10|   0|   10|          0|
    |ap_port_reg_track_3_hwPhi_V_rea  |  10|   0|   10|          0|
    |ap_port_reg_track_3_hwZ0_V_read  |  10|   0|   10|          0|
    |ap_port_reg_track_4_hwEta_V_rea  |  10|   0|   10|          0|
    |ap_port_reg_track_4_hwPhi_V_rea  |  10|   0|   10|          0|
    |ap_port_reg_track_4_hwZ0_V_read  |  10|   0|   10|          0|
    |ap_port_reg_track_5_hwEta_V_rea  |  10|   0|   10|          0|
    |ap_port_reg_track_5_hwPhi_V_rea  |  10|   0|   10|          0|
    |ap_port_reg_track_5_hwZ0_V_read  |  10|   0|   10|          0|
    |ap_port_reg_track_6_hwEta_V_rea  |  10|   0|   10|          0|
    |ap_port_reg_track_6_hwPhi_V_rea  |  10|   0|   10|          0|
    |ap_port_reg_track_6_hwZ0_V_read  |  10|   0|   10|          0|
    |ap_port_reg_track_7_hwEta_V_rea  |  10|   0|   10|          0|
    |ap_port_reg_track_7_hwPhi_V_rea  |  10|   0|   10|          0|
    |ap_port_reg_track_7_hwZ0_V_read  |  10|   0|   10|          0|
    |ap_port_reg_track_8_hwEta_V_rea  |  10|   0|   10|          0|
    |ap_port_reg_track_8_hwPhi_V_rea  |  10|   0|   10|          0|
    |ap_port_reg_track_8_hwZ0_V_read  |  10|   0|   10|          0|
    |ap_port_reg_track_9_hwEta_V_rea  |  10|   0|   10|          0|
    |ap_port_reg_track_9_hwPhi_V_rea  |  10|   0|   10|          0|
    |ap_port_reg_track_9_hwZ0_V_read  |  10|   0|   10|          0|
    |goodByPt_10_reg_3295             |   1|   0|    1|          0|
    |goodByPt_11_reg_3306             |   1|   0|    1|          0|
    |goodByPt_12_reg_3317             |   1|   0|    1|          0|
    |goodByPt_1_reg_3185              |   1|   0|    1|          0|
    |goodByPt_2_reg_3196              |   1|   0|    1|          0|
    |goodByPt_3_reg_3207              |   1|   0|    1|          0|
    |goodByPt_4_reg_3218              |   1|   0|    1|          0|
    |goodByPt_5_reg_3229              |   1|   0|    1|          0|
    |goodByPt_6_reg_3240              |   1|   0|    1|          0|
    |goodByPt_7_reg_3251              |   1|   0|    1|          0|
    |goodByPt_8_reg_3262              |   1|   0|    1|          0|
    |goodByPt_9_reg_3273              |   1|   0|    1|          0|
    |goodByPt_reg_3174                |   1|   0|    1|          0|
    |goodByPt_s_reg_3284              |   1|   0|    1|          0|
    |good_10_reg_3300                 |   1|   0|    1|          0|
    |good_11_reg_3311                 |   1|   0|    1|          0|
    |good_12_reg_3322                 |   1|   0|    1|          0|
    |good_1_reg_3190                  |   1|   0|    1|          0|
    |good_2_reg_3201                  |   1|   0|    1|          0|
    |good_3_reg_3212                  |   1|   0|    1|          0|
    |good_4_reg_3223                  |   1|   0|    1|          0|
    |good_5_reg_3234                  |   1|   0|    1|          0|
    |good_6_reg_3245                  |   1|   0|    1|          0|
    |good_7_reg_3256                  |   1|   0|    1|          0|
    |good_8_reg_3267                  |   1|   0|    1|          0|
    |good_9_reg_3278                  |   1|   0|    1|          0|
    |good_reg_3179                    |   1|   0|    1|          0|
    |good_s_reg_3289                  |   1|   0|    1|          0|
    |track_0_hwPt_V_read_2_reg_3169   |  16|   0|   16|          0|
    |track_10_hwPt_V_rea_2_reg_3119   |  16|   0|   16|          0|
    |track_11_hwPt_V_rea_2_reg_3114   |  16|   0|   16|          0|
    |track_12_hwPt_V_rea_2_reg_3109   |  16|   0|   16|          0|
    |track_13_hwPt_V_rea_2_reg_3104   |  16|   0|   16|          0|
    |track_1_hwPt_V_read_2_reg_3164   |  16|   0|   16|          0|
    |track_2_hwPt_V_read_2_reg_3159   |  16|   0|   16|          0|
    |track_3_hwPt_V_read_2_reg_3154   |  16|   0|   16|          0|
    |track_4_hwPt_V_read_2_reg_3149   |  16|   0|   16|          0|
    |track_5_hwPt_V_read_2_reg_3144   |  16|   0|   16|          0|
    |track_6_hwPt_V_read_2_reg_3139   |  16|   0|   16|          0|
    |track_7_hwPt_V_read_2_reg_3134   |  16|   0|   16|          0|
    |track_8_hwPt_V_read_2_reg_3129   |  16|   0|   16|          0|
    |track_9_hwPt_V_read_2_reg_3124   |  16|   0|   16|          0|
    +---------------------------------+----+----+-----+-----------+
    |Total                            | 702|   0|  702|          0|
    +---------------------------------+----+----+-----+-----------+



================================================================
== Interface
================================================================
* Summary: 
+------------------------+-----+-----+------------+------------------------+--------------+
|        RTL Ports       | Dir | Bits|  Protocol  |      Source Object     |    C Type    |
+------------------------+-----+-----+------------+------------------------+--------------+
|ap_clk                  |  in |    1| ap_ctrl_hs |     tk2calo_tkalgo     | return value |
|ap_rst                  |  in |    1| ap_ctrl_hs |     tk2calo_tkalgo     | return value |
|ap_start                |  in |    1| ap_ctrl_hs |     tk2calo_tkalgo     | return value |
|ap_done                 | out |    1| ap_ctrl_hs |     tk2calo_tkalgo     | return value |
|ap_idle                 | out |    1| ap_ctrl_hs |     tk2calo_tkalgo     | return value |
|ap_ready                | out |    1| ap_ctrl_hs |     tk2calo_tkalgo     | return value |
|ap_return_0             | out |   16| ap_ctrl_hs |     tk2calo_tkalgo     | return value |
|ap_return_1             | out |   16| ap_ctrl_hs |     tk2calo_tkalgo     | return value |
|ap_return_2             | out |   16| ap_ctrl_hs |     tk2calo_tkalgo     | return value |
|ap_return_3             | out |   16| ap_ctrl_hs |     tk2calo_tkalgo     | return value |
|ap_return_4             | out |   16| ap_ctrl_hs |     tk2calo_tkalgo     | return value |
|ap_return_5             | out |   16| ap_ctrl_hs |     tk2calo_tkalgo     | return value |
|ap_return_6             | out |   16| ap_ctrl_hs |     tk2calo_tkalgo     | return value |
|ap_return_7             | out |   16| ap_ctrl_hs |     tk2calo_tkalgo     | return value |
|ap_return_8             | out |   16| ap_ctrl_hs |     tk2calo_tkalgo     | return value |
|ap_return_9             | out |   16| ap_ctrl_hs |     tk2calo_tkalgo     | return value |
|ap_return_10            | out |   16| ap_ctrl_hs |     tk2calo_tkalgo     | return value |
|ap_return_11            | out |   16| ap_ctrl_hs |     tk2calo_tkalgo     | return value |
|ap_return_12            | out |   16| ap_ctrl_hs |     tk2calo_tkalgo     | return value |
|ap_return_13            | out |   16| ap_ctrl_hs |     tk2calo_tkalgo     | return value |
|ap_return_14            | out |   10| ap_ctrl_hs |     tk2calo_tkalgo     | return value |
|ap_return_15            | out |   10| ap_ctrl_hs |     tk2calo_tkalgo     | return value |
|ap_return_16            | out |   10| ap_ctrl_hs |     tk2calo_tkalgo     | return value |
|ap_return_17            | out |   10| ap_ctrl_hs |     tk2calo_tkalgo     | return value |
|ap_return_18            | out |   10| ap_ctrl_hs |     tk2calo_tkalgo     | return value |
|ap_return_19            | out |   10| ap_ctrl_hs |     tk2calo_tkalgo     | return value |
|ap_return_20            | out |   10| ap_ctrl_hs |     tk2calo_tkalgo     | return value |
|ap_return_21            | out |   10| ap_ctrl_hs |     tk2calo_tkalgo     | return value |
|ap_return_22            | out |   10| ap_ctrl_hs |     tk2calo_tkalgo     | return value |
|ap_return_23            | out |   10| ap_ctrl_hs |     tk2calo_tkalgo     | return value |
|ap_return_24            | out |   10| ap_ctrl_hs |     tk2calo_tkalgo     | return value |
|ap_return_25            | out |   10| ap_ctrl_hs |     tk2calo_tkalgo     | return value |
|ap_return_26            | out |   10| ap_ctrl_hs |     tk2calo_tkalgo     | return value |
|ap_return_27            | out |   10| ap_ctrl_hs |     tk2calo_tkalgo     | return value |
|ap_return_28            | out |   10| ap_ctrl_hs |     tk2calo_tkalgo     | return value |
|ap_return_29            | out |   10| ap_ctrl_hs |     tk2calo_tkalgo     | return value |
|ap_return_30            | out |   10| ap_ctrl_hs |     tk2calo_tkalgo     | return value |
|ap_return_31            | out |   10| ap_ctrl_hs |     tk2calo_tkalgo     | return value |
|ap_return_32            | out |   10| ap_ctrl_hs |     tk2calo_tkalgo     | return value |
|ap_return_33            | out |   10| ap_ctrl_hs |     tk2calo_tkalgo     | return value |
|ap_return_34            | out |   10| ap_ctrl_hs |     tk2calo_tkalgo     | return value |
|ap_return_35            | out |   10| ap_ctrl_hs |     tk2calo_tkalgo     | return value |
|ap_return_36            | out |   10| ap_ctrl_hs |     tk2calo_tkalgo     | return value |
|ap_return_37            | out |   10| ap_ctrl_hs |     tk2calo_tkalgo     | return value |
|ap_return_38            | out |   10| ap_ctrl_hs |     tk2calo_tkalgo     | return value |
|ap_return_39            | out |   10| ap_ctrl_hs |     tk2calo_tkalgo     | return value |
|ap_return_40            | out |   10| ap_ctrl_hs |     tk2calo_tkalgo     | return value |
|ap_return_41            | out |   10| ap_ctrl_hs |     tk2calo_tkalgo     | return value |
|ap_return_42            | out |    3| ap_ctrl_hs |     tk2calo_tkalgo     | return value |
|ap_return_43            | out |    3| ap_ctrl_hs |     tk2calo_tkalgo     | return value |
|ap_return_44            | out |    3| ap_ctrl_hs |     tk2calo_tkalgo     | return value |
|ap_return_45            | out |    3| ap_ctrl_hs |     tk2calo_tkalgo     | return value |
|ap_return_46            | out |    3| ap_ctrl_hs |     tk2calo_tkalgo     | return value |
|ap_return_47            | out |    3| ap_ctrl_hs |     tk2calo_tkalgo     | return value |
|ap_return_48            | out |    3| ap_ctrl_hs |     tk2calo_tkalgo     | return value |
|ap_return_49            | out |    3| ap_ctrl_hs |     tk2calo_tkalgo     | return value |
|ap_return_50            | out |    3| ap_ctrl_hs |     tk2calo_tkalgo     | return value |
|ap_return_51            | out |    3| ap_ctrl_hs |     tk2calo_tkalgo     | return value |
|ap_return_52            | out |    3| ap_ctrl_hs |     tk2calo_tkalgo     | return value |
|ap_return_53            | out |    3| ap_ctrl_hs |     tk2calo_tkalgo     | return value |
|ap_return_54            | out |    3| ap_ctrl_hs |     tk2calo_tkalgo     | return value |
|ap_return_55            | out |    3| ap_ctrl_hs |     tk2calo_tkalgo     | return value |
|ap_return_56            | out |   10| ap_ctrl_hs |     tk2calo_tkalgo     | return value |
|ap_return_57            | out |   10| ap_ctrl_hs |     tk2calo_tkalgo     | return value |
|ap_return_58            | out |   10| ap_ctrl_hs |     tk2calo_tkalgo     | return value |
|ap_return_59            | out |   10| ap_ctrl_hs |     tk2calo_tkalgo     | return value |
|ap_return_60            | out |   10| ap_ctrl_hs |     tk2calo_tkalgo     | return value |
|ap_return_61            | out |   10| ap_ctrl_hs |     tk2calo_tkalgo     | return value |
|ap_return_62            | out |   10| ap_ctrl_hs |     tk2calo_tkalgo     | return value |
|ap_return_63            | out |   10| ap_ctrl_hs |     tk2calo_tkalgo     | return value |
|ap_return_64            | out |   10| ap_ctrl_hs |     tk2calo_tkalgo     | return value |
|ap_return_65            | out |   10| ap_ctrl_hs |     tk2calo_tkalgo     | return value |
|ap_return_66            | out |   10| ap_ctrl_hs |     tk2calo_tkalgo     | return value |
|ap_return_67            | out |   10| ap_ctrl_hs |     tk2calo_tkalgo     | return value |
|ap_return_68            | out |   10| ap_ctrl_hs |     tk2calo_tkalgo     | return value |
|ap_return_69            | out |   10| ap_ctrl_hs |     tk2calo_tkalgo     | return value |
|track_0_hwPt_V_read     |  in |   16|   ap_none  |   track_0_hwPt_V_read  |    scalar    |
|track_1_hwPt_V_read     |  in |   16|   ap_none  |   track_1_hwPt_V_read  |    scalar    |
|track_2_hwPt_V_read     |  in |   16|   ap_none  |   track_2_hwPt_V_read  |    scalar    |
|track_3_hwPt_V_read     |  in |   16|   ap_none  |   track_3_hwPt_V_read  |    scalar    |
|track_4_hwPt_V_read     |  in |   16|   ap_none  |   track_4_hwPt_V_read  |    scalar    |
|track_5_hwPt_V_read     |  in |   16|   ap_none  |   track_5_hwPt_V_read  |    scalar    |
|track_6_hwPt_V_read     |  in |   16|   ap_none  |   track_6_hwPt_V_read  |    scalar    |
|track_7_hwPt_V_read     |  in |   16|   ap_none  |   track_7_hwPt_V_read  |    scalar    |
|track_8_hwPt_V_read     |  in |   16|   ap_none  |   track_8_hwPt_V_read  |    scalar    |
|track_9_hwPt_V_read     |  in |   16|   ap_none  |   track_9_hwPt_V_read  |    scalar    |
|track_10_hwPt_V_rea     |  in |   16|   ap_none  |   track_10_hwPt_V_rea  |    scalar    |
|track_11_hwPt_V_rea     |  in |   16|   ap_none  |   track_11_hwPt_V_rea  |    scalar    |
|track_12_hwPt_V_rea     |  in |   16|   ap_none  |   track_12_hwPt_V_rea  |    scalar    |
|track_13_hwPt_V_rea     |  in |   16|   ap_none  |   track_13_hwPt_V_rea  |    scalar    |
|track_0_hwEta_V_rea     |  in |   10|   ap_none  |   track_0_hwEta_V_rea  |    scalar    |
|track_1_hwEta_V_rea     |  in |   10|   ap_none  |   track_1_hwEta_V_rea  |    scalar    |
|track_2_hwEta_V_rea     |  in |   10|   ap_none  |   track_2_hwEta_V_rea  |    scalar    |
|track_3_hwEta_V_rea     |  in |   10|   ap_none  |   track_3_hwEta_V_rea  |    scalar    |
|track_4_hwEta_V_rea     |  in |   10|   ap_none  |   track_4_hwEta_V_rea  |    scalar    |
|track_5_hwEta_V_rea     |  in |   10|   ap_none  |   track_5_hwEta_V_rea  |    scalar    |
|track_6_hwEta_V_rea     |  in |   10|   ap_none  |   track_6_hwEta_V_rea  |    scalar    |
|track_7_hwEta_V_rea     |  in |   10|   ap_none  |   track_7_hwEta_V_rea  |    scalar    |
|track_8_hwEta_V_rea     |  in |   10|   ap_none  |   track_8_hwEta_V_rea  |    scalar    |
|track_9_hwEta_V_rea     |  in |   10|   ap_none  |   track_9_hwEta_V_rea  |    scalar    |
|track_10_hwEta_V_re     |  in |   10|   ap_none  |   track_10_hwEta_V_re  |    scalar    |
|track_11_hwEta_V_re     |  in |   10|   ap_none  |   track_11_hwEta_V_re  |    scalar    |
|track_12_hwEta_V_re     |  in |   10|   ap_none  |   track_12_hwEta_V_re  |    scalar    |
|track_13_hwEta_V_re     |  in |   10|   ap_none  |   track_13_hwEta_V_re  |    scalar    |
|track_0_hwPhi_V_rea     |  in |   10|   ap_none  |   track_0_hwPhi_V_rea  |    scalar    |
|track_1_hwPhi_V_rea     |  in |   10|   ap_none  |   track_1_hwPhi_V_rea  |    scalar    |
|track_2_hwPhi_V_rea     |  in |   10|   ap_none  |   track_2_hwPhi_V_rea  |    scalar    |
|track_3_hwPhi_V_rea     |  in |   10|   ap_none  |   track_3_hwPhi_V_rea  |    scalar    |
|track_4_hwPhi_V_rea     |  in |   10|   ap_none  |   track_4_hwPhi_V_rea  |    scalar    |
|track_5_hwPhi_V_rea     |  in |   10|   ap_none  |   track_5_hwPhi_V_rea  |    scalar    |
|track_6_hwPhi_V_rea     |  in |   10|   ap_none  |   track_6_hwPhi_V_rea  |    scalar    |
|track_7_hwPhi_V_rea     |  in |   10|   ap_none  |   track_7_hwPhi_V_rea  |    scalar    |
|track_8_hwPhi_V_rea     |  in |   10|   ap_none  |   track_8_hwPhi_V_rea  |    scalar    |
|track_9_hwPhi_V_rea     |  in |   10|   ap_none  |   track_9_hwPhi_V_rea  |    scalar    |
|track_10_hwPhi_V_re     |  in |   10|   ap_none  |   track_10_hwPhi_V_re  |    scalar    |
|track_11_hwPhi_V_re     |  in |   10|   ap_none  |   track_11_hwPhi_V_re  |    scalar    |
|track_12_hwPhi_V_re     |  in |   10|   ap_none  |   track_12_hwPhi_V_re  |    scalar    |
|track_13_hwPhi_V_re     |  in |   10|   ap_none  |   track_13_hwPhi_V_re  |    scalar    |
|track_0_hwZ0_V_read     |  in |   10|   ap_none  |   track_0_hwZ0_V_read  |    scalar    |
|track_1_hwZ0_V_read     |  in |   10|   ap_none  |   track_1_hwZ0_V_read  |    scalar    |
|track_2_hwZ0_V_read     |  in |   10|   ap_none  |   track_2_hwZ0_V_read  |    scalar    |
|track_3_hwZ0_V_read     |  in |   10|   ap_none  |   track_3_hwZ0_V_read  |    scalar    |
|track_4_hwZ0_V_read     |  in |   10|   ap_none  |   track_4_hwZ0_V_read  |    scalar    |
|track_5_hwZ0_V_read     |  in |   10|   ap_none  |   track_5_hwZ0_V_read  |    scalar    |
|track_6_hwZ0_V_read     |  in |   10|   ap_none  |   track_6_hwZ0_V_read  |    scalar    |
|track_7_hwZ0_V_read     |  in |   10|   ap_none  |   track_7_hwZ0_V_read  |    scalar    |
|track_8_hwZ0_V_read     |  in |   10|   ap_none  |   track_8_hwZ0_V_read  |    scalar    |
|track_9_hwZ0_V_read     |  in |   10|   ap_none  |   track_9_hwZ0_V_read  |    scalar    |
|track_10_hwZ0_V_rea     |  in |   10|   ap_none  |   track_10_hwZ0_V_rea  |    scalar    |
|track_11_hwZ0_V_rea     |  in |   10|   ap_none  |   track_11_hwZ0_V_rea  |    scalar    |
|track_12_hwZ0_V_rea     |  in |   10|   ap_none  |   track_12_hwZ0_V_rea  |    scalar    |
|track_13_hwZ0_V_rea     |  in |   10|   ap_none  |   track_13_hwZ0_V_rea  |    scalar    |
|track_0_hwTightQual     |  in |    1|   ap_none  |   track_0_hwTightQual  |    scalar    |
|track_1_hwTightQual     |  in |    1|   ap_none  |   track_1_hwTightQual  |    scalar    |
|track_2_hwTightQual     |  in |    1|   ap_none  |   track_2_hwTightQual  |    scalar    |
|track_3_hwTightQual     |  in |    1|   ap_none  |   track_3_hwTightQual  |    scalar    |
|track_4_hwTightQual     |  in |    1|   ap_none  |   track_4_hwTightQual  |    scalar    |
|track_5_hwTightQual     |  in |    1|   ap_none  |   track_5_hwTightQual  |    scalar    |
|track_6_hwTightQual     |  in |    1|   ap_none  |   track_6_hwTightQual  |    scalar    |
|track_7_hwTightQual     |  in |    1|   ap_none  |   track_7_hwTightQual  |    scalar    |
|track_8_hwTightQual     |  in |    1|   ap_none  |   track_8_hwTightQual  |    scalar    |
|track_9_hwTightQual     |  in |    1|   ap_none  |   track_9_hwTightQual  |    scalar    |
|track_10_hwTightQua     |  in |    1|   ap_none  |   track_10_hwTightQua  |    scalar    |
|track_11_hwTightQua     |  in |    1|   ap_none  |   track_11_hwTightQua  |    scalar    |
|track_12_hwTightQua     |  in |    1|   ap_none  |   track_12_hwTightQua  |    scalar    |
|track_13_hwTightQua     |  in |    1|   ap_none  |   track_13_hwTightQua  |    scalar    |
|isEle_0_read            |  in |    1|   ap_none  |      isEle_0_read      |    scalar    |
|isEle_1_read            |  in |    1|   ap_none  |      isEle_1_read      |    scalar    |
|isEle_2_read            |  in |    1|   ap_none  |      isEle_2_read      |    scalar    |
|isEle_3_read            |  in |    1|   ap_none  |      isEle_3_read      |    scalar    |
|isEle_4_read            |  in |    1|   ap_none  |      isEle_4_read      |    scalar    |
|isEle_5_read            |  in |    1|   ap_none  |      isEle_5_read      |    scalar    |
|isEle_6_read            |  in |    1|   ap_none  |      isEle_6_read      |    scalar    |
|isEle_7_read            |  in |    1|   ap_none  |      isEle_7_read      |    scalar    |
|isEle_8_read            |  in |    1|   ap_none  |      isEle_8_read      |    scalar    |
|isEle_9_read            |  in |    1|   ap_none  |      isEle_9_read      |    scalar    |
|isEle_10_read           |  in |    1|   ap_none  |      isEle_10_read     |    scalar    |
|isEle_11_read           |  in |    1|   ap_none  |      isEle_11_read     |    scalar    |
|isEle_12_read           |  in |    1|   ap_none  |      isEle_12_read     |    scalar    |
|isEle_13_read           |  in |    1|   ap_none  |      isEle_13_read     |    scalar    |
|isMu_0_read             |  in |    1|   ap_none  |       isMu_0_read      |    scalar    |
|isMu_1_read             |  in |    1|   ap_none  |       isMu_1_read      |    scalar    |
|isMu_2_read             |  in |    1|   ap_none  |       isMu_2_read      |    scalar    |
|isMu_3_read             |  in |    1|   ap_none  |       isMu_3_read      |    scalar    |
|isMu_4_read             |  in |    1|   ap_none  |       isMu_4_read      |    scalar    |
|isMu_5_read             |  in |    1|   ap_none  |       isMu_5_read      |    scalar    |
|isMu_6_read             |  in |    1|   ap_none  |       isMu_6_read      |    scalar    |
|isMu_7_read             |  in |    1|   ap_none  |       isMu_7_read      |    scalar    |
|isMu_8_read             |  in |    1|   ap_none  |       isMu_8_read      |    scalar    |
|isMu_9_read             |  in |    1|   ap_none  |       isMu_9_read      |    scalar    |
|isMu_10_read            |  in |    1|   ap_none  |      isMu_10_read      |    scalar    |
|isMu_11_read            |  in |    1|   ap_none  |      isMu_11_read      |    scalar    |
|isMu_12_read            |  in |    1|   ap_none  |      isMu_12_read      |    scalar    |
|isMu_13_read            |  in |    1|   ap_none  |      isMu_13_read      |    scalar    |
|calo_track_link_bit_s   |  in |   10|   ap_none  |  calo_track_link_bit_s |    scalar    |
|calo_track_link_bit_66  |  in |   10|   ap_none  | calo_track_link_bit_66 |    scalar    |
|calo_track_link_bit_67  |  in |   10|   ap_none  | calo_track_link_bit_67 |    scalar    |
|calo_track_link_bit_68  |  in |   10|   ap_none  | calo_track_link_bit_68 |    scalar    |
|calo_track_link_bit_69  |  in |   10|   ap_none  | calo_track_link_bit_69 |    scalar    |
|calo_track_link_bit_70  |  in |   10|   ap_none  | calo_track_link_bit_70 |    scalar    |
|calo_track_link_bit_71  |  in |   10|   ap_none  | calo_track_link_bit_71 |    scalar    |
|calo_track_link_bit_72  |  in |   10|   ap_none  | calo_track_link_bit_72 |    scalar    |
|calo_track_link_bit_73  |  in |   10|   ap_none  | calo_track_link_bit_73 |    scalar    |
|calo_track_link_bit_74  |  in |   10|   ap_none  | calo_track_link_bit_74 |    scalar    |
|calo_track_link_bit_75  |  in |   10|   ap_none  | calo_track_link_bit_75 |    scalar    |
|calo_track_link_bit_76  |  in |   10|   ap_none  | calo_track_link_bit_76 |    scalar    |
|calo_track_link_bit_77  |  in |   10|   ap_none  | calo_track_link_bit_77 |    scalar    |
|calo_track_link_bit_78  |  in |   10|   ap_none  | calo_track_link_bit_78 |    scalar    |
+------------------------+-----+-----+------------+------------------------+--------------+

