

================================================================
== Vivado HLS Report for 'tk2em_elealgo'
================================================================
* Date:           Wed Oct  2 15:13:38 2019

* Version:        2018.2 (Build 2258646 on Thu Jun 14 20:25:20 MDT 2018)
* Project:        l1pfpuppi-ku15p-II2-360MHz
* Solution:       solution
* Product family: kintexuplus
* Target device:  xcku15p-ffva1760-2-e


================================================================
== Performance Estimates
================================================================
+ Timing (ns): 
    * Summary: 
    +--------+-------+----------+------------+
    |  Clock | Target| Estimated| Uncertainty|
    +--------+-------+----------+------------+
    |ap_clk  |   2.70|     0.846|        1.50|
    +--------+-------+----------+------------+

+ Latency (clock cycles): 
    * Summary: 
    +-----+-----+-----+-----+----------+
    |  Latency  |  Interval | Pipeline |
    | min | max | min | max |   Type   |
    +-----+-----+-----+-----+----------+
    |    0|    0|    1|    1| function |
    +-----+-----+-----+-----+----------+

    + Detail: 
        * Instance: 
        N/A

        * Loop: 
        N/A



================================================================
== Utilization Estimates
================================================================
* Summary: 
+-----------------+---------+-------+---------+--------+-----+
|       Name      | BRAM_18K| DSP48E|    FF   |   LUT  | URAM|
+-----------------+---------+-------+---------+--------+-----+
|DSP              |        -|      -|        -|       -|    -|
|Expression       |        -|      -|        0|     532|    -|
|FIFO             |        -|      -|        -|       -|    -|
|Instance         |        -|      -|        -|       -|    -|
|Memory           |        -|      -|        -|       -|    -|
|Multiplexer      |        -|      -|        -|       -|    -|
|Register         |        -|      -|        -|       -|    -|
+-----------------+---------+-------+---------+--------+-----+
|Total            |        0|      0|        0|     532|    0|
+-----------------+---------+-------+---------+--------+-----+
|Available        |     1968|   1968|  1045440|  522720|  128|
+-----------------+---------+-------+---------+--------+-----+
|Utilization (%)  |        0|      0|        0|   ~0   |    0|
+-----------------+---------+-------+---------+--------+-----+

+ Detail: 
    * Instance: 
    N/A

    * DSP48: 
    N/A

    * Memory: 
    N/A

    * FIFO: 
    N/A

    * Expression: 
    +--------------------------------+----------+-------+---+----+------------+------------+
    |          Variable Name         | Operation| DSP48E| FF| LUT| Bitwidth P0| Bitwidth P1|
    +--------------------------------+----------+-------+---+----+------------+------------+
    |ele_0_0_1_fu_236_p2             |    and   |      0|  0|   2|           1|           1|
    |ele_0_0_2_fu_250_p2             |    and   |      0|  0|   2|           1|           1|
    |ele_0_0_3_fu_264_p2             |    and   |      0|  0|   2|           1|           1|
    |ele_0_0_4_fu_278_p2             |    and   |      0|  0|   2|           1|           1|
    |ele_0_0_5_fu_292_p2             |    and   |      0|  0|   2|           1|           1|
    |ele_0_0_6_fu_306_p2             |    and   |      0|  0|   2|           1|           1|
    |ele_0_0_7_fu_320_p2             |    and   |      0|  0|   2|           1|           1|
    |ele_0_0_8_fu_334_p2             |    and   |      0|  0|   2|           1|           1|
    |ele_0_0_9_fu_348_p2             |    and   |      0|  0|   2|           1|           1|
    |ele_0_10_1_fu_2136_p2           |    and   |      0|  0|   2|           1|           1|
    |ele_0_10_2_fu_2150_p2           |    and   |      0|  0|   2|           1|           1|
    |ele_0_10_3_fu_2164_p2           |    and   |      0|  0|   2|           1|           1|
    |ele_0_10_4_fu_2178_p2           |    and   |      0|  0|   2|           1|           1|
    |ele_0_10_5_fu_2192_p2           |    and   |      0|  0|   2|           1|           1|
    |ele_0_10_6_fu_2206_p2           |    and   |      0|  0|   2|           1|           1|
    |ele_0_10_7_fu_2220_p2           |    and   |      0|  0|   2|           1|           1|
    |ele_0_10_8_fu_2234_p2           |    and   |      0|  0|   2|           1|           1|
    |ele_0_10_9_fu_2248_p2           |    and   |      0|  0|   2|           1|           1|
    |ele_0_11_1_fu_2326_p2           |    and   |      0|  0|   2|           1|           1|
    |ele_0_11_2_fu_2340_p2           |    and   |      0|  0|   2|           1|           1|
    |ele_0_11_3_fu_2354_p2           |    and   |      0|  0|   2|           1|           1|
    |ele_0_11_4_fu_2368_p2           |    and   |      0|  0|   2|           1|           1|
    |ele_0_11_5_fu_2382_p2           |    and   |      0|  0|   2|           1|           1|
    |ele_0_11_6_fu_2396_p2           |    and   |      0|  0|   2|           1|           1|
    |ele_0_11_7_fu_2410_p2           |    and   |      0|  0|   2|           1|           1|
    |ele_0_11_8_fu_2424_p2           |    and   |      0|  0|   2|           1|           1|
    |ele_0_11_9_fu_2438_p2           |    and   |      0|  0|   2|           1|           1|
    |ele_0_12_1_fu_2516_p2           |    and   |      0|  0|   2|           1|           1|
    |ele_0_12_2_fu_2530_p2           |    and   |      0|  0|   2|           1|           1|
    |ele_0_12_3_fu_2544_p2           |    and   |      0|  0|   2|           1|           1|
    |ele_0_12_4_fu_2558_p2           |    and   |      0|  0|   2|           1|           1|
    |ele_0_12_5_fu_2572_p2           |    and   |      0|  0|   2|           1|           1|
    |ele_0_12_6_fu_2586_p2           |    and   |      0|  0|   2|           1|           1|
    |ele_0_12_7_fu_2600_p2           |    and   |      0|  0|   2|           1|           1|
    |ele_0_12_8_fu_2614_p2           |    and   |      0|  0|   2|           1|           1|
    |ele_0_12_9_fu_2628_p2           |    and   |      0|  0|   2|           1|           1|
    |ele_0_13_1_fu_2706_p2           |    and   |      0|  0|   2|           1|           1|
    |ele_0_13_2_fu_2720_p2           |    and   |      0|  0|   2|           1|           1|
    |ele_0_13_3_fu_2734_p2           |    and   |      0|  0|   2|           1|           1|
    |ele_0_13_4_fu_2748_p2           |    and   |      0|  0|   2|           1|           1|
    |ele_0_13_5_fu_2762_p2           |    and   |      0|  0|   2|           1|           1|
    |ele_0_13_6_fu_2776_p2           |    and   |      0|  0|   2|           1|           1|
    |ele_0_13_7_fu_2790_p2           |    and   |      0|  0|   2|           1|           1|
    |ele_0_13_8_fu_2804_p2           |    and   |      0|  0|   2|           1|           1|
    |ele_0_13_9_fu_2818_p2           |    and   |      0|  0|   2|           1|           1|
    |ele_0_1_1_fu_426_p2             |    and   |      0|  0|   2|           1|           1|
    |ele_0_1_2_fu_440_p2             |    and   |      0|  0|   2|           1|           1|
    |ele_0_1_3_fu_454_p2             |    and   |      0|  0|   2|           1|           1|
    |ele_0_1_4_fu_468_p2             |    and   |      0|  0|   2|           1|           1|
    |ele_0_1_5_fu_482_p2             |    and   |      0|  0|   2|           1|           1|
    |ele_0_1_6_fu_496_p2             |    and   |      0|  0|   2|           1|           1|
    |ele_0_1_7_fu_510_p2             |    and   |      0|  0|   2|           1|           1|
    |ele_0_1_8_fu_524_p2             |    and   |      0|  0|   2|           1|           1|
    |ele_0_1_9_fu_538_p2             |    and   |      0|  0|   2|           1|           1|
    |ele_0_2_1_fu_616_p2             |    and   |      0|  0|   2|           1|           1|
    |ele_0_2_2_fu_630_p2             |    and   |      0|  0|   2|           1|           1|
    |ele_0_2_3_fu_644_p2             |    and   |      0|  0|   2|           1|           1|
    |ele_0_2_4_fu_658_p2             |    and   |      0|  0|   2|           1|           1|
    |ele_0_2_5_fu_672_p2             |    and   |      0|  0|   2|           1|           1|
    |ele_0_2_6_fu_686_p2             |    and   |      0|  0|   2|           1|           1|
    |ele_0_2_7_fu_700_p2             |    and   |      0|  0|   2|           1|           1|
    |ele_0_2_8_fu_714_p2             |    and   |      0|  0|   2|           1|           1|
    |ele_0_2_9_fu_728_p2             |    and   |      0|  0|   2|           1|           1|
    |ele_0_3_1_fu_806_p2             |    and   |      0|  0|   2|           1|           1|
    |ele_0_3_2_fu_820_p2             |    and   |      0|  0|   2|           1|           1|
    |ele_0_3_3_fu_834_p2             |    and   |      0|  0|   2|           1|           1|
    |ele_0_3_4_fu_848_p2             |    and   |      0|  0|   2|           1|           1|
    |ele_0_3_5_fu_862_p2             |    and   |      0|  0|   2|           1|           1|
    |ele_0_3_6_fu_876_p2             |    and   |      0|  0|   2|           1|           1|
    |ele_0_3_7_fu_890_p2             |    and   |      0|  0|   2|           1|           1|
    |ele_0_3_8_fu_904_p2             |    and   |      0|  0|   2|           1|           1|
    |ele_0_3_9_fu_918_p2             |    and   |      0|  0|   2|           1|           1|
    |ele_0_4_1_fu_996_p2             |    and   |      0|  0|   2|           1|           1|
    |ele_0_4_2_fu_1010_p2            |    and   |      0|  0|   2|           1|           1|
    |ele_0_4_3_fu_1024_p2            |    and   |      0|  0|   2|           1|           1|
    |ele_0_4_4_fu_1038_p2            |    and   |      0|  0|   2|           1|           1|
    |ele_0_4_5_fu_1052_p2            |    and   |      0|  0|   2|           1|           1|
    |ele_0_4_6_fu_1066_p2            |    and   |      0|  0|   2|           1|           1|
    |ele_0_4_7_fu_1080_p2            |    and   |      0|  0|   2|           1|           1|
    |ele_0_4_8_fu_1094_p2            |    and   |      0|  0|   2|           1|           1|
    |ele_0_4_9_fu_1108_p2            |    and   |      0|  0|   2|           1|           1|
    |ele_0_5_1_fu_1186_p2            |    and   |      0|  0|   2|           1|           1|
    |ele_0_5_2_fu_1200_p2            |    and   |      0|  0|   2|           1|           1|
    |ele_0_5_3_fu_1214_p2            |    and   |      0|  0|   2|           1|           1|
    |ele_0_5_4_fu_1228_p2            |    and   |      0|  0|   2|           1|           1|
    |ele_0_5_5_fu_1242_p2            |    and   |      0|  0|   2|           1|           1|
    |ele_0_5_6_fu_1256_p2            |    and   |      0|  0|   2|           1|           1|
    |ele_0_5_7_fu_1270_p2            |    and   |      0|  0|   2|           1|           1|
    |ele_0_5_8_fu_1284_p2            |    and   |      0|  0|   2|           1|           1|
    |ele_0_5_9_fu_1298_p2            |    and   |      0|  0|   2|           1|           1|
    |ele_0_6_1_fu_1376_p2            |    and   |      0|  0|   2|           1|           1|
    |ele_0_6_2_fu_1390_p2            |    and   |      0|  0|   2|           1|           1|
    |ele_0_6_3_fu_1404_p2            |    and   |      0|  0|   2|           1|           1|
    |ele_0_6_4_fu_1418_p2            |    and   |      0|  0|   2|           1|           1|
    |ele_0_6_5_fu_1432_p2            |    and   |      0|  0|   2|           1|           1|
    |ele_0_6_6_fu_1446_p2            |    and   |      0|  0|   2|           1|           1|
    |ele_0_6_7_fu_1460_p2            |    and   |      0|  0|   2|           1|           1|
    |ele_0_6_8_fu_1474_p2            |    and   |      0|  0|   2|           1|           1|
    |ele_0_6_9_fu_1488_p2            |    and   |      0|  0|   2|           1|           1|
    |ele_0_7_1_fu_1566_p2            |    and   |      0|  0|   2|           1|           1|
    |ele_0_7_2_fu_1580_p2            |    and   |      0|  0|   2|           1|           1|
    |ele_0_7_3_fu_1594_p2            |    and   |      0|  0|   2|           1|           1|
    |ele_0_7_4_fu_1608_p2            |    and   |      0|  0|   2|           1|           1|
    |ele_0_7_5_fu_1622_p2            |    and   |      0|  0|   2|           1|           1|
    |ele_0_7_6_fu_1636_p2            |    and   |      0|  0|   2|           1|           1|
    |ele_0_7_7_fu_1650_p2            |    and   |      0|  0|   2|           1|           1|
    |ele_0_7_8_fu_1664_p2            |    and   |      0|  0|   2|           1|           1|
    |ele_0_7_9_fu_1678_p2            |    and   |      0|  0|   2|           1|           1|
    |ele_0_8_1_fu_1756_p2            |    and   |      0|  0|   2|           1|           1|
    |ele_0_8_2_fu_1770_p2            |    and   |      0|  0|   2|           1|           1|
    |ele_0_8_3_fu_1784_p2            |    and   |      0|  0|   2|           1|           1|
    |ele_0_8_4_fu_1798_p2            |    and   |      0|  0|   2|           1|           1|
    |ele_0_8_5_fu_1812_p2            |    and   |      0|  0|   2|           1|           1|
    |ele_0_8_6_fu_1826_p2            |    and   |      0|  0|   2|           1|           1|
    |ele_0_8_7_fu_1840_p2            |    and   |      0|  0|   2|           1|           1|
    |ele_0_8_8_fu_1854_p2            |    and   |      0|  0|   2|           1|           1|
    |ele_0_8_9_fu_1868_p2            |    and   |      0|  0|   2|           1|           1|
    |ele_0_9_1_fu_1946_p2            |    and   |      0|  0|   2|           1|           1|
    |ele_0_9_2_fu_1960_p2            |    and   |      0|  0|   2|           1|           1|
    |ele_0_9_3_fu_1974_p2            |    and   |      0|  0|   2|           1|           1|
    |ele_0_9_4_fu_1988_p2            |    and   |      0|  0|   2|           1|           1|
    |ele_0_9_5_fu_2002_p2            |    and   |      0|  0|   2|           1|           1|
    |ele_0_9_6_fu_2016_p2            |    and   |      0|  0|   2|           1|           1|
    |ele_0_9_7_fu_2030_p2            |    and   |      0|  0|   2|           1|           1|
    |ele_0_9_8_fu_2044_p2            |    and   |      0|  0|   2|           1|           1|
    |ele_0_9_9_fu_2058_p2            |    and   |      0|  0|   2|           1|           1|
    |ele_1_10_fu_2312_p2             |    and   |      0|  0|   2|           1|           1|
    |ele_1_11_fu_2502_p2             |    and   |      0|  0|   2|           1|           1|
    |ele_1_12_fu_2692_p2             |    and   |      0|  0|   2|           1|           1|
    |ele_1_1_fu_412_p2               |    and   |      0|  0|   2|           1|           1|
    |ele_1_2_fu_602_p2               |    and   |      0|  0|   2|           1|           1|
    |ele_1_3_fu_792_p2               |    and   |      0|  0|   2|           1|           1|
    |ele_1_4_fu_982_p2               |    and   |      0|  0|   2|           1|           1|
    |ele_1_5_fu_1172_p2              |    and   |      0|  0|   2|           1|           1|
    |ele_1_6_fu_1362_p2              |    and   |      0|  0|   2|           1|           1|
    |ele_1_7_fu_1552_p2              |    and   |      0|  0|   2|           1|           1|
    |ele_1_8_fu_1742_p2              |    and   |      0|  0|   2|           1|           1|
    |ele_1_9_fu_1932_p2              |    and   |      0|  0|   2|           1|           1|
    |ele_1_fu_222_p2                 |    and   |      0|  0|   2|           1|           1|
    |ele_1_s_fu_2122_p2              |    and   |      0|  0|   2|           1|           1|
    |isEle_0_write_assig_fu_402_p2   |    or    |      0|  0|   2|           1|           1|
    |isEle_10_write_assi_fu_2302_p2  |    or    |      0|  0|   2|           1|           1|
    |isEle_11_write_assi_fu_2492_p2  |    or    |      0|  0|   2|           1|           1|
    |isEle_12_write_assi_fu_2682_p2  |    or    |      0|  0|   2|           1|           1|
    |isEle_13_write_assi_fu_2872_p2  |    or    |      0|  0|   2|           1|           1|
    |isEle_1_write_assig_fu_592_p2   |    or    |      0|  0|   2|           1|           1|
    |isEle_2_write_assig_fu_782_p2   |    or    |      0|  0|   2|           1|           1|
    |isEle_3_write_assig_fu_972_p2   |    or    |      0|  0|   2|           1|           1|
    |isEle_4_write_assig_fu_1162_p2  |    or    |      0|  0|   2|           1|           1|
    |isEle_5_write_assig_fu_1352_p2  |    or    |      0|  0|   2|           1|           1|
    |isEle_6_write_assig_fu_1542_p2  |    or    |      0|  0|   2|           1|           1|
    |isEle_7_write_assig_fu_1732_p2  |    or    |      0|  0|   2|           1|           1|
    |isEle_8_write_assig_fu_1922_p2  |    or    |      0|  0|   2|           1|           1|
    |isEle_9_write_assig_fu_2112_p2  |    or    |      0|  0|   2|           1|           1|
    |tmp100_fu_2676_p2               |    or    |      0|  0|   2|           1|           1|
    |tmp101_fu_2658_p2               |    or    |      0|  0|   2|           1|           1|
    |tmp102_fu_2670_p2               |    or    |      0|  0|   2|           1|           1|
    |tmp103_fu_2664_p2               |    or    |      0|  0|   2|           1|           1|
    |tmp104_fu_2842_p2               |    or    |      0|  0|   2|           1|           1|
    |tmp105_fu_2824_p2               |    or    |      0|  0|   2|           1|           1|
    |tmp106_fu_2836_p2               |    or    |      0|  0|   2|           1|           1|
    |tmp107_fu_2830_p2               |    or    |      0|  0|   2|           1|           1|
    |tmp108_fu_2866_p2               |    or    |      0|  0|   2|           1|           1|
    |tmp109_fu_2848_p2               |    or    |      0|  0|   2|           1|           1|
    |tmp10_fu_556_p2                 |    or    |      0|  0|   2|           1|           1|
    |tmp110_fu_2860_p2               |    or    |      0|  0|   2|           1|           1|
    |tmp111_fu_2854_p2               |    or    |      0|  0|   2|           1|           1|
    |tmp11_fu_550_p2                 |    or    |      0|  0|   2|           1|           1|
    |tmp12_fu_586_p2                 |    or    |      0|  0|   2|           1|           1|
    |tmp13_fu_568_p2                 |    or    |      0|  0|   2|           1|           1|
    |tmp14_fu_580_p2                 |    or    |      0|  0|   2|           1|           1|
    |tmp15_fu_574_p2                 |    or    |      0|  0|   2|           1|           1|
    |tmp16_fu_752_p2                 |    or    |      0|  0|   2|           1|           1|
    |tmp17_fu_734_p2                 |    or    |      0|  0|   2|           1|           1|
    |tmp18_fu_746_p2                 |    or    |      0|  0|   2|           1|           1|
    |tmp19_fu_740_p2                 |    or    |      0|  0|   2|           1|           1|
    |tmp1_fu_354_p2                  |    or    |      0|  0|   2|           1|           1|
    |tmp20_fu_776_p2                 |    or    |      0|  0|   2|           1|           1|
    |tmp21_fu_758_p2                 |    or    |      0|  0|   2|           1|           1|
    |tmp22_fu_770_p2                 |    or    |      0|  0|   2|           1|           1|
    |tmp23_fu_764_p2                 |    or    |      0|  0|   2|           1|           1|
    |tmp24_fu_942_p2                 |    or    |      0|  0|   2|           1|           1|
    |tmp25_fu_924_p2                 |    or    |      0|  0|   2|           1|           1|
    |tmp26_fu_936_p2                 |    or    |      0|  0|   2|           1|           1|
    |tmp27_fu_930_p2                 |    or    |      0|  0|   2|           1|           1|
    |tmp28_fu_966_p2                 |    or    |      0|  0|   2|           1|           1|
    |tmp29_fu_948_p2                 |    or    |      0|  0|   2|           1|           1|
    |tmp2_fu_366_p2                  |    or    |      0|  0|   2|           1|           1|
    |tmp30_fu_960_p2                 |    or    |      0|  0|   2|           1|           1|
    |tmp31_fu_954_p2                 |    or    |      0|  0|   2|           1|           1|
    |tmp32_fu_1132_p2                |    or    |      0|  0|   2|           1|           1|
    |tmp33_fu_1114_p2                |    or    |      0|  0|   2|           1|           1|
    |tmp34_fu_1126_p2                |    or    |      0|  0|   2|           1|           1|
    |tmp35_fu_1120_p2                |    or    |      0|  0|   2|           1|           1|
    |tmp36_fu_1156_p2                |    or    |      0|  0|   2|           1|           1|
    |tmp37_fu_1138_p2                |    or    |      0|  0|   2|           1|           1|
    |tmp38_fu_1150_p2                |    or    |      0|  0|   2|           1|           1|
    |tmp39_fu_1144_p2                |    or    |      0|  0|   2|           1|           1|
    |tmp3_fu_360_p2                  |    or    |      0|  0|   2|           1|           1|
    |tmp40_fu_1322_p2                |    or    |      0|  0|   2|           1|           1|
    |tmp41_fu_1304_p2                |    or    |      0|  0|   2|           1|           1|
    |tmp42_fu_1316_p2                |    or    |      0|  0|   2|           1|           1|
    |tmp43_fu_1310_p2                |    or    |      0|  0|   2|           1|           1|
    |tmp44_fu_1346_p2                |    or    |      0|  0|   2|           1|           1|
    |tmp45_fu_1328_p2                |    or    |      0|  0|   2|           1|           1|
    |tmp46_fu_1340_p2                |    or    |      0|  0|   2|           1|           1|
    |tmp47_fu_1334_p2                |    or    |      0|  0|   2|           1|           1|
    |tmp48_fu_1512_p2                |    or    |      0|  0|   2|           1|           1|
    |tmp49_fu_1494_p2                |    or    |      0|  0|   2|           1|           1|
    |tmp4_fu_396_p2                  |    or    |      0|  0|   2|           1|           1|
    |tmp50_fu_1506_p2                |    or    |      0|  0|   2|           1|           1|
    |tmp51_fu_1500_p2                |    or    |      0|  0|   2|           1|           1|
    |tmp52_fu_1536_p2                |    or    |      0|  0|   2|           1|           1|
    |tmp53_fu_1518_p2                |    or    |      0|  0|   2|           1|           1|
    |tmp54_fu_1530_p2                |    or    |      0|  0|   2|           1|           1|
    |tmp55_fu_1524_p2                |    or    |      0|  0|   2|           1|           1|
    |tmp56_fu_1702_p2                |    or    |      0|  0|   2|           1|           1|
    |tmp57_fu_1684_p2                |    or    |      0|  0|   2|           1|           1|
    |tmp58_fu_1696_p2                |    or    |      0|  0|   2|           1|           1|
    |tmp59_fu_1690_p2                |    or    |      0|  0|   2|           1|           1|
    |tmp5_fu_378_p2                  |    or    |      0|  0|   2|           1|           1|
    |tmp60_fu_1726_p2                |    or    |      0|  0|   2|           1|           1|
    |tmp61_fu_1708_p2                |    or    |      0|  0|   2|           1|           1|
    |tmp62_fu_1720_p2                |    or    |      0|  0|   2|           1|           1|
    |tmp63_fu_1714_p2                |    or    |      0|  0|   2|           1|           1|
    |tmp64_fu_1892_p2                |    or    |      0|  0|   2|           1|           1|
    |tmp65_fu_1874_p2                |    or    |      0|  0|   2|           1|           1|
    |tmp66_fu_1886_p2                |    or    |      0|  0|   2|           1|           1|
    |tmp67_fu_1880_p2                |    or    |      0|  0|   2|           1|           1|
    |tmp68_fu_1916_p2                |    or    |      0|  0|   2|           1|           1|
    |tmp69_fu_1898_p2                |    or    |      0|  0|   2|           1|           1|
    |tmp6_fu_390_p2                  |    or    |      0|  0|   2|           1|           1|
    |tmp70_fu_1910_p2                |    or    |      0|  0|   2|           1|           1|
    |tmp71_fu_1904_p2                |    or    |      0|  0|   2|           1|           1|
    |tmp72_fu_2082_p2                |    or    |      0|  0|   2|           1|           1|
    |tmp73_fu_2064_p2                |    or    |      0|  0|   2|           1|           1|
    |tmp74_fu_2076_p2                |    or    |      0|  0|   2|           1|           1|
    |tmp75_fu_2070_p2                |    or    |      0|  0|   2|           1|           1|
    |tmp76_fu_2106_p2                |    or    |      0|  0|   2|           1|           1|
    |tmp77_fu_2088_p2                |    or    |      0|  0|   2|           1|           1|
    |tmp78_fu_2100_p2                |    or    |      0|  0|   2|           1|           1|
    |tmp79_fu_2094_p2                |    or    |      0|  0|   2|           1|           1|
    |tmp7_fu_384_p2                  |    or    |      0|  0|   2|           1|           1|
    |tmp80_fu_2272_p2                |    or    |      0|  0|   2|           1|           1|
    |tmp81_fu_2254_p2                |    or    |      0|  0|   2|           1|           1|
    |tmp82_fu_2266_p2                |    or    |      0|  0|   2|           1|           1|
    |tmp83_fu_2260_p2                |    or    |      0|  0|   2|           1|           1|
    |tmp84_fu_2296_p2                |    or    |      0|  0|   2|           1|           1|
    |tmp85_fu_2278_p2                |    or    |      0|  0|   2|           1|           1|
    |tmp86_fu_2290_p2                |    or    |      0|  0|   2|           1|           1|
    |tmp87_fu_2284_p2                |    or    |      0|  0|   2|           1|           1|
    |tmp88_fu_2462_p2                |    or    |      0|  0|   2|           1|           1|
    |tmp89_fu_2444_p2                |    or    |      0|  0|   2|           1|           1|
    |tmp8_fu_562_p2                  |    or    |      0|  0|   2|           1|           1|
    |tmp90_fu_2456_p2                |    or    |      0|  0|   2|           1|           1|
    |tmp91_fu_2450_p2                |    or    |      0|  0|   2|           1|           1|
    |tmp92_fu_2486_p2                |    or    |      0|  0|   2|           1|           1|
    |tmp93_fu_2468_p2                |    or    |      0|  0|   2|           1|           1|
    |tmp94_fu_2480_p2                |    or    |      0|  0|   2|           1|           1|
    |tmp95_fu_2474_p2                |    or    |      0|  0|   2|           1|           1|
    |tmp96_fu_2652_p2                |    or    |      0|  0|   2|           1|           1|
    |tmp97_fu_2634_p2                |    or    |      0|  0|   2|           1|           1|
    |tmp98_fu_2646_p2                |    or    |      0|  0|   2|           1|           1|
    |tmp99_fu_2640_p2                |    or    |      0|  0|   2|           1|           1|
    |tmp9_fu_544_p2                  |    or    |      0|  0|   2|           1|           1|
    |tmp_fu_372_p2                   |    or    |      0|  0|   2|           1|           1|
    +--------------------------------+----------+-------+---+----+------------+------------+
    |Total                           |          |      0|  0| 532|         266|         266|
    +--------------------------------+----------+-------+---+----+------------+------------+

    * Multiplexer: 
    N/A

    * Register: 
    N/A



================================================================
== Interface
================================================================
* Summary: 
+----------------------+-----+-----+------------+----------------------+--------------+
|       RTL Ports      | Dir | Bits|  Protocol  |     Source Object    |    C Type    |
+----------------------+-----+-----+------------+----------------------+--------------+
|ap_ready              | out |    1| ap_ctrl_hs |     tk2em_elealgo    | return value |
|ap_return_0           | out |    1| ap_ctrl_hs |     tk2em_elealgo    | return value |
|ap_return_1           | out |    1| ap_ctrl_hs |     tk2em_elealgo    | return value |
|ap_return_2           | out |    1| ap_ctrl_hs |     tk2em_elealgo    | return value |
|ap_return_3           | out |    1| ap_ctrl_hs |     tk2em_elealgo    | return value |
|ap_return_4           | out |    1| ap_ctrl_hs |     tk2em_elealgo    | return value |
|ap_return_5           | out |    1| ap_ctrl_hs |     tk2em_elealgo    | return value |
|ap_return_6           | out |    1| ap_ctrl_hs |     tk2em_elealgo    | return value |
|ap_return_7           | out |    1| ap_ctrl_hs |     tk2em_elealgo    | return value |
|ap_return_8           | out |    1| ap_ctrl_hs |     tk2em_elealgo    | return value |
|ap_return_9           | out |    1| ap_ctrl_hs |     tk2em_elealgo    | return value |
|ap_return_10          | out |    1| ap_ctrl_hs |     tk2em_elealgo    | return value |
|ap_return_11          | out |    1| ap_ctrl_hs |     tk2em_elealgo    | return value |
|ap_return_12          | out |    1| ap_ctrl_hs |     tk2em_elealgo    | return value |
|ap_return_13          | out |    1| ap_ctrl_hs |     tk2em_elealgo    | return value |
|em_track_link_bit_0   |  in |   10|   ap_none  |  em_track_link_bit_0 |    scalar    |
|em_track_link_bit_1   |  in |   10|   ap_none  |  em_track_link_bit_1 |    scalar    |
|em_track_link_bit_2   |  in |   10|   ap_none  |  em_track_link_bit_2 |    scalar    |
|em_track_link_bit_3   |  in |   10|   ap_none  |  em_track_link_bit_3 |    scalar    |
|em_track_link_bit_4   |  in |   10|   ap_none  |  em_track_link_bit_4 |    scalar    |
|em_track_link_bit_5   |  in |   10|   ap_none  |  em_track_link_bit_5 |    scalar    |
|em_track_link_bit_6   |  in |   10|   ap_none  |  em_track_link_bit_6 |    scalar    |
|em_track_link_bit_7   |  in |   10|   ap_none  |  em_track_link_bit_7 |    scalar    |
|em_track_link_bit_8   |  in |   10|   ap_none  |  em_track_link_bit_8 |    scalar    |
|em_track_link_bit_9   |  in |   10|   ap_none  |  em_track_link_bit_9 |    scalar    |
|em_track_link_bit_10  |  in |   10|   ap_none  | em_track_link_bit_10 |    scalar    |
|em_track_link_bit_11  |  in |   10|   ap_none  | em_track_link_bit_11 |    scalar    |
|em_track_link_bit_12  |  in |   10|   ap_none  | em_track_link_bit_12 |    scalar    |
|em_track_link_bit_13  |  in |   10|   ap_none  | em_track_link_bit_13 |    scalar    |
|isEM_0_read           |  in |    1|   ap_none  |      isEM_0_read     |    scalar    |
|isEM_1_read           |  in |    1|   ap_none  |      isEM_1_read     |    scalar    |
|isEM_2_read           |  in |    1|   ap_none  |      isEM_2_read     |    scalar    |
|isEM_3_read           |  in |    1|   ap_none  |      isEM_3_read     |    scalar    |
|isEM_4_read           |  in |    1|   ap_none  |      isEM_4_read     |    scalar    |
|isEM_5_read           |  in |    1|   ap_none  |      isEM_5_read     |    scalar    |
|isEM_6_read           |  in |    1|   ap_none  |      isEM_6_read     |    scalar    |
|isEM_7_read           |  in |    1|   ap_none  |      isEM_7_read     |    scalar    |
|isEM_8_read           |  in |    1|   ap_none  |      isEM_8_read     |    scalar    |
|isEM_9_read           |  in |    1|   ap_none  |      isEM_9_read     |    scalar    |
+----------------------+-----+-----+------------+----------------------+--------------+

