

================================================================
== Vivado HLS Report for 'tk2em_emalgo'
================================================================
* Date:           Wed Oct  2 15:13:35 2019

* Version:        2018.2 (Build 2258646 on Thu Jun 14 20:25:20 MDT 2018)
* Project:        l1pfpuppi-ku15p-II2-360MHz
* Solution:       solution
* Product family: kintexuplus
* Target device:  xcku15p-ffva1760-2-e


================================================================
== Performance Estimates
================================================================
+ Timing (ns): 
    * Summary: 
    +--------+-------+----------+------------+
    |  Clock | Target| Estimated| Uncertainty|
    +--------+-------+----------+------------+
    |ap_clk  |   2.70|     2.533|        1.50|
    +--------+-------+----------+------------+

+ Latency (clock cycles): 
    * Summary: 
    +-----+-----+-----+-----+----------+
    |  Latency  |  Interval | Pipeline |
    | min | max | min | max |   Type   |
    +-----+-----+-----+-----+----------+
    |    3|    3|    2|    2| function |
    +-----+-----+-----+-----+----------+

    + Detail: 
        * Instance: 
        N/A

        * Loop: 
        N/A



================================================================
== Utilization Estimates
================================================================
* Summary: 
+-----------------+---------+-------+---------+--------+-----+
|       Name      | BRAM_18K| DSP48E|    FF   |   LUT  | URAM|
+-----------------+---------+-------+---------+--------+-----+
|DSP              |        -|     20|        -|       -|    -|
|Expression       |        -|      -|        0|    2084|    -|
|FIFO             |        -|      -|        -|       -|    -|
|Instance         |        -|      -|        -|       -|    -|
|Memory           |        -|      -|        -|       -|    -|
|Multiplexer      |        -|      -|        -|      24|    -|
|Register         |        -|      -|     1684|       -|    -|
+-----------------+---------+-------+---------+--------+-----+
|Total            |        0|     20|     1684|    2108|    0|
+-----------------+---------+-------+---------+--------+-----+
|Available        |     1968|   1968|  1045440|  522720|  128|
+-----------------+---------+-------+---------+--------+-----+
|Utilization (%)  |        0|      1|    ~0   |   ~0   |    0|
+-----------------+---------+-------+---------+--------+-----+

+ Detail: 
    * Instance: 
    N/A

    * DSP48: 
    +---------------------------+----------------------+-----------+
    |          Instance         |        Module        | Expression|
    +---------------------------+----------------------+-----------+
    |mp7wrapped_pfalgofYi_U504  |mp7wrapped_pfalgofYi  |  i0 * i0  |
    |mp7wrapped_pfalgofYi_U505  |mp7wrapped_pfalgofYi  |  i0 * i0  |
    |mp7wrapped_pfalgofYi_U506  |mp7wrapped_pfalgofYi  |  i0 * i0  |
    |mp7wrapped_pfalgofYi_U507  |mp7wrapped_pfalgofYi  |  i0 * i0  |
    |mp7wrapped_pfalgofYi_U508  |mp7wrapped_pfalgofYi  |  i0 * i0  |
    |mp7wrapped_pfalgofYi_U509  |mp7wrapped_pfalgofYi  |  i0 * i0  |
    |mp7wrapped_pfalgofYi_U510  |mp7wrapped_pfalgofYi  |  i0 * i0  |
    |mp7wrapped_pfalgofYi_U511  |mp7wrapped_pfalgofYi  |  i0 * i0  |
    |mp7wrapped_pfalgofYi_U512  |mp7wrapped_pfalgofYi  |  i0 * i0  |
    |mp7wrapped_pfalgofYi_U513  |mp7wrapped_pfalgofYi  |  i0 * i0  |
    |mp7wrapped_pfalgofYi_U514  |mp7wrapped_pfalgofYi  |  i0 * i0  |
    |mp7wrapped_pfalgofYi_U515  |mp7wrapped_pfalgofYi  |  i0 * i0  |
    |mp7wrapped_pfalgofYi_U516  |mp7wrapped_pfalgofYi  |  i0 * i0  |
    |mp7wrapped_pfalgofYi_U517  |mp7wrapped_pfalgofYi  |  i0 * i0  |
    |mp7wrapped_pfalgofYi_U518  |mp7wrapped_pfalgofYi  |  i0 * i0  |
    |mp7wrapped_pfalgofYi_U519  |mp7wrapped_pfalgofYi  |  i0 * i0  |
    |mp7wrapped_pfalgofYi_U520  |mp7wrapped_pfalgofYi  |  i0 * i0  |
    |mp7wrapped_pfalgofYi_U521  |mp7wrapped_pfalgofYi  |  i0 * i0  |
    |mp7wrapped_pfalgofYi_U522  |mp7wrapped_pfalgofYi  |  i0 * i0  |
    |mp7wrapped_pfalgofYi_U523  |mp7wrapped_pfalgofYi  |  i0 * i0  |
    +---------------------------+----------------------+-----------+

    * Memory: 
    N/A

    * FIFO: 
    N/A

    * Expression: 
    +---------------------------------+----------+-------+---+----+------------+------------+
    |          Variable Name          | Operation| DSP48E| FF| LUT| Bitwidth P0| Bitwidth P1|
    +---------------------------------+----------+-------+---+----+------------+------------+
    |sigma2Hi_1_fu_541_p2             |     +    |      0|  0|  39|          32|          32|
    |sigma2Hi_2_fu_562_p2             |     +    |      0|  0|  39|          32|          32|
    |sigma2Hi_3_fu_583_p2             |     +    |      0|  0|  39|          32|          32|
    |sigma2Hi_4_fu_604_p2             |     +    |      0|  0|  39|          32|          32|
    |sigma2Hi_5_fu_625_p2             |     +    |      0|  0|  39|          32|          32|
    |sigma2Hi_6_fu_646_p2             |     +    |      0|  0|  39|          32|          32|
    |sigma2Hi_7_fu_667_p2             |     +    |      0|  0|  39|          32|          32|
    |sigma2Hi_8_fu_688_p2             |     +    |      0|  0|  39|          32|          32|
    |sigma2Hi_9_fu_709_p2             |     +    |      0|  0|  39|          32|          32|
    |sigma2Hi_fu_520_p2               |     +    |      0|  0|  39|          32|          32|
    |ptdiff_V_1_fu_294_p2             |     -    |      0|  0|  23|          16|          16|
    |ptdiff_V_2_fu_318_p2             |     -    |      0|  0|  23|          16|          16|
    |ptdiff_V_3_fu_342_p2             |     -    |      0|  0|  23|          16|          16|
    |ptdiff_V_4_fu_366_p2             |     -    |      0|  0|  23|          16|          16|
    |ptdiff_V_5_fu_390_p2             |     -    |      0|  0|  23|          16|          16|
    |ptdiff_V_6_fu_414_p2             |     -    |      0|  0|  23|          16|          16|
    |ptdiff_V_7_fu_438_p2             |     -    |      0|  0|  23|          16|          16|
    |ptdiff_V_8_fu_462_p2             |     -    |      0|  0|  23|          16|          16|
    |ptdiff_V_9_fu_486_p2             |     -    |      0|  0|  23|          16|          16|
    |ptdiff_V_fu_270_p2               |     -    |      0|  0|  23|          16|          16|
    |ap_block_pp0_stage0_11001        |    and   |      0|  0|   2|           1|           1|
    |or_cond1_1_fu_1040_p2            |    and   |      0|  0|   2|           1|           1|
    |or_cond1_2_fu_1119_p2            |    and   |      0|  0|   2|           1|           1|
    |or_cond1_3_fu_1198_p2            |    and   |      0|  0|   2|           1|           1|
    |or_cond1_4_fu_1277_p2            |    and   |      0|  0|   2|           1|           1|
    |or_cond1_5_fu_1356_p2            |    and   |      0|  0|   2|           1|           1|
    |or_cond1_6_fu_1435_p2            |    and   |      0|  0|   2|           1|           1|
    |or_cond1_7_fu_1514_p2            |    and   |      0|  0|   2|           1|           1|
    |or_cond1_8_fu_1593_p2            |    and   |      0|  0|   2|           1|           1|
    |or_cond1_9_fu_1672_p2            |    and   |      0|  0|   2|           1|           1|
    |or_cond1_fu_961_p2               |    and   |      0|  0|   2|           1|           1|
    |sel_tmp11_fu_1414_p2             |    and   |      0|  0|   2|           1|           1|
    |sel_tmp13_fu_1493_p2             |    and   |      0|  0|   2|           1|           1|
    |sel_tmp15_fu_1572_p2             |    and   |      0|  0|   2|           1|           1|
    |sel_tmp17_fu_1651_p2             |    and   |      0|  0|   2|           1|           1|
    |sel_tmp19_fu_1730_p2             |    and   |      0|  0|   2|           1|           1|
    |sel_tmp2_fu_1072_p2              |    and   |      0|  0|   2|           1|           1|
    |sel_tmp4_fu_993_p2               |    and   |      0|  0|   2|           1|           1|
    |sel_tmp5_fu_1151_p2              |    and   |      0|  0|   2|           1|           1|
    |sel_tmp7_fu_1256_p2              |    and   |      0|  0|   2|           1|           1|
    |sel_tmp9_fu_1335_p2              |    and   |      0|  0|   2|           1|           1|
    |tmp_10_fu_733_p2                 |   icmp   |      0|  0|  13|          16|           1|
    |tmp_16_1_fu_743_p2               |   icmp   |      0|  0|  13|          16|           1|
    |tmp_16_2_fu_767_p2               |   icmp   |      0|  0|  13|          16|           1|
    |tmp_16_3_fu_791_p2               |   icmp   |      0|  0|  13|          16|           1|
    |tmp_16_4_fu_815_p2               |   icmp   |      0|  0|  13|          16|           1|
    |tmp_16_5_fu_839_p2               |   icmp   |      0|  0|  13|          16|           1|
    |tmp_16_6_fu_863_p2               |   icmp   |      0|  0|  13|          16|           1|
    |tmp_16_7_fu_887_p2               |   icmp   |      0|  0|  13|          16|           1|
    |tmp_16_8_fu_911_p2               |   icmp   |      0|  0|  13|          16|           1|
    |tmp_16_9_fu_935_p2               |   icmp   |      0|  0|  13|          16|           1|
    |tmp_17_1_fu_748_p2               |   icmp   |      0|  0|  20|          32|          32|
    |tmp_17_2_fu_772_p2               |   icmp   |      0|  0|  20|          32|          32|
    |tmp_17_3_fu_796_p2               |   icmp   |      0|  0|  20|          32|          32|
    |tmp_17_4_fu_820_p2               |   icmp   |      0|  0|  20|          32|          32|
    |tmp_17_5_fu_844_p2               |   icmp   |      0|  0|  20|          32|          32|
    |tmp_17_6_fu_868_p2               |   icmp   |      0|  0|  20|          32|          32|
    |tmp_17_7_fu_892_p2               |   icmp   |      0|  0|  20|          32|          32|
    |tmp_17_8_fu_916_p2               |   icmp   |      0|  0|  20|          32|          32|
    |tmp_17_9_fu_940_p2               |   icmp   |      0|  0|  20|          32|          32|
    |tmp_19_1_fu_752_p2               |   icmp   |      0|  0|  20|          32|          32|
    |tmp_19_2_fu_776_p2               |   icmp   |      0|  0|  20|          32|          32|
    |tmp_19_3_fu_800_p2               |   icmp   |      0|  0|  20|          32|          32|
    |tmp_19_4_fu_824_p2               |   icmp   |      0|  0|  20|          32|          32|
    |tmp_19_5_fu_848_p2               |   icmp   |      0|  0|  20|          32|          32|
    |tmp_19_6_fu_872_p2               |   icmp   |      0|  0|  20|          32|          32|
    |tmp_19_7_fu_896_p2               |   icmp   |      0|  0|  20|          32|          32|
    |tmp_19_8_fu_920_p2               |   icmp   |      0|  0|  20|          32|          32|
    |tmp_19_9_fu_944_p2               |   icmp   |      0|  0|  20|          32|          32|
    |tmp_1_14_fu_288_p2               |   icmp   |      0|  0|  13|          16|           1|
    |tmp_20_1_fu_757_p2               |   icmp   |      0|  0|  13|          16|           1|
    |tmp_20_2_fu_781_p2               |   icmp   |      0|  0|  13|          16|           1|
    |tmp_20_3_fu_805_p2               |   icmp   |      0|  0|  13|          16|           1|
    |tmp_20_4_fu_829_p2               |   icmp   |      0|  0|  13|          16|           1|
    |tmp_20_5_fu_853_p2               |   icmp   |      0|  0|  13|          16|           1|
    |tmp_20_6_fu_877_p2               |   icmp   |      0|  0|  13|          16|           1|
    |tmp_20_7_fu_901_p2               |   icmp   |      0|  0|  13|          16|           1|
    |tmp_20_8_fu_925_p2               |   icmp   |      0|  0|  13|          16|           1|
    |tmp_20_9_fu_949_p2               |   icmp   |      0|  0|  13|          16|           1|
    |tmp_2_15_fu_312_p2               |   icmp   |      0|  0|  13|          16|           1|
    |tmp_3_16_fu_336_p2               |   icmp   |      0|  0|  13|          16|           1|
    |tmp_4_17_fu_360_p2               |   icmp   |      0|  0|  13|          16|           1|
    |tmp_4_fu_719_p2                  |   icmp   |      0|  0|  13|          16|           1|
    |tmp_5_18_fu_384_p2               |   icmp   |      0|  0|  13|          16|           1|
    |tmp_6_19_fu_408_p2               |   icmp   |      0|  0|  13|          16|           1|
    |tmp_6_fu_724_p2                  |   icmp   |      0|  0|  20|          32|          32|
    |tmp_7_20_fu_432_p2               |   icmp   |      0|  0|  13|          16|           1|
    |tmp_8_21_fu_456_p2               |   icmp   |      0|  0|  13|          16|           1|
    |tmp_8_fu_728_p2                  |   icmp   |      0|  0|  20|          32|          32|
    |tmp_9_22_fu_480_p2               |   icmp   |      0|  0|  13|          16|           1|
    |tmp_s_fu_264_p2                  |   icmp   |      0|  0|  13|          16|           1|
    |isEM_0_write_assign_fu_1027_p2   |    or    |      0|  0|   2|           1|           1|
    |isEM_1_write_assign_fu_1106_p2   |    or    |      0|  0|   2|           1|           1|
    |isEM_2_write_assign_fu_1185_p2   |    or    |      0|  0|   2|           1|           1|
    |isEM_3_write_assign_fu_1233_p2   |    or    |      0|  0|   2|           1|           1|
    |isEM_4_write_assign_fu_1312_p2   |    or    |      0|  0|   2|           1|           1|
    |isEM_5_write_assign_fu_1391_p2   |    or    |      0|  0|   2|           1|           1|
    |isEM_6_write_assign_fu_1470_p2   |    or    |      0|  0|   2|           1|           1|
    |isEM_7_write_assign_fu_1549_p2   |    or    |      0|  0|   2|           1|           1|
    |isEM_8_write_assign_fu_1628_p2   |    or    |      0|  0|   2|           1|           1|
    |isEM_9_write_assign_fu_1707_p2   |    or    |      0|  0|   2|           1|           1|
    |or_cond_1_fu_1036_p2             |    or    |      0|  0|   2|           1|           1|
    |or_cond_1_not_demorg_fu_1086_p2  |    or    |      0|  0|   2|           1|           1|
    |or_cond_2_fu_1115_p2             |    or    |      0|  0|   2|           1|           1|
    |or_cond_2_not_demorg_fu_1165_p2  |    or    |      0|  0|   2|           1|           1|
    |or_cond_3_fu_1194_p2             |    or    |      0|  0|   2|           1|           1|
    |or_cond_3_not_demorg_fu_1213_p2  |    or    |      0|  0|   2|           1|           1|
    |or_cond_4_fu_1273_p2             |    or    |      0|  0|   2|           1|           1|
    |or_cond_4_not_demorg_fu_1292_p2  |    or    |      0|  0|   2|           1|           1|
    |or_cond_5_fu_1352_p2             |    or    |      0|  0|   2|           1|           1|
    |or_cond_5_not_demorg_fu_1371_p2  |    or    |      0|  0|   2|           1|           1|
    |or_cond_6_fu_1431_p2             |    or    |      0|  0|   2|           1|           1|
    |or_cond_6_not_demorg_fu_1450_p2  |    or    |      0|  0|   2|           1|           1|
    |or_cond_7_fu_1510_p2             |    or    |      0|  0|   2|           1|           1|
    |or_cond_7_not_demorg_fu_1529_p2  |    or    |      0|  0|   2|           1|           1|
    |or_cond_8_fu_1589_p2             |    or    |      0|  0|   2|           1|           1|
    |or_cond_8_not_demorg_fu_1608_p2  |    or    |      0|  0|   2|           1|           1|
    |or_cond_9_fu_1668_p2             |    or    |      0|  0|   2|           1|           1|
    |or_cond_9_not_demorg_fu_1687_p2  |    or    |      0|  0|   2|           1|           1|
    |or_cond_fu_957_p2                |    or    |      0|  0|   2|           1|           1|
    |or_cond_not_demorgan_fu_1007_p2  |    or    |      0|  0|   2|           1|           1|
    |tmp10_fu_1223_p2                 |    or    |      0|  0|   2|           1|           1|
    |tmp11_fu_1228_p2                 |    or    |      0|  0|   2|           1|           1|
    |tmp120_demorgan_fu_982_p2        |    or    |      0|  0|   2|           1|           1|
    |tmp123_demorgan_fu_1061_p2       |    or    |      0|  0|   2|           1|           1|
    |tmp126_demorgan_fu_1140_p2       |    or    |      0|  0|   2|           1|           1|
    |tmp131_demorgan_fu_1245_p2       |    or    |      0|  0|   2|           1|           1|
    |tmp134_demorgan_fu_1324_p2       |    or    |      0|  0|   2|           1|           1|
    |tmp137_demorgan_fu_1403_p2       |    or    |      0|  0|   2|           1|           1|
    |tmp13_fu_1302_p2                 |    or    |      0|  0|   2|           1|           1|
    |tmp140_demorgan_fu_1482_p2       |    or    |      0|  0|   2|           1|           1|
    |tmp143_demorgan_fu_1561_p2       |    or    |      0|  0|   2|           1|           1|
    |tmp146_demorgan_fu_1640_p2       |    or    |      0|  0|   2|           1|           1|
    |tmp149_demorgan_fu_1719_p2       |    or    |      0|  0|   2|           1|           1|
    |tmp14_fu_1307_p2                 |    or    |      0|  0|   2|           1|           1|
    |tmp16_fu_1381_p2                 |    or    |      0|  0|   2|           1|           1|
    |tmp17_fu_1386_p2                 |    or    |      0|  0|   2|           1|           1|
    |tmp19_fu_1460_p2                 |    or    |      0|  0|   2|           1|           1|
    |tmp20_fu_1465_p2                 |    or    |      0|  0|   2|           1|           1|
    |tmp22_fu_1539_p2                 |    or    |      0|  0|   2|           1|           1|
    |tmp23_fu_1544_p2                 |    or    |      0|  0|   2|           1|           1|
    |tmp25_fu_1618_p2                 |    or    |      0|  0|   2|           1|           1|
    |tmp26_fu_1623_p2                 |    or    |      0|  0|   2|           1|           1|
    |tmp28_fu_1697_p2                 |    or    |      0|  0|   2|           1|           1|
    |tmp29_fu_1702_p2                 |    or    |      0|  0|   2|           1|           1|
    |tmp2_fu_1017_p2                  |    or    |      0|  0|   2|           1|           1|
    |tmp3_fu_1022_p2                  |    or    |      0|  0|   2|           1|           1|
    |tmp5_fu_1096_p2                  |    or    |      0|  0|   2|           1|           1|
    |tmp6_fu_1101_p2                  |    or    |      0|  0|   2|           1|           1|
    |tmp8_fu_1175_p2                  |    or    |      0|  0|   2|           1|           1|
    |tmp9_fu_1180_p2                  |    or    |      0|  0|   2|           1|           1|
    |photonPt_0_V_write_s_fu_999_p3   |  select  |      0|  0|  16|           1|          16|
    |photonPt_1_V_write_s_fu_1078_p3  |  select  |      0|  0|  16|           1|          16|
    |photonPt_2_V_write_s_fu_1157_p3  |  select  |      0|  0|  16|           1|          16|
    |photonPt_3_V_write_s_fu_1262_p3  |  select  |      0|  0|  16|           1|          16|
    |photonPt_4_V_write_s_fu_1341_p3  |  select  |      0|  0|  16|           1|          16|
    |photonPt_5_V_write_s_fu_1420_p3  |  select  |      0|  0|  16|           1|          16|
    |photonPt_6_V_write_s_fu_1499_p3  |  select  |      0|  0|  16|           1|          16|
    |photonPt_7_V_write_s_fu_1578_p3  |  select  |      0|  0|  16|           1|          16|
    |photonPt_8_V_write_s_fu_1657_p3  |  select  |      0|  0|  16|           1|          16|
    |photonPt_9_V_write_s_fu_1736_p3  |  select  |      0|  0|  16|           1|          16|
    |sel_tmp10_fu_1397_p3             |  select  |      0|  0|  16|           1|          16|
    |sel_tmp12_fu_1476_p3             |  select  |      0|  0|  16|           1|          16|
    |sel_tmp14_fu_1555_p3             |  select  |      0|  0|  16|           1|          16|
    |sel_tmp16_fu_1634_p3             |  select  |      0|  0|  16|           1|          16|
    |sel_tmp18_fu_1713_p3             |  select  |      0|  0|  16|           1|          16|
    |sel_tmp1_fu_1055_p3              |  select  |      0|  0|  16|           1|          16|
    |sel_tmp3_fu_1134_p3              |  select  |      0|  0|  16|           1|          16|
    |sel_tmp6_fu_1239_p3              |  select  |      0|  0|  16|           1|          16|
    |sel_tmp8_fu_1318_p3              |  select  |      0|  0|  16|           1|          16|
    |sel_tmp_fu_976_p3                |  select  |      0|  0|  16|           1|          16|
    |storemerge1_fu_1044_p3           |  select  |      0|  0|  15|           1|          15|
    |storemerge2_fu_1123_p3           |  select  |      0|  0|  15|           1|          15|
    |storemerge3_fu_1202_p3           |  select  |      0|  0|  15|           1|          15|
    |storemerge4_fu_1281_p3           |  select  |      0|  0|  15|           1|          15|
    |storemerge5_fu_1360_p3           |  select  |      0|  0|  15|           1|          15|
    |storemerge6_fu_1439_p3           |  select  |      0|  0|  15|           1|          15|
    |storemerge7_fu_1518_p3           |  select  |      0|  0|  15|           1|          15|
    |storemerge8_fu_1597_p3           |  select  |      0|  0|  15|           1|          15|
    |storemerge9_fu_1676_p3           |  select  |      0|  0|  15|           1|          15|
    |storemerge_fu_965_p3             |  select  |      0|  0|  15|           1|          15|
    |ap_enable_pp0                    |    xor   |      0|  0|   2|           1|           2|
    |or_cond_1_not_fu_1090_p2         |    xor   |      0|  0|   2|           1|           2|
    |or_cond_2_not_fu_1169_p2         |    xor   |      0|  0|   2|           1|           2|
    |or_cond_3_not_fu_1217_p2         |    xor   |      0|  0|   2|           1|           2|
    |or_cond_4_not_fu_1296_p2         |    xor   |      0|  0|   2|           1|           2|
    |or_cond_5_not_fu_1375_p2         |    xor   |      0|  0|   2|           1|           2|
    |or_cond_6_not_fu_1454_p2         |    xor   |      0|  0|   2|           1|           2|
    |or_cond_7_not_fu_1533_p2         |    xor   |      0|  0|   2|           1|           2|
    |or_cond_8_not_fu_1612_p2         |    xor   |      0|  0|   2|           1|           2|
    |or_cond_9_not_fu_1691_p2         |    xor   |      0|  0|   2|           1|           2|
    |or_cond_not_fu_1011_p2           |    xor   |      0|  0|   2|           1|           2|
    |tmp12_fu_1250_p2                 |    xor   |      0|  0|   2|           1|           2|
    |tmp15_fu_1329_p2                 |    xor   |      0|  0|   2|           1|           2|
    |tmp18_fu_1408_p2                 |    xor   |      0|  0|   2|           1|           2|
    |tmp1_fu_987_p2                   |    xor   |      0|  0|   2|           1|           2|
    |tmp21_fu_1487_p2                 |    xor   |      0|  0|   2|           1|           2|
    |tmp24_fu_1566_p2                 |    xor   |      0|  0|   2|           1|           2|
    |tmp27_fu_1645_p2                 |    xor   |      0|  0|   2|           1|           2|
    |tmp30_fu_1724_p2                 |    xor   |      0|  0|   2|           1|           2|
    |tmp4_fu_1066_p2                  |    xor   |      0|  0|   2|           1|           2|
    |tmp7_fu_1145_p2                  |    xor   |      0|  0|   2|           1|           2|
    +---------------------------------+----------+-------+---+----+------------+------------+
    |Total                            |          |      0|  0|2084|        1732|        1743|
    +---------------------------------+----------+-------+---+----+------------+------------+

    * Multiplexer: 
    +-------------------------+----+-----------+-----+-----------+
    |           Name          | LUT| Input Size| Bits| Total Bits|
    +-------------------------+----+-----------+-----+-----------+
    |ap_NS_fsm                |  15|          3|    1|          3|
    |ap_enable_reg_pp0_iter0  |   9|          2|    1|          2|
    +-------------------------+----+-----------+-----+-----------+
    |Total                    |  24|          5|    2|          5|
    +-------------------------+----+-----------+-----+-----------+

    * Register: 
    +---------------------------------------------+----+----+-----+-----------+
    |                     Name                    | FF | LUT| Bits| Const Bits|
    +---------------------------------------------+----+----+-----+-----------+
    |ap_CS_fsm                                    |   2|   0|    2|          0|
    |ap_enable_reg_pp0_iter0_reg                  |   1|   0|    1|          0|
    |ap_enable_reg_pp0_iter1                      |   1|   0|    1|          0|
    |calo_0_hwPt_V_read_1_reg_2029                |  16|   0|   16|          0|
    |calo_0_hwPt_V_read_1_reg_2029_pp0_iter1_reg  |  16|   0|   16|          0|
    |calo_1_hwPt_V_read_1_reg_2024                |  16|   0|   16|          0|
    |calo_1_hwPt_V_read_1_reg_2024_pp0_iter1_reg  |  16|   0|   16|          0|
    |calo_2_hwPt_V_read_1_reg_2019                |  16|   0|   16|          0|
    |calo_2_hwPt_V_read_1_reg_2019_pp0_iter1_reg  |  16|   0|   16|          0|
    |calo_3_hwPt_V_read_1_reg_2014                |  16|   0|   16|          0|
    |calo_3_hwPt_V_read_1_reg_2014_pp0_iter1_reg  |  16|   0|   16|          0|
    |calo_4_hwPt_V_read_1_reg_2009                |  16|   0|   16|          0|
    |calo_4_hwPt_V_read_1_reg_2009_pp0_iter1_reg  |  16|   0|   16|          0|
    |calo_5_hwPt_V_read_1_reg_2004                |  16|   0|   16|          0|
    |calo_5_hwPt_V_read_1_reg_2004_pp0_iter1_reg  |  16|   0|   16|          0|
    |calo_6_hwPt_V_read_1_reg_1999                |  16|   0|   16|          0|
    |calo_6_hwPt_V_read_1_reg_1999_pp0_iter1_reg  |  16|   0|   16|          0|
    |calo_7_hwPt_V_read_1_reg_1994                |  16|   0|   16|          0|
    |calo_7_hwPt_V_read_1_reg_1994_pp0_iter1_reg  |  16|   0|   16|          0|
    |calo_8_hwPt_V_read_1_reg_1989                |  16|   0|   16|          0|
    |calo_8_hwPt_V_read_1_reg_1989_pp0_iter1_reg  |  16|   0|   16|          0|
    |calo_9_hwPt_V_read_1_reg_1984                |  16|   0|   16|          0|
    |calo_9_hwPt_V_read_1_reg_1984_pp0_iter1_reg  |  16|   0|   16|          0|
    |ptdiff_V_1_reg_2068                          |  16|   0|   16|          0|
    |ptdiff_V_1_reg_2068_pp0_iter1_reg            |  16|   0|   16|          0|
    |ptdiff_V_2_reg_2095                          |  16|   0|   16|          0|
    |ptdiff_V_2_reg_2095_pp0_iter1_reg            |  16|   0|   16|          0|
    |ptdiff_V_3_reg_2122                          |  16|   0|   16|          0|
    |ptdiff_V_3_reg_2122_pp0_iter1_reg            |  16|   0|   16|          0|
    |ptdiff_V_4_reg_2149                          |  16|   0|   16|          0|
    |ptdiff_V_4_reg_2149_pp0_iter1_reg            |  16|   0|   16|          0|
    |ptdiff_V_5_reg_2176                          |  16|   0|   16|          0|
    |ptdiff_V_5_reg_2176_pp0_iter1_reg            |  16|   0|   16|          0|
    |ptdiff_V_6_reg_2203                          |  16|   0|   16|          0|
    |ptdiff_V_6_reg_2203_pp0_iter1_reg            |  16|   0|   16|          0|
    |ptdiff_V_7_reg_2230                          |  16|   0|   16|          0|
    |ptdiff_V_7_reg_2230_pp0_iter1_reg            |  16|   0|   16|          0|
    |ptdiff_V_8_reg_2257                          |  16|   0|   16|          0|
    |ptdiff_V_8_reg_2257_pp0_iter1_reg            |  16|   0|   16|          0|
    |ptdiff_V_9_reg_2284                          |  16|   0|   16|          0|
    |ptdiff_V_9_reg_2284_pp0_iter1_reg            |  16|   0|   16|          0|
    |ptdiff_V_reg_2041                            |  16|   0|   16|          0|
    |ptdiff_V_reg_2041_pp0_iter1_reg              |  16|   0|   16|          0|
    |r_V_1_1_reg_2076                             |  32|   0|   32|          0|
    |r_V_1_2_reg_2103                             |  32|   0|   32|          0|
    |r_V_1_3_reg_2130                             |  32|   0|   32|          0|
    |r_V_1_4_reg_2157                             |  32|   0|   32|          0|
    |r_V_1_5_reg_2184                             |  32|   0|   32|          0|
    |r_V_1_6_reg_2211                             |  32|   0|   32|          0|
    |r_V_1_7_reg_2238                             |  32|   0|   32|          0|
    |r_V_1_8_reg_2265                             |  32|   0|   32|          0|
    |r_V_1_9_reg_2292                             |  32|   0|   32|          0|
    |r_V_1_reg_2049                               |  32|   0|   32|          0|
    |r_V_2_reg_2326                               |  32|   0|   32|          0|
    |r_V_3_reg_2337                               |  32|   0|   32|          0|
    |r_V_4_reg_2348                               |  32|   0|   32|          0|
    |r_V_5_reg_2359                               |  32|   0|   32|          0|
    |r_V_6_reg_2370                               |  32|   0|   32|          0|
    |r_V_7_reg_2381                               |  32|   0|   32|          0|
    |r_V_8_reg_2392                               |  32|   0|   32|          0|
    |r_V_9_reg_2403                               |  32|   0|   32|          0|
    |r_V_reg_2304                                 |  32|   0|   32|          0|
    |r_V_s_reg_2315                               |  32|   0|   32|          0|
    |sigma2Hi_1_reg_2321                          |  32|   0|   32|          0|
    |sigma2Hi_2_reg_2332                          |  32|   0|   32|          0|
    |sigma2Hi_3_reg_2343                          |  32|   0|   32|          0|
    |sigma2Hi_4_reg_2354                          |  32|   0|   32|          0|
    |sigma2Hi_5_reg_2365                          |  32|   0|   32|          0|
    |sigma2Hi_6_reg_2376                          |  32|   0|   32|          0|
    |sigma2Hi_7_reg_2387                          |  32|   0|   32|          0|
    |sigma2Hi_8_reg_2398                          |  32|   0|   32|          0|
    |sigma2Hi_9_reg_2409                          |  32|   0|   32|          0|
    |sigma2Hi_reg_2310                            |  32|   0|   32|          0|
    |tmp_10_reg_2431                              |   1|   0|    1|          0|
    |tmp_141_reg_2056                             |   1|   0|    1|          0|
    |tmp_141_reg_2056_pp0_iter1_reg               |   1|   0|    1|          0|
    |tmp_144_reg_2083                             |   1|   0|    1|          0|
    |tmp_144_reg_2083_pp0_iter1_reg               |   1|   0|    1|          0|
    |tmp_147_reg_2110                             |   1|   0|    1|          0|
    |tmp_147_reg_2110_pp0_iter1_reg               |   1|   0|    1|          0|
    |tmp_150_reg_2137                             |   1|   0|    1|          0|
    |tmp_150_reg_2137_pp0_iter1_reg               |   1|   0|    1|          0|
    |tmp_153_reg_2164                             |   1|   0|    1|          0|
    |tmp_153_reg_2164_pp0_iter1_reg               |   1|   0|    1|          0|
    |tmp_156_reg_2191                             |   1|   0|    1|          0|
    |tmp_156_reg_2191_pp0_iter1_reg               |   1|   0|    1|          0|
    |tmp_159_reg_2218                             |   1|   0|    1|          0|
    |tmp_159_reg_2218_pp0_iter1_reg               |   1|   0|    1|          0|
    |tmp_162_reg_2245                             |   1|   0|    1|          0|
    |tmp_162_reg_2245_pp0_iter1_reg               |   1|   0|    1|          0|
    |tmp_165_reg_2272                             |   1|   0|    1|          0|
    |tmp_165_reg_2272_pp0_iter1_reg               |   1|   0|    1|          0|
    |tmp_168_reg_2299                             |   1|   0|    1|          0|
    |tmp_168_reg_2299_pp0_iter1_reg               |   1|   0|    1|          0|
    |tmp_16_1_reg_2437                            |   1|   0|    1|          0|
    |tmp_16_2_reg_2460                            |   1|   0|    1|          0|
    |tmp_16_3_reg_2483                            |   1|   0|    1|          0|
    |tmp_16_4_reg_2506                            |   1|   0|    1|          0|
    |tmp_16_5_reg_2529                            |   1|   0|    1|          0|
    |tmp_16_6_reg_2552                            |   1|   0|    1|          0|
    |tmp_16_7_reg_2575                            |   1|   0|    1|          0|
    |tmp_16_8_reg_2598                            |   1|   0|    1|          0|
    |tmp_16_9_reg_2621                            |   1|   0|    1|          0|
    |tmp_17_1_reg_2443                            |   1|   0|    1|          0|
    |tmp_17_2_reg_2466                            |   1|   0|    1|          0|
    |tmp_17_3_reg_2489                            |   1|   0|    1|          0|
    |tmp_17_4_reg_2512                            |   1|   0|    1|          0|
    |tmp_17_5_reg_2535                            |   1|   0|    1|          0|
    |tmp_17_6_reg_2558                            |   1|   0|    1|          0|
    |tmp_17_7_reg_2581                            |   1|   0|    1|          0|
    |tmp_17_8_reg_2604                            |   1|   0|    1|          0|
    |tmp_17_9_reg_2627                            |   1|   0|    1|          0|
    |tmp_19_1_reg_2449                            |   1|   0|    1|          0|
    |tmp_19_2_reg_2472                            |   1|   0|    1|          0|
    |tmp_19_3_reg_2495                            |   1|   0|    1|          0|
    |tmp_19_4_reg_2518                            |   1|   0|    1|          0|
    |tmp_19_5_reg_2541                            |   1|   0|    1|          0|
    |tmp_19_6_reg_2564                            |   1|   0|    1|          0|
    |tmp_19_7_reg_2587                            |   1|   0|    1|          0|
    |tmp_19_8_reg_2610                            |   1|   0|    1|          0|
    |tmp_19_9_reg_2633                            |   1|   0|    1|          0|
    |tmp_1_14_reg_2061                            |   1|   0|    1|          0|
    |tmp_1_14_reg_2061_pp0_iter1_reg              |   1|   0|    1|          0|
    |tmp_20_1_reg_2454                            |   1|   0|    1|          0|
    |tmp_20_2_reg_2477                            |   1|   0|    1|          0|
    |tmp_20_3_reg_2500                            |   1|   0|    1|          0|
    |tmp_20_4_reg_2523                            |   1|   0|    1|          0|
    |tmp_20_5_reg_2546                            |   1|   0|    1|          0|
    |tmp_20_6_reg_2569                            |   1|   0|    1|          0|
    |tmp_20_7_reg_2592                            |   1|   0|    1|          0|
    |tmp_20_8_reg_2615                            |   1|   0|    1|          0|
    |tmp_20_9_reg_2638                            |   1|   0|    1|          0|
    |tmp_2_15_reg_2088                            |   1|   0|    1|          0|
    |tmp_2_15_reg_2088_pp0_iter1_reg              |   1|   0|    1|          0|
    |tmp_3_16_reg_2115                            |   1|   0|    1|          0|
    |tmp_3_16_reg_2115_pp0_iter1_reg              |   1|   0|    1|          0|
    |tmp_4_17_reg_2142                            |   1|   0|    1|          0|
    |tmp_4_17_reg_2142_pp0_iter1_reg              |   1|   0|    1|          0|
    |tmp_4_reg_2414                               |   1|   0|    1|          0|
    |tmp_5_18_reg_2169                            |   1|   0|    1|          0|
    |tmp_5_18_reg_2169_pp0_iter1_reg              |   1|   0|    1|          0|
    |tmp_6_19_reg_2196                            |   1|   0|    1|          0|
    |tmp_6_19_reg_2196_pp0_iter1_reg              |   1|   0|    1|          0|
    |tmp_6_reg_2420                               |   1|   0|    1|          0|
    |tmp_7_20_reg_2223                            |   1|   0|    1|          0|
    |tmp_7_20_reg_2223_pp0_iter1_reg              |   1|   0|    1|          0|
    |tmp_8_21_reg_2250                            |   1|   0|    1|          0|
    |tmp_8_21_reg_2250_pp0_iter1_reg              |   1|   0|    1|          0|
    |tmp_8_reg_2426                               |   1|   0|    1|          0|
    |tmp_9_22_reg_2277                            |   1|   0|    1|          0|
    |tmp_9_22_reg_2277_pp0_iter1_reg              |   1|   0|    1|          0|
    |tmp_s_reg_2034                               |   1|   0|    1|          0|
    |tmp_s_reg_2034_pp0_iter1_reg                 |   1|   0|    1|          0|
    +---------------------------------------------+----+----+-----+-----------+
    |Total                                        |1684|   0| 1684|          0|
    +---------------------------------------------+----+----+-----+-----------+



================================================================
== Interface
================================================================
* Summary: 
+---------------------+-----+-----+------------+---------------------+--------------+
|      RTL Ports      | Dir | Bits|  Protocol  |    Source Object    |    C Type    |
+---------------------+-----+-----+------------+---------------------+--------------+
|ap_clk               |  in |    1| ap_ctrl_hs |     tk2em_emalgo    | return value |
|ap_rst               |  in |    1| ap_ctrl_hs |     tk2em_emalgo    | return value |
|ap_start             |  in |    1| ap_ctrl_hs |     tk2em_emalgo    | return value |
|ap_done              | out |    1| ap_ctrl_hs |     tk2em_emalgo    | return value |
|ap_idle              | out |    1| ap_ctrl_hs |     tk2em_emalgo    | return value |
|ap_ready             | out |    1| ap_ctrl_hs |     tk2em_emalgo    | return value |
|ap_return_0          | out |    1| ap_ctrl_hs |     tk2em_emalgo    | return value |
|ap_return_1          | out |    1| ap_ctrl_hs |     tk2em_emalgo    | return value |
|ap_return_2          | out |    1| ap_ctrl_hs |     tk2em_emalgo    | return value |
|ap_return_3          | out |    1| ap_ctrl_hs |     tk2em_emalgo    | return value |
|ap_return_4          | out |    1| ap_ctrl_hs |     tk2em_emalgo    | return value |
|ap_return_5          | out |    1| ap_ctrl_hs |     tk2em_emalgo    | return value |
|ap_return_6          | out |    1| ap_ctrl_hs |     tk2em_emalgo    | return value |
|ap_return_7          | out |    1| ap_ctrl_hs |     tk2em_emalgo    | return value |
|ap_return_8          | out |    1| ap_ctrl_hs |     tk2em_emalgo    | return value |
|ap_return_9          | out |    1| ap_ctrl_hs |     tk2em_emalgo    | return value |
|ap_return_10         | out |   16| ap_ctrl_hs |     tk2em_emalgo    | return value |
|ap_return_11         | out |   16| ap_ctrl_hs |     tk2em_emalgo    | return value |
|ap_return_12         | out |   16| ap_ctrl_hs |     tk2em_emalgo    | return value |
|ap_return_13         | out |   16| ap_ctrl_hs |     tk2em_emalgo    | return value |
|ap_return_14         | out |   16| ap_ctrl_hs |     tk2em_emalgo    | return value |
|ap_return_15         | out |   16| ap_ctrl_hs |     tk2em_emalgo    | return value |
|ap_return_16         | out |   16| ap_ctrl_hs |     tk2em_emalgo    | return value |
|ap_return_17         | out |   16| ap_ctrl_hs |     tk2em_emalgo    | return value |
|ap_return_18         | out |   16| ap_ctrl_hs |     tk2em_emalgo    | return value |
|ap_return_19         | out |   16| ap_ctrl_hs |     tk2em_emalgo    | return value |
|calo_0_hwPt_V_read   |  in |   16|   ap_none  |  calo_0_hwPt_V_read |    scalar    |
|calo_1_hwPt_V_read   |  in |   16|   ap_none  |  calo_1_hwPt_V_read |    scalar    |
|calo_2_hwPt_V_read   |  in |   16|   ap_none  |  calo_2_hwPt_V_read |    scalar    |
|calo_3_hwPt_V_read   |  in |   16|   ap_none  |  calo_3_hwPt_V_read |    scalar    |
|calo_4_hwPt_V_read   |  in |   16|   ap_none  |  calo_4_hwPt_V_read |    scalar    |
|calo_5_hwPt_V_read   |  in |   16|   ap_none  |  calo_5_hwPt_V_read |    scalar    |
|calo_6_hwPt_V_read   |  in |   16|   ap_none  |  calo_6_hwPt_V_read |    scalar    |
|calo_7_hwPt_V_read   |  in |   16|   ap_none  |  calo_7_hwPt_V_read |    scalar    |
|calo_8_hwPt_V_read   |  in |   16|   ap_none  |  calo_8_hwPt_V_read |    scalar    |
|calo_9_hwPt_V_read   |  in |   16|   ap_none  |  calo_9_hwPt_V_read |    scalar    |
|calo_0_hwPtErr_V_re  |  in |   16|   ap_none  | calo_0_hwPtErr_V_re |    scalar    |
|calo_1_hwPtErr_V_re  |  in |   16|   ap_none  | calo_1_hwPtErr_V_re |    scalar    |
|calo_2_hwPtErr_V_re  |  in |   16|   ap_none  | calo_2_hwPtErr_V_re |    scalar    |
|calo_3_hwPtErr_V_re  |  in |   16|   ap_none  | calo_3_hwPtErr_V_re |    scalar    |
|calo_4_hwPtErr_V_re  |  in |   16|   ap_none  | calo_4_hwPtErr_V_re |    scalar    |
|calo_5_hwPtErr_V_re  |  in |   16|   ap_none  | calo_5_hwPtErr_V_re |    scalar    |
|calo_6_hwPtErr_V_re  |  in |   16|   ap_none  | calo_6_hwPtErr_V_re |    scalar    |
|calo_7_hwPtErr_V_re  |  in |   16|   ap_none  | calo_7_hwPtErr_V_re |    scalar    |
|calo_8_hwPtErr_V_re  |  in |   16|   ap_none  | calo_8_hwPtErr_V_re |    scalar    |
|calo_9_hwPtErr_V_re  |  in |   16|   ap_none  | calo_9_hwPtErr_V_re |    scalar    |
|sumtk_0_V_read       |  in |   16|   ap_none  |    sumtk_0_V_read   |    scalar    |
|sumtk_1_V_read       |  in |   16|   ap_none  |    sumtk_1_V_read   |    scalar    |
|sumtk_2_V_read       |  in |   16|   ap_none  |    sumtk_2_V_read   |    scalar    |
|sumtk_3_V_read       |  in |   16|   ap_none  |    sumtk_3_V_read   |    scalar    |
|sumtk_4_V_read       |  in |   16|   ap_none  |    sumtk_4_V_read   |    scalar    |
|sumtk_5_V_read       |  in |   16|   ap_none  |    sumtk_5_V_read   |    scalar    |
|sumtk_6_V_read       |  in |   16|   ap_none  |    sumtk_6_V_read   |    scalar    |
|sumtk_7_V_read       |  in |   16|   ap_none  |    sumtk_7_V_read   |    scalar    |
|sumtk_8_V_read       |  in |   16|   ap_none  |    sumtk_8_V_read   |    scalar    |
|sumtk_9_V_read       |  in |   16|   ap_none  |    sumtk_9_V_read   |    scalar    |
+---------------------+-----+-----+------------+---------------------+--------------+

