

================================================================
== Vivado HLS Report for 'tk2em_sumtk'
================================================================
* Date:           Wed Oct  2 15:13:30 2019

* Version:        2018.2 (Build 2258646 on Thu Jun 14 20:25:20 MDT 2018)
* Project:        l1pfpuppi-ku15p-II2-360MHz
* Solution:       solution
* Product family: kintexuplus
* Target device:  xcku15p-ffva1760-2-e


================================================================
== Performance Estimates
================================================================
+ Timing (ns): 
    * Summary: 
    +--------+-------+----------+------------+
    |  Clock | Target| Estimated| Uncertainty|
    +--------+-------+----------+------------+
    |ap_clk  |   2.70|     1.195|        1.50|
    +--------+-------+----------+------------+

+ Latency (clock cycles): 
    * Summary: 
    +-----+-----+-----+-----+----------+
    |  Latency  |  Interval | Pipeline |
    | min | max | min | max |   Type   |
    +-----+-----+-----+-----+----------+
    |   13|   13|    2|    2| function |
    +-----+-----+-----+-----+----------+

    + Detail: 
        * Instance: 
        N/A

        * Loop: 
        N/A



================================================================
== Utilization Estimates
================================================================
* Summary: 
+-----------------+---------+-------+---------+--------+-----+
|       Name      | BRAM_18K| DSP48E|    FF   |   LUT  | URAM|
+-----------------+---------+-------+---------+--------+-----+
|DSP              |        -|      -|        -|       -|    -|
|Expression       |        -|      -|        0|    5234|    -|
|FIFO             |        -|      -|        -|       -|    -|
|Instance         |        -|      -|        -|       -|    -|
|Memory           |        -|      -|        -|       -|    -|
|Multiplexer      |        -|      -|        -|      24|    -|
|Register         |        0|      -|     8423|    2816|    -|
+-----------------+---------+-------+---------+--------+-----+
|Total            |        0|      0|     8423|    8074|    0|
+-----------------+---------+-------+---------+--------+-----+
|Available        |     1968|   1968|  1045440|  522720|  128|
+-----------------+---------+-------+---------+--------+-----+
|Utilization (%)  |        0|      0|    ~0   |       1|    0|
+-----------------+---------+-------+---------+--------+-----+

+ Detail: 
    * Instance: 
    N/A

    * DSP48: 
    N/A

    * Memory: 
    N/A

    * FIFO: 
    N/A

    * Expression: 
    +--------------------------------+----------+-------+---+----+------------+------------+
    |          Variable Name         | Operation| DSP48E| FF| LUT| Bitwidth P0| Bitwidth P1|
    +--------------------------------+----------+-------+---+----+------------+------------+
    |sum_V_0_10_fu_2416_p2           |     +    |      0|  0|  23|          16|          16|
    |sum_V_0_11_fu_2516_p2           |     +    |      0|  0|  23|          16|          16|
    |sum_V_0_12_fu_2616_p2           |     +    |      0|  0|  23|          16|          16|
    |sum_V_0_1_fu_412_p2             |     +    |      0|  0|  23|          16|          16|
    |sum_V_0_2_fu_1516_p2            |     +    |      0|  0|  23|          16|          16|
    |sum_V_0_3_fu_1616_p2            |     +    |      0|  0|  23|          16|          16|
    |sum_V_0_4_fu_1716_p2            |     +    |      0|  0|  23|          16|          16|
    |sum_V_0_5_fu_1816_p2            |     +    |      0|  0|  23|          16|          16|
    |sum_V_0_6_fu_1916_p2            |     +    |      0|  0|  23|          16|          16|
    |sum_V_0_7_fu_2016_p2            |     +    |      0|  0|  23|          16|          16|
    |sum_V_0_8_fu_2116_p2            |     +    |      0|  0|  23|          16|          16|
    |sum_V_0_9_fu_2216_p2            |     +    |      0|  0|  23|          16|          16|
    |sum_V_0_s_fu_2316_p2            |     +    |      0|  0|  23|          16|          16|
    |sum_V_1_10_fu_2426_p2           |     +    |      0|  0|  23|          16|          16|
    |sum_V_1_11_fu_2526_p2           |     +    |      0|  0|  23|          16|          16|
    |sum_V_1_12_fu_2626_p2           |     +    |      0|  0|  23|          16|          16|
    |sum_V_1_1_fu_480_p2             |     +    |      0|  0|  23|          16|          16|
    |sum_V_1_2_fu_1526_p2            |     +    |      0|  0|  23|          16|          16|
    |sum_V_1_3_fu_1626_p2            |     +    |      0|  0|  23|          16|          16|
    |sum_V_1_4_fu_1726_p2            |     +    |      0|  0|  23|          16|          16|
    |sum_V_1_5_fu_1826_p2            |     +    |      0|  0|  23|          16|          16|
    |sum_V_1_6_fu_1926_p2            |     +    |      0|  0|  23|          16|          16|
    |sum_V_1_7_fu_2026_p2            |     +    |      0|  0|  23|          16|          16|
    |sum_V_1_8_fu_2126_p2            |     +    |      0|  0|  23|          16|          16|
    |sum_V_1_9_fu_2226_p2            |     +    |      0|  0|  23|          16|          16|
    |sum_V_1_s_fu_2326_p2            |     +    |      0|  0|  23|          16|          16|
    |sum_V_2_10_fu_2436_p2           |     +    |      0|  0|  23|          16|          16|
    |sum_V_2_11_fu_2536_p2           |     +    |      0|  0|  23|          16|          16|
    |sum_V_2_12_fu_2636_p2           |     +    |      0|  0|  23|          16|          16|
    |sum_V_2_1_fu_596_p2             |     +    |      0|  0|  23|          16|          16|
    |sum_V_2_2_fu_1536_p2            |     +    |      0|  0|  23|          16|          16|
    |sum_V_2_3_fu_1636_p2            |     +    |      0|  0|  23|          16|          16|
    |sum_V_2_4_fu_1736_p2            |     +    |      0|  0|  23|          16|          16|
    |sum_V_2_5_fu_1836_p2            |     +    |      0|  0|  23|          16|          16|
    |sum_V_2_6_fu_1936_p2            |     +    |      0|  0|  23|          16|          16|
    |sum_V_2_7_fu_2036_p2            |     +    |      0|  0|  23|          16|          16|
    |sum_V_2_8_fu_2136_p2            |     +    |      0|  0|  23|          16|          16|
    |sum_V_2_9_fu_2236_p2            |     +    |      0|  0|  23|          16|          16|
    |sum_V_2_s_fu_2336_p2            |     +    |      0|  0|  23|          16|          16|
    |sum_V_3_10_fu_2446_p2           |     +    |      0|  0|  23|          16|          16|
    |sum_V_3_11_fu_2546_p2           |     +    |      0|  0|  23|          16|          16|
    |sum_V_3_12_fu_2646_p2           |     +    |      0|  0|  23|          16|          16|
    |sum_V_3_1_fu_712_p2             |     +    |      0|  0|  23|          16|          16|
    |sum_V_3_2_fu_1546_p2            |     +    |      0|  0|  23|          16|          16|
    |sum_V_3_3_fu_1646_p2            |     +    |      0|  0|  23|          16|          16|
    |sum_V_3_4_fu_1746_p2            |     +    |      0|  0|  23|          16|          16|
    |sum_V_3_5_fu_1846_p2            |     +    |      0|  0|  23|          16|          16|
    |sum_V_3_6_fu_1946_p2            |     +    |      0|  0|  23|          16|          16|
    |sum_V_3_7_fu_2046_p2            |     +    |      0|  0|  23|          16|          16|
    |sum_V_3_8_fu_2146_p2            |     +    |      0|  0|  23|          16|          16|
    |sum_V_3_9_fu_2246_p2            |     +    |      0|  0|  23|          16|          16|
    |sum_V_3_s_fu_2346_p2            |     +    |      0|  0|  23|          16|          16|
    |sum_V_4_10_fu_2456_p2           |     +    |      0|  0|  23|          16|          16|
    |sum_V_4_11_fu_2556_p2           |     +    |      0|  0|  23|          16|          16|
    |sum_V_4_12_fu_2656_p2           |     +    |      0|  0|  23|          16|          16|
    |sum_V_4_1_fu_828_p2             |     +    |      0|  0|  23|          16|          16|
    |sum_V_4_2_fu_1556_p2            |     +    |      0|  0|  23|          16|          16|
    |sum_V_4_3_fu_1656_p2            |     +    |      0|  0|  23|          16|          16|
    |sum_V_4_4_fu_1756_p2            |     +    |      0|  0|  23|          16|          16|
    |sum_V_4_5_fu_1856_p2            |     +    |      0|  0|  23|          16|          16|
    |sum_V_4_6_fu_1956_p2            |     +    |      0|  0|  23|          16|          16|
    |sum_V_4_7_fu_2056_p2            |     +    |      0|  0|  23|          16|          16|
    |sum_V_4_8_fu_2156_p2            |     +    |      0|  0|  23|          16|          16|
    |sum_V_4_9_fu_2256_p2            |     +    |      0|  0|  23|          16|          16|
    |sum_V_4_s_fu_2356_p2            |     +    |      0|  0|  23|          16|          16|
    |sum_V_5_10_fu_2466_p2           |     +    |      0|  0|  23|          16|          16|
    |sum_V_5_11_fu_2566_p2           |     +    |      0|  0|  23|          16|          16|
    |sum_V_5_12_fu_2666_p2           |     +    |      0|  0|  23|          16|          16|
    |sum_V_5_1_fu_944_p2             |     +    |      0|  0|  23|          16|          16|
    |sum_V_5_2_fu_1566_p2            |     +    |      0|  0|  23|          16|          16|
    |sum_V_5_3_fu_1666_p2            |     +    |      0|  0|  23|          16|          16|
    |sum_V_5_4_fu_1766_p2            |     +    |      0|  0|  23|          16|          16|
    |sum_V_5_5_fu_1866_p2            |     +    |      0|  0|  23|          16|          16|
    |sum_V_5_6_fu_1966_p2            |     +    |      0|  0|  23|          16|          16|
    |sum_V_5_7_fu_2066_p2            |     +    |      0|  0|  23|          16|          16|
    |sum_V_5_8_fu_2166_p2            |     +    |      0|  0|  23|          16|          16|
    |sum_V_5_9_fu_2266_p2            |     +    |      0|  0|  23|          16|          16|
    |sum_V_5_s_fu_2366_p2            |     +    |      0|  0|  23|          16|          16|
    |sum_V_6_10_fu_2476_p2           |     +    |      0|  0|  23|          16|          16|
    |sum_V_6_11_fu_2576_p2           |     +    |      0|  0|  23|          16|          16|
    |sum_V_6_12_fu_2676_p2           |     +    |      0|  0|  23|          16|          16|
    |sum_V_6_1_fu_1060_p2            |     +    |      0|  0|  23|          16|          16|
    |sum_V_6_2_fu_1576_p2            |     +    |      0|  0|  23|          16|          16|
    |sum_V_6_3_fu_1676_p2            |     +    |      0|  0|  23|          16|          16|
    |sum_V_6_4_fu_1776_p2            |     +    |      0|  0|  23|          16|          16|
    |sum_V_6_5_fu_1876_p2            |     +    |      0|  0|  23|          16|          16|
    |sum_V_6_6_fu_1976_p2            |     +    |      0|  0|  23|          16|          16|
    |sum_V_6_7_fu_2076_p2            |     +    |      0|  0|  23|          16|          16|
    |sum_V_6_8_fu_2176_p2            |     +    |      0|  0|  23|          16|          16|
    |sum_V_6_9_fu_2276_p2            |     +    |      0|  0|  23|          16|          16|
    |sum_V_6_s_fu_2376_p2            |     +    |      0|  0|  23|          16|          16|
    |sum_V_7_10_fu_2486_p2           |     +    |      0|  0|  23|          16|          16|
    |sum_V_7_11_fu_2586_p2           |     +    |      0|  0|  23|          16|          16|
    |sum_V_7_12_fu_2686_p2           |     +    |      0|  0|  23|          16|          16|
    |sum_V_7_1_fu_1176_p2            |     +    |      0|  0|  23|          16|          16|
    |sum_V_7_2_fu_1586_p2            |     +    |      0|  0|  23|          16|          16|
    |sum_V_7_3_fu_1686_p2            |     +    |      0|  0|  23|          16|          16|
    |sum_V_7_4_fu_1786_p2            |     +    |      0|  0|  23|          16|          16|
    |sum_V_7_5_fu_1886_p2            |     +    |      0|  0|  23|          16|          16|
    |sum_V_7_6_fu_1986_p2            |     +    |      0|  0|  23|          16|          16|
    |sum_V_7_7_fu_2086_p2            |     +    |      0|  0|  23|          16|          16|
    |sum_V_7_8_fu_2186_p2            |     +    |      0|  0|  23|          16|          16|
    |sum_V_7_9_fu_2286_p2            |     +    |      0|  0|  23|          16|          16|
    |sum_V_7_s_fu_2386_p2            |     +    |      0|  0|  23|          16|          16|
    |sum_V_8_10_fu_2496_p2           |     +    |      0|  0|  23|          16|          16|
    |sum_V_8_11_fu_2596_p2           |     +    |      0|  0|  23|          16|          16|
    |sum_V_8_12_fu_2696_p2           |     +    |      0|  0|  23|          16|          16|
    |sum_V_8_1_fu_1292_p2            |     +    |      0|  0|  23|          16|          16|
    |sum_V_8_2_fu_1596_p2            |     +    |      0|  0|  23|          16|          16|
    |sum_V_8_3_fu_1696_p2            |     +    |      0|  0|  23|          16|          16|
    |sum_V_8_4_fu_1796_p2            |     +    |      0|  0|  23|          16|          16|
    |sum_V_8_5_fu_1896_p2            |     +    |      0|  0|  23|          16|          16|
    |sum_V_8_6_fu_1996_p2            |     +    |      0|  0|  23|          16|          16|
    |sum_V_8_7_fu_2096_p2            |     +    |      0|  0|  23|          16|          16|
    |sum_V_8_8_fu_2196_p2            |     +    |      0|  0|  23|          16|          16|
    |sum_V_8_9_fu_2296_p2            |     +    |      0|  0|  23|          16|          16|
    |sum_V_8_s_fu_2396_p2            |     +    |      0|  0|  23|          16|          16|
    |sum_V_9_10_fu_2506_p2           |     +    |      0|  0|  23|          16|          16|
    |sum_V_9_11_fu_2606_p2           |     +    |      0|  0|  23|          16|          16|
    |sum_V_9_12_fu_2706_p2           |     +    |      0|  0|  23|          16|          16|
    |sum_V_9_1_fu_1408_p2            |     +    |      0|  0|  23|          16|          16|
    |sum_V_9_2_fu_1606_p2            |     +    |      0|  0|  23|          16|          16|
    |sum_V_9_3_fu_1706_p2            |     +    |      0|  0|  23|          16|          16|
    |sum_V_9_4_fu_1806_p2            |     +    |      0|  0|  23|          16|          16|
    |sum_V_9_5_fu_1906_p2            |     +    |      0|  0|  23|          16|          16|
    |sum_V_9_6_fu_2006_p2            |     +    |      0|  0|  23|          16|          16|
    |sum_V_9_7_fu_2106_p2            |     +    |      0|  0|  23|          16|          16|
    |sum_V_9_8_fu_2206_p2            |     +    |      0|  0|  23|          16|          16|
    |sum_V_9_9_fu_2306_p2            |     +    |      0|  0|  23|          16|          16|
    |sum_V_9_s_fu_2406_p2            |     +    |      0|  0|  23|          16|          16|
    |ap_block_pp0_stage0_11001       |    and   |      0|  0|   2|           1|           1|
    |p_07_1_0_1_fu_417_p3            |  select  |      0|  0|  16|           1|          16|
    |p_07_1_0_3_fu_1620_p3           |  select  |      0|  0|  16|           1|          16|
    |p_07_1_0_5_fu_1820_p3           |  select  |      0|  0|  16|           1|          16|
    |p_07_1_0_7_fu_2020_p3           |  select  |      0|  0|  16|           1|          16|
    |p_07_1_0_9_fu_2220_p3           |  select  |      0|  0|  16|           1|          16|
    |p_07_1_0_s_fu_2420_p3           |  select  |      0|  0|  16|           1|          16|
    |p_07_1_1_1_fu_485_p3            |  select  |      0|  0|  16|           1|          16|
    |p_07_1_1_3_fu_1630_p3           |  select  |      0|  0|  16|           1|          16|
    |p_07_1_1_5_fu_1830_p3           |  select  |      0|  0|  16|           1|          16|
    |p_07_1_1_7_fu_2030_p3           |  select  |      0|  0|  16|           1|          16|
    |p_07_1_1_9_fu_2230_p3           |  select  |      0|  0|  16|           1|          16|
    |p_07_1_1_s_fu_2430_p3           |  select  |      0|  0|  16|           1|          16|
    |p_07_1_2_1_fu_601_p3            |  select  |      0|  0|  16|           1|          16|
    |p_07_1_2_3_fu_1640_p3           |  select  |      0|  0|  16|           1|          16|
    |p_07_1_2_5_fu_1840_p3           |  select  |      0|  0|  16|           1|          16|
    |p_07_1_2_7_fu_2040_p3           |  select  |      0|  0|  16|           1|          16|
    |p_07_1_2_9_fu_2240_p3           |  select  |      0|  0|  16|           1|          16|
    |p_07_1_2_s_fu_2440_p3           |  select  |      0|  0|  16|           1|          16|
    |p_07_1_3_1_fu_717_p3            |  select  |      0|  0|  16|           1|          16|
    |p_07_1_3_3_fu_1650_p3           |  select  |      0|  0|  16|           1|          16|
    |p_07_1_3_5_fu_1850_p3           |  select  |      0|  0|  16|           1|          16|
    |p_07_1_3_7_fu_2050_p3           |  select  |      0|  0|  16|           1|          16|
    |p_07_1_3_9_fu_2250_p3           |  select  |      0|  0|  16|           1|          16|
    |p_07_1_3_s_fu_2450_p3           |  select  |      0|  0|  16|           1|          16|
    |p_07_1_4_1_fu_833_p3            |  select  |      0|  0|  16|           1|          16|
    |p_07_1_4_3_fu_1660_p3           |  select  |      0|  0|  16|           1|          16|
    |p_07_1_4_5_fu_1860_p3           |  select  |      0|  0|  16|           1|          16|
    |p_07_1_4_7_fu_2060_p3           |  select  |      0|  0|  16|           1|          16|
    |p_07_1_4_9_fu_2260_p3           |  select  |      0|  0|  16|           1|          16|
    |p_07_1_4_s_fu_2460_p3           |  select  |      0|  0|  16|           1|          16|
    |p_07_1_5_1_fu_949_p3            |  select  |      0|  0|  16|           1|          16|
    |p_07_1_5_3_fu_1670_p3           |  select  |      0|  0|  16|           1|          16|
    |p_07_1_5_5_fu_1870_p3           |  select  |      0|  0|  16|           1|          16|
    |p_07_1_5_7_fu_2070_p3           |  select  |      0|  0|  16|           1|          16|
    |p_07_1_5_9_fu_2270_p3           |  select  |      0|  0|  16|           1|          16|
    |p_07_1_5_s_fu_2470_p3           |  select  |      0|  0|  16|           1|          16|
    |p_07_1_6_1_fu_1065_p3           |  select  |      0|  0|  16|           1|          16|
    |p_07_1_6_3_fu_1680_p3           |  select  |      0|  0|  16|           1|          16|
    |p_07_1_6_5_fu_1880_p3           |  select  |      0|  0|  16|           1|          16|
    |p_07_1_6_7_fu_2080_p3           |  select  |      0|  0|  16|           1|          16|
    |p_07_1_6_9_fu_2280_p3           |  select  |      0|  0|  16|           1|          16|
    |p_07_1_6_s_fu_2480_p3           |  select  |      0|  0|  16|           1|          16|
    |p_07_1_7_1_fu_1181_p3           |  select  |      0|  0|  16|           1|          16|
    |p_07_1_7_3_fu_1690_p3           |  select  |      0|  0|  16|           1|          16|
    |p_07_1_7_5_fu_1890_p3           |  select  |      0|  0|  16|           1|          16|
    |p_07_1_7_7_fu_2090_p3           |  select  |      0|  0|  16|           1|          16|
    |p_07_1_7_9_fu_2290_p3           |  select  |      0|  0|  16|           1|          16|
    |p_07_1_7_s_fu_2490_p3           |  select  |      0|  0|  16|           1|          16|
    |p_07_1_8_1_fu_1297_p3           |  select  |      0|  0|  16|           1|          16|
    |p_07_1_8_3_fu_1700_p3           |  select  |      0|  0|  16|           1|          16|
    |p_07_1_8_5_fu_1900_p3           |  select  |      0|  0|  16|           1|          16|
    |p_07_1_8_7_fu_2100_p3           |  select  |      0|  0|  16|           1|          16|
    |p_07_1_8_9_fu_2300_p3           |  select  |      0|  0|  16|           1|          16|
    |p_07_1_8_s_fu_2500_p3           |  select  |      0|  0|  16|           1|          16|
    |p_07_1_9_1_fu_1413_p3           |  select  |      0|  0|  16|           1|          16|
    |p_07_1_9_3_fu_1710_p3           |  select  |      0|  0|  16|           1|          16|
    |p_07_1_9_5_fu_1910_p3           |  select  |      0|  0|  16|           1|          16|
    |p_07_1_9_7_fu_2110_p3           |  select  |      0|  0|  16|           1|          16|
    |p_07_1_9_9_fu_2310_p3           |  select  |      0|  0|  16|           1|          16|
    |p_07_1_9_s_fu_2510_p3           |  select  |      0|  0|  16|           1|          16|
    |p_read_1_fu_272_p3              |  select  |      0|  0|  16|           1|          16|
    |p_read_2_fu_288_p3              |  select  |      0|  0|  16|           1|          16|
    |p_read_3_fu_304_p3              |  select  |      0|  0|  16|           1|          16|
    |p_read_4_fu_320_p3              |  select  |      0|  0|  16|           1|          16|
    |p_read_5_fu_336_p3              |  select  |      0|  0|  16|           1|          16|
    |p_read_6_fu_352_p3              |  select  |      0|  0|  16|           1|          16|
    |p_read_7_fu_368_p3              |  select  |      0|  0|  16|           1|          16|
    |p_read_8_fu_384_p3              |  select  |      0|  0|  16|           1|          16|
    |p_read_9_fu_400_p3              |  select  |      0|  0|  16|           1|          16|
    |p_read_s_fu_256_p3              |  select  |      0|  0|  16|           1|          16|
    |sum_V_0_10_07_1_0_9_fu_2320_p3  |  select  |      0|  0|  16|           1|          16|
    |sum_V_0_12_07_1_0_s_fu_2520_p3  |  select  |      0|  0|  16|           1|          16|
    |sum_V_0_2_07_1_0_1_fu_1520_p3   |  select  |      0|  0|  16|           1|          16|
    |sum_V_0_4_07_1_0_3_fu_1720_p3   |  select  |      0|  0|  16|           1|          16|
    |sum_V_0_6_07_1_0_5_fu_1920_p3   |  select  |      0|  0|  16|           1|          16|
    |sum_V_0_8_07_1_0_7_fu_2120_p3   |  select  |      0|  0|  16|           1|          16|
    |sum_V_1_10_07_1_1_9_fu_2330_p3  |  select  |      0|  0|  16|           1|          16|
    |sum_V_1_12_07_1_1_s_fu_2530_p3  |  select  |      0|  0|  16|           1|          16|
    |sum_V_1_2_07_1_1_1_fu_1530_p3   |  select  |      0|  0|  16|           1|          16|
    |sum_V_1_4_07_1_1_3_fu_1730_p3   |  select  |      0|  0|  16|           1|          16|
    |sum_V_1_6_07_1_1_5_fu_1930_p3   |  select  |      0|  0|  16|           1|          16|
    |sum_V_1_8_07_1_1_7_fu_2130_p3   |  select  |      0|  0|  16|           1|          16|
    |sum_V_2_10_07_1_2_9_fu_2340_p3  |  select  |      0|  0|  16|           1|          16|
    |sum_V_2_12_07_1_2_s_fu_2540_p3  |  select  |      0|  0|  16|           1|          16|
    |sum_V_2_2_07_1_2_1_fu_1540_p3   |  select  |      0|  0|  16|           1|          16|
    |sum_V_2_4_07_1_2_3_fu_1740_p3   |  select  |      0|  0|  16|           1|          16|
    |sum_V_2_6_07_1_2_5_fu_1940_p3   |  select  |      0|  0|  16|           1|          16|
    |sum_V_2_8_07_1_2_7_fu_2140_p3   |  select  |      0|  0|  16|           1|          16|
    |sum_V_3_10_07_1_3_9_fu_2350_p3  |  select  |      0|  0|  16|           1|          16|
    |sum_V_3_12_07_1_3_s_fu_2550_p3  |  select  |      0|  0|  16|           1|          16|
    |sum_V_3_2_07_1_3_1_fu_1550_p3   |  select  |      0|  0|  16|           1|          16|
    |sum_V_3_4_07_1_3_3_fu_1750_p3   |  select  |      0|  0|  16|           1|          16|
    |sum_V_3_6_07_1_3_5_fu_1950_p3   |  select  |      0|  0|  16|           1|          16|
    |sum_V_3_8_07_1_3_7_fu_2150_p3   |  select  |      0|  0|  16|           1|          16|
    |sum_V_4_10_07_1_4_9_fu_2360_p3  |  select  |      0|  0|  16|           1|          16|
    |sum_V_4_12_07_1_4_s_fu_2560_p3  |  select  |      0|  0|  16|           1|          16|
    |sum_V_4_2_07_1_4_1_fu_1560_p3   |  select  |      0|  0|  16|           1|          16|
    |sum_V_4_4_07_1_4_3_fu_1760_p3   |  select  |      0|  0|  16|           1|          16|
    |sum_V_4_6_07_1_4_5_fu_1960_p3   |  select  |      0|  0|  16|           1|          16|
    |sum_V_4_8_07_1_4_7_fu_2160_p3   |  select  |      0|  0|  16|           1|          16|
    |sum_V_5_10_07_1_5_9_fu_2370_p3  |  select  |      0|  0|  16|           1|          16|
    |sum_V_5_12_07_1_5_s_fu_2570_p3  |  select  |      0|  0|  16|           1|          16|
    |sum_V_5_2_07_1_5_1_fu_1570_p3   |  select  |      0|  0|  16|           1|          16|
    |sum_V_5_4_07_1_5_3_fu_1770_p3   |  select  |      0|  0|  16|           1|          16|
    |sum_V_5_6_07_1_5_5_fu_1970_p3   |  select  |      0|  0|  16|           1|          16|
    |sum_V_5_8_07_1_5_7_fu_2170_p3   |  select  |      0|  0|  16|           1|          16|
    |sum_V_6_10_07_1_6_9_fu_2380_p3  |  select  |      0|  0|  16|           1|          16|
    |sum_V_6_12_07_1_6_s_fu_2580_p3  |  select  |      0|  0|  16|           1|          16|
    |sum_V_6_2_07_1_6_1_fu_1580_p3   |  select  |      0|  0|  16|           1|          16|
    |sum_V_6_4_07_1_6_3_fu_1780_p3   |  select  |      0|  0|  16|           1|          16|
    |sum_V_6_6_07_1_6_5_fu_1980_p3   |  select  |      0|  0|  16|           1|          16|
    |sum_V_6_8_07_1_6_7_fu_2180_p3   |  select  |      0|  0|  16|           1|          16|
    |sum_V_7_10_07_1_7_9_fu_2390_p3  |  select  |      0|  0|  16|           1|          16|
    |sum_V_7_12_07_1_7_s_fu_2590_p3  |  select  |      0|  0|  16|           1|          16|
    |sum_V_7_2_07_1_7_1_fu_1590_p3   |  select  |      0|  0|  16|           1|          16|
    |sum_V_7_4_07_1_7_3_fu_1790_p3   |  select  |      0|  0|  16|           1|          16|
    |sum_V_7_6_07_1_7_5_fu_1990_p3   |  select  |      0|  0|  16|           1|          16|
    |sum_V_7_8_07_1_7_7_fu_2190_p3   |  select  |      0|  0|  16|           1|          16|
    |sum_V_8_10_07_1_8_9_fu_2400_p3  |  select  |      0|  0|  16|           1|          16|
    |sum_V_8_12_07_1_8_s_fu_2600_p3  |  select  |      0|  0|  16|           1|          16|
    |sum_V_8_2_07_1_8_1_fu_1600_p3   |  select  |      0|  0|  16|           1|          16|
    |sum_V_8_4_07_1_8_3_fu_1800_p3   |  select  |      0|  0|  16|           1|          16|
    |sum_V_8_6_07_1_8_5_fu_2000_p3   |  select  |      0|  0|  16|           1|          16|
    |sum_V_8_8_07_1_8_7_fu_2200_p3   |  select  |      0|  0|  16|           1|          16|
    |sum_V_9_10_07_1_9_9_fu_2410_p3  |  select  |      0|  0|  16|           1|          16|
    |sum_V_9_12_07_1_9_s_fu_2610_p3  |  select  |      0|  0|  16|           1|          16|
    |sum_V_9_2_07_1_9_1_fu_1610_p3   |  select  |      0|  0|  16|           1|          16|
    |sum_V_9_4_07_1_9_3_fu_1810_p3   |  select  |      0|  0|  16|           1|          16|
    |sum_V_9_6_07_1_9_5_fu_2010_p3   |  select  |      0|  0|  16|           1|          16|
    |sum_V_9_8_07_1_9_7_fu_2210_p3   |  select  |      0|  0|  16|           1|          16|
    |sumtk_0_V_write_ass_fu_2620_p3  |  select  |      0|  0|  16|           1|          16|
    |sumtk_1_V_write_ass_fu_2630_p3  |  select  |      0|  0|  16|           1|          16|
    |sumtk_2_V_write_ass_fu_2640_p3  |  select  |      0|  0|  16|           1|          16|
    |sumtk_3_V_write_ass_fu_2650_p3  |  select  |      0|  0|  16|           1|          16|
    |sumtk_4_V_write_ass_fu_2660_p3  |  select  |      0|  0|  16|           1|          16|
    |sumtk_5_V_write_ass_fu_2670_p3  |  select  |      0|  0|  16|           1|          16|
    |sumtk_6_V_write_ass_fu_2680_p3  |  select  |      0|  0|  16|           1|          16|
    |sumtk_7_V_write_ass_fu_2690_p3  |  select  |      0|  0|  16|           1|          16|
    |sumtk_8_V_write_ass_fu_2700_p3  |  select  |      0|  0|  16|           1|          16|
    |sumtk_9_V_write_ass_fu_2710_p3  |  select  |      0|  0|  16|           1|          16|
    |ap_enable_pp0                   |    xor   |      0|  0|   2|           1|           2|
    +--------------------------------+----------+-------+---+----+------------+------------+
    |Total                           |          |      0|  0|5234|        2222|        4323|
    +--------------------------------+----------+-------+---+----+------------+------------+

    * Multiplexer: 
    +-------------------------+----+-----------+-----+-----------+
    |           Name          | LUT| Input Size| Bits| Total Bits|
    +-------------------------+----+-----------+-----+-----------+
    |ap_NS_fsm                |  15|          3|    1|          3|
    |ap_enable_reg_pp0_iter0  |   9|          2|    1|          2|
    +-------------------------+----+-----------+-----+-----------+
    |Total                    |  24|          5|    2|          5|
    +-------------------------+----+-----------+-----+-----------+

    * Register: 
    +----------------------------------------------+----+----+-----+-----------+
    |                     Name                     | FF | LUT| Bits| Const Bits|
    +----------------------------------------------+----+----+-----+-----------+
    |ap_CS_fsm                                     |   2|   0|    2|          0|
    |ap_enable_reg_pp0_iter0_reg                   |   1|   0|    1|          0|
    |ap_enable_reg_pp0_iter1                       |   1|   0|    1|          0|
    |ap_enable_reg_pp0_iter2                       |   1|   0|    1|          0|
    |ap_enable_reg_pp0_iter3                       |   1|   0|    1|          0|
    |ap_enable_reg_pp0_iter4                       |   1|   0|    1|          0|
    |ap_enable_reg_pp0_iter5                       |   1|   0|    1|          0|
    |ap_enable_reg_pp0_iter6                       |   1|   0|    1|          0|
    |ap_port_reg_calo_track_link_bit_14            |  10|   0|   10|          0|
    |ap_port_reg_calo_track_link_bit_15            |  10|   0|   10|          0|
    |ap_port_reg_calo_track_link_bit_16            |  10|   0|   10|          0|
    |ap_port_reg_calo_track_link_bit_17            |  10|   0|   10|          0|
    |ap_port_reg_calo_track_link_bit_18            |  10|   0|   10|          0|
    |ap_port_reg_calo_track_link_bit_19            |  10|   0|   10|          0|
    |ap_port_reg_calo_track_link_bit_20            |  10|   0|   10|          0|
    |ap_port_reg_calo_track_link_bit_21            |  10|   0|   10|          0|
    |ap_port_reg_calo_track_link_bit_22            |  10|   0|   10|          0|
    |ap_port_reg_calo_track_link_bit_23            |  10|   0|   10|          0|
    |ap_port_reg_calo_track_link_bit_24            |  10|   0|   10|          0|
    |ap_port_reg_calo_track_link_bit_25            |  10|   0|   10|          0|
    |ap_port_reg_calo_track_link_bit_26            |  10|   0|   10|          0|
    |ap_port_reg_track_10_hwPt_V_rea               |  16|   0|   16|          0|
    |ap_port_reg_track_11_hwPt_V_rea               |  16|   0|   16|          0|
    |ap_port_reg_track_12_hwPt_V_rea               |  16|   0|   16|          0|
    |ap_port_reg_track_13_hwPt_V_rea               |  16|   0|   16|          0|
    |ap_port_reg_track_1_hwPt_V_read               |  16|   0|   16|          0|
    |ap_port_reg_track_2_hwPt_V_read               |  16|   0|   16|          0|
    |ap_port_reg_track_3_hwPt_V_read               |  16|   0|   16|          0|
    |ap_port_reg_track_4_hwPt_V_read               |  16|   0|   16|          0|
    |ap_port_reg_track_5_hwPt_V_read               |  16|   0|   16|          0|
    |ap_port_reg_track_6_hwPt_V_read               |  16|   0|   16|          0|
    |ap_port_reg_track_7_hwPt_V_read               |  16|   0|   16|          0|
    |ap_port_reg_track_8_hwPt_V_read               |  16|   0|   16|          0|
    |ap_port_reg_track_9_hwPt_V_read               |  16|   0|   16|          0|
    |p_07_1_0_1_reg_3004                           |  16|   0|   16|          0|
    |p_07_1_0_3_reg_3724                           |  16|   0|   16|          0|
    |p_07_1_0_5_reg_3844                           |  16|   0|   16|          0|
    |p_07_1_0_7_reg_3964                           |  16|   0|   16|          0|
    |p_07_1_0_9_reg_4084                           |  16|   0|   16|          0|
    |p_07_1_0_s_reg_4204                           |  16|   0|   16|          0|
    |p_07_1_1_1_reg_3070                           |  16|   0|   16|          0|
    |p_07_1_1_3_reg_3730                           |  16|   0|   16|          0|
    |p_07_1_1_5_reg_3850                           |  16|   0|   16|          0|
    |p_07_1_1_7_reg_3970                           |  16|   0|   16|          0|
    |p_07_1_1_9_reg_4090                           |  16|   0|   16|          0|
    |p_07_1_1_s_reg_4210                           |  16|   0|   16|          0|
    |p_07_1_2_1_reg_3136                           |  16|   0|   16|          0|
    |p_07_1_2_3_reg_3736                           |  16|   0|   16|          0|
    |p_07_1_2_5_reg_3856                           |  16|   0|   16|          0|
    |p_07_1_2_7_reg_3976                           |  16|   0|   16|          0|
    |p_07_1_2_9_reg_4096                           |  16|   0|   16|          0|
    |p_07_1_2_s_reg_4216                           |  16|   0|   16|          0|
    |p_07_1_3_1_reg_3202                           |  16|   0|   16|          0|
    |p_07_1_3_3_reg_3742                           |  16|   0|   16|          0|
    |p_07_1_3_5_reg_3862                           |  16|   0|   16|          0|
    |p_07_1_3_7_reg_3982                           |  16|   0|   16|          0|
    |p_07_1_3_9_reg_4102                           |  16|   0|   16|          0|
    |p_07_1_3_s_reg_4222                           |  16|   0|   16|          0|
    |p_07_1_4_1_reg_3268                           |  16|   0|   16|          0|
    |p_07_1_4_3_reg_3748                           |  16|   0|   16|          0|
    |p_07_1_4_5_reg_3868                           |  16|   0|   16|          0|
    |p_07_1_4_7_reg_3988                           |  16|   0|   16|          0|
    |p_07_1_4_9_reg_4108                           |  16|   0|   16|          0|
    |p_07_1_4_s_reg_4228                           |  16|   0|   16|          0|
    |p_07_1_5_1_reg_3334                           |  16|   0|   16|          0|
    |p_07_1_5_3_reg_3754                           |  16|   0|   16|          0|
    |p_07_1_5_5_reg_3874                           |  16|   0|   16|          0|
    |p_07_1_5_7_reg_3994                           |  16|   0|   16|          0|
    |p_07_1_5_9_reg_4114                           |  16|   0|   16|          0|
    |p_07_1_5_s_reg_4234                           |  16|   0|   16|          0|
    |p_07_1_6_1_reg_3400                           |  16|   0|   16|          0|
    |p_07_1_6_3_reg_3760                           |  16|   0|   16|          0|
    |p_07_1_6_5_reg_3880                           |  16|   0|   16|          0|
    |p_07_1_6_7_reg_4000                           |  16|   0|   16|          0|
    |p_07_1_6_9_reg_4120                           |  16|   0|   16|          0|
    |p_07_1_6_s_reg_4240                           |  16|   0|   16|          0|
    |p_07_1_7_1_reg_3466                           |  16|   0|   16|          0|
    |p_07_1_7_3_reg_3766                           |  16|   0|   16|          0|
    |p_07_1_7_5_reg_3886                           |  16|   0|   16|          0|
    |p_07_1_7_7_reg_4006                           |  16|   0|   16|          0|
    |p_07_1_7_9_reg_4126                           |  16|   0|   16|          0|
    |p_07_1_7_s_reg_4246                           |  16|   0|   16|          0|
    |p_07_1_8_1_reg_3532                           |  16|   0|   16|          0|
    |p_07_1_8_3_reg_3772                           |  16|   0|   16|          0|
    |p_07_1_8_5_reg_3892                           |  16|   0|   16|          0|
    |p_07_1_8_7_reg_4012                           |  16|   0|   16|          0|
    |p_07_1_8_9_reg_4132                           |  16|   0|   16|          0|
    |p_07_1_8_s_reg_4252                           |  16|   0|   16|          0|
    |p_07_1_9_1_reg_3598                           |  16|   0|   16|          0|
    |p_07_1_9_3_reg_3778                           |  16|   0|   16|          0|
    |p_07_1_9_5_reg_3898                           |  16|   0|   16|          0|
    |p_07_1_9_7_reg_4018                           |  16|   0|   16|          0|
    |p_07_1_9_9_reg_4138                           |  16|   0|   16|          0|
    |p_07_1_9_s_reg_4258                           |  16|   0|   16|          0|
    |p_read_1_reg_2782                             |  16|   0|   16|          0|
    |p_read_2_reg_2788                             |  16|   0|   16|          0|
    |p_read_3_reg_2794                             |  16|   0|   16|          0|
    |p_read_4_reg_2800                             |  16|   0|   16|          0|
    |p_read_5_reg_2806                             |  16|   0|   16|          0|
    |p_read_6_reg_2812                             |  16|   0|   16|          0|
    |p_read_7_reg_2818                             |  16|   0|   16|          0|
    |p_read_8_reg_2824                             |  16|   0|   16|          0|
    |p_read_9_reg_2830                             |  16|   0|   16|          0|
    |p_read_s_reg_2776                             |  16|   0|   16|          0|
    |sum_V_0_10_07_1_0_9_reg_4144                  |  16|   0|   16|          0|
    |sum_V_0_12_07_1_0_s_reg_4264                  |  16|   0|   16|          0|
    |sum_V_0_2_07_1_0_1_reg_3664                   |  16|   0|   16|          0|
    |sum_V_0_4_07_1_0_3_reg_3784                   |  16|   0|   16|          0|
    |sum_V_0_6_07_1_0_5_reg_3904                   |  16|   0|   16|          0|
    |sum_V_0_8_07_1_0_7_reg_4024                   |  16|   0|   16|          0|
    |sum_V_1_10_07_1_1_9_reg_4150                  |  16|   0|   16|          0|
    |sum_V_1_12_07_1_1_s_reg_4270                  |  16|   0|   16|          0|
    |sum_V_1_2_07_1_1_1_reg_3670                   |  16|   0|   16|          0|
    |sum_V_1_4_07_1_1_3_reg_3790                   |  16|   0|   16|          0|
    |sum_V_1_6_07_1_1_5_reg_3910                   |  16|   0|   16|          0|
    |sum_V_1_8_07_1_1_7_reg_4030                   |  16|   0|   16|          0|
    |sum_V_2_10_07_1_2_9_reg_4156                  |  16|   0|   16|          0|
    |sum_V_2_12_07_1_2_s_reg_4276                  |  16|   0|   16|          0|
    |sum_V_2_2_07_1_2_1_reg_3676                   |  16|   0|   16|          0|
    |sum_V_2_4_07_1_2_3_reg_3796                   |  16|   0|   16|          0|
    |sum_V_2_6_07_1_2_5_reg_3916                   |  16|   0|   16|          0|
    |sum_V_2_8_07_1_2_7_reg_4036                   |  16|   0|   16|          0|
    |sum_V_3_10_07_1_3_9_reg_4162                  |  16|   0|   16|          0|
    |sum_V_3_12_07_1_3_s_reg_4282                  |  16|   0|   16|          0|
    |sum_V_3_2_07_1_3_1_reg_3682                   |  16|   0|   16|          0|
    |sum_V_3_4_07_1_3_3_reg_3802                   |  16|   0|   16|          0|
    |sum_V_3_6_07_1_3_5_reg_3922                   |  16|   0|   16|          0|
    |sum_V_3_8_07_1_3_7_reg_4042                   |  16|   0|   16|          0|
    |sum_V_4_10_07_1_4_9_reg_4168                  |  16|   0|   16|          0|
    |sum_V_4_12_07_1_4_s_reg_4288                  |  16|   0|   16|          0|
    |sum_V_4_2_07_1_4_1_reg_3688                   |  16|   0|   16|          0|
    |sum_V_4_4_07_1_4_3_reg_3808                   |  16|   0|   16|          0|
    |sum_V_4_6_07_1_4_5_reg_3928                   |  16|   0|   16|          0|
    |sum_V_4_8_07_1_4_7_reg_4048                   |  16|   0|   16|          0|
    |sum_V_5_10_07_1_5_9_reg_4174                  |  16|   0|   16|          0|
    |sum_V_5_12_07_1_5_s_reg_4294                  |  16|   0|   16|          0|
    |sum_V_5_2_07_1_5_1_reg_3694                   |  16|   0|   16|          0|
    |sum_V_5_4_07_1_5_3_reg_3814                   |  16|   0|   16|          0|
    |sum_V_5_6_07_1_5_5_reg_3934                   |  16|   0|   16|          0|
    |sum_V_5_8_07_1_5_7_reg_4054                   |  16|   0|   16|          0|
    |sum_V_6_10_07_1_6_9_reg_4180                  |  16|   0|   16|          0|
    |sum_V_6_12_07_1_6_s_reg_4300                  |  16|   0|   16|          0|
    |sum_V_6_2_07_1_6_1_reg_3700                   |  16|   0|   16|          0|
    |sum_V_6_4_07_1_6_3_reg_3820                   |  16|   0|   16|          0|
    |sum_V_6_6_07_1_6_5_reg_3940                   |  16|   0|   16|          0|
    |sum_V_6_8_07_1_6_7_reg_4060                   |  16|   0|   16|          0|
    |sum_V_7_10_07_1_7_9_reg_4186                  |  16|   0|   16|          0|
    |sum_V_7_12_07_1_7_s_reg_4306                  |  16|   0|   16|          0|
    |sum_V_7_2_07_1_7_1_reg_3706                   |  16|   0|   16|          0|
    |sum_V_7_4_07_1_7_3_reg_3826                   |  16|   0|   16|          0|
    |sum_V_7_6_07_1_7_5_reg_3946                   |  16|   0|   16|          0|
    |sum_V_7_8_07_1_7_7_reg_4066                   |  16|   0|   16|          0|
    |sum_V_8_10_07_1_8_9_reg_4192                  |  16|   0|   16|          0|
    |sum_V_8_12_07_1_8_s_reg_4312                  |  16|   0|   16|          0|
    |sum_V_8_2_07_1_8_1_reg_3712                   |  16|   0|   16|          0|
    |sum_V_8_4_07_1_8_3_reg_3832                   |  16|   0|   16|          0|
    |sum_V_8_6_07_1_8_5_reg_3952                   |  16|   0|   16|          0|
    |sum_V_8_8_07_1_8_7_reg_4072                   |  16|   0|   16|          0|
    |sum_V_9_10_07_1_9_9_reg_4198                  |  16|   0|   16|          0|
    |sum_V_9_12_07_1_9_s_reg_4318                  |  16|   0|   16|          0|
    |sum_V_9_2_07_1_9_1_reg_3718                   |  16|   0|   16|          0|
    |sum_V_9_4_07_1_9_3_reg_3838                   |  16|   0|   16|          0|
    |sum_V_9_6_07_1_9_5_reg_3958                   |  16|   0|   16|          0|
    |sum_V_9_8_07_1_9_7_reg_4078                   |  16|   0|   16|          0|
    |tmp_100_reg_3472                              |   1|   0|    1|          0|
    |tmp_101_reg_3477                              |   1|   0|    1|          0|
    |tmp_102_reg_3482                              |   1|   0|    1|          0|
    |tmp_102_reg_3482_pp0_iter1_reg                |   1|   0|    1|          0|
    |tmp_103_reg_3487                              |   1|   0|    1|          0|
    |tmp_103_reg_3487_pp0_iter1_reg                |   1|   0|    1|          0|
    |tmp_104_reg_3492                              |   1|   0|    1|          0|
    |tmp_105_reg_3497                              |   1|   0|    1|          0|
    |tmp_106_reg_3502                              |   1|   0|    1|          0|
    |tmp_107_reg_3507                              |   1|   0|    1|          0|
    |tmp_108_reg_3512                              |   1|   0|    1|          0|
    |tmp_109_reg_3517                              |   1|   0|    1|          0|
    |tmp_10_reg_3050                               |   1|   0|    1|          0|
    |tmp_110_reg_3522                              |   1|   0|    1|          0|
    |tmp_111_reg_3527                              |   1|   0|    1|          0|
    |tmp_114_reg_3538                              |   1|   0|    1|          0|
    |tmp_115_reg_3543                              |   1|   0|    1|          0|
    |tmp_116_reg_3548                              |   1|   0|    1|          0|
    |tmp_116_reg_3548_pp0_iter1_reg                |   1|   0|    1|          0|
    |tmp_117_reg_3553                              |   1|   0|    1|          0|
    |tmp_117_reg_3553_pp0_iter1_reg                |   1|   0|    1|          0|
    |tmp_118_reg_3558                              |   1|   0|    1|          0|
    |tmp_119_reg_3563                              |   1|   0|    1|          0|
    |tmp_11_reg_3055                               |   1|   0|    1|          0|
    |tmp_120_reg_3568                              |   1|   0|    1|          0|
    |tmp_121_reg_3573                              |   1|   0|    1|          0|
    |tmp_122_reg_3578                              |   1|   0|    1|          0|
    |tmp_123_reg_3583                              |   1|   0|    1|          0|
    |tmp_124_reg_3588                              |   1|   0|    1|          0|
    |tmp_125_reg_3593                              |   1|   0|    1|          0|
    |tmp_128_reg_3604                              |   1|   0|    1|          0|
    |tmp_129_reg_3609                              |   1|   0|    1|          0|
    |tmp_12_reg_3060                               |   1|   0|    1|          0|
    |tmp_130_reg_3614                              |   1|   0|    1|          0|
    |tmp_130_reg_3614_pp0_iter1_reg                |   1|   0|    1|          0|
    |tmp_131_reg_3619                              |   1|   0|    1|          0|
    |tmp_131_reg_3619_pp0_iter1_reg                |   1|   0|    1|          0|
    |tmp_132_reg_3624                              |   1|   0|    1|          0|
    |tmp_133_reg_3629                              |   1|   0|    1|          0|
    |tmp_134_reg_3634                              |   1|   0|    1|          0|
    |tmp_135_reg_3639                              |   1|   0|    1|          0|
    |tmp_136_reg_3644                              |   1|   0|    1|          0|
    |tmp_137_reg_3649                              |   1|   0|    1|          0|
    |tmp_138_reg_3654                              |   1|   0|    1|          0|
    |tmp_139_reg_3659                              |   1|   0|    1|          0|
    |tmp_13_reg_3065                               |   1|   0|    1|          0|
    |tmp_16_reg_3076                               |   1|   0|    1|          0|
    |tmp_17_reg_3081                               |   1|   0|    1|          0|
    |tmp_18_reg_3086                               |   1|   0|    1|          0|
    |tmp_18_reg_3086_pp0_iter1_reg                 |   1|   0|    1|          0|
    |tmp_19_reg_3091                               |   1|   0|    1|          0|
    |tmp_19_reg_3091_pp0_iter1_reg                 |   1|   0|    1|          0|
    |tmp_20_reg_3096                               |   1|   0|    1|          0|
    |tmp_21_reg_3101                               |   1|   0|    1|          0|
    |tmp_22_reg_3106                               |   1|   0|    1|          0|
    |tmp_23_reg_3111                               |   1|   0|    1|          0|
    |tmp_24_reg_3116                               |   1|   0|    1|          0|
    |tmp_25_reg_3121                               |   1|   0|    1|          0|
    |tmp_26_reg_3126                               |   1|   0|    1|          0|
    |tmp_27_reg_3131                               |   1|   0|    1|          0|
    |tmp_2_reg_3010                                |   1|   0|    1|          0|
    |tmp_30_reg_3142                               |   1|   0|    1|          0|
    |tmp_31_reg_3147                               |   1|   0|    1|          0|
    |tmp_32_reg_3152                               |   1|   0|    1|          0|
    |tmp_32_reg_3152_pp0_iter1_reg                 |   1|   0|    1|          0|
    |tmp_33_reg_3157                               |   1|   0|    1|          0|
    |tmp_33_reg_3157_pp0_iter1_reg                 |   1|   0|    1|          0|
    |tmp_34_reg_3162                               |   1|   0|    1|          0|
    |tmp_35_reg_3167                               |   1|   0|    1|          0|
    |tmp_36_reg_3172                               |   1|   0|    1|          0|
    |tmp_37_reg_3177                               |   1|   0|    1|          0|
    |tmp_38_reg_3182                               |   1|   0|    1|          0|
    |tmp_39_reg_3187                               |   1|   0|    1|          0|
    |tmp_3_reg_3015                                |   1|   0|    1|          0|
    |tmp_40_reg_3192                               |   1|   0|    1|          0|
    |tmp_41_reg_3197                               |   1|   0|    1|          0|
    |tmp_44_reg_3208                               |   1|   0|    1|          0|
    |tmp_45_reg_3213                               |   1|   0|    1|          0|
    |tmp_46_reg_3218                               |   1|   0|    1|          0|
    |tmp_46_reg_3218_pp0_iter1_reg                 |   1|   0|    1|          0|
    |tmp_47_reg_3223                               |   1|   0|    1|          0|
    |tmp_47_reg_3223_pp0_iter1_reg                 |   1|   0|    1|          0|
    |tmp_48_reg_3228                               |   1|   0|    1|          0|
    |tmp_49_reg_3233                               |   1|   0|    1|          0|
    |tmp_4_reg_3020                                |   1|   0|    1|          0|
    |tmp_4_reg_3020_pp0_iter1_reg                  |   1|   0|    1|          0|
    |tmp_50_reg_3238                               |   1|   0|    1|          0|
    |tmp_51_reg_3243                               |   1|   0|    1|          0|
    |tmp_52_reg_3248                               |   1|   0|    1|          0|
    |tmp_53_reg_3253                               |   1|   0|    1|          0|
    |tmp_54_reg_3258                               |   1|   0|    1|          0|
    |tmp_55_reg_3263                               |   1|   0|    1|          0|
    |tmp_58_reg_3274                               |   1|   0|    1|          0|
    |tmp_59_reg_3279                               |   1|   0|    1|          0|
    |tmp_5_reg_3025                                |   1|   0|    1|          0|
    |tmp_5_reg_3025_pp0_iter1_reg                  |   1|   0|    1|          0|
    |tmp_60_reg_3284                               |   1|   0|    1|          0|
    |tmp_60_reg_3284_pp0_iter1_reg                 |   1|   0|    1|          0|
    |tmp_61_reg_3289                               |   1|   0|    1|          0|
    |tmp_61_reg_3289_pp0_iter1_reg                 |   1|   0|    1|          0|
    |tmp_62_reg_3294                               |   1|   0|    1|          0|
    |tmp_63_reg_3299                               |   1|   0|    1|          0|
    |tmp_64_reg_3304                               |   1|   0|    1|          0|
    |tmp_65_reg_3309                               |   1|   0|    1|          0|
    |tmp_66_reg_3314                               |   1|   0|    1|          0|
    |tmp_67_reg_3319                               |   1|   0|    1|          0|
    |tmp_68_reg_3324                               |   1|   0|    1|          0|
    |tmp_69_reg_3329                               |   1|   0|    1|          0|
    |tmp_6_reg_3030                                |   1|   0|    1|          0|
    |tmp_72_reg_3340                               |   1|   0|    1|          0|
    |tmp_73_reg_3345                               |   1|   0|    1|          0|
    |tmp_74_reg_3350                               |   1|   0|    1|          0|
    |tmp_74_reg_3350_pp0_iter1_reg                 |   1|   0|    1|          0|
    |tmp_75_reg_3355                               |   1|   0|    1|          0|
    |tmp_75_reg_3355_pp0_iter1_reg                 |   1|   0|    1|          0|
    |tmp_76_reg_3360                               |   1|   0|    1|          0|
    |tmp_77_reg_3365                               |   1|   0|    1|          0|
    |tmp_78_reg_3370                               |   1|   0|    1|          0|
    |tmp_79_reg_3375                               |   1|   0|    1|          0|
    |tmp_7_reg_3035                                |   1|   0|    1|          0|
    |tmp_80_reg_3380                               |   1|   0|    1|          0|
    |tmp_81_reg_3385                               |   1|   0|    1|          0|
    |tmp_82_reg_3390                               |   1|   0|    1|          0|
    |tmp_83_reg_3395                               |   1|   0|    1|          0|
    |tmp_86_reg_3406                               |   1|   0|    1|          0|
    |tmp_87_reg_3411                               |   1|   0|    1|          0|
    |tmp_88_reg_3416                               |   1|   0|    1|          0|
    |tmp_88_reg_3416_pp0_iter1_reg                 |   1|   0|    1|          0|
    |tmp_89_reg_3421                               |   1|   0|    1|          0|
    |tmp_89_reg_3421_pp0_iter1_reg                 |   1|   0|    1|          0|
    |tmp_8_reg_3040                                |   1|   0|    1|          0|
    |tmp_90_reg_3426                               |   1|   0|    1|          0|
    |tmp_91_reg_3431                               |   1|   0|    1|          0|
    |tmp_92_reg_3436                               |   1|   0|    1|          0|
    |tmp_93_reg_3441                               |   1|   0|    1|          0|
    |tmp_94_reg_3446                               |   1|   0|    1|          0|
    |tmp_95_reg_3451                               |   1|   0|    1|          0|
    |tmp_96_reg_3456                               |   1|   0|    1|          0|
    |tmp_97_reg_3461                               |   1|   0|    1|          0|
    |tmp_9_reg_3045                                |   1|   0|    1|          0|
    |track_10_hwPt_V_rea_1_reg_2878                |  16|   0|   16|          0|
    |track_11_hwPt_V_rea_1_reg_2864                |  16|   0|   16|          0|
    |track_12_hwPt_V_rea_1_reg_2850                |  16|   0|   16|          0|
    |track_13_hwPt_V_rea_1_reg_2836                |  16|   0|   16|          0|
    |track_2_hwPt_V_read_1_reg_2990                |  16|   0|   16|          0|
    |track_3_hwPt_V_read_1_reg_2976                |  16|   0|   16|          0|
    |track_4_hwPt_V_read_1_reg_2962                |  16|   0|   16|          0|
    |track_4_hwPt_V_read_1_reg_2962_pp0_iter1_reg  |  16|   0|   16|          0|
    |track_5_hwPt_V_read_1_reg_2948                |  16|   0|   16|          0|
    |track_5_hwPt_V_read_1_reg_2948_pp0_iter1_reg  |  16|   0|   16|          0|
    |track_6_hwPt_V_read_1_reg_2934                |  16|   0|   16|          0|
    |track_7_hwPt_V_read_1_reg_2920                |  16|   0|   16|          0|
    |track_8_hwPt_V_read_1_reg_2906                |  16|   0|   16|          0|
    |track_9_hwPt_V_read_1_reg_2892                |  16|   0|   16|          0|
    |tmp_104_reg_3492                              |  64|  32|    1|          0|
    |tmp_105_reg_3497                              |  64|  32|    1|          0|
    |tmp_106_reg_3502                              |  64|  32|    1|          0|
    |tmp_107_reg_3507                              |  64|  32|    1|          0|
    |tmp_108_reg_3512                              |  64|  32|    1|          0|
    |tmp_109_reg_3517                              |  64|  32|    1|          0|
    |tmp_10_reg_3050                               |  64|  32|    1|          0|
    |tmp_110_reg_3522                              |  64|  32|    1|          0|
    |tmp_111_reg_3527                              |  64|  32|    1|          0|
    |tmp_118_reg_3558                              |  64|  32|    1|          0|
    |tmp_119_reg_3563                              |  64|  32|    1|          0|
    |tmp_11_reg_3055                               |  64|  32|    1|          0|
    |tmp_120_reg_3568                              |  64|  32|    1|          0|
    |tmp_121_reg_3573                              |  64|  32|    1|          0|
    |tmp_122_reg_3578                              |  64|  32|    1|          0|
    |tmp_123_reg_3583                              |  64|  32|    1|          0|
    |tmp_124_reg_3588                              |  64|  32|    1|          0|
    |tmp_125_reg_3593                              |  64|  32|    1|          0|
    |tmp_12_reg_3060                               |  64|  32|    1|          0|
    |tmp_132_reg_3624                              |  64|  32|    1|          0|
    |tmp_133_reg_3629                              |  64|  32|    1|          0|
    |tmp_134_reg_3634                              |  64|  32|    1|          0|
    |tmp_135_reg_3639                              |  64|  32|    1|          0|
    |tmp_136_reg_3644                              |  64|  32|    1|          0|
    |tmp_137_reg_3649                              |  64|  32|    1|          0|
    |tmp_138_reg_3654                              |  64|  32|    1|          0|
    |tmp_139_reg_3659                              |  64|  32|    1|          0|
    |tmp_13_reg_3065                               |  64|  32|    1|          0|
    |tmp_20_reg_3096                               |  64|  32|    1|          0|
    |tmp_21_reg_3101                               |  64|  32|    1|          0|
    |tmp_22_reg_3106                               |  64|  32|    1|          0|
    |tmp_23_reg_3111                               |  64|  32|    1|          0|
    |tmp_24_reg_3116                               |  64|  32|    1|          0|
    |tmp_25_reg_3121                               |  64|  32|    1|          0|
    |tmp_26_reg_3126                               |  64|  32|    1|          0|
    |tmp_27_reg_3131                               |  64|  32|    1|          0|
    |tmp_34_reg_3162                               |  64|  32|    1|          0|
    |tmp_35_reg_3167                               |  64|  32|    1|          0|
    |tmp_36_reg_3172                               |  64|  32|    1|          0|
    |tmp_37_reg_3177                               |  64|  32|    1|          0|
    |tmp_38_reg_3182                               |  64|  32|    1|          0|
    |tmp_39_reg_3187                               |  64|  32|    1|          0|
    |tmp_40_reg_3192                               |  64|  32|    1|          0|
    |tmp_41_reg_3197                               |  64|  32|    1|          0|
    |tmp_48_reg_3228                               |  64|  32|    1|          0|
    |tmp_49_reg_3233                               |  64|  32|    1|          0|
    |tmp_50_reg_3238                               |  64|  32|    1|          0|
    |tmp_51_reg_3243                               |  64|  32|    1|          0|
    |tmp_52_reg_3248                               |  64|  32|    1|          0|
    |tmp_53_reg_3253                               |  64|  32|    1|          0|
    |tmp_54_reg_3258                               |  64|  32|    1|          0|
    |tmp_55_reg_3263                               |  64|  32|    1|          0|
    |tmp_62_reg_3294                               |  64|  32|    1|          0|
    |tmp_63_reg_3299                               |  64|  32|    1|          0|
    |tmp_64_reg_3304                               |  64|  32|    1|          0|
    |tmp_65_reg_3309                               |  64|  32|    1|          0|
    |tmp_66_reg_3314                               |  64|  32|    1|          0|
    |tmp_67_reg_3319                               |  64|  32|    1|          0|
    |tmp_68_reg_3324                               |  64|  32|    1|          0|
    |tmp_69_reg_3329                               |  64|  32|    1|          0|
    |tmp_6_reg_3030                                |  64|  32|    1|          0|
    |tmp_76_reg_3360                               |  64|  32|    1|          0|
    |tmp_77_reg_3365                               |  64|  32|    1|          0|
    |tmp_78_reg_3370                               |  64|  32|    1|          0|
    |tmp_79_reg_3375                               |  64|  32|    1|          0|
    |tmp_7_reg_3035                                |  64|  32|    1|          0|
    |tmp_80_reg_3380                               |  64|  32|    1|          0|
    |tmp_81_reg_3385                               |  64|  32|    1|          0|
    |tmp_82_reg_3390                               |  64|  32|    1|          0|
    |tmp_83_reg_3395                               |  64|  32|    1|          0|
    |tmp_8_reg_3040                                |  64|  32|    1|          0|
    |tmp_90_reg_3426                               |  64|  32|    1|          0|
    |tmp_91_reg_3431                               |  64|  32|    1|          0|
    |tmp_92_reg_3436                               |  64|  32|    1|          0|
    |tmp_93_reg_3441                               |  64|  32|    1|          0|
    |tmp_94_reg_3446                               |  64|  32|    1|          0|
    |tmp_95_reg_3451                               |  64|  32|    1|          0|
    |tmp_96_reg_3456                               |  64|  32|    1|          0|
    |tmp_97_reg_3461                               |  64|  32|    1|          0|
    |tmp_9_reg_3045                                |  64|  32|    1|          0|
    |track_10_hwPt_V_rea_1_reg_2878                |  64|  32|   16|          0|
    |track_11_hwPt_V_rea_1_reg_2864                |  64|  32|   16|          0|
    |track_12_hwPt_V_rea_1_reg_2850                |  64|  32|   16|          0|
    |track_13_hwPt_V_rea_1_reg_2836                |  64|  32|   16|          0|
    |track_6_hwPt_V_read_1_reg_2934                |  64|  32|   16|          0|
    |track_7_hwPt_V_read_1_reg_2920                |  64|  32|   16|          0|
    |track_8_hwPt_V_read_1_reg_2906                |  64|  32|   16|          0|
    |track_9_hwPt_V_read_1_reg_2892                |  64|  32|   16|          0|
    +----------------------------------------------+----+----+-----+-----------+
    |Total                                         |8423|2816| 2999|          0|
    +----------------------------------------------+----+----+-----+-----------+



================================================================
== Interface
================================================================
* Summary: 
+------------------------+-----+-----+------------+------------------------+--------------+
|        RTL Ports       | Dir | Bits|  Protocol  |      Source Object     |    C Type    |
+------------------------+-----+-----+------------+------------------------+--------------+
|ap_clk                  |  in |    1| ap_ctrl_hs |       tk2em_sumtk      | return value |
|ap_rst                  |  in |    1| ap_ctrl_hs |       tk2em_sumtk      | return value |
|ap_start                |  in |    1| ap_ctrl_hs |       tk2em_sumtk      | return value |
|ap_done                 | out |    1| ap_ctrl_hs |       tk2em_sumtk      | return value |
|ap_idle                 | out |    1| ap_ctrl_hs |       tk2em_sumtk      | return value |
|ap_ready                | out |    1| ap_ctrl_hs |       tk2em_sumtk      | return value |
|ap_return_0             | out |   16| ap_ctrl_hs |       tk2em_sumtk      | return value |
|ap_return_1             | out |   16| ap_ctrl_hs |       tk2em_sumtk      | return value |
|ap_return_2             | out |   16| ap_ctrl_hs |       tk2em_sumtk      | return value |
|ap_return_3             | out |   16| ap_ctrl_hs |       tk2em_sumtk      | return value |
|ap_return_4             | out |   16| ap_ctrl_hs |       tk2em_sumtk      | return value |
|ap_return_5             | out |   16| ap_ctrl_hs |       tk2em_sumtk      | return value |
|ap_return_6             | out |   16| ap_ctrl_hs |       tk2em_sumtk      | return value |
|ap_return_7             | out |   16| ap_ctrl_hs |       tk2em_sumtk      | return value |
|ap_return_8             | out |   16| ap_ctrl_hs |       tk2em_sumtk      | return value |
|ap_return_9             | out |   16| ap_ctrl_hs |       tk2em_sumtk      | return value |
|track_0_hwPt_V_read     |  in |   16|   ap_none  |   track_0_hwPt_V_read  |    scalar    |
|track_1_hwPt_V_read     |  in |   16|   ap_none  |   track_1_hwPt_V_read  |    scalar    |
|track_2_hwPt_V_read     |  in |   16|   ap_none  |   track_2_hwPt_V_read  |    scalar    |
|track_3_hwPt_V_read     |  in |   16|   ap_none  |   track_3_hwPt_V_read  |    scalar    |
|track_4_hwPt_V_read     |  in |   16|   ap_none  |   track_4_hwPt_V_read  |    scalar    |
|track_5_hwPt_V_read     |  in |   16|   ap_none  |   track_5_hwPt_V_read  |    scalar    |
|track_6_hwPt_V_read     |  in |   16|   ap_none  |   track_6_hwPt_V_read  |    scalar    |
|track_7_hwPt_V_read     |  in |   16|   ap_none  |   track_7_hwPt_V_read  |    scalar    |
|track_8_hwPt_V_read     |  in |   16|   ap_none  |   track_8_hwPt_V_read  |    scalar    |
|track_9_hwPt_V_read     |  in |   16|   ap_none  |   track_9_hwPt_V_read  |    scalar    |
|track_10_hwPt_V_rea     |  in |   16|   ap_none  |   track_10_hwPt_V_rea  |    scalar    |
|track_11_hwPt_V_rea     |  in |   16|   ap_none  |   track_11_hwPt_V_rea  |    scalar    |
|track_12_hwPt_V_rea     |  in |   16|   ap_none  |   track_12_hwPt_V_rea  |    scalar    |
|track_13_hwPt_V_rea     |  in |   16|   ap_none  |   track_13_hwPt_V_rea  |    scalar    |
|calo_track_link_bit_s   |  in |   10|   ap_none  |  calo_track_link_bit_s |    scalar    |
|calo_track_link_bit_14  |  in |   10|   ap_none  | calo_track_link_bit_14 |    scalar    |
|calo_track_link_bit_15  |  in |   10|   ap_none  | calo_track_link_bit_15 |    scalar    |
|calo_track_link_bit_16  |  in |   10|   ap_none  | calo_track_link_bit_16 |    scalar    |
|calo_track_link_bit_17  |  in |   10|   ap_none  | calo_track_link_bit_17 |    scalar    |
|calo_track_link_bit_18  |  in |   10|   ap_none  | calo_track_link_bit_18 |    scalar    |
|calo_track_link_bit_19  |  in |   10|   ap_none  | calo_track_link_bit_19 |    scalar    |
|calo_track_link_bit_20  |  in |   10|   ap_none  | calo_track_link_bit_20 |    scalar    |
|calo_track_link_bit_21  |  in |   10|   ap_none  | calo_track_link_bit_21 |    scalar    |
|calo_track_link_bit_22  |  in |   10|   ap_none  | calo_track_link_bit_22 |    scalar    |
|calo_track_link_bit_23  |  in |   10|   ap_none  | calo_track_link_bit_23 |    scalar    |
|calo_track_link_bit_24  |  in |   10|   ap_none  | calo_track_link_bit_24 |    scalar    |
|calo_track_link_bit_25  |  in |   10|   ap_none  | calo_track_link_bit_25 |    scalar    |
|calo_track_link_bit_26  |  in |   10|   ap_none  | calo_track_link_bit_26 |    scalar    |
+------------------------+-----+-----+------------+------------------------+--------------+

